travis_fold:start:worker_info[0K[33;1mWorker information[0m
hostname: i-0f0428f-precise-production-2-worker-org-docker.travisci.net:dfa3cf41-2d72-41ae-ab06-1f43b5fd049d
version: v2.5.0 https://github.com/travis-ci/worker/tree/da3a43228dffc0fcca5a46569ca786b22991979f
instance: eab5f34:travis:java
startup: 835.982819ms
travis_fold:end:worker_info[0Ktravis_fold:start:system_info[0K[33;1mBuild system information[0m
Build language: java
Build group: stable
Build dist: precise
Build id: 268792115
Job id: 268792130
Runtime kernel version: 4.8.12-040812-generic
travis-build version: 3bdfb53ac
[34m[1mBuild image provisioning date and time[0m
Thu Feb  5 15:09:33 UTC 2015
[34m[1mOperating System Details[0m
Distributor ID:	Ubuntu
Description:	Ubuntu 12.04.5 LTS
Release:	12.04
Codename:	precise
[34m[1mLinux Version[0m
3.13.0-29-generic
[34m[1mCookbooks Version[0m
a68419e https://github.com/travis-ci/travis-cookbooks/tree/a68419e
[34m[1mGCC version[0m
gcc (Ubuntu/Linaro 4.6.3-1ubuntu5) 4.6.3
Copyright (C) 2011 Free Software Foundation, Inc.
This is free software; see the source for copying conditions.  There is NO
warranty; not even for MERCHANTABILITY or FITNESS FOR A PARTICULAR PURPOSE.

[34m[1mLLVM version[0m
clang version 3.4 (tags/RELEASE_34/final)
Target: x86_64-unknown-linux-gnu
Thread model: posix
[34m[1mPre-installed Ruby versions[0m
ruby-1.9.3-p551
[34m[1mPre-installed Node.js versions[0m
v0.10.36
[34m[1mPre-installed Go versions[0m
1.4.1
[34m[1mRedis version[0m
redis-server 2.8.19
[34m[1mriak version[0m
2.0.2
[34m[1mMongoDB version[0m
MongoDB 2.4.12
[34m[1mCouchDB version[0m
couchdb 1.6.1
[34m[1mNeo4j version[0m
1.9.4
[34m[1mRabbitMQ Version[0m
3.4.3
[34m[1mElasticSearch version[0m
1.4.0
[34m[1mInstalled Sphinx versions[0m
2.0.10
2.1.9
2.2.6
[34m[1mDefault Sphinx version[0m
2.2.6
[34m[1mInstalled Firefox version[0m
firefox 31.0esr
[34m[1mPhantomJS version[0m
1.9.8
[34m[1mant -version[0m
Apache Ant(TM) version 1.8.2 compiled on December 3 2011
[34m[1mmvn -version[0m
Apache Maven 3.2.5 (12a6b3acb947671f09b81f49094c53f426d8cea1; 2014-12-14T17:29:23+00:00)
Maven home: /usr/local/maven
Java version: 1.7.0_76, vendor: Oracle Corporation
Java home: /usr/lib/jvm/java-7-oracle/jre
Default locale: en_US, platform encoding: ANSI_X3.4-1968
OS name: "linux", version: "3.13.0-29-generic", arch: "amd64", family: "unix"
travis_fold:end:system_info[0K
travis_fold:start:fix.CVE-2015-7547[0K$ export DEBIAN_FRONTEND=noninteractive
Reading package lists...
Building dependency tree...
Reading state information...
The following extra packages will be installed:
  libc-bin libc-dev-bin libc6-dev
Suggested packages:
  glibc-doc
The following packages will be upgraded:
  libc-bin libc-dev-bin libc6 libc6-dev
4 upgraded, 0 newly installed, 0 to remove and 278 not upgraded.
Need to get 8,856 kB of archives.
After this operation, 13.3 kB of additional disk space will be used.
Get:1 http://us.archive.ubuntu.com/ubuntu/ precise-updates/main libc6-dev amd64 2.15-0ubuntu10.18 [2,948 kB]
Get:2 http://us.archive.ubuntu.com/ubuntu/ precise-updates/main libc-dev-bin amd64 2.15-0ubuntu10.18 [84.5 kB]
Get:3 http://us.archive.ubuntu.com/ubuntu/ precise-updates/main libc-bin amd64 2.15-0ubuntu10.18 [1,178 kB]
Get:4 http://us.archive.ubuntu.com/ubuntu/ precise-updates/main libc6 amd64 2.15-0ubuntu10.18 [4,646 kB]
Fetched 8,856 kB in 0s (22.7 MB/s)
Preconfiguring packages ...
(Reading database ... (Reading database ... 5%(Reading database ... 10%(Reading database ... 15%(Reading database ... 20%(Reading database ... 25%(Reading database ... 30%(Reading database ... 35%(Reading database ... 40%(Reading database ... 45%(Reading database ... 50%(Reading database ... 55%(Reading database ... 60%(Reading database ... 65%(Reading database ... 70%(Reading database ... 75%(Reading database ... 80%(Reading database ... 85%(Reading database ... 90%(Reading database ... 95%(Reading database ... 100%(Reading database ... 72019 files and directories currently installed.)
Preparing to replace libc6-dev 2.15-0ubuntu10.10 (using .../libc6-dev_2.15-0ubuntu10.18_amd64.deb) ...
Unpacking replacement libc6-dev ...
Preparing to replace libc-dev-bin 2.15-0ubuntu10.10 (using .../libc-dev-bin_2.15-0ubuntu10.18_amd64.deb) ...
Unpacking replacement libc-dev-bin ...
Preparing to replace libc-bin 2.15-0ubuntu10.10 (using .../libc-bin_2.15-0ubuntu10.18_amd64.deb) ...
Unpacking replacement libc-bin ...
Processing triggers for man-db ...
Setting up libc-bin (2.15-0ubuntu10.18) ...
(Reading database ... (Reading database ... 5%(Reading database ... 10%(Reading database ... 15%(Reading database ... 20%(Reading database ... 25%(Reading database ... 30%(Reading database ... 35%(Reading database ... 40%(Reading database ... 45%(Reading database ... 50%(Reading database ... 55%(Reading database ... 60%(Reading database ... 65%(Reading database ... 70%(Reading database ... 75%(Reading database ... 80%(Reading database ... 85%(Reading database ... 90%(Reading database ... 95%(Reading database ... 100%(Reading database ... 72018 files and directories currently installed.)
Preparing to replace libc6 2.15-0ubuntu10.10 (using .../libc6_2.15-0ubuntu10.18_amd64.deb) ...
Unpacking replacement libc6 ...
Setting up libc6 (2.15-0ubuntu10.18) ...
Setting up libc-dev-bin (2.15-0ubuntu10.18) ...
Setting up libc6-dev (2.15-0ubuntu10.18) ...
Processing triggers for libc-bin ...
ldconfig deferred processing now taking place
travis_fold:end:fix.CVE-2015-7547[0Ktravis_fold:start:update_libssl1.0.0[0K$ sudo apt-get install ca-certificates libssl1.0.0
Reading package lists... 0%Reading package lists... 0%Reading package lists... 1%Reading package lists... 10%Reading package lists... 10%Reading package lists... 11%Reading package lists... 11%Reading package lists... 32%Reading package lists... 46%Reading package lists... 46%Reading package lists... 47%Reading package lists... 47%Reading package lists... 58%Reading package lists... 58%Reading package lists... 58%Reading package lists... 58%Reading package lists... 59%Reading package lists... 91%Reading package lists... 94%Reading package lists... 94%Reading package lists... 95%Reading package lists... 95%Reading package lists... 95%Reading package lists... 95%Reading package lists... 95%Reading package lists... 95%Reading package lists... 95%Reading package lists... 95%Reading package lists... 95%Reading package lists... 95%Reading package lists... 95%Reading package lists... 95%Reading package lists... 95%Reading package lists... 95%Reading package lists... 95%Reading package lists... 95%Reading package lists... 95%Reading package lists... 95%Reading package lists... 95%Reading package lists... 95%Reading package lists... 95%Reading package lists... 95%Reading package lists... 95%Reading package lists... 95%Reading package lists... 95%Reading package lists... 95%Reading package lists... 95%Reading package lists... 95%Reading package lists... 95%Reading package lists... 95%Reading package lists... 95%Reading package lists... 95%Reading package lists... 95%Reading package lists... 95%Reading package lists... 95%Reading package lists... 95%Reading package lists... 95%Reading package lists... 95%Reading package lists... 95%Reading package lists... 95%Reading package lists... 95%Reading package lists... 95%Reading package lists... 95%Reading package lists... 95%Reading package lists... 95%Reading package lists... 95%Reading package lists... 95%Reading package lists... 95%Reading package lists... 95%Reading package lists... 95%Reading package lists... 95%Reading package lists... 95%Reading package lists... 95%Reading package lists... 95%Reading package lists... 95%Reading package lists... 95%Reading package lists... 95%Reading package lists... 95%Reading package lists... 95%Reading package lists... 96%Reading package lists... 96%Reading package lists... 96%Reading package lists... 96%Reading package lists... 97%Reading package lists... 97%Reading package lists... 98%Reading package lists... 98%Reading package lists... 98%Reading package lists... 98%Reading package lists... 98%Reading package lists... 98%Reading package lists... 98%Reading package lists... 98%Reading package lists... 98%Reading package lists... 98%Reading package lists... 98%Reading package lists... 98%Reading package lists... 98%Reading package lists... 98%Reading package lists... 98%Reading package lists... 98%Reading package lists... 98%Reading package lists... 98%Reading package lists... Done
Building dependency tree... 0%Building dependency tree... 0%Building dependency tree... 50%Building dependency tree... 50%Building dependency tree... 83%Building dependency tree       
Reading state information... 0%Reading state information... 0%Reading state information... Done
The following extra packages will be installed:
  libssl-dev
The following packages will be upgraded:
  ca-certificates libssl-dev libssl1.0.0
3 upgraded, 0 newly installed, 0 to remove and 275 not upgraded.
Need to get 2,842 kB of archives.
After this operation, 41.0 kB of additional disk space will be used.
0% [Working]            Get:1 http://us.archive.ubuntu.com/ubuntu/ precise-updates/main libssl-dev amd64 1.0.1-4ubuntu5.39 [1,580 kB]
            0% [1 libssl-dev 14.1 kB/1,580 kB 1%]                                     56% [Working]             Get:2 http://us.archive.ubuntu.com/ubuntu/ precise-updates/main libssl1.0.0 amd64 1.0.1-4ubuntu5.39 [1,054 kB]
             56% [2 libssl1.0.0 0 B/1,054 kB 0%]                                   93% [Working]             Get:3 http://us.archive.ubuntu.com/ubuntu/ precise-updates/main ca-certificates all 20160104ubuntu0.12.04.1 [208 kB]
             93% [3 ca-certificates 0 B/208 kB 0%]                                     100% [Working]              Fetched 2,842 kB in 0s (14.8 MB/s)
Preconfiguring packages ...
(Reading database ... (Reading database ... 5%(Reading database ... 10%(Reading database ... 15%(Reading database ... 20%(Reading database ... 25%(Reading database ... 30%(Reading database ... 35%(Reading database ... 40%(Reading database ... 45%(Reading database ... 50%(Reading database ... 55%(Reading database ... 60%(Reading database ... 65%(Reading database ... 70%(Reading database ... 75%(Reading database ... 80%(Reading database ... 85%(Reading database ... 90%(Reading database ... 95%(Reading database ... 100%(Reading database ... 72018 files and directories currently installed.)
Preparing to replace libssl-dev 1.0.1-4ubuntu5.21 (using .../libssl-dev_1.0.1-4ubuntu5.39_amd64.deb) ...
Unpacking replacement libssl-dev ...
Preparing to replace libssl1.0.0 1.0.1-4ubuntu5.21 (using .../libssl1.0.0_1.0.1-4ubuntu5.39_amd64.deb) ...
Unpacking replacement libssl1.0.0 ...
Setting up libssl1.0.0 (1.0.1-4ubuntu5.39) ...
Processing triggers for libc-bin ...
ldconfig deferred processing now taking place
(Reading database ... (Reading database ... 5%(Reading database ... 10%(Reading database ... 15%(Reading database ... 20%(Reading database ... 25%(Reading database ... 30%(Reading database ... 35%(Reading database ... 40%(Reading database ... 45%(Reading database ... 50%(Reading database ... 55%(Reading database ... 60%(Reading database ... 65%(Reading database ... 70%(Reading database ... 75%(Reading database ... 80%(Reading database ... 85%(Reading database ... 90%(Reading database ... 95%(Reading database ... 100%(Reading database ... 72018 files and directories currently installed.)
Preparing to replace ca-certificates 20130906ubuntu0.12.04.1 (using .../ca-certificates_20160104ubuntu0.12.04.1_all.deb) ...
Unpacking replacement ca-certificates ...
Processing triggers for man-db ...
Setting up libssl-dev (1.0.1-4ubuntu5.39) ...
Setting up ca-certificates (20160104ubuntu0.12.04.1) ...
Updating certificates in /etc/ssl/certs... 35 added, 26 removed; done.
Running hooks in /etc/ca-certificates/update.d....
Adding debian:ACCVRAIZ1.pem
Adding debian:Atos_TrustedRoot_2011.pem
Adding debian:CA_WoSign_ECC_Root.pem
Adding debian:Certification_Authority_of_WoSign_G2.pem
Adding debian:Certinomis_-_Root_CA.pem
Adding debian:CFCA_EV_ROOT.pem
Adding debian:COMODO_RSA_Certification_Authority.pem
Adding debian:DigiCert_Assured_ID_Root_G2.pem
Adding debian:DigiCert_Assured_ID_Root_G3.pem
Adding debian:DigiCert_Global_Root_G2.pem
Adding debian:DigiCert_Global_Root_G3.pem
Adding debian:DigiCert_Trusted_Root_G4.pem
Adding debian:Entrust_Root_Certification_Authority_-_EC1.pem
Adding debian:Entrust_Root_Certification_Authority_-_G2.pem
Adding debian:E-Tugra_Certification_Authority.pem
Adding debian:GlobalSign_ECC_Root_CA_-_R4.pem
Adding debian:GlobalSign_ECC_Root_CA_-_R5.pem
Adding debian:IdenTrust_Commercial_Root_CA_1.pem
Adding debian:IdenTrust_Public_Sector_Root_CA_1.pem
Adding debian:OISTE_WISeKey_Global_Root_GB_CA.pem
Adding debian:QuoVadis_Root_CA_1_G3.pem
Adding debian:QuoVadis_Root_CA_2_G3.pem
Adding debian:QuoVadis_Root_CA_3_G3.pem
Adding debian:Staat_der_Nederlanden_EV_Root_CA.pem
Adding debian:Staat_der_Nederlanden_Root_CA_-_G3.pem
Adding debian:S-TRUST_Universal_Root_CA.pem
Adding debian:TeliaSonera_Root_CA_v1.pem
Adding debian:T-TeleSec_GlobalRoot_Class_2.pem
Adding debian:TÃœRKTRUST_Elektronik_Sertifika_Hizmet_SaÄŸlayÄ±cÄ±sÄ±_H5.pem
Adding debian:TÃœRKTRUST_Elektronik_Sertifika_Hizmet_SaÄŸlayÄ±cÄ±sÄ±_H6.pem
Adding debian:TWCA_Global_Root_CA.pem
Adding debian:USERTrust_ECC_Certification_Authority.pem
Adding debian:USERTrust_RSA_Certification_Authority.pem
Adding debian:WoSign_China.pem
Adding debian:WoSign.pem
Removing debian:A-Trust-nQual-03.pem
Removing debian:America_Online_Root_Certification_Authority_1.pem
Removing debian:America_Online_Root_Certification_Authority_2.pem
Removing debian:Buypass_Class_3_CA_1.pem
Removing debian:ComSign_Secured_CA.pem
Removing debian:Digital_Signature_Trust_Co._Global_CA_1.pem
Removing debian:Digital_Signature_Trust_Co._Global_CA_3.pem
Removing debian:E-Guven_Kok_Elektronik_Sertifika_Hizmet_Saglayicisi.pem
Removing debian:Entrust.net_Secure_Server_CA.pem
Removing debian:Firmaprofesional_Root_CA.pem
Removing debian:GTE_CyberTrust_Global_Root.pem
Removing debian:RSA_Root_Certificate_1.pem
Removing debian:TC_TrustCenter_Class_2_CA_II.pem
Removing debian:TC_TrustCenter_Universal_CA_I.pem
Removing debian:TDC_Internet_Root_CA.pem
Removing debian:TDC_OCES_Root_CA.pem
Removing debian:TURKTRUST_Certificate_Services_Provider_Root_1.pem
Removing debian:TURKTRUST_Certificate_Services_Provider_Root_2.pem
Removing debian:Thawte_Premium_Server_CA.pem
Removing debian:Thawte_Server_CA.pem
Removing debian:UTN_DATACorp_SGC_Root_CA.pem
Removing debian:ValiCert_Class_1_VA.pem
Removing debian:ValiCert_Class_2_VA.pem
Removing debian:Verisign_Class_4_Public_Primary_Certification_Authority_-_G3.pem
Removing debian:Wells_Fargo_Root_CA.pem
Removing debian:spi-cacert-2008.pem
done.
done.
travis_fold:end:update_libssl1.0.0[0K$ jdk_switcher use oraclejdk8
Switching to Oracle JDK8 (java-8-oracle), JAVA_HOME will be set to /usr/lib/jvm/java-8-oracle
travis_fold:start:git.checkout[0Ktravis_time:start:285f961e[0K$ git clone --depth=50 https://github.com/checkstyle/checkstyle.git checkstyle/checkstyle
Cloning into 'checkstyle/checkstyle'...
remote: Counting objects: 3757, done.[K
remote: Compressing objects:   0% (1/2360)   [Kremote: Compressing objects:   1% (24/2360)   [Kremote: Compressing objects:   2% (48/2360)   [Kremote: Compressing objects:   3% (71/2360)   [Kremote: Compressing objects:   4% (95/2360)   [Kremote: Compressing objects:   5% (118/2360)   [Kremote: Compressing objects:   6% (142/2360)   [Kremote: Compressing objects:   7% (166/2360)   [Kremote: Compressing objects:   8% (189/2360)   [Kremote: Compressing objects:   9% (213/2360)   [Kremote: Compressing objects:  10% (236/2360)   [Kremote: Compressing objects:  11% (260/2360)   [Kremote: Compressing objects:  12% (284/2360)   [Kremote: Compressing objects:  13% (307/2360)   [Kremote: Compressing objects:  14% (331/2360)   [Kremote: Compressing objects:  15% (354/2360)   [Kremote: Compressing objects:  16% (378/2360)   [Kremote: Compressing objects:  17% (402/2360)   [Kremote: Compressing objects:  18% (425/2360)   [Kremote: Compressing objects:  19% (449/2360)   [Kremote: Compressing objects:  20% (472/2360)   [Kremote: Compressing objects:  21% (496/2360)   [Kremote: Compressing objects:  22% (520/2360)   [Kremote: Compressing objects:  23% (543/2360)   [Kremote: Compressing objects:  24% (567/2360)   [Kremote: Compressing objects:  25% (590/2360)   [Kremote: Compressing objects:  26% (614/2360)   [Kremote: Compressing objects:  27% (638/2360)   [Kremote: Compressing objects:  28% (661/2360)   [Kremote: Compressing objects:  29% (685/2360)   [Kremote: Compressing objects:  30% (708/2360)   [Kremote: Compressing objects:  31% (732/2360)   [Kremote: Compressing objects:  32% (756/2360)   [Kremote: Compressing objects:  33% (779/2360)   [Kremote: Compressing objects:  34% (803/2360)   [Kremote: Compressing objects:  35% (826/2360)   [Kremote: Compressing objects:  36% (850/2360)   [Kremote: Compressing objects:  37% (874/2360)   [Kremote: Compressing objects:  38% (897/2360)   [Kremote: Compressing objects:  39% (921/2360)   [Kremote: Compressing objects:  40% (944/2360)   [Kremote: Compressing objects:  41% (968/2360)   [Kremote: Compressing objects:  42% (992/2360)   [Kremote: Compressing objects:  43% (1015/2360)   [Kremote: Compressing objects:  44% (1039/2360)   [Kremote: Compressing objects:  45% (1062/2360)   [Kremote: Compressing objects:  46% (1086/2360)   [Kremote: Compressing objects:  47% (1110/2360)   [Kremote: Compressing objects:  48% (1133/2360)   [Kremote: Compressing objects:  49% (1157/2360)   [Kremote: Compressing objects:  50% (1180/2360)   [Kremote: Compressing objects:  51% (1204/2360)   [Kremote: Compressing objects:  52% (1228/2360)   [Kremote: Compressing objects:  53% (1251/2360)   [Kremote: Compressing objects:  54% (1275/2360)   [Kremote: Compressing objects:  55% (1298/2360)   [Kremote: Compressing objects:  56% (1322/2360)   [Kremote: Compressing objects:  57% (1346/2360)   [Kremote: Compressing objects:  58% (1369/2360)   [Kremote: Compressing objects:  59% (1393/2360)   [Kremote: Compressing objects:  60% (1416/2360)   [Kremote: Compressing objects:  61% (1440/2360)   [Kremote: Compressing objects:  62% (1464/2360)   [Kremote: Compressing objects:  63% (1487/2360)   [Kremote: Compressing objects:  64% (1511/2360)   [Kremote: Compressing objects:  65% (1534/2360)   [Kremote: Compressing objects:  66% (1558/2360)   [Kremote: Compressing objects:  67% (1582/2360)   [Kremote: Compressing objects:  68% (1605/2360)   [Kremote: Compressing objects:  69% (1629/2360)   [Kremote: Compressing objects:  70% (1652/2360)   [Kremote: Compressing objects:  71% (1676/2360)   [Kremote: Compressing objects:  72% (1700/2360)   [Kremote: Compressing objects:  73% (1723/2360)   [Kremote: Compressing objects:  74% (1747/2360)   [Kremote: Compressing objects:  75% (1770/2360)   [Kremote: Compressing objects:  76% (1794/2360)   [Kremote: Compressing objects:  77% (1818/2360)   [Kremote: Compressing objects:  78% (1841/2360)   [Kremote: Compressing objects:  79% (1865/2360)   [Kremote: Compressing objects:  80% (1888/2360)   [Kremote: Compressing objects:  81% (1912/2360)   [Kremote: Compressing objects:  82% (1936/2360)   [Kremote: Compressing objects:  83% (1959/2360)   [Kremote: Compressing objects:  84% (1983/2360)   [Kremote: Compressing objects:  85% (2006/2360)   [Kremote: Compressing objects:  86% (2030/2360)   [Kremote: Compressing objects:  87% (2054/2360)   [Kremote: Compressing objects:  88% (2077/2360)   [Kremote: Compressing objects:  89% (2101/2360)   [Kremote: Compressing objects:  90% (2124/2360)   [Kremote: Compressing objects:  91% (2148/2360)   [Kremote: Compressing objects:  92% (2172/2360)   [Kremote: Compressing objects:  93% (2195/2360)   [Kremote: Compressing objects:  94% (2219/2360)   [Kremote: Compressing objects:  95% (2242/2360)   [Kremote: Compressing objects:  96% (2266/2360)   [Kremote: Compressing objects:  97% (2290/2360)   [Kremote: Compressing objects:  98% (2313/2360)   [Kremote: Compressing objects:  99% (2337/2360)   [Kremote: Compressing objects: 100% (2360/2360)   [Kremote: Compressing objects: 100% (2360/2360), done.[K
Receiving objects:   0% (1/3757)   Receiving objects:   1% (38/3757)   Receiving objects:   2% (76/3757)   Receiving objects:   3% (113/3757)   Receiving objects:   4% (151/3757)   Receiving objects:   5% (188/3757)   Receiving objects:   6% (226/3757)   Receiving objects:   7% (263/3757)   Receiving objects:   8% (301/3757)   Receiving objects:   9% (339/3757)   Receiving objects:  10% (376/3757)   Receiving objects:  11% (414/3757)   Receiving objects:  12% (451/3757)   Receiving objects:  13% (489/3757)   Receiving objects:  14% (526/3757)   Receiving objects:  15% (564/3757)   Receiving objects:  16% (602/3757)   Receiving objects:  17% (639/3757)   Receiving objects:  18% (677/3757)   Receiving objects:  19% (714/3757)   Receiving objects:  20% (752/3757)   Receiving objects:  21% (789/3757)   Receiving objects:  22% (827/3757)   Receiving objects:  23% (865/3757)   Receiving objects:  24% (902/3757)   Receiving objects:  25% (940/3757)   Receiving objects:  26% (977/3757)   Receiving objects:  27% (1015/3757)   Receiving objects:  28% (1052/3757)   Receiving objects:  29% (1090/3757)   Receiving objects:  30% (1128/3757)   Receiving objects:  31% (1165/3757)   Receiving objects:  32% (1203/3757)   Receiving objects:  33% (1240/3757)   Receiving objects:  34% (1278/3757)   Receiving objects:  35% (1315/3757)   Receiving objects:  36% (1353/3757)   Receiving objects:  37% (1391/3757)   Receiving objects:  38% (1428/3757)   Receiving objects:  39% (1466/3757)   Receiving objects:  40% (1503/3757)   Receiving objects:  41% (1541/3757)   Receiving objects:  42% (1578/3757)   Receiving objects:  43% (1616/3757)   Receiving objects:  44% (1654/3757)   Receiving objects:  45% (1691/3757)   Receiving objects:  46% (1729/3757)   Receiving objects:  47% (1766/3757)   Receiving objects:  48% (1804/3757)   Receiving objects:  49% (1841/3757)   Receiving objects:  50% (1879/3757)   Receiving objects:  51% (1917/3757)   Receiving objects:  52% (1954/3757)   Receiving objects:  53% (1992/3757)   Receiving objects:  54% (2029/3757)   Receiving objects:  55% (2067/3757)   Receiving objects:  56% (2104/3757)   Receiving objects:  57% (2142/3757)   Receiving objects:  58% (2180/3757)   Receiving objects:  59% (2217/3757)   Receiving objects:  60% (2255/3757)   Receiving objects:  61% (2292/3757)   Receiving objects:  62% (2330/3757)   Receiving objects:  63% (2367/3757)   Receiving objects:  64% (2405/3757)   Receiving objects:  65% (2443/3757)   Receiving objects:  66% (2480/3757)   Receiving objects:  67% (2518/3757)   Receiving objects:  68% (2555/3757)   Receiving objects:  69% (2593/3757)   Receiving objects:  70% (2630/3757)   Receiving objects:  71% (2668/3757)   Receiving objects:  72% (2706/3757)   Receiving objects:  73% (2743/3757)   Receiving objects:  74% (2781/3757)   Receiving objects:  75% (2818/3757)   Receiving objects:  76% (2856/3757)   Receiving objects:  77% (2893/3757)   remote: Total 3757 (delta 1424), reused 2264 (delta 920), pack-reused 0[K
Receiving objects:  78% (2931/3757)   Receiving objects:  79% (2969/3757)   Receiving objects:  80% (3006/3757)   Receiving objects:  81% (3044/3757)   Receiving objects:  82% (3081/3757)   Receiving objects:  83% (3119/3757)   Receiving objects:  84% (3156/3757)   Receiving objects:  85% (3194/3757)   Receiving objects:  86% (3232/3757)   Receiving objects:  87% (3269/3757)   Receiving objects:  88% (3307/3757)   Receiving objects:  89% (3344/3757)   Receiving objects:  90% (3382/3757)   Receiving objects:  91% (3419/3757)   Receiving objects:  92% (3457/3757)   Receiving objects:  93% (3495/3757)   Receiving objects:  94% (3532/3757)   Receiving objects:  95% (3570/3757)   Receiving objects:  96% (3607/3757)   Receiving objects:  97% (3645/3757)   Receiving objects:  98% (3682/3757)   Receiving objects:  99% (3720/3757)   Receiving objects: 100% (3757/3757)   Receiving objects: 100% (3757/3757), 4.53 MiB | 0 bytes/s, done.
Resolving deltas:   0% (0/1424)   Resolving deltas:   3% (49/1424)   Resolving deltas:   4% (62/1424)   Resolving deltas:   5% (73/1424)   Resolving deltas:   6% (86/1424)   Resolving deltas:   7% (102/1424)   Resolving deltas:  10% (149/1424)   Resolving deltas:  11% (157/1424)   Resolving deltas:  12% (173/1424)   Resolving deltas:  13% (192/1424)   Resolving deltas:  14% (200/1424)   Resolving deltas:  15% (216/1424)   Resolving deltas:  16% (235/1424)   Resolving deltas:  17% (253/1424)   Resolving deltas:  18% (257/1424)   Resolving deltas:  19% (271/1424)   Resolving deltas:  20% (285/1424)   Resolving deltas:  21% (301/1424)   Resolving deltas:  22% (318/1424)   Resolving deltas:  24% (343/1424)   Resolving deltas:  25% (356/1424)   Resolving deltas:  26% (375/1424)   Resolving deltas:  27% (386/1424)   Resolving deltas:  28% (403/1424)   Resolving deltas:  29% (413/1424)   Resolving deltas:  30% (434/1424)   Resolving deltas:  31% (443/1424)   Resolving deltas:  32% (460/1424)   Resolving deltas:  33% (470/1424)   Resolving deltas:  34% (485/1424)   Resolving deltas:  35% (503/1424)   Resolving deltas:  36% (516/1424)   Resolving deltas:  37% (530/1424)   Resolving deltas:  38% (542/1424)   Resolving deltas:  39% (558/1424)   Resolving deltas:  40% (571/1424)   Resolving deltas:  41% (587/1424)   Resolving deltas:  42% (600/1424)   Resolving deltas:  43% (613/1424)   Resolving deltas:  44% (627/1424)   Resolving deltas:  45% (642/1424)   Resolving deltas:  46% (658/1424)   Resolving deltas:  47% (671/1424)   Resolving deltas:  48% (686/1424)   Resolving deltas:  49% (698/1424)   Resolving deltas:  50% (713/1424)   Resolving deltas:  51% (736/1424)   Resolving deltas:  52% (742/1424)   Resolving deltas:  53% (755/1424)   Resolving deltas:  54% (770/1424)   Resolving deltas:  55% (784/1424)   Resolving deltas:  56% (798/1424)   Resolving deltas:  58% (827/1424)   Resolving deltas:  59% (841/1424)   Resolving deltas:  60% (866/1424)   Resolving deltas:  61% (873/1424)   Resolving deltas:  63% (904/1424)   Resolving deltas:  64% (912/1424)   Resolving deltas:  65% (931/1424)   Resolving deltas:  66% (950/1424)   Resolving deltas:  67% (957/1424)   Resolving deltas:  68% (970/1424)   Resolving deltas:  69% (987/1424)   Resolving deltas:  70% (999/1424)   Resolving deltas:  71% (1012/1424)   Resolving deltas:  72% (1027/1424)   Resolving deltas:  73% (1045/1424)   Resolving deltas:  74% (1054/1424)   Resolving deltas:  75% (1079/1424)   Resolving deltas:  76% (1083/1424)   Resolving deltas:  77% (1097/1424)   Resolving deltas:  78% (1111/1424)   Resolving deltas:  79% (1125/1424)   Resolving deltas:  80% (1142/1424)   Resolving deltas:  81% (1159/1424)   Resolving deltas:  82% (1169/1424)   Resolving deltas:  83% (1183/1424)   Resolving deltas:  84% (1198/1424)   Resolving deltas:  85% (1212/1424)   Resolving deltas:  86% (1230/1424)   Resolving deltas:  87% (1239/1424)   Resolving deltas:  88% (1255/1424)   Resolving deltas:  89% (1268/1424)   Resolving deltas:  90% (1282/1424)   Resolving deltas:  91% (1296/1424)   Resolving deltas:  92% (1311/1424)   Resolving deltas:  93% (1327/1424)   Resolving deltas:  94% (1340/1424)   Resolving deltas:  95% (1354/1424)   Resolving deltas:  96% (1368/1424)   Resolving deltas:  97% (1383/1424)   Resolving deltas:  98% (1399/1424)   Resolving deltas:  99% (1410/1424)   Resolving deltas: 100% (1424/1424)   Resolving deltas: 100% (1424/1424), done.
Checking connectivity... done.

travis_time:end:285f961e:start=1503794699954670683,finish=1503794701377041450,duration=1422370767[0K$ cd checkstyle/checkstyle
travis_time:start:2e22f598[0K$ git fetch origin +refs/pull/4950/merge:
remote: Counting objects: 15, done.[K
remote: Compressing objects:  25% (1/4)   [Kremote: Compressing objects:  50% (2/4)   [Kremote: Compressing objects:  75% (3/4)   [Kremote: Compressing objects: 100% (4/4)   [Kremote: Compressing objects: 100% (4/4), done.[K
remote: Total 15 (delta 11), reused 15 (delta 11), pack-reused 0[K
Unpacking objects:   6% (1/15)   Unpacking objects:  13% (2/15)   Unpacking objects:  20% (3/15)   Unpacking objects:  26% (4/15)   Unpacking objects:  33% (5/15)   Unpacking objects:  40% (6/15)   Unpacking objects:  46% (7/15)   Unpacking objects:  53% (8/15)   Unpacking objects:  60% (9/15)   Unpacking objects:  66% (10/15)   Unpacking objects:  73% (11/15)   Unpacking objects:  80% (12/15)   Unpacking objects:  86% (13/15)   Unpacking objects:  93% (14/15)   Unpacking objects: 100% (15/15)   Unpacking objects: 100% (15/15), done.
From https://github.com/checkstyle/checkstyle
 * branch            refs/pull/4950/merge -> FETCH_HEAD

travis_time:end:2e22f598:start=1503794701382890416,finish=1503794702049745407,duration=666854991[0K$ git checkout -qf FETCH_HEAD
travis_fold:end:git.checkout[0Ktravis_fold:start:apt[0K[33;1mInstalling APT Packages (BETA)[0m
$ export DEBIAN_FRONTEND=noninteractive
travis_time:start:09edd894[0K$ sudo -E apt-get -yq update &>> ~/apt-get-update.log

travis_time:end:09edd894:start=1503794702198291374,finish=1503794706535277754,duration=4336986380[0Ktravis_time:start:01bdce66[0K$ sudo -E apt-get -yq --no-install-suggests --no-install-recommends --force-yes install xsltproc xmlstarlet oracle-java8-installer
Reading package lists...
Building dependency tree...
Reading state information...
Suggested packages:
  binfmt-support visualvm ttf-baekmuk ttf-unfonts ttf-unfonts-core
  ttf-kochi-gothic ttf-sazanami-gothic ttf-kochi-mincho ttf-sazanami-mincho
  ttf-arphic-uming
Recommended packages:
  oracle-java8-set-default
The following NEW packages will be installed:
  xmlstarlet xsltproc
The following packages will be upgraded:
  oracle-java8-installer
1 upgraded, 2 newly installed, 0 to remove and 274 not upgraded.
Need to get 232 kB of archives.
After this operation, 494 kB of additional disk space will be used.
Get:1 http://us.archive.ubuntu.com/ubuntu/ precise/main xmlstarlet amd64 1.3.0-1 [184 kB]
Get:2 http://us.archive.ubuntu.com/ubuntu/ precise-updates/main xsltproc amd64 1.1.26-8ubuntu1.4 [15.1 kB]
Get:3 http://ppa.launchpad.net/webupd8team/java/ubuntu/ precise/main oracle-java8-installer all 8u144-1~webupd8~0 [32.9 kB]
Fetched 232 kB in 0s (770 kB/s)
Preconfiguring packages ...
(Reading database ... (Reading database ... 5%(Reading database ... 10%(Reading database ... 15%(Reading database ... 20%(Reading database ... 25%(Reading database ... 30%(Reading database ... 35%(Reading database ... 40%(Reading database ... 45%(Reading database ... 50%(Reading database ... 55%(Reading database ... 60%(Reading database ... 65%(Reading database ... 70%(Reading database ... 75%(Reading database ... 80%(Reading database ... 85%(Reading database ... 90%(Reading database ... 95%(Reading database ... 100%(Reading database ... 72026 files and directories currently installed.)
Preparing to replace oracle-java8-installer 8u31+8u33arm-1~webupd8~1 (using .../oracle-java8-installer_8u144-1~webupd8~0_all.deb) ...
oracle-license-v1-1 license has already been accepted
Unpacking replacement oracle-java8-installer ...
Selecting previously unselected package xmlstarlet.
Unpacking xmlstarlet (from .../xmlstarlet_1.3.0-1_amd64.deb) ...
Selecting previously unselected package xsltproc.
Unpacking xsltproc (from .../xsltproc_1.1.26-8ubuntu1.4_amd64.deb) ...
Processing triggers for shared-mime-info ...
Processing triggers for hicolor-icon-theme ...
Processing triggers for man-db ...
Setting up oracle-java8-installer (8u144-1~webupd8~0) ...
No /var/cache/oracle-jdk8-installer/wgetrc file found.
Creating /var/cache/oracle-jdk8-installer/wgetrc and
using default oracle-java8-installer wgetrc settings for it.
Downloading Oracle Java 8...
--2017-08-27 00:45:12--  http://download.oracle.com/otn-pub/java/jdk/8u144-b01/090f390dda5b47b9b721c7dfaa008135/jdk-8u144-linux-x64.tar.gz
Resolving download.oracle.com (download.oracle.com)... 23.219.92.200, 23.219.92.226
Connecting to download.oracle.com (download.oracle.com)|23.219.92.200|:80... connected.
HTTP request sent, awaiting response... 302 Moved Temporarily
Location: https://edelivery.oracle.com/otn-pub/java/jdk/8u144-b01/090f390dda5b47b9b721c7dfaa008135/jdk-8u144-linux-x64.tar.gz [following]
--2017-08-27 00:45:12--  https://edelivery.oracle.com/otn-pub/java/jdk/8u144-b01/090f390dda5b47b9b721c7dfaa008135/jdk-8u144-linux-x64.tar.gz
Resolving edelivery.oracle.com (edelivery.oracle.com)... 23.49.182.138, 2600:1408:10:298::2d3e, 2600:1408:10:286::2d3e
Connecting to edelivery.oracle.com (edelivery.oracle.com)|23.49.182.138|:443... connected.
HTTP request sent, awaiting response... 302 Moved Temporarily
Location: http://download.oracle.com/otn-pub/java/jdk/8u144-b01/090f390dda5b47b9b721c7dfaa008135/jdk-8u144-linux-x64.tar.gz?AuthParam=1503794832_e495193826f82fa7fc128183192a8d87 [following]
--2017-08-27 00:45:13--  http://download.oracle.com/otn-pub/java/jdk/8u144-b01/090f390dda5b47b9b721c7dfaa008135/jdk-8u144-linux-x64.tar.gz?AuthParam=1503794832_e495193826f82fa7fc128183192a8d87
Connecting to download.oracle.com (download.oracle.com)|23.219.92.200|:80... connected.
HTTP request sent, awaiting response... 200 OK
Length: 185515842 (177M) [application/x-gzip]
Saving to: `jdk-8u144-linux-x64.tar.gz'

     0K ........ ........ ........ ........ ........ ........  1% 40.7M 4s
  3072K ........ ........ ........ ........ ........ ........  3% 63.0M 3s
  6144K ........ ........ ........ ........ ........ ........  5% 68.6M 3s
  9216K ........ ........ ........ ........ ........ ........  6% 36.8M 3s
 12288K ........ ........ ........ ........ ........ ........  8% 37.6M 4s
 15360K ........ ........ ........ ........ ........ ........ 10% 40.4M 4s
 18432K ........ ........ ........ ........ ........ ........ 11% 38.8M 4s
 21504K ........ ........ ........ ........ ........ ........ 13% 42.2M 3s
 24576K ........ ........ ........ ........ ........ ........ 15% 44.6M 3s
 27648K ........ ........ ........ ........ ........ ........ 16% 44.5M 3s
 30720K ........ ........ ........ ........ ........ ........ 18% 28.0M 3s
 33792K ........ ........ ........ ........ ........ ........ 20% 26.4M 4s
 36864K ........ ........ ........ ........ ........ ........ 22% 20.5M 4s
 39936K ........ ........ ........ ........ ........ ........ 23% 12.1M 4s
 43008K ........ ........ ........ ........ ........ ........ 25% 8.46M 5s
 46080K ........ ........ ........ ........ ........ ........ 27% 15.0M 5s
 49152K ........ ........ ........ ........ ........ ........ 28% 18.6M 5s
 52224K ........ ........ ........ ........ ........ ........ 30% 22.1M 5s
 55296K ........ ........ ........ ........ ........ ........ 32% 25.4M 5s
 58368K ........ ........ ........ ........ ........ ........ 33% 28.1M 5s
 61440K ........ ........ ........ ........ ........ ........ 35% 17.0M 5s
 64512K ........ ........ ........ ........ ........ ........ 37% 19.4M 5s
 67584K ........ ........ ........ ........ ........ ........ 39% 23.0M 4s
 70656K ........ ........ ........ ........ ........ ........ 40% 25.8M 4s
 73728K ........ ........ ........ ........ ........ ........ 42% 28.8M 4s
 76800K ........ ........ ........ ........ ........ ........ 44% 31.8M 4s
 79872K ........ ........ ........ ........ ........ ........ 45% 32.3M 4s
 82944K ........ ........ ........ ........ ........ ........ 47% 35.1M 4s
 86016K ........ ........ ........ ........ ........ ........ 49% 36.4M 4s
 89088K ........ ........ ........ ........ ........ ........ 50% 38.8M 3s
 92160K ........ ........ ........ ........ ........ ........ 52% 40.7M 3s
 95232K ........ ........ ........ ........ ........ ........ 54% 40.8M 3s
 98304K ........ ........ ........ ........ ........ ........ 55% 33.5M 3s
101376K ........ ........ ........ ........ ........ ........ 57% 24.5M 3s
104448K ........ ........ ........ ........ ........ ........ 59% 27.1M 3s
107520K ........ ........ ........ ........ ........ ........ 61% 29.7M 3s
110592K ........ ........ ........ ........ ........ ........ 62% 32.0M 2s
113664K ........ ........ ........ ........ ........ ........ 64% 33.5M 2s
116736K ........ ........ ........ ........ ........ ........ 66% 35.0M 2s
119808K ........ ........ ........ ........ ........ ........ 67% 28.6M 2s
122880K ........ ........ ........ ........ ........ ........ 69% 22.0M 2s
125952K ........ ........ ........ ........ ........ ........ 71% 25.3M 2s
129024K ........ ........ ........ ........ ........ ........ 72% 27.5M 2s
132096K ........ ........ ........ ........ ........ ........ 74% 30.3M 2s
135168K ........ ........ ........ ........ ........ ........ 76% 30.3M 2s
138240K ........ ........ ........ ........ ........ ........ 78% 34.1M 1s
141312K ........ ........ ........ ........ ........ ........ 79% 35.5M 1s
144384K ........ ........ ........ ........ ........ ........ 81% 38.5M 1s
147456K ........ ........ ........ ........ ........ ........ 83% 38.1M 1s
150528K ........ ........ ........ ........ ........ ........ 84% 39.0M 1s
153600K ........ ........ ........ ........ ........ ........ 86% 42.3M 1s
156672K ........ ........ ........ ........ ........ ........ 88% 47.0M 1s
159744K ........ ........ ........ ........ ........ ........ 89% 44.5M 1s
162816K ........ ........ ........ ........ ........ ........ 91% 46.8M 1s
165888K ........ ........ ........ ........ ........ ........ 93% 48.6M 0s
168960K ........ ........ ........ ........ ........ ........ 94% 37.6M 0s
172032K ........ ........ ........ ........ ........ ........ 96% 27.7M 0s
175104K ........ ........ ........ ........ ........ ........ 98% 30.1M 0s
178176K ........ ........ ........ ........ ........ ......  100% 31.0M=6.1s

2017-08-27 00:45:19 (28.9 MB/s) - `jdk-8u144-linux-x64.tar.gz' saved [185515842/185515842]

Download done.
Removing outdated cached downloads...
Oracle JDK 8 installed

#####Important########
To set Oracle JDK8 as default, install the "oracle-java8-set-default" package.
E.g.: sudo apt install oracle-java8-set-default
On Ubuntu systems, oracle-java8-set-default is most probably installed
automatically with this package.
######################

Setting up xmlstarlet (1.3.0-1) ...
Setting up xsltproc (1.1.26-8ubuntu1.4) ...

travis_time:end:01bdce66:start=1503794706539742351,finish=1503794727539889228,duration=21000146877[0Ktravis_fold:end:apt[0K
[33;1mEncrypted environment variables have been removed for security reasons.[0m
[33;1mSee https://docs.travis-ci.com/user/pull-requests/#Pull-Requests-and-Security-Restrictions[0m

[33;1mSetting environment variables from repository settings[0m
$ export READ_ONLY_TOKEN=9ffd28faf1c5d120b63be99b2d585156816e3789

[33;1mSetting environment variables from .travis.yml[0m
$ export DESC="tests pt"
$ export CMD="mvn clean integration-test failsafe:verify -DargLine='-Duser.language=pt -Duser.country=PT -Xms1024m -Xmx2048m'"

[33;1mDisabling Gradle daemon[0m
travis_time:start:0b4aee86[0K$ mkdir -p ~/.gradle && echo "org.gradle.daemon=false" >> ~/.gradle/gradle.properties

travis_time:end:0b4aee86:start=1503794729432023218,finish=1503794729436814037,duration=4790819[0K$ export PATH=$JAVA_HOME/bin:$PATH
travis_fold:start:cache.1[0KSetting up build cache
$ export CASHER_DIR=$HOME/.casher
travis_time:start:0893fe73[0K$ Installing caching utilities

travis_time:end:0893fe73:start=1503794729663968790,finish=1503794729703988276,duration=40019486[0Ktravis_time:start:0041aae8[0K
travis_time:end:0041aae8:start=1503794729710336278,finish=1503794729714470632,duration=4134354[0Ktravis_time:start:13b7f8a5[0K[32;1mattempting to download cache archive[0m
[32;1mfetching PR.4950/cache-linux-precise-44927c7703988eb1abba8aab76ab751cb33d667a533a525b1c08f020272aa309--jdk-oraclejdk8.tgz[0m
[32;1mfound cache[0m

travis_time:end:13b7f8a5:start=1503794729719202996,finish=1503794730893175011,duration=1173972015[0Ktravis_time:start:011b58a9[0K
travis_time:end:011b58a9:start=1503794730898017204,finish=1503794730902009448,duration=3992244[0Ktravis_time:start:128aeb7c[0K[32;1madding /home/travis/.m2 to cache[0m

travis_time:end:128aeb7c:start=1503794730906674426,finish=1503794732591534012,duration=1684859586[0Ktravis_fold:end:cache.1[0K$ java -Xmx32m -version
java version "1.8.0_144"
Java(TM) SE Runtime Environment (build 1.8.0_144-b01)
Java HotSpot(TM) 64-Bit Server VM (build 25.144-b01, mixed mode)
$ javac -J-Xmx32m -version
javac 1.8.0_144
travis_fold:start:install[0Ktravis_time:start:16db9423[0K$ if [ "${TRAVIS_OS_NAME}" == "osx" ]; then
    # https://github.com/travis-ci/travis-ci/issues/6307#issuecomment-233315824
    rvm get head
  fi
  

travis_time:end:16db9423:start=1503794732861518123,finish=1503794732865388547,duration=3870424[0Ktravis_fold:end:install[0Ktravis_time:start:197c3ca6[0K$ SKIP_FILES=".github|appveyor.yml|circle.yml|distelli-manifest.yml|fast-forward-merge.sh|LICENSE|LICENSE.apache20|README.md|release.sh|RIGHTS.antlr|shippable.yml|wercker.yml|intellij-idea-inspections.xml"

travis_time:end:197c3ca6:start=1503794732870456345,finish=1503794732874202144,duration=3745799[0K
[32;1mThe command "SKIP_FILES=".github|appveyor.yml|circle.yml|distelli-manifest.yml|fast-forward-merge.sh|LICENSE|LICENSE.apache20|README.md|release.sh|RIGHTS.antlr|shippable.yml|wercker.yml|intellij-idea-inspections.xml"" exited with 0.[0m
travis_time:start:0107e0e0[0K$ SKIP_CI=$(if [[ $(git diff --name-only HEAD HEAD~1 | grep -vE "$SKIP_FILES" | cat | wc -c | sed 's/^ *//' ) > 0 ]]; then echo false; else echo true; fi;)

travis_time:end:0107e0e0:start=1503794732878997196,finish=1503794732888245475,duration=9248279[0K
[32;1mThe command "SKIP_CI=$(if [[ $(git diff --name-only HEAD HEAD~1 | grep -vE "$SKIP_FILES" | cat | wc -c | sed 's/^ *//' ) > 0 ]]; then echo false; else echo true; fi;)" exited with 0.[0m
travis_time:start:01b35b38[0K$ echo "SKIP_CI="$SKIP_CI
SKIP_CI=false

travis_time:end:01b35b38:start=1503794732893001083,finish=1503794732896683436,duration=3682353[0K
[32;1mThe command "echo "SKIP_CI="$SKIP_CI" exited with 0.[0m
travis_time:start:09d8c780[0K$ set -e
if [[ $SKIP_CI == 'false' ]];
then
     eval $CMD;
     echo "eval of CMD is completed"
fi

Java HotSpot(TM) 64-Bit Server VM warning: ignoring option MaxPermSize=192m; support was removed in 8.0
[INFO] Scanning for projects...
[INFO] Inspecting build with total of 1 modules...
[INFO] Installing Nexus Staging features:
[INFO]   ... total of 1 executions of maven-deploy-plugin replaced with nexus-staging-maven-plugin
[INFO]                                                                         
[INFO] ------------------------------------------------------------------------
[INFO] Building checkstyle 8.2-SNAPSHOT
[INFO] ------------------------------------------------------------------------
Downloading: https://oss.sonatype.org/content/repositories/codehaus-snapshots/org/codehaus/mojo/findbugs-maven-plugin/3.0.5/findbugs-maven-plugin-3.0.5.pom
Downloading: http://sevntu-checkstyle.github.io/sevntu.checkstyle/maven2/org/codehaus/mojo/findbugs-maven-plugin/3.0.5/findbugs-maven-plugin-3.0.5.pom
Downloading: https://repo.maven.apache.org/maven2/org/codehaus/mojo/findbugs-maven-plugin/3.0.5/findbugs-maven-plugin-3.0.5.pom
3/23 KB   5/23 KB   8/23 KB   11/23 KB   14/23 KB   16/23 KB   19/23 KB   21/23 KB   23/23 KB              Downloaded: https://repo.maven.apache.org/maven2/org/codehaus/mojo/findbugs-maven-plugin/3.0.5/findbugs-maven-plugin-3.0.5.pom (23 KB at 361.2 KB/sec)
Downloading: https://oss.sonatype.org/content/repositories/codehaus-snapshots/org/codehaus/mojo/findbugs-maven-plugin/3.0.5/findbugs-maven-plugin-3.0.5.jar
           Downloading: http://sevntu-checkstyle.github.io/sevntu.checkstyle/maven2/org/codehaus/mojo/findbugs-maven-plugin/3.0.5/findbugs-maven-plugin-3.0.5.jar
           Downloading: https://repo.maven.apache.org/maven2/org/codehaus/mojo/findbugs-maven-plugin/3.0.5/findbugs-maven-plugin-3.0.5.jar
3/142 KB   5/142 KB   8/142 KB   11/142 KB   13/142 KB   16/142 KB   19/142 KB   21/142 KB   24/142 KB   27/142 KB   29/142 KB   32/142 KB   36/142 KB   40/142 KB   44/142 KB   48/142 KB   52/142 KB   56/142 KB   60/142 KB   64/142 KB   68/142 KB   72/142 KB   76/142 KB   80/142 KB   84/142 KB   88/142 KB   92/142 KB   96/142 KB   100/142 KB   104/142 KB   108/142 KB   112/142 KB   116/142 KB   120/142 KB   124/142 KB   128/142 KB   132/142 KB   136/142 KB   140/142 KB   142/142 KB                Downloaded: https://repo.maven.apache.org/maven2/org/codehaus/mojo/findbugs-maven-plugin/3.0.5/findbugs-maven-plugin-3.0.5.jar (142 KB at 5673.9 KB/sec)
Downloading: http://repo.maven.apache.org/maven2/junit/junit-dep/maven-metadata.xml
Downloading: https://oss.sonatype.org/content/repositories/releases/junit/junit-dep/maven-metadata.xml
Downloading: https://repository.apache.org/releases/junit/junit-dep/maven-metadata.xml
Downloading: https://repository.apache.org/snapshots/junit/junit-dep/maven-metadata.xml
563/563 B                Downloaded: http://repo.maven.apache.org/maven2/junit/junit-dep/maven-metadata.xml (563 B at 50.0 KB/sec)
Downloading: https://oss.sonatype.org/content/repositories/snapshots/junit/junit-dep/maven-metadata.xml
                                    563/563 B               Downloaded: https://oss.sonatype.org/content/repositories/releases/junit/junit-dep/maven-metadata.xml (563 B at 0.1 KB/sec)
Downloading: http://repo.maven.apache.org/maven2/net/sf/saxon/Saxon-HE/9.8.0-4/Saxon-HE-9.8.0-4.pom
4/4 KB               Downloaded: http://repo.maven.apache.org/maven2/net/sf/saxon/Saxon-HE/9.8.0-4/Saxon-HE-9.8.0-4.pom (4 KB at 297.9 KB/sec)
Downloading: http://repo.maven.apache.org/maven2/net/sf/saxon/Saxon-HE/9.8.0-4/Saxon-HE-9.8.0-4.jar
4/4879 KB   8/4879 KB   11/4879 KB   14/4879 KB   18/4879 KB   20/4879 KB   24/4879 KB   25/4879 KB   29/4879 KB   31/4879 KB   35/4879 KB   38/4879 KB   42/4879 KB   44/4879 KB   48/4879 KB   50/4879 KB   54/4879 KB   54/4879 KB   57/4879 KB   61/4879 KB   64/4879 KB   68/4879 KB   69/4879 KB   73/4879 KB   75/4879 KB   79/4879 KB   83/4879 KB   83/4879 KB   87/4879 KB   88/4879 KB   92/4879 KB   96/4879 KB   96/4879 KB   100/4879 KB   102/4879 KB   106/4879 KB   110/4879 KB   112/4879 KB   116/4879 KB   120/4879 KB   122/4879 KB   124/4879 KB   128/4879 KB   130/4879 KB   134/4879 KB   138/4879 KB   140/4879 KB   144/4879 KB   148/4879 KB   150/4879 KB   154/4879 KB   158/4879 KB   162/4879 KB   163/4879 KB   167/4879 KB   170/4879 KB   174/4879 KB   178/4879 KB   180/4879 KB   182/4879 KB   186/4879 KB   188/4879 KB   192/4879 KB   196/4879 KB   200/4879 KB   201/4879 KB   205/4879 KB   209/4879 KB   209/4879 KB   213/4879 KB   217/4879 KB   221/4879 KB   225/4879 KB   229/4879 KB   233/4879 KB   237/4879 KB   240/4879 KB   242/4879 KB   246/4879 KB   250/4879 KB   254/4879 KB   257/4879 KB   261/4879 KB   265/4879 KB   269/4879 KB   273/4879 KB   274/4879 KB   278/4879 KB   282/4879 KB   286/4879 KB   290/4879 KB   291/4879 KB   295/4879 KB   299/4879 KB   303/4879 KB   305/4879 KB   309/4879 KB   310/4879 KB   314/4879 KB   318/4879 KB   322/4879 KB   326/4879 KB   327/4879 KB   331/4879 KB   335/4879 KB   339/4879 KB   342/4879 KB   346/4879 KB   350/4879 KB   354/4879 KB   358/4879 KB   361/4879 KB   365/4879 KB   369/4879 KB   373/4879 KB   375/4879 KB   379/4879 KB   380/4879 KB   384/4879 KB   388/4879 KB   392/4879 KB   396/4879 KB   400/4879 KB   404/4879 KB   404/4879 KB   408/4879 KB   412/4879 KB   416/4879 KB   420/4879 KB   421/4879 KB   425/4879 KB   429/4879 KB   433/4879 KB   437/4879 KB   441/4879 KB   445/4879 KB   445/4879 KB   449/4879 KB   453/4879 KB   457/4879 KB   461/4879 KB   465/4879 KB   469/4879 KB   473/4879 KB   477/4879 KB   481/4879 KB   485/4879 KB   489/4879 KB   493/4879 KB   497/4879 KB   501/4879 KB   505/4879 KB   509/4879 KB   513/4879 KB   517/4879 KB   521/4879 KB   525/4879 KB   529/4879 KB   533/4879 KB   537/4879 KB   541/4879 KB   545/4879 KB   549/4879 KB   553/4879 KB   557/4879 KB   561/4879 KB   565/4879 KB   569/4879 KB   573/4879 KB   577/4879 KB   581/4879 KB   585/4879 KB   589/4879 KB   593/4879 KB   597/4879 KB   601/4879 KB   605/4879 KB   609/4879 KB   613/4879 KB   617/4879 KB   621/4879 KB   625/4879 KB   629/4879 KB   633/4879 KB   637/4879 KB   641/4879 KB   645/4879 KB   649/4879 KB   653/4879 KB   657/4879 KB   661/4879 KB   665/4879 KB   669/4879 KB   673/4879 KB   677/4879 KB   681/4879 KB   685/4879 KB   689/4879 KB   693/4879 KB   697/4879 KB   701/4879 KB   705/4879 KB   709/4879 KB   713/4879 KB   717/4879 KB   721/4879 KB   725/4879 KB   729/4879 KB   733/4879 KB   737/4879 KB   741/4879 KB   745/4879 KB   749/4879 KB   753/4879 KB   757/4879 KB   761/4879 KB   765/4879 KB   769/4879 KB   773/4879 KB   777/4879 KB   781/4879 KB   785/4879 KB   789/4879 KB   793/4879 KB   797/4879 KB   801/4879 KB   805/4879 KB   809/4879 KB   813/4879 KB   817/4879 KB   821/4879 KB   825/4879 KB   829/4879 KB   833/4879 KB   837/4879 KB   841/4879 KB   845/4879 KB   849/4879 KB   853/4879 KB   857/4879 KB   861/4879 KB   865/4879 KB   869/4879 KB   873/4879 KB   877/4879 KB   881/4879 KB   885/4879 KB   889/4879 KB   893/4879 KB   897/4879 KB   901/4879 KB   905/4879 KB   909/4879 KB   913/4879 KB   917/4879 KB   921/4879 KB   925/4879 KB   929/4879 KB   933/4879 KB   937/4879 KB   941/4879 KB   945/4879 KB   949/4879 KB   953/4879 KB   957/4879 KB   961/4879 KB   965/4879 KB   969/4879 KB   973/4879 KB   977/4879 KB   981/4879 KB   985/4879 KB   989/4879 KB   993/4879 KB   997/4879 KB   1001/4879 KB   1005/4879 KB   1009/4879 KB   1013/4879 KB   1017/4879 KB   1021/4879 KB   1025/4879 KB   1029/4879 KB   1033/4879 KB   1037/4879 KB   1041/4879 KB   1045/4879 KB   1049/4879 KB   1053/4879 KB   1057/4879 KB   1061/4879 KB   1065/4879 KB   1069/4879 KB   1073/4879 KB   1077/4879 KB   1081/4879 KB   1085/4879 KB   1089/4879 KB   1093/4879 KB   1097/4879 KB   1101/4879 KB   1105/4879 KB   1109/4879 KB   1113/4879 KB   1117/4879 KB   1121/4879 KB   1125/4879 KB   1129/4879 KB   1133/4879 KB   1137/4879 KB   1141/4879 KB   1145/4879 KB   1149/4879 KB   1153/4879 KB   1157/4879 KB   1161/4879 KB   1165/4879 KB   1169/4879 KB   1173/4879 KB   1177/4879 KB   1181/4879 KB   1185/4879 KB   1189/4879 KB   1193/4879 KB   1197/4879 KB   1201/4879 KB   1205/4879 KB   1209/4879 KB   1213/4879 KB   1217/4879 KB   1221/4879 KB   1225/4879 KB   1229/4879 KB   1233/4879 KB   1237/4879 KB   1241/4879 KB   1245/4879 KB   1249/4879 KB   1253/4879 KB   1257/4879 KB   1261/4879 KB   1265/4879 KB   1269/4879 KB   1273/4879 KB   1277/4879 KB   1281/4879 KB   1285/4879 KB   1289/4879 KB   1293/4879 KB   1297/4879 KB   1301/4879 KB   1305/4879 KB   1309/4879 KB   1313/4879 KB   1317/4879 KB   1321/4879 KB   1325/4879 KB   1329/4879 KB   1333/4879 KB   1337/4879 KB   1341/4879 KB   1345/4879 KB   1349/4879 KB   1353/4879 KB   1357/4879 KB   1361/4879 KB   1365/4879 KB   1369/4879 KB   1373/4879 KB   1377/4879 KB   1381/4879 KB   1385/4879 KB   1389/4879 KB   1393/4879 KB   1397/4879 KB   1401/4879 KB   1405/4879 KB   1409/4879 KB   1413/4879 KB   1417/4879 KB   1421/4879 KB   1425/4879 KB   1429/4879 KB   1433/4879 KB   1437/4879 KB   1441/4879 KB   1445/4879 KB   1449/4879 KB   1453/4879 KB   1457/4879 KB   1461/4879 KB   1465/4879 KB   1469/4879 KB   1473/4879 KB   1477/4879 KB   1481/4879 KB   1485/4879 KB   1489/4879 KB   1493/4879 KB   1497/4879 KB   1501/4879 KB   1505/4879 KB   1509/4879 KB   1513/4879 KB   1517/4879 KB   1521/4879 KB   1525/4879 KB   1529/4879 KB   1533/4879 KB   1537/4879 KB   1541/4879 KB   1545/4879 KB   1549/4879 KB   1553/4879 KB   1557/4879 KB   1561/4879 KB   1565/4879 KB   1569/4879 KB   1573/4879 KB   1577/4879 KB   1581/4879 KB   1585/4879 KB   1589/4879 KB   1593/4879 KB   1597/4879 KB   1601/4879 KB   1605/4879 KB   1609/4879 KB   1613/4879 KB   1617/4879 KB   1621/4879 KB   1625/4879 KB   1629/4879 KB   1633/4879 KB   1637/4879 KB   1641/4879 KB   1645/4879 KB   1649/4879 KB   1653/4879 KB   1657/4879 KB   1661/4879 KB   1665/4879 KB   1669/4879 KB   1673/4879 KB   1677/4879 KB   1681/4879 KB   1685/4879 KB   1689/4879 KB   1693/4879 KB   1697/4879 KB   1701/4879 KB   1705/4879 KB   1709/4879 KB   1713/4879 KB   1717/4879 KB   1721/4879 KB   1725/4879 KB   1729/4879 KB   1733/4879 KB   1737/4879 KB   1741/4879 KB   1745/4879 KB   1749/4879 KB   1753/4879 KB   1757/4879 KB   1761/4879 KB   1765/4879 KB   1769/4879 KB   1773/4879 KB   1777/4879 KB   1781/4879 KB   1785/4879 KB   1789/4879 KB   1793/4879 KB   1797/4879 KB   1801/4879 KB   1805/4879 KB   1809/4879 KB   1813/4879 KB   1817/4879 KB   1821/4879 KB   1825/4879 KB   1829/4879 KB   1833/4879 KB   1837/4879 KB   1841/4879 KB   1845/4879 KB   1849/4879 KB   1853/4879 KB   1857/4879 KB   1861/4879 KB   1865/4879 KB   1869/4879 KB   1873/4879 KB   1877/4879 KB   1881/4879 KB   1885/4879 KB   1889/4879 KB   1893/4879 KB   1897/4879 KB   1901/4879 KB   1905/4879 KB   1909/4879 KB   1913/4879 KB   1917/4879 KB   1921/4879 KB   1925/4879 KB   1929/4879 KB   1933/4879 KB   1937/4879 KB   1941/4879 KB   1945/4879 KB   1949/4879 KB   1953/4879 KB   1957/4879 KB   1961/4879 KB   1965/4879 KB   1969/4879 KB   1973/4879 KB   1977/4879 KB   1981/4879 KB   1985/4879 KB   1989/4879 KB   1993/4879 KB   1997/4879 KB   2001/4879 KB   2005/4879 KB   2009/4879 KB   2013/4879 KB   2017/4879 KB   2021/4879 KB   2025/4879 KB   2029/4879 KB   2033/4879 KB   2037/4879 KB   2041/4879 KB   2045/4879 KB   2049/4879 KB   2053/4879 KB   2057/4879 KB   2061/4879 KB   2065/4879 KB   2069/4879 KB   2073/4879 KB   2077/4879 KB   2081/4879 KB   2085/4879 KB   2089/4879 KB   2093/4879 KB   2097/4879 KB   2101/4879 KB   2105/4879 KB   2109/4879 KB   2113/4879 KB   2117/4879 KB   2121/4879 KB   2125/4879 KB   2129/4879 KB   2133/4879 KB   2137/4879 KB   2141/4879 KB   2145/4879 KB   2149/4879 KB   2153/4879 KB   2157/4879 KB   2161/4879 KB   2165/4879 KB   2169/4879 KB   2173/4879 KB   2177/4879 KB   2181/4879 KB   2185/4879 KB   2189/4879 KB   2193/4879 KB   2197/4879 KB   2201/4879 KB   2205/4879 KB   2209/4879 KB   2213/4879 KB   2217/4879 KB   2221/4879 KB   2225/4879 KB   2229/4879 KB   2233/4879 KB   2237/4879 KB   2241/4879 KB   2245/4879 KB   2249/4879 KB   2253/4879 KB   2257/4879 KB   2261/4879 KB   2265/4879 KB   2269/4879 KB   2273/4879 KB   2277/4879 KB   2281/4879 KB   2285/4879 KB   2289/4879 KB   2293/4879 KB   2297/4879 KB   2301/4879 KB   2305/4879 KB   2309/4879 KB   2313/4879 KB   2317/4879 KB   2321/4879 KB   2325/4879 KB   2329/4879 KB   2333/4879 KB   2337/4879 KB   2341/4879 KB   2345/4879 KB   2349/4879 KB   2353/4879 KB   2357/4879 KB   2361/4879 KB   2365/4879 KB   2369/4879 KB   2373/4879 KB   2377/4879 KB   2381/4879 KB   2385/4879 KB   2389/4879 KB   2393/4879 KB   2397/4879 KB   2401/4879 KB   2405/4879 KB   2409/4879 KB   2413/4879 KB   2417/4879 KB   2421/4879 KB   2425/4879 KB   2429/4879 KB   2433/4879 KB   2437/4879 KB   2441/4879 KB   2445/4879 KB   2449/4879 KB   2453/4879 KB   2457/4879 KB   2461/4879 KB   2465/4879 KB   2469/4879 KB   2473/4879 KB   2477/4879 KB   2481/4879 KB   2485/4879 KB   2489/4879 KB   2493/4879 KB   2497/4879 KB   2501/4879 KB   2505/4879 KB   2509/4879 KB   2513/4879 KB   2517/4879 KB   2521/4879 KB   2525/4879 KB   2529/4879 KB   2533/4879 KB   2537/4879 KB   2541/4879 KB   2545/4879 KB   2549/4879 KB   2553/4879 KB   2557/4879 KB   2561/4879 KB   2565/4879 KB   2569/4879 KB   2573/4879 KB   2577/4879 KB   2581/4879 KB   2585/4879 KB   2589/4879 KB   2593/4879 KB   2597/4879 KB   2601/4879 KB   2605/4879 KB   2609/4879 KB   2613/4879 KB   2617/4879 KB   2621/4879 KB   2625/4879 KB   2629/4879 KB   2633/4879 KB   2637/4879 KB   2641/4879 KB   2645/4879 KB   2649/4879 KB   2653/4879 KB   2657/4879 KB   2661/4879 KB   2665/4879 KB   2669/4879 KB   2673/4879 KB   2677/4879 KB   2681/4879 KB   2685/4879 KB   2689/4879 KB   2693/4879 KB   2697/4879 KB   2701/4879 KB   2705/4879 KB   2709/4879 KB   2713/4879 KB   2717/4879 KB   2721/4879 KB   2725/4879 KB   2729/4879 KB   2733/4879 KB   2737/4879 KB   2741/4879 KB   2745/4879 KB   2749/4879 KB   2753/4879 KB   2757/4879 KB   2761/4879 KB   2765/4879 KB   2769/4879 KB   2773/4879 KB   2777/4879 KB   2781/4879 KB   2785/4879 KB   2789/4879 KB   2793/4879 KB   2797/4879 KB   2801/4879 KB   2805/4879 KB   2809/4879 KB   2813/4879 KB   2817/4879 KB   2821/4879 KB   2825/4879 KB   2829/4879 KB   2833/4879 KB   2837/4879 KB   2841/4879 KB   2845/4879 KB   2849/4879 KB   2853/4879 KB   2857/4879 KB   2861/4879 KB   2865/4879 KB   2869/4879 KB   2873/4879 KB   2877/4879 KB   2881/4879 KB   2885/4879 KB   2889/4879 KB   2893/4879 KB   2897/4879 KB   2901/4879 KB   2905/4879 KB   2909/4879 KB   2913/4879 KB   2917/4879 KB   2921/4879 KB   2925/4879 KB   2929/4879 KB   2933/4879 KB   2937/4879 KB   2941/4879 KB   2945/4879 KB   2949/4879 KB   2953/4879 KB   2957/4879 KB   2961/4879 KB   2965/4879 KB   2969/4879 KB   2973/4879 KB   2977/4879 KB   2981/4879 KB   2985/4879 KB   2989/4879 KB   2993/4879 KB   2997/4879 KB   3001/4879 KB   3005/4879 KB   3009/4879 KB   3013/4879 KB   3017/4879 KB   3021/4879 KB   3025/4879 KB   3029/4879 KB   3033/4879 KB   3037/4879 KB   3041/4879 KB   3045/4879 KB   3049/4879 KB   3053/4879 KB   3057/4879 KB   3061/4879 KB   3065/4879 KB   3069/4879 KB   3073/4879 KB   3077/4879 KB   3081/4879 KB   3085/4879 KB   3089/4879 KB   3093/4879 KB   3097/4879 KB   3101/4879 KB   3105/4879 KB   3109/4879 KB   3113/4879 KB   3117/4879 KB   3121/4879 KB   3125/4879 KB   3129/4879 KB   3133/4879 KB   3137/4879 KB   3141/4879 KB   3145/4879 KB   3149/4879 KB   3153/4879 KB   3157/4879 KB   3161/4879 KB   3165/4879 KB   3169/4879 KB   3173/4879 KB   3177/4879 KB   3181/4879 KB   3185/4879 KB   3189/4879 KB   3193/4879 KB   3197/4879 KB   3201/4879 KB   3205/4879 KB   3209/4879 KB   3213/4879 KB   3217/4879 KB   3221/4879 KB   3225/4879 KB   3229/4879 KB   3233/4879 KB   3237/4879 KB   3241/4879 KB   3245/4879 KB   3249/4879 KB   3253/4879 KB   3257/4879 KB   3261/4879 KB   3265/4879 KB   3269/4879 KB   3273/4879 KB   3277/4879 KB   3281/4879 KB   3285/4879 KB   3289/4879 KB   3293/4879 KB   3297/4879 KB   3301/4879 KB   3305/4879 KB   3309/4879 KB   3313/4879 KB   3317/4879 KB   3321/4879 KB   3325/4879 KB   3329/4879 KB   3333/4879 KB   3337/4879 KB   3341/4879 KB   3345/4879 KB   3349/4879 KB   3353/4879 KB   3357/4879 KB   3361/4879 KB   3365/4879 KB   3369/4879 KB   3373/4879 KB   3377/4879 KB   3381/4879 KB   3385/4879 KB   3389/4879 KB   3393/4879 KB   3397/4879 KB   3401/4879 KB   3405/4879 KB   3409/4879 KB   3413/4879 KB   3417/4879 KB   3421/4879 KB   3425/4879 KB   3429/4879 KB   3433/4879 KB   3437/4879 KB   3441/4879 KB   3445/4879 KB   3449/4879 KB   3453/4879 KB   3457/4879 KB   3461/4879 KB   3465/4879 KB   3469/4879 KB   3473/4879 KB   3477/4879 KB   3481/4879 KB   3485/4879 KB   3489/4879 KB   3493/4879 KB   3497/4879 KB   3501/4879 KB   3505/4879 KB   3509/4879 KB   3513/4879 KB   3517/4879 KB   3521/4879 KB   3525/4879 KB   3529/4879 KB   3533/4879 KB   3537/4879 KB   3541/4879 KB   3545/4879 KB   3549/4879 KB   3553/4879 KB   3557/4879 KB   3561/4879 KB   3565/4879 KB   3569/4879 KB   3573/4879 KB   3577/4879 KB   3581/4879 KB   3585/4879 KB   3589/4879 KB   3593/4879 KB   3597/4879 KB   3601/4879 KB   3605/4879 KB   3609/4879 KB   3613/4879 KB   3617/4879 KB   3621/4879 KB   3625/4879 KB   3629/4879 KB   3633/4879 KB   3637/4879 KB   3641/4879 KB   3645/4879 KB   3649/4879 KB   3653/4879 KB   3657/4879 KB   3661/4879 KB   3665/4879 KB   3669/4879 KB   3673/4879 KB   3677/4879 KB   3681/4879 KB   3685/4879 KB   3689/4879 KB   3693/4879 KB   3697/4879 KB   3701/4879 KB   3705/4879 KB   3709/4879 KB   3713/4879 KB   3717/4879 KB   3721/4879 KB   3725/4879 KB   3729/4879 KB   3733/4879 KB   3737/4879 KB   3741/4879 KB   3745/4879 KB   3749/4879 KB   3753/4879 KB   3757/4879 KB   3761/4879 KB   3765/4879 KB   3769/4879 KB   3773/4879 KB   3777/4879 KB   3781/4879 KB   3785/4879 KB   3789/4879 KB   3793/4879 KB   3797/4879 KB   3801/4879 KB   3805/4879 KB   3809/4879 KB   3813/4879 KB   3817/4879 KB   3821/4879 KB   3825/4879 KB   3829/4879 KB   3833/4879 KB   3837/4879 KB   3841/4879 KB   3845/4879 KB   3849/4879 KB   3853/4879 KB   3857/4879 KB   3861/4879 KB   3865/4879 KB   3869/4879 KB   3873/4879 KB   3877/4879 KB   3881/4879 KB   3885/4879 KB   3889/4879 KB   3893/4879 KB   3897/4879 KB   3901/4879 KB   3905/4879 KB   3909/4879 KB   3913/4879 KB   3917/4879 KB   3921/4879 KB   3925/4879 KB   3929/4879 KB   3933/4879 KB   3937/4879 KB   3941/4879 KB   3945/4879 KB   3949/4879 KB   3953/4879 KB   3957/4879 KB   3961/4879 KB   3965/4879 KB   3969/4879 KB   3973/4879 KB   3977/4879 KB   3981/4879 KB   3985/4879 KB   3989/4879 KB   3993/4879 KB   3997/4879 KB   4001/4879 KB   4005/4879 KB   4009/4879 KB   4013/4879 KB   4017/4879 KB   4021/4879 KB   4025/4879 KB   4029/4879 KB   4033/4879 KB   4037/4879 KB   4041/4879 KB   4045/4879 KB   4049/4879 KB   4053/4879 KB   4057/4879 KB   4061/4879 KB   4065/4879 KB   4069/4879 KB   4073/4879 KB   4077/4879 KB   4081/4879 KB   4085/4879 KB   4089/4879 KB   4093/4879 KB   4097/4879 KB   4101/4879 KB   4105/4879 KB   4109/4879 KB   4113/4879 KB   4117/4879 KB   4121/4879 KB   4125/4879 KB   4129/4879 KB   4133/4879 KB   4137/4879 KB   4141/4879 KB   4145/4879 KB   4149/4879 KB   4153/4879 KB   4157/4879 KB   4161/4879 KB   4165/4879 KB   4169/4879 KB   4173/4879 KB   4177/4879 KB   4181/4879 KB   4185/4879 KB   4189/4879 KB   4193/4879 KB   4197/4879 KB   4201/4879 KB   4205/4879 KB   4209/4879 KB   4213/4879 KB   4217/4879 KB   4221/4879 KB   4225/4879 KB   4229/4879 KB   4233/4879 KB   4237/4879 KB   4241/4879 KB   4245/4879 KB   4249/4879 KB   4253/4879 KB   4257/4879 KB   4261/4879 KB   4265/4879 KB   4269/4879 KB   4273/4879 KB   4277/4879 KB   4281/4879 KB   4285/4879 KB   4289/4879 KB   4293/4879 KB   4297/4879 KB   4301/4879 KB   4305/4879 KB   4309/4879 KB   4313/4879 KB   4317/4879 KB   4321/4879 KB   4325/4879 KB   4329/4879 KB   4333/4879 KB   4337/4879 KB   4341/4879 KB   4345/4879 KB   4349/4879 KB   4353/4879 KB   4357/4879 KB   4361/4879 KB   4365/4879 KB   4369/4879 KB   4373/4879 KB   4377/4879 KB   4381/4879 KB   4385/4879 KB   4389/4879 KB   4393/4879 KB   4397/4879 KB   4401/4879 KB   4405/4879 KB   4409/4879 KB   4413/4879 KB   4417/4879 KB   4421/4879 KB   4425/4879 KB   4429/4879 KB   4433/4879 KB   4437/4879 KB   4441/4879 KB   4445/4879 KB   4449/4879 KB   4453/4879 KB   4457/4879 KB   4461/4879 KB   4465/4879 KB   4469/4879 KB   4473/4879 KB   4477/4879 KB   4481/4879 KB   4485/4879 KB   4489/4879 KB   4493/4879 KB   4497/4879 KB   4501/4879 KB   4505/4879 KB   4509/4879 KB   4513/4879 KB   4517/4879 KB   4521/4879 KB   4525/4879 KB   4529/4879 KB   4533/4879 KB   4537/4879 KB   4541/4879 KB   4545/4879 KB   4549/4879 KB   4553/4879 KB   4557/4879 KB   4561/4879 KB   4565/4879 KB   4569/4879 KB   4573/4879 KB   4577/4879 KB   4581/4879 KB   4585/4879 KB   4589/4879 KB   4593/4879 KB   4597/4879 KB   4601/4879 KB   4605/4879 KB   4609/4879 KB   4613/4879 KB   4617/4879 KB   4621/4879 KB   4625/4879 KB   4629/4879 KB   4633/4879 KB   4637/4879 KB   4641/4879 KB   4645/4879 KB   4649/4879 KB   4653/4879 KB   4657/4879 KB   4661/4879 KB   4665/4879 KB   4669/4879 KB   4673/4879 KB   4677/4879 KB   4681/4879 KB   4685/4879 KB   4689/4879 KB   4693/4879 KB   4697/4879 KB   4701/4879 KB   4705/4879 KB   4709/4879 KB   4713/4879 KB   4717/4879 KB   4721/4879 KB   4725/4879 KB   4729/4879 KB   4733/4879 KB   4737/4879 KB   4741/4879 KB   4745/4879 KB   4749/4879 KB   4753/4879 KB   4757/4879 KB   4761/4879 KB   4765/4879 KB   4769/4879 KB   4773/4879 KB   4777/4879 KB   4781/4879 KB   4785/4879 KB   4789/4879 KB   4793/4879 KB   4797/4879 KB   4801/4879 KB   4805/4879 KB   4809/4879 KB   4813/4879 KB   4817/4879 KB   4821/4879 KB   4825/4879 KB   4829/4879 KB   4833/4879 KB   4837/4879 KB   4841/4879 KB   4845/4879 KB   4849/4879 KB   4853/4879 KB   4857/4879 KB   4861/4879 KB   4865/4879 KB   4869/4879 KB   4873/4879 KB   4877/4879 KB   4879/4879 KB                  Downloaded: http://repo.maven.apache.org/maven2/net/sf/saxon/Saxon-HE/9.8.0-4/Saxon-HE-9.8.0-4.jar (4879 KB at 36408.1 KB/sec)
[INFO] 
[INFO] --- maven-clean-plugin:3.0.0:clean (default-clean) @ checkstyle ---
[INFO] 
[INFO] --- maven-enforcer-plugin:1.4.1:enforce (enforce-maven) @ checkstyle ---
[INFO] 
[INFO] --- maven-enforcer-plugin:1.4.1:enforce (enforce-versions) @ checkstyle ---
[INFO] 
[INFO] --- antlr-maven-plugin:2.2:generate (default) @ checkstyle ---
[INFO] performing grammar generation [java.g]
ANTLR Parser Generator   Version 2.7.7 (20060906)   1989-2005
/home/travis/build/checkstyle/checkstyle/src/main/resources/com/puppycrawl/tools/checkstyle/grammars/java.g:633:9: warning:nondeterminism between alts 1 and 2 of block upon
/home/travis/build/checkstyle/checkstyle/src/main/resources/com/puppycrawl/tools/checkstyle/grammars/java.g:633:9:     k==1:AT
/home/travis/build/checkstyle/checkstyle/src/main/resources/com/puppycrawl/tools/checkstyle/grammars/java.g:633:9:     k==2:IDENT
/home/travis/build/checkstyle/checkstyle/src/main/resources/com/puppycrawl/tools/checkstyle/grammars/java.g:780:16: warning:nondeterminism between alts 1 and 2 of block upon
/home/travis/build/checkstyle/checkstyle/src/main/resources/com/puppycrawl/tools/checkstyle/grammars/java.g:780:16:     k==1:AT
/home/travis/build/checkstyle/checkstyle/src/main/resources/com/puppycrawl/tools/checkstyle/grammars/java.g:780:16:     k==2:IDENT
/home/travis/build/checkstyle/checkstyle/src/main/resources/com/puppycrawl/tools/checkstyle/grammars/java.g:816:61: warning:nondeterminism between alts 1 and 2 of block upon
/home/travis/build/checkstyle/checkstyle/src/main/resources/com/puppycrawl/tools/checkstyle/grammars/java.g:816:61:     k==1:SEMI
/home/travis/build/checkstyle/checkstyle/src/main/resources/com/puppycrawl/tools/checkstyle/grammars/java.g:816:61:     k==2:"final","abstract","strictfp",SEMI,"void","boolean","byte","char","short","int","float","long","double",IDENT,"private","public","protected","static","transient","native","synchronized","volatile","class","interface",LCURLY,RCURLY,"default",LT,ENUM,AT
/home/travis/build/checkstyle/checkstyle/src/main/resources/com/puppycrawl/tools/checkstyle/grammars/java.g:705:9: warning:nondeterminism between alts 1 and 2 of block upon
/home/travis/build/checkstyle/checkstyle/src/main/resources/com/puppycrawl/tools/checkstyle/grammars/java.g:705:9:     k==1:AT
/home/travis/build/checkstyle/checkstyle/src/main/resources/com/puppycrawl/tools/checkstyle/grammars/java.g:705:9:     k==2:IDENT
/home/travis/build/checkstyle/checkstyle/src/main/resources/com/puppycrawl/tools/checkstyle/grammars/java.g:961: warning:Syntactic predicate superfluous for single alternative
/home/travis/build/checkstyle/checkstyle/src/main/resources/com/puppycrawl/tools/checkstyle/grammars/java.g:987:31: warning:nondeterminism between alts 1 and 2 of block upon
/home/travis/build/checkstyle/checkstyle/src/main/resources/com/puppycrawl/tools/checkstyle/grammars/java.g:987:31:     k==1:IDENT
/home/travis/build/checkstyle/checkstyle/src/main/resources/com/puppycrawl/tools/checkstyle/grammars/java.g:987:31:     k==2:LBRACK,DOT
/home/travis/build/checkstyle/checkstyle/src/main/resources/com/puppycrawl/tools/checkstyle/grammars/java.g:1048:84: warning:nondeterminism between alts 1 and 2 of block upon
/home/travis/build/checkstyle/checkstyle/src/main/resources/com/puppycrawl/tools/checkstyle/grammars/java.g:1048:84:     k==1:SEMI
/home/travis/build/checkstyle/checkstyle/src/main/resources/com/puppycrawl/tools/checkstyle/grammars/java.g:1048:84:     k==2:"final","abstract","strictfp",SEMI,"void","boolean","byte","char","short","int","float","long","double",IDENT,STAR,"private","public","protected","static","transient","native","synchronized","volatile","class",LCURLY,RCURLY,LPAREN,RPAREN,"this","super",COLON,"if","while","do","break","continue","return","switch","throw","for","else","case","default","try",LT,GT,LE,GE,"instanceof",SL,SR,BSR,PLUS,MINUS,DIV,MOD,INC,DEC,BNOT,LNOT,"true","false","null","new",NUM_INT,CHAR_LITERAL,STRING_LITERAL,NUM_FLOAT,NUM_LONG,NUM_DOUBLE,ASSERT,AT
/home/travis/build/checkstyle/checkstyle/src/main/resources/com/puppycrawl/tools/checkstyle/grammars/java.g:1148:9: warning:nondeterminism between alts 1 and 2 of block upon
/home/travis/build/checkstyle/checkstyle/src/main/resources/com/puppycrawl/tools/checkstyle/grammars/java.g:1148:9:     k==1:"default"
/home/travis/build/checkstyle/checkstyle/src/main/resources/com/puppycrawl/tools/checkstyle/grammars/java.g:1148:9:     k==2:"final","abstract","strictfp",SEMI,"void","boolean","byte","char","short","int","float","long","double",IDENT,STAR,"private","public","protected","static","transient","native","synchronized","volatile","class",LCURLY,RCURLY,LPAREN,RPAREN,"this","super",COLON,"if","while","do","break","continue","return","switch","throw","for","case","default","try",LT,GT,LE,GE,"instanceof",SL,SR,BSR,PLUS,MINUS,DIV,MOD,INC,DEC,BNOT,LNOT,"true","false","null","new",NUM_INT,CHAR_LITERAL,STRING_LITERAL,NUM_FLOAT,NUM_LONG,NUM_DOUBLE,ASSERT,AT
/home/travis/build/checkstyle/checkstyle/src/main/resources/com/puppycrawl/tools/checkstyle/grammars/java.g:1356:26: warning:nondeterminism between alts 1 and 2 of block upon
/home/travis/build/checkstyle/checkstyle/src/main/resources/com/puppycrawl/tools/checkstyle/grammars/java.g:1356:26:     k==1:"instanceof"
/home/travis/build/checkstyle/checkstyle/src/main/resources/com/puppycrawl/tools/checkstyle/grammars/java.g:1356:26:     k==2:"void","boolean","byte","char","short","int","float","long","double",IDENT,AT
/home/travis/build/checkstyle/checkstyle/src/main/resources/com/puppycrawl/tools/checkstyle/grammars/java.g:1371: warning:nondeterminism upon
/home/travis/build/checkstyle/checkstyle/src/main/resources/com/puppycrawl/tools/checkstyle/grammars/java.g:1371:     k==1:SL,SR,BSR
/home/travis/build/checkstyle/checkstyle/src/main/resources/com/puppycrawl/tools/checkstyle/grammars/java.g:1371:     k==2:"void","boolean","byte","char","short","int","float","long","double",IDENT,LPAREN,"this","super",PLUS,MINUS,INC,DEC,BNOT,LNOT,"true","false","null","new",NUM_INT,CHAR_LITERAL,STRING_LITERAL,NUM_FLOAT,NUM_LONG,NUM_DOUBLE,AT
/home/travis/build/checkstyle/checkstyle/src/main/resources/com/puppycrawl/tools/checkstyle/grammars/java.g:1371:     between alt 1 and exit branch of block
/home/travis/build/checkstyle/checkstyle/src/main/resources/com/puppycrawl/tools/checkstyle/grammars/java.g:1384: warning:nondeterminism upon
/home/travis/build/checkstyle/checkstyle/src/main/resources/com/puppycrawl/tools/checkstyle/grammars/java.g:1384:     k==1:STAR,DIV,MOD
/home/travis/build/checkstyle/checkstyle/src/main/resources/com/puppycrawl/tools/checkstyle/grammars/java.g:1384:     k==2:"void","boolean","byte","char","short","int","float","long","double",IDENT,LPAREN,"this","super",PLUS,MINUS,INC,DEC,BNOT,LNOT,"true","false","null","new",NUM_INT,CHAR_LITERAL,STRING_LITERAL,NUM_FLOAT,NUM_LONG,NUM_DOUBLE,AT
/home/travis/build/checkstyle/checkstyle/src/main/resources/com/puppycrawl/tools/checkstyle/grammars/java.g:1384:     between alt 1 and exit branch of block
/home/travis/build/checkstyle/checkstyle/src/main/resources/com/puppycrawl/tools/checkstyle/grammars/java.g:1482:9: warning:nondeterminism between alts 1 and 3 of block upon
/home/travis/build/checkstyle/checkstyle/src/main/resources/com/puppycrawl/tools/checkstyle/grammars/java.g:1482:9:     k==1:INC
/home/travis/build/checkstyle/checkstyle/src/main/resources/com/puppycrawl/tools/checkstyle/grammars/java.g:1482:9:     k==2:"final","abstract","strictfp",SEMI,RBRACK,"void","boolean","byte","char","short","int","float","long","double",IDENT,STAR,"private","public","protected","static","transient","native","synchronized","volatile","class","interface",LCURLY,RCURLY,COMMA,LPAREN,RPAREN,"this","super",ASSIGN,COLON,"if","while","do","break","continue","return","switch","throw","for","else","case","default","try",PLUS_ASSIGN,MINUS_ASSIGN,STAR_ASSIGN,DIV_ASSIGN,MOD_ASSIGN,SR_ASSIGN,BSR_ASSIGN,SL_ASSIGN,BAND_ASSIGN,BXOR_ASSIGN,BOR_ASSIGN,QUESTION,LOR,LAND,BOR,BXOR,BAND,NOT_EQUAL,EQUAL,LT,GT,LE,GE,"instanceof",SL,SR,BSR,PLUS,MINUS,DIV,MOD,INC,DEC,BNOT,LNOT,"true","false","null","new",NUM_INT,CHAR_LITERAL,STRING_LITERAL,NUM_FLOAT,NUM_LONG,NUM_DOUBLE,ASSERT,ENUM,AT
/home/travis/build/checkstyle/checkstyle/src/main/resources/com/puppycrawl/tools/checkstyle/grammars/java.g:1482:9: warning:nondeterminism between alts 2 and 3 of block upon
/home/travis/build/checkstyle/checkstyle/src/main/resources/com/puppycrawl/tools/checkstyle/grammars/java.g:1482:9:     k==1:DEC
/home/travis/build/checkstyle/checkstyle/src/main/resources/com/puppycrawl/tools/checkstyle/grammars/java.g:1482:9:     k==2:"final","abstract","strictfp",SEMI,RBRACK,"void","boolean","byte","char","short","int","float","long","double",IDENT,STAR,"private","public","protected","static","transient","native","synchronized","volatile","class","interface",LCURLY,RCURLY,COMMA,LPAREN,RPAREN,"this","super",ASSIGN,COLON,"if","while","do","break","continue","return","switch","throw","for","else","case","default","try",PLUS_ASSIGN,MINUS_ASSIGN,STAR_ASSIGN,DIV_ASSIGN,MOD_ASSIGN,SR_ASSIGN,BSR_ASSIGN,SL_ASSIGN,BAND_ASSIGN,BXOR_ASSIGN,BOR_ASSIGN,QUESTION,LOR,LAND,BOR,BXOR,BAND,NOT_EQUAL,EQUAL,LT,GT,LE,GE,"instanceof",SL,SR,BSR,PLUS,MINUS,DIV,MOD,INC,DEC,BNOT,LNOT,"true","false","null","new",NUM_INT,CHAR_LITERAL,STRING_LITERAL,NUM_FLOAT,NUM_LONG,NUM_DOUBLE,ASSERT,ENUM,AT
/home/travis/build/checkstyle/checkstyle/src/main/resources/com/puppycrawl/tools/checkstyle/grammars/java.g:1562:36: warning:nondeterminism between alts 1 and 2 of block upon
/home/travis/build/checkstyle/checkstyle/src/main/resources/com/puppycrawl/tools/checkstyle/grammars/java.g:1562:36:     k==1:LCURLY
/home/travis/build/checkstyle/checkstyle/src/main/resources/com/puppycrawl/tools/checkstyle/grammars/java.g:1562:36:     k==2:"final","abstract","strictfp",SEMI,"void","boolean","byte","char","short","int","float","long","double",IDENT,"private","public","protected","static","transient","native","synchronized","volatile","class","interface",LCURLY,RCURLY,"default",LT,ENUM,AT
/home/travis/build/checkstyle/checkstyle/src/main/resources/com/puppycrawl/tools/checkstyle/grammars/java.g:1572:33: warning:nondeterminism between alts 1 and 2 of block upon
/home/travis/build/checkstyle/checkstyle/src/main/resources/com/puppycrawl/tools/checkstyle/grammars/java.g:1572:33:     k==1:LCURLY
/home/travis/build/checkstyle/checkstyle/src/main/resources/com/puppycrawl/tools/checkstyle/grammars/java.g:1572:33:     k==2:"void","boolean","byte","char","short","int","float","long","double",IDENT,LCURLY,RCURLY,COMMA,LPAREN,"this","super",PLUS,MINUS,INC,DEC,BNOT,LNOT,"true","false","null","new",NUM_INT,CHAR_LITERAL,STRING_LITERAL,NUM_FLOAT,NUM_LONG,NUM_DOUBLE,AT
/home/travis/build/checkstyle/checkstyle/src/main/resources/com/puppycrawl/tools/checkstyle/grammars/java.g:1615:17: warning:nondeterminism between alts 1 and 2 of block upon
/home/travis/build/checkstyle/checkstyle/src/main/resources/com/puppycrawl/tools/checkstyle/grammars/java.g:1615:17:     k==1:RPAREN
/home/travis/build/checkstyle/checkstyle/src/main/resources/com/puppycrawl/tools/checkstyle/grammars/java.g:1615:17:     k==2:LAMBDA

[INFO] 
[INFO] --- antlr4-maven-plugin:4.7:antlr4 (default) @ checkstyle ---
[INFO] ANTLR 4: Processing source directory /home/travis/build/checkstyle/checkstyle/src/main/resources
[INFO] Processing grammar: com/puppycrawl/tools/checkstyle/grammars/javadoc/JavadocLexer.g4
[INFO] Processing grammar: com/puppycrawl/tools/checkstyle/grammars/javadoc/JavadocParser.g4
[INFO] 
[INFO] --- build-helper-maven-plugin:3.0.0:add-source (add-source) @ checkstyle ---
[INFO] Source directory: /home/travis/build/checkstyle/checkstyle/target/generated-sources/antlr added.
[INFO] 
[INFO] --- maven-resources-plugin:3.0.2:resources (default-resources) @ checkstyle ---
[INFO] Using 'UTF-8' encoding to copy filtered resources.
[INFO] Copying 163 resources
[INFO] Copying 1 resource
[INFO] 
[INFO] --- build-helper-maven-plugin:3.0.0:add-test-source (add-test-source) @ checkstyle ---
[INFO] Test Source directory: /home/travis/build/checkstyle/checkstyle/src/test/resources added.
[INFO] 
[INFO] --- build-helper-maven-plugin:3.0.0:add-test-source (add-it-test-source) @ checkstyle ---
[INFO] Test Source directory: /home/travis/build/checkstyle/checkstyle/src/it/java added.
[INFO] 
[INFO] --- build-helper-maven-plugin:3.0.0:add-test-source (add-it-test-resource) @ checkstyle ---
[INFO] Test Source directory: /home/travis/build/checkstyle/checkstyle/src/it/resources added.
[INFO] 
[INFO] --- maven-compiler-plugin:3.6.2:compile (default-compile) @ checkstyle ---
[INFO] Changes detected - recompiling the module!
[INFO] Compiling 355 source files to /home/travis/build/checkstyle/checkstyle/target/classes
[INFO] /home/travis/build/checkstyle/checkstyle/src/main/java/com/puppycrawl/tools/checkstyle/JavadocDetailNodeParser.java: /home/travis/build/checkstyle/checkstyle/src/main/java/com/puppycrawl/tools/checkstyle/JavadocDetailNodeParser.java uses or overrides a deprecated API.
[INFO] /home/travis/build/checkstyle/checkstyle/src/main/java/com/puppycrawl/tools/checkstyle/JavadocDetailNodeParser.java: Recompile with -Xlint:deprecation for details.
[INFO] /home/travis/build/checkstyle/checkstyle/src/main/java/com/puppycrawl/tools/checkstyle/api/AutomaticBean.java: Some input files use unchecked or unsafe operations.
[INFO] /home/travis/build/checkstyle/checkstyle/src/main/java/com/puppycrawl/tools/checkstyle/api/AutomaticBean.java: Recompile with -Xlint:unchecked for details.
[INFO] 
[INFO] --- maven-antrun-plugin:1.8:run (ant-phase-compile) @ checkstyle ---
[INFO] Executing tasks

main:

execute:
[propertyfile] Creating new property file: /home/travis/build/checkstyle/checkstyle/target/classes/checkstylecompilation.properties
  [javadoc] Generating Javadoc
  [javadoc] Javadoc execution
  [javadoc] Loading source file /home/travis/build/checkstyle/checkstyle/src/main/java/com/puppycrawl/tools/checkstyle/api/TokenTypes.java...
  [javadoc] Constructing Javadoc information...
[INFO] Executed tasks
[INFO] 
[INFO] --- maven-resources-plugin:3.0.2:testResources (default-testResources) @ checkstyle ---
[INFO] Using 'UTF-8' encoding to copy filtered resources.
[INFO] Copying 1046 resources
[INFO] 
[INFO] --- maven-compiler-plugin:3.6.2:testCompile (default-testCompile) @ checkstyle ---
[INFO] Changes detected - recompiling the module!
[INFO] Compiling 1267 source files to /home/travis/build/checkstyle/checkstyle/target/test-classes
[WARNING] /home/travis/build/checkstyle/checkstyle/src/test/java/com/puppycrawl/tools/checkstyle/api/AbstractLoaderTest.java:[36,47] com.sun.org.apache.xerces.internal.impl.Constants is internal proprietary API and may be removed in a future release
[WARNING] /home/travis/build/checkstyle/checkstyle/src/test/java/com/puppycrawl/tools/checkstyle/api/AbstractLoaderTest.java:[41,13] com.sun.org.apache.xerces.internal.impl.Constants is internal proprietary API and may be removed in a future release
[WARNING] /home/travis/build/checkstyle/checkstyle/src/test/java/com/puppycrawl/tools/checkstyle/api/AbstractLoaderTest.java:[41,44] com.sun.org.apache.xerces.internal.impl.Constants is internal proprietary API and may be removed in a future release
[INFO] /home/travis/build/checkstyle/checkstyle/src/test/java/com/puppycrawl/tools/checkstyle/BriefUtLogger.java: Some input files use or override a deprecated API.
[INFO] /home/travis/build/checkstyle/checkstyle/src/test/java/com/puppycrawl/tools/checkstyle/BriefUtLogger.java: Recompile with -Xlint:deprecation for details.
[INFO] /home/travis/build/checkstyle/checkstyle/src/test/resources/com/puppycrawl/tools/checkstyle/utils/checkutils/InputCheckUtilsTest.java: /home/travis/build/checkstyle/checkstyle/src/test/resources/com/puppycrawl/tools/checkstyle/utils/checkutils/InputCheckUtilsTest.java uses unchecked or unsafe operations.
[INFO] /home/travis/build/checkstyle/checkstyle/src/test/resources/com/puppycrawl/tools/checkstyle/utils/checkutils/InputCheckUtilsTest.java: Recompile with -Xlint:unchecked for details.
[INFO] 
[INFO] --- maven-surefire-plugin:2.20:test (default-test) @ checkstyle ---
[INFO] 
[INFO] -------------------------------------------------------
[INFO]  T E S T S
[INFO] -------------------------------------------------------
[INFO] Running com.puppycrawl.tools.checkstyle.ant.CheckstyleAntTaskTest
[INFO] Tests run: 39, Failures: 0, Errors: 0, Skipped: 0, Time elapsed: 2.672 s - in com.puppycrawl.tools.checkstyle.ant.CheckstyleAntTaskTest
[INFO] Running com.puppycrawl.tools.checkstyle.api.LineColumnTest
[INFO] Tests run: 5, Failures: 0, Errors: 0, Skipped: 0, Time elapsed: 0.339 s - in com.puppycrawl.tools.checkstyle.api.LineColumnTest
[INFO] Running com.puppycrawl.tools.checkstyle.api.TokenTypesTest
[INFO] Tests run: 2, Failures: 0, Errors: 0, Skipped: 0, Time elapsed: 0.005 s - in com.puppycrawl.tools.checkstyle.api.TokenTypesTest
[INFO] Running com.puppycrawl.tools.checkstyle.api.AbstractFileSetCheckTest
[INFO] Tests run: 4, Failures: 0, Errors: 0, Skipped: 0, Time elapsed: 0.01 s - in com.puppycrawl.tools.checkstyle.api.AbstractFileSetCheckTest
[INFO] Running com.puppycrawl.tools.checkstyle.api.AbstractCheckTest
[INFO] Tests run: 8, Failures: 0, Errors: 0, Skipped: 0, Time elapsed: 0.209 s - in com.puppycrawl.tools.checkstyle.api.AbstractCheckTest
[INFO] Running com.puppycrawl.tools.checkstyle.api.DetailASTTest
[INFO] Tests run: 9, Failures: 0, Errors: 0, Skipped: 0, Time elapsed: 6.633 s - in com.puppycrawl.tools.checkstyle.api.DetailASTTest
[INFO] Running com.puppycrawl.tools.checkstyle.api.AbstractViolationReporterTest
[INFO] Tests run: 6, Failures: 0, Errors: 0, Skipped: 0, Time elapsed: 0.002 s - in com.puppycrawl.tools.checkstyle.api.AbstractViolationReporterTest
[INFO] Running com.puppycrawl.tools.checkstyle.api.ScopeTest
[INFO] Tests run: 10, Failures: 0, Errors: 0, Skipped: 0, Time elapsed: 0.005 s - in com.puppycrawl.tools.checkstyle.api.ScopeTest
[INFO] Running com.puppycrawl.tools.checkstyle.api.LocalizedMessageTest
[INFO] Tests run: 14, Failures: 0, Errors: 0, Skipped: 0, Time elapsed: 0.256 s - in com.puppycrawl.tools.checkstyle.api.LocalizedMessageTest
[INFO] Running com.puppycrawl.tools.checkstyle.api.FileContentsTest
[INFO] Tests run: 11, Failures: 0, Errors: 0, Skipped: 0, Time elapsed: 0.002 s - in com.puppycrawl.tools.checkstyle.api.FileContentsTest
[INFO] Running com.puppycrawl.tools.checkstyle.api.JavadocTokenTypesTest
[INFO] Tests run: 1, Failures: 0, Errors: 0, Skipped: 0, Time elapsed: 0 s - in com.puppycrawl.tools.checkstyle.api.JavadocTokenTypesTest
[INFO] Running com.puppycrawl.tools.checkstyle.api.FullIdentTest
[INFO] Tests run: 3, Failures: 0, Errors: 0, Skipped: 0, Time elapsed: 0 s - in com.puppycrawl.tools.checkstyle.api.FullIdentTest
[INFO] Running com.puppycrawl.tools.checkstyle.api.AutomaticBeanTest
[INFO] Tests run: 8, Failures: 0, Errors: 0, Skipped: 0, Time elapsed: 0.007 s - in com.puppycrawl.tools.checkstyle.api.AutomaticBeanTest
[INFO] Running com.puppycrawl.tools.checkstyle.api.SeverityLevelTest
[INFO] Tests run: 4, Failures: 0, Errors: 0, Skipped: 0, Time elapsed: 0 s - in com.puppycrawl.tools.checkstyle.api.SeverityLevelTest
[INFO] Running com.puppycrawl.tools.checkstyle.api.AbstractLoaderTest
[INFO] Tests run: 2, Failures: 0, Errors: 0, Skipped: 0, Time elapsed: 0.002 s - in com.puppycrawl.tools.checkstyle.api.AbstractLoaderTest
[INFO] Running com.puppycrawl.tools.checkstyle.api.SeverityLevelCounterTest
[INFO] Tests run: 3, Failures: 0, Errors: 0, Skipped: 0, Time elapsed: 0 s - in com.puppycrawl.tools.checkstyle.api.SeverityLevelCounterTest
[INFO] Running com.puppycrawl.tools.checkstyle.api.FileTextTest
[INFO] Tests run: 5, Failures: 0, Errors: 0, Skipped: 0, Time elapsed: 0.226 s - in com.puppycrawl.tools.checkstyle.api.FileTextTest
[INFO] Running com.puppycrawl.tools.checkstyle.checks.annotation.SuppressWarningsCheckTest
[INFO] Tests run: 24, Failures: 0, Errors: 0, Skipped: 0, Time elapsed: 0.19 s - in com.puppycrawl.tools.checkstyle.checks.annotation.SuppressWarningsCheckTest
[INFO] Running com.puppycrawl.tools.checkstyle.checks.annotation.AnnotationLocationCheckTest
[INFO] Tests run: 9, Failures: 0, Errors: 0, Skipped: 0, Time elapsed: 0.038 s - in com.puppycrawl.tools.checkstyle.checks.annotation.AnnotationLocationCheckTest
[INFO] Running com.puppycrawl.tools.checkstyle.checks.annotation.MissingDeprecatedCheckTest
[INFO] Tests run: 8, Failures: 0, Errors: 0, Skipped: 0, Time elapsed: 0.033 s - in com.puppycrawl.tools.checkstyle.checks.annotation.MissingDeprecatedCheckTest
[INFO] Running com.puppycrawl.tools.checkstyle.checks.annotation.MissingOverrideCheckTest
[INFO] Tests run: 14, Failures: 0, Errors: 0, Skipped: 0, Time elapsed: 0.049 s - in com.puppycrawl.tools.checkstyle.checks.annotation.MissingOverrideCheckTest
[INFO] Running com.puppycrawl.tools.checkstyle.checks.annotation.PackageAnnotationCheckTest
[INFO] Tests run: 4, Failures: 0, Errors: 0, Skipped: 0, Time elapsed: 0.008 s - in com.puppycrawl.tools.checkstyle.checks.annotation.PackageAnnotationCheckTest
[INFO] Running com.puppycrawl.tools.checkstyle.checks.annotation.AnnotationUseStyleCheckTest
[INFO] Tests run: 17, Failures: 0, Errors: 0, Skipped: 0, Time elapsed: 0.069 s - in com.puppycrawl.tools.checkstyle.checks.annotation.AnnotationUseStyleCheckTest
[INFO] Running com.puppycrawl.tools.checkstyle.checks.blocks.LeftCurlyCheckTest
[INFO] Tests run: 21, Failures: 0, Errors: 0, Skipped: 0, Time elapsed: 0.075 s - in com.puppycrawl.tools.checkstyle.checks.blocks.LeftCurlyCheckTest
[INFO] Running com.puppycrawl.tools.checkstyle.checks.blocks.RightCurlyCheckTest
[INFO] Tests run: 24, Failures: 0, Errors: 0, Skipped: 0, Time elapsed: 0.111 s - in com.puppycrawl.tools.checkstyle.checks.blocks.RightCurlyCheckTest
[INFO] Running com.puppycrawl.tools.checkstyle.checks.blocks.EmptyCatchBlockCheckTest
[INFO] Tests run: 4, Failures: 0, Errors: 0, Skipped: 0, Time elapsed: 0.017 s - in com.puppycrawl.tools.checkstyle.checks.blocks.EmptyCatchBlockCheckTest
[INFO] Running com.puppycrawl.tools.checkstyle.checks.blocks.AvoidNestedBlocksCheckTest
[INFO] Tests run: 4, Failures: 0, Errors: 0, Skipped: 0, Time elapsed: 0.008 s - in com.puppycrawl.tools.checkstyle.checks.blocks.AvoidNestedBlocksCheckTest
[INFO] Running com.puppycrawl.tools.checkstyle.checks.blocks.EmptyBlockCheckTest
[INFO] Tests run: 12, Failures: 0, Errors: 0, Skipped: 0, Time elapsed: 0.041 s - in com.puppycrawl.tools.checkstyle.checks.blocks.EmptyBlockCheckTest
[INFO] Running com.puppycrawl.tools.checkstyle.checks.blocks.NeedBracesCheckTest
[INFO] Tests run: 10, Failures: 0, Errors: 0, Skipped: 0, Time elapsed: 0.087 s - in com.puppycrawl.tools.checkstyle.checks.blocks.NeedBracesCheckTest
[INFO] Running com.puppycrawl.tools.checkstyle.checks.coding.FinalLocalVariableCheckTest
[INFO] Tests run: 17, Failures: 0, Errors: 0, Skipped: 0, Time elapsed: 0.112 s - in com.puppycrawl.tools.checkstyle.checks.coding.FinalLocalVariableCheckTest
[INFO] Running com.puppycrawl.tools.checkstyle.checks.coding.OverloadMethodsDeclarationOrderCheckTest
[INFO] Tests run: 2, Failures: 0, Errors: 0, Skipped: 0, Time elapsed: 0.004 s - in com.puppycrawl.tools.checkstyle.checks.coding.OverloadMethodsDeclarationOrderCheckTest
[INFO] Running com.puppycrawl.tools.checkstyle.checks.coding.AvoidInlineConditionalsCheckTest
[INFO] Tests run: 2, Failures: 0, Errors: 0, Skipped: 0, Time elapsed: 0.003 s - in com.puppycrawl.tools.checkstyle.checks.coding.AvoidInlineConditionalsCheckTest
[INFO] Running com.puppycrawl.tools.checkstyle.checks.coding.UnnecessaryParenthesesCheckTest
[INFO] Tests run: 4, Failures: 0, Errors: 0, Skipped: 0, Time elapsed: 0.019 s - in com.puppycrawl.tools.checkstyle.checks.coding.UnnecessaryParenthesesCheckTest
[INFO] Running com.puppycrawl.tools.checkstyle.checks.coding.NoFinalizerCheckTest
[INFO] Tests run: 2, Failures: 0, Errors: 0, Skipped: 0, Time elapsed: 0.013 s - in com.puppycrawl.tools.checkstyle.checks.coding.NoFinalizerCheckTest
[INFO] Running com.puppycrawl.tools.checkstyle.checks.coding.MultipleVariableDeclarationsCheckTest
[INFO] Tests run: 2, Failures: 0, Errors: 0, Skipped: 0, Time elapsed: 0.005 s - in com.puppycrawl.tools.checkstyle.checks.coding.MultipleVariableDeclarationsCheckTest
[INFO] Running com.puppycrawl.tools.checkstyle.checks.coding.SimplifyBooleanReturnCheckTest
[INFO] Tests run: 2, Failures: 0, Errors: 0, Skipped: 0, Time elapsed: 0.004 s - in com.puppycrawl.tools.checkstyle.checks.coding.SimplifyBooleanReturnCheckTest
[INFO] Running com.puppycrawl.tools.checkstyle.checks.coding.NestedForDepthCheckTest
[INFO] Tests run: 3, Failures: 0, Errors: 0, Skipped: 0, Time elapsed: 0.008 s - in com.puppycrawl.tools.checkstyle.checks.coding.NestedForDepthCheckTest
[INFO] Running com.puppycrawl.tools.checkstyle.checks.coding.PackageDeclarationCheckTest
[INFO] Tests run: 10, Failures: 0, Errors: 0, Skipped: 0, Time elapsed: 0.022 s - in com.puppycrawl.tools.checkstyle.checks.coding.PackageDeclarationCheckTest
[INFO] Running com.puppycrawl.tools.checkstyle.checks.coding.MagicNumberCheckTest
[INFO] Tests run: 8, Failures: 0, Errors: 0, Skipped: 0, Time elapsed: 0.067 s - in com.puppycrawl.tools.checkstyle.checks.coding.MagicNumberCheckTest
[INFO] Running com.puppycrawl.tools.checkstyle.checks.coding.ReturnCountCheckTest
[INFO] Tests run: 8, Failures: 0, Errors: 0, Skipped: 0, Time elapsed: 0.025 s - in com.puppycrawl.tools.checkstyle.checks.coding.ReturnCountCheckTest
[INFO] Running com.puppycrawl.tools.checkstyle.checks.coding.HiddenFieldCheckTest
[INFO] Tests run: 11, Failures: 0, Errors: 0, Skipped: 0, Time elapsed: 0.055 s - in com.puppycrawl.tools.checkstyle.checks.coding.HiddenFieldCheckTest
[INFO] Running com.puppycrawl.tools.checkstyle.checks.coding.DeclarationOrderCheckTest
[INFO] Tests run: 8, Failures: 0, Errors: 0, Skipped: 0, Time elapsed: 0.02 s - in com.puppycrawl.tools.checkstyle.checks.coding.DeclarationOrderCheckTest
[INFO] Running com.puppycrawl.tools.checkstyle.checks.coding.SimplifyBooleanExpressionCheckTest
[INFO] Tests run: 2, Failures: 0, Errors: 0, Skipped: 0, Time elapsed: 0.003 s - in com.puppycrawl.tools.checkstyle.checks.coding.SimplifyBooleanExpressionCheckTest
[INFO] Running com.puppycrawl.tools.checkstyle.checks.coding.DefaultComesLastCheckTest
[INFO] Tests run: 4, Failures: 0, Errors: 0, Skipped: 0, Time elapsed: 0.01 s - in com.puppycrawl.tools.checkstyle.checks.coding.DefaultComesLastCheckTest
[INFO] Running com.puppycrawl.tools.checkstyle.checks.coding.EmptyStatementCheckTest
[INFO] Tests run: 2, Failures: 0, Errors: 0, Skipped: 0, Time elapsed: 0.004 s - in com.puppycrawl.tools.checkstyle.checks.coding.EmptyStatementCheckTest
[INFO] Running com.puppycrawl.tools.checkstyle.checks.coding.ExplicitInitializationCheckTest
[INFO] Tests run: 3, Failures: 0, Errors: 0, Skipped: 0, Time elapsed: 0.009 s - in com.puppycrawl.tools.checkstyle.checks.coding.ExplicitInitializationCheckTest
[INFO] Running com.puppycrawl.tools.checkstyle.checks.coding.MissingSwitchDefaultCheckTest
[INFO] Tests run: 2, Failures: 0, Errors: 0, Skipped: 0, Time elapsed: 0.004 s - in com.puppycrawl.tools.checkstyle.checks.coding.MissingSwitchDefaultCheckTest
[INFO] Running com.puppycrawl.tools.checkstyle.checks.coding.IllegalTypeCheckTest
[INFO] Tests run: 14, Failures: 0, Errors: 0, Skipped: 0, Time elapsed: 0.035 s - in com.puppycrawl.tools.checkstyle.checks.coding.IllegalTypeCheckTest
[INFO] Running com.puppycrawl.tools.checkstyle.checks.coding.NoCloneCheckTest
[INFO] Tests run: 2, Failures: 0, Errors: 0, Skipped: 0, Time elapsed: 0.003 s - in com.puppycrawl.tools.checkstyle.checks.coding.NoCloneCheckTest
[INFO] Running com.puppycrawl.tools.checkstyle.checks.coding.EqualsAvoidNullCheckTest
[INFO] Tests run: 3, Failures: 0, Errors: 0, Skipped: 0, Time elapsed: 0.034 s - in com.puppycrawl.tools.checkstyle.checks.coding.EqualsAvoidNullCheckTest
[INFO] Running com.puppycrawl.tools.checkstyle.checks.coding.SuperFinalizeCheckTest
[INFO] Tests run: 1, Failures: 0, Errors: 0, Skipped: 0, Time elapsed: 0.005 s - in com.puppycrawl.tools.checkstyle.checks.coding.SuperFinalizeCheckTest
[INFO] Running com.puppycrawl.tools.checkstyle.checks.coding.VariableDeclarationUsageDistanceCheckTest
[INFO] Tests run: 7, Failures: 0, Errors: 0, Skipped: 0, Time elapsed: 0.144 s - in com.puppycrawl.tools.checkstyle.checks.coding.VariableDeclarationUsageDistanceCheckTest
[INFO] Running com.puppycrawl.tools.checkstyle.checks.coding.NestedIfDepthCheckTest
[INFO] Tests run: 3, Failures: 0, Errors: 0, Skipped: 0, Time elapsed: 0.007 s - in com.puppycrawl.tools.checkstyle.checks.coding.NestedIfDepthCheckTest
[INFO] Running com.puppycrawl.tools.checkstyle.checks.coding.IllegalTokenCheckTest
[INFO] Tests run: 7, Failures: 0, Errors: 0, Skipped: 0, Time elapsed: 0.02 s - in com.puppycrawl.tools.checkstyle.checks.coding.IllegalTokenCheckTest
[INFO] Running com.puppycrawl.tools.checkstyle.checks.coding.MissingCtorCheckTest
[INFO] Tests run: 2, Failures: 0, Errors: 0, Skipped: 0, Time elapsed: 0.003 s - in com.puppycrawl.tools.checkstyle.checks.coding.MissingCtorCheckTest
[INFO] Running com.puppycrawl.tools.checkstyle.checks.coding.IllegalInstantiationCheckTest
[INFO] Tests run: 8, Failures: 0, Errors: 0, Skipped: 0, Time elapsed: 0.017 s - in com.puppycrawl.tools.checkstyle.checks.coding.IllegalInstantiationCheckTest
[INFO] Running com.puppycrawl.tools.checkstyle.checks.coding.ArrayTrailingCommaCheckTest
[INFO] Tests run: 2, Failures: 0, Errors: 0, Skipped: 0, Time elapsed: 0.003 s - in com.puppycrawl.tools.checkstyle.checks.coding.ArrayTrailingCommaCheckTest
[INFO] Running com.puppycrawl.tools.checkstyle.checks.coding.MultipleStringLiteralsCheckTest
[INFO] Tests run: 7, Failures: 0, Errors: 0, Skipped: 0, Time elapsed: 0.025 s - in com.puppycrawl.tools.checkstyle.checks.coding.MultipleStringLiteralsCheckTest
[INFO] Running com.puppycrawl.tools.checkstyle.checks.coding.NestedTryDepthCheckTest
[INFO] Tests run: 3, Failures: 0, Errors: 0, Skipped: 0, Time elapsed: 0.008 s - in com.puppycrawl.tools.checkstyle.checks.coding.NestedTryDepthCheckTest
[INFO] Running com.puppycrawl.tools.checkstyle.checks.coding.InnerAssignmentCheckTest
[INFO] Tests run: 3, Failures: 0, Errors: 0, Skipped: 0, Time elapsed: 0.007 s - in com.puppycrawl.tools.checkstyle.checks.coding.InnerAssignmentCheckTest
[INFO] Running com.puppycrawl.tools.checkstyle.checks.coding.FallThroughCheckTest
[INFO] Tests run: 5, Failures: 0, Errors: 0, Skipped: 0, Time elapsed: 0.035 s - in com.puppycrawl.tools.checkstyle.checks.coding.FallThroughCheckTest
[INFO] Running com.puppycrawl.tools.checkstyle.checks.coding.IllegalCatchCheckTest
[INFO] Tests run: 5, Failures: 0, Errors: 0, Skipped: 0, Time elapsed: 0.011 s - in com.puppycrawl.tools.checkstyle.checks.coding.IllegalCatchCheckTest
[INFO] Running com.puppycrawl.tools.checkstyle.checks.coding.CovariantEqualsCheckTest
[INFO] Tests run: 2, Failures: 0, Errors: 0, Skipped: 0, Time elapsed: 0.004 s - in com.puppycrawl.tools.checkstyle.checks.coding.CovariantEqualsCheckTest
[INFO] Running com.puppycrawl.tools.checkstyle.checks.coding.ParameterAssignmentCheckTest
[INFO] Tests run: 4, Failures: 0, Errors: 0, Skipped: 0, Time elapsed: 0.006 s - in com.puppycrawl.tools.checkstyle.checks.coding.ParameterAssignmentCheckTest
[INFO] Running com.puppycrawl.tools.checkstyle.checks.coding.OneStatementPerLineCheckTest
[INFO] Tests run: 4, Failures: 0, Errors: 0, Skipped: 0, Time elapsed: 0.016 s - in com.puppycrawl.tools.checkstyle.checks.coding.OneStatementPerLineCheckTest
[INFO] Running com.puppycrawl.tools.checkstyle.checks.coding.SuperCloneCheckTest
[INFO] Tests run: 3, Failures: 0, Errors: 0, Skipped: 0, Time elapsed: 0.007 s - in com.puppycrawl.tools.checkstyle.checks.coding.SuperCloneCheckTest
[INFO] Running com.puppycrawl.tools.checkstyle.checks.coding.ModifiedControlVariableCheckTest
[INFO] Tests run: 6, Failures: 0, Errors: 0, Skipped: 0, Time elapsed: 0.017 s - in com.puppycrawl.tools.checkstyle.checks.coding.ModifiedControlVariableCheckTest
[INFO] Running com.puppycrawl.tools.checkstyle.checks.coding.IllegalThrowsCheckTest
[INFO] Tests run: 7, Failures: 0, Errors: 0, Skipped: 0, Time elapsed: 0.014 s - in com.puppycrawl.tools.checkstyle.checks.coding.IllegalThrowsCheckTest
[INFO] Running com.puppycrawl.tools.checkstyle.checks.coding.IllegalTokenTextCheckTest
[INFO] Tests run: 7, Failures: 0, Errors: 0, Skipped: 0, Time elapsed: 0.015 s - in com.puppycrawl.tools.checkstyle.checks.coding.IllegalTokenTextCheckTest
[INFO] Running com.puppycrawl.tools.checkstyle.checks.coding.RequireThisCheckTest
[INFO] Tests run: 18, Failures: 0, Errors: 0, Skipped: 0, Time elapsed: 0.098 s - in com.puppycrawl.tools.checkstyle.checks.coding.RequireThisCheckTest
[INFO] Running com.puppycrawl.tools.checkstyle.checks.coding.EqualsHashCodeCheckTest
[INFO] Tests run: 5, Failures: 0, Errors: 0, Skipped: 0, Time elapsed: 0.013 s - in com.puppycrawl.tools.checkstyle.checks.coding.EqualsHashCodeCheckTest
[INFO] Running com.puppycrawl.tools.checkstyle.checks.coding.StringLiteralEqualityCheckTest
[INFO] Tests run: 2, Failures: 0, Errors: 0, Skipped: 0, Time elapsed: 0.003 s - in com.puppycrawl.tools.checkstyle.checks.coding.StringLiteralEqualityCheckTest
[INFO] Running com.puppycrawl.tools.checkstyle.checks.design.InnerTypeLastCheckTest
[INFO] Tests run: 3, Failures: 0, Errors: 0, Skipped: 0, Time elapsed: 0.005 s - in com.puppycrawl.tools.checkstyle.checks.design.InnerTypeLastCheckTest
[INFO] Running com.puppycrawl.tools.checkstyle.checks.design.ThrowsCountCheckTest
[INFO] Tests run: 6, Failures: 0, Errors: 0, Skipped: 0, Time elapsed: 0.009 s - in com.puppycrawl.tools.checkstyle.checks.design.ThrowsCountCheckTest
[INFO] Running com.puppycrawl.tools.checkstyle.checks.design.InterfaceIsTypeCheckTest
[INFO] Tests run: 4, Failures: 0, Errors: 0, Skipped: 0, Time elapsed: 0.005 s - in com.puppycrawl.tools.checkstyle.checks.design.InterfaceIsTypeCheckTest
[INFO] Running com.puppycrawl.tools.checkstyle.checks.design.FinalClassCheckTest
[INFO] Tests run: 6, Failures: 0, Errors: 0, Skipped: 0, Time elapsed: 0.009 s - in com.puppycrawl.tools.checkstyle.checks.design.FinalClassCheckTest
[INFO] Running com.puppycrawl.tools.checkstyle.checks.design.OneTopLevelClassCheckTest
[INFO] Tests run: 11, Failures: 0, Errors: 0, Skipped: 0, Time elapsed: 0.02 s - in com.puppycrawl.tools.checkstyle.checks.design.OneTopLevelClassCheckTest
[INFO] Running com.puppycrawl.tools.checkstyle.checks.design.DesignForExtensionCheckTest
[INFO] Tests run: 7, Failures: 0, Errors: 0, Skipped: 0, Time elapsed: 0.018 s - in com.puppycrawl.tools.checkstyle.checks.design.DesignForExtensionCheckTest
[INFO] Running com.puppycrawl.tools.checkstyle.checks.design.MutableExceptionCheckTest
[INFO] Tests run: 6, Failures: 0, Errors: 0, Skipped: 0, Time elapsed: 0.009 s - in com.puppycrawl.tools.checkstyle.checks.design.MutableExceptionCheckTest
[INFO] Running com.puppycrawl.tools.checkstyle.checks.design.HideUtilityClassConstructorCheckTest
[INFO] Tests run: 12, Failures: 0, Errors: 0, Skipped: 0, Time elapsed: 0.021 s - in com.puppycrawl.tools.checkstyle.checks.design.HideUtilityClassConstructorCheckTest
[INFO] Running com.puppycrawl.tools.checkstyle.checks.design.VisibilityModifierCheckTest
[INFO] Tests run: 25, Failures: 0, Errors: 0, Skipped: 0, Time elapsed: 0.062 s - in com.puppycrawl.tools.checkstyle.checks.design.VisibilityModifierCheckTest
[INFO] Running com.puppycrawl.tools.checkstyle.checks.header.HeaderCheckTest
[INFO] Tests run: 16, Failures: 0, Errors: 0, Skipped: 0, Time elapsed: 0.984 s - in com.puppycrawl.tools.checkstyle.checks.header.HeaderCheckTest
[INFO] Running com.puppycrawl.tools.checkstyle.checks.header.RegexpHeaderCheckTest
[INFO] Tests run: 27, Failures: 0, Errors: 0, Skipped: 0, Time elapsed: 0.604 s - in com.puppycrawl.tools.checkstyle.checks.header.RegexpHeaderCheckTest
[INFO] Running com.puppycrawl.tools.checkstyle.checks.imports.AvoidStarImportCheckTest
[INFO] Tests run: 6, Failures: 0, Errors: 0, Skipped: 0, Time elapsed: 0.014 s - in com.puppycrawl.tools.checkstyle.checks.imports.AvoidStarImportCheckTest
[INFO] Running com.puppycrawl.tools.checkstyle.checks.imports.ImportControlRegExpTest
[INFO] Tests run: 3, Failures: 0, Errors: 0, Skipped: 0, Time elapsed: 0.002 s - in com.puppycrawl.tools.checkstyle.checks.imports.ImportControlRegExpTest
[INFO] Running com.puppycrawl.tools.checkstyle.checks.imports.RedundantImportCheckTest
[INFO] Tests run: 4, Failures: 0, Errors: 0, Skipped: 0, Time elapsed: 0.01 s - in com.puppycrawl.tools.checkstyle.checks.imports.RedundantImportCheckTest
[INFO] Running com.puppycrawl.tools.checkstyle.checks.imports.ImportControlRegExpInPkgTest
[INFO] Tests run: 7, Failures: 0, Errors: 0, Skipped: 0, Time elapsed: 0.001 s - in com.puppycrawl.tools.checkstyle.checks.imports.ImportControlRegExpInPkgTest
[INFO] Running com.puppycrawl.tools.checkstyle.checks.imports.ImportControlLoaderTest
[INFO] Tests run: 7, Failures: 0, Errors: 0, Skipped: 0, Time elapsed: 0.708 s - in com.puppycrawl.tools.checkstyle.checks.imports.ImportControlLoaderTest
[INFO] Running com.puppycrawl.tools.checkstyle.checks.imports.ImportOrderCheckTest
[INFO] Tests run: 36, Failures: 0, Errors: 0, Skipped: 0, Time elapsed: 1.007 s - in com.puppycrawl.tools.checkstyle.checks.imports.ImportOrderCheckTest
[INFO] Running com.puppycrawl.tools.checkstyle.checks.imports.AccessResultTest
[INFO] Tests run: 2, Failures: 0, Errors: 0, Skipped: 0, Time elapsed: 0.001 s - in com.puppycrawl.tools.checkstyle.checks.imports.AccessResultTest
[INFO] Running com.puppycrawl.tools.checkstyle.checks.imports.AvoidStaticImportCheckTest
[INFO] Tests run: 7, Failures: 0, Errors: 0, Skipped: 0, Time elapsed: 0.016 s - in com.puppycrawl.tools.checkstyle.checks.imports.AvoidStaticImportCheckTest
[INFO] Running com.puppycrawl.tools.checkstyle.checks.imports.UnusedImportsCheckTest
[INFO] Tests run: 11, Failures: 0, Errors: 0, Skipped: 0, Time elapsed: 0.03 s - in com.puppycrawl.tools.checkstyle.checks.imports.UnusedImportsCheckTest
[INFO] Running com.puppycrawl.tools.checkstyle.checks.imports.ImportControlCheckTest
[INFO] Tests run: 29, Failures: 0, Errors: 0, Skipped: 0, Time elapsed: 0.294 s - in com.puppycrawl.tools.checkstyle.checks.imports.ImportControlCheckTest
[INFO] Running com.puppycrawl.tools.checkstyle.checks.imports.PkgImportRuleTest
[INFO] Tests run: 6, Failures: 0, Errors: 0, Skipped: 0, Time elapsed: 0 s - in com.puppycrawl.tools.checkstyle.checks.imports.PkgImportRuleTest
[INFO] Running com.puppycrawl.tools.checkstyle.checks.imports.IllegalImportCheckTest
[INFO] Tests run: 8, Failures: 0, Errors: 0, Skipped: 0, Time elapsed: 0.021 s - in com.puppycrawl.tools.checkstyle.checks.imports.IllegalImportCheckTest
[INFO] Running com.puppycrawl.tools.checkstyle.checks.imports.ImportControlTest
[INFO] Tests run: 4, Failures: 0, Errors: 0, Skipped: 0, Time elapsed: 0 s - in com.puppycrawl.tools.checkstyle.checks.imports.ImportControlTest
[INFO] Running com.puppycrawl.tools.checkstyle.checks.imports.ClassImportRuleTest
[INFO] Tests run: 3, Failures: 0, Errors: 0, Skipped: 0, Time elapsed: 0 s - in com.puppycrawl.tools.checkstyle.checks.imports.ClassImportRuleTest
[INFO] Running com.puppycrawl.tools.checkstyle.checks.imports.CustomImportOrderCheckTest
[INFO] Tests run: 32, Failures: 0, Errors: 0, Skipped: 0, Time elapsed: 0.094 s - in com.puppycrawl.tools.checkstyle.checks.imports.CustomImportOrderCheckTest
[INFO] Running com.puppycrawl.tools.checkstyle.checks.indentation.CommentsIndentationCheckTest
[INFO] Tests run: 11, Failures: 0, Errors: 0, Skipped: 0, Time elapsed: 0.064 s - in com.puppycrawl.tools.checkstyle.checks.indentation.CommentsIndentationCheckTest
[INFO] Running com.puppycrawl.tools.checkstyle.checks.indentation.LineSetTest
[INFO] Tests run: 1, Failures: 0, Errors: 0, Skipped: 0, Time elapsed: 0 s - in com.puppycrawl.tools.checkstyle.checks.indentation.LineSetTest
[INFO] Running com.puppycrawl.tools.checkstyle.checks.indentation.IndentationCheckTest
[INFO] Tests run: 79, Failures: 0, Errors: 0, Skipped: 0, Time elapsed: 0.437 s - in com.puppycrawl.tools.checkstyle.checks.indentation.IndentationCheckTest
[INFO] Running com.puppycrawl.tools.checkstyle.checks.javadoc.ClassResolverTest
[INFO] Tests run: 6, Failures: 0, Errors: 0, Skipped: 0, Time elapsed: 0.27 s - in com.puppycrawl.tools.checkstyle.checks.javadoc.ClassResolverTest
[INFO] Running com.puppycrawl.tools.checkstyle.checks.javadoc.JavadocTypeCheckTest
[INFO] Tests run: 25, Failures: 0, Errors: 0, Skipped: 0, Time elapsed: 0.054 s - in com.puppycrawl.tools.checkstyle.checks.javadoc.JavadocTypeCheckTest
[INFO] Running com.puppycrawl.tools.checkstyle.checks.javadoc.JavadocTagInfoTest
[INFO] Tests run: 15, Failures: 0, Errors: 0, Skipped: 0, Time elapsed: 0.003 s - in com.puppycrawl.tools.checkstyle.checks.javadoc.JavadocTagInfoTest
[INFO] Running com.puppycrawl.tools.checkstyle.checks.javadoc.JavadocParagraphCheckTest
[INFO] Tests run: 4, Failures: 0, Errors: 0, Skipped: 0, Time elapsed: 0.421 s - in com.puppycrawl.tools.checkstyle.checks.javadoc.JavadocParagraphCheckTest
[INFO] Running com.puppycrawl.tools.checkstyle.checks.javadoc.JavadocMethodCheckTest
[INFO] Tests run: 37, Failures: 0, Errors: 0, Skipped: 0, Time elapsed: 0.127 s - in com.puppycrawl.tools.checkstyle.checks.javadoc.JavadocMethodCheckTest
[INFO] Running com.puppycrawl.tools.checkstyle.checks.javadoc.JavadocTagContinuationIndentationCheckTest
[INFO] Tests run: 4, Failures: 0, Errors: 0, Skipped: 0, Time elapsed: 0.058 s - in com.puppycrawl.tools.checkstyle.checks.javadoc.JavadocTagContinuationIndentationCheckTest
[INFO] Running com.puppycrawl.tools.checkstyle.checks.javadoc.NonEmptyAtclauseDescriptionCheckTest
[INFO] Tests run: 3, Failures: 0, Errors: 0, Skipped: 0, Time elapsed: 0.016 s - in com.puppycrawl.tools.checkstyle.checks.javadoc.NonEmptyAtclauseDescriptionCheckTest
[INFO] Running com.puppycrawl.tools.checkstyle.checks.javadoc.AtclauseOrderCheckTest
[INFO] Tests run: 5, Failures: 0, Errors: 0, Skipped: 0, Time elapsed: 0.077 s - in com.puppycrawl.tools.checkstyle.checks.javadoc.AtclauseOrderCheckTest
[INFO] Running com.puppycrawl.tools.checkstyle.checks.javadoc.WriteTagCheckTest
[INFO] Tests run: 13, Failures: 0, Errors: 0, Skipped: 0, Time elapsed: 0.026 s - in com.puppycrawl.tools.checkstyle.checks.javadoc.WriteTagCheckTest
[INFO] Running com.puppycrawl.tools.checkstyle.checks.javadoc.JavadocNodeImplTest
[INFO] Tests run: 2, Failures: 0, Errors: 0, Skipped: 0, Time elapsed: 0 s - in com.puppycrawl.tools.checkstyle.checks.javadoc.JavadocNodeImplTest
[INFO] Running com.puppycrawl.tools.checkstyle.checks.javadoc.JavadocPackageCheckTest
[INFO] Tests run: 7, Failures: 0, Errors: 0, Skipped: 0, Time elapsed: 0.013 s - in com.puppycrawl.tools.checkstyle.checks.javadoc.JavadocPackageCheckTest
[INFO] Running com.puppycrawl.tools.checkstyle.checks.javadoc.JavadocTagTest
[INFO] Tests run: 3, Failures: 0, Errors: 0, Skipped: 0, Time elapsed: 0 s - in com.puppycrawl.tools.checkstyle.checks.javadoc.JavadocTagTest
[INFO] Running com.puppycrawl.tools.checkstyle.checks.javadoc.JavadocStyleCheckTest
[INFO] Tests run: 19, Failures: 0, Errors: 0, Skipped: 0, Time elapsed: 0.064 s - in com.puppycrawl.tools.checkstyle.checks.javadoc.JavadocStyleCheckTest
[INFO] Running com.puppycrawl.tools.checkstyle.checks.javadoc.utils.BlockTagUtilsTest
[INFO] Tests run: 4, Failures: 0, Errors: 0, Skipped: 0, Time elapsed: 0 s - in com.puppycrawl.tools.checkstyle.checks.javadoc.utils.BlockTagUtilsTest
[INFO] Running com.puppycrawl.tools.checkstyle.checks.javadoc.utils.InlineTagUtilsTest
[INFO] Tests run: 7, Failures: 0, Errors: 0, Skipped: 0, Time elapsed: 0 s - in com.puppycrawl.tools.checkstyle.checks.javadoc.utils.InlineTagUtilsTest
[INFO] Running com.puppycrawl.tools.checkstyle.checks.javadoc.AbstractTypeAwareCheckTest
[INFO] Tests run: 6, Failures: 0, Errors: 0, Skipped: 0, Time elapsed: 0.009 s - in com.puppycrawl.tools.checkstyle.checks.javadoc.AbstractTypeAwareCheckTest
[INFO] Running com.puppycrawl.tools.checkstyle.checks.javadoc.JavadocVariableCheckTest
[INFO] Tests run: 13, Failures: 0, Errors: 0, Skipped: 0, Time elapsed: 0.026 s - in com.puppycrawl.tools.checkstyle.checks.javadoc.JavadocVariableCheckTest
[INFO] Running com.puppycrawl.tools.checkstyle.checks.javadoc.SummaryJavadocCheckTest
[INFO] Tests run: 7, Failures: 0, Errors: 0, Skipped: 0, Time elapsed: 0.051 s - in com.puppycrawl.tools.checkstyle.checks.javadoc.SummaryJavadocCheckTest
[INFO] Running com.puppycrawl.tools.checkstyle.checks.javadoc.AbstractJavadocCheckTest
[INFO] Tests run: 18, Failures: 0, Errors: 0, Skipped: 0, Time elapsed: 0.133 s - in com.puppycrawl.tools.checkstyle.checks.javadoc.AbstractJavadocCheckTest
[INFO] Running com.puppycrawl.tools.checkstyle.checks.javadoc.SingleLineJavadocCheckTest
[INFO] Tests run: 4, Failures: 0, Errors: 0, Skipped: 0, Time elapsed: 0.012 s - in com.puppycrawl.tools.checkstyle.checks.javadoc.SingleLineJavadocCheckTest
[INFO] Running com.puppycrawl.tools.checkstyle.checks.metrics.BooleanExpressionComplexityCheckTest
[INFO] Tests run: 4, Failures: 0, Errors: 0, Skipped: 0, Time elapsed: 0.012 s - in com.puppycrawl.tools.checkstyle.checks.metrics.BooleanExpressionComplexityCheckTest
[INFO] Running com.puppycrawl.tools.checkstyle.checks.metrics.NPathComplexityCheckTest
[INFO] Tests run: 8, Failures: 0, Errors: 0, Skipped: 0, Time elapsed: 0.018 s - in com.puppycrawl.tools.checkstyle.checks.metrics.NPathComplexityCheckTest
[INFO] Running com.puppycrawl.tools.checkstyle.checks.metrics.CyclomaticComplexityCheckTest
[INFO] Tests run: 5, Failures: 0, Errors: 0, Skipped: 0, Time elapsed: 0.012 s - in com.puppycrawl.tools.checkstyle.checks.metrics.CyclomaticComplexityCheckTest
[INFO] Running com.puppycrawl.tools.checkstyle.checks.metrics.JavaNCSSCheckTest
[INFO] Tests run: 4, Failures: 0, Errors: 0, Skipped: 0, Time elapsed: 0.01 s - in com.puppycrawl.tools.checkstyle.checks.metrics.JavaNCSSCheckTest
[INFO] Running com.puppycrawl.tools.checkstyle.checks.metrics.ClassFanOutComplexityCheckTest
[INFO] Tests run: 10, Failures: 0, Errors: 0, Skipped: 0, Time elapsed: 0.028 s - in com.puppycrawl.tools.checkstyle.checks.metrics.ClassFanOutComplexityCheckTest
[INFO] Running com.puppycrawl.tools.checkstyle.checks.metrics.ClassDataAbstractionCouplingCheckTest
[INFO] Tests run: 9, Failures: 0, Errors: 0, Skipped: 0, Time elapsed: 0.02 s - in com.puppycrawl.tools.checkstyle.checks.metrics.ClassDataAbstractionCouplingCheckTest
[INFO] Running com.puppycrawl.tools.checkstyle.checks.modifier.RedundantModifierCheckTest
[INFO] Tests run: 16, Failures: 0, Errors: 0, Skipped: 0, Time elapsed: 0.029 s - in com.puppycrawl.tools.checkstyle.checks.modifier.RedundantModifierCheckTest
[INFO] Running com.puppycrawl.tools.checkstyle.checks.modifier.ModifierOrderCheckTest
[INFO] Tests run: 7, Failures: 0, Errors: 0, Skipped: 0, Time elapsed: 0.01 s - in com.puppycrawl.tools.checkstyle.checks.modifier.ModifierOrderCheckTest
[INFO] Running com.puppycrawl.tools.checkstyle.checks.naming.AbbreviationAsWordInNameCheckTest
[INFO] Tests run: 12, Failures: 0, Errors: 0, Skipped: 0, Time elapsed: 0.035 s - in com.puppycrawl.tools.checkstyle.checks.naming.AbbreviationAsWordInNameCheckTest
[INFO] Running com.puppycrawl.tools.checkstyle.checks.naming.CatchParameterNameCheckTest
[INFO] Tests run: 5, Failures: 0, Errors: 0, Skipped: 0, Time elapsed: 0.01 s - in com.puppycrawl.tools.checkstyle.checks.naming.CatchParameterNameCheckTest
[INFO] Running com.puppycrawl.tools.checkstyle.checks.naming.ConstantNameCheckTest
[INFO] Tests run: 9, Failures: 0, Errors: 0, Skipped: 0, Time elapsed: 0.016 s - in com.puppycrawl.tools.checkstyle.checks.naming.ConstantNameCheckTest
[INFO] Running com.puppycrawl.tools.checkstyle.checks.naming.InterfaceTypeParameterNameCheckTest
[INFO] Tests run: 3, Failures: 0, Errors: 0, Skipped: 0, Time elapsed: 0.005 s - in com.puppycrawl.tools.checkstyle.checks.naming.InterfaceTypeParameterNameCheckTest
[INFO] Running com.puppycrawl.tools.checkstyle.checks.naming.LocalVariableNameCheckTest
[INFO] Tests run: 3, Failures: 0, Errors: 0, Skipped: 0, Time elapsed: 0.008 s - in com.puppycrawl.tools.checkstyle.checks.naming.LocalVariableNameCheckTest
[INFO] Running com.puppycrawl.tools.checkstyle.checks.naming.TypeNameCheckTest
[INFO] Tests run: 6, Failures: 0, Errors: 0, Skipped: 0, Time elapsed: 0.012 s - in com.puppycrawl.tools.checkstyle.checks.naming.TypeNameCheckTest
[INFO] Running com.puppycrawl.tools.checkstyle.checks.naming.MethodNameCheckTest
[INFO] Tests run: 8, Failures: 0, Errors: 0, Skipped: 0, Time elapsed: 0.014 s - in com.puppycrawl.tools.checkstyle.checks.naming.MethodNameCheckTest
[INFO] Running com.puppycrawl.tools.checkstyle.checks.naming.LocalFinalVariableNameCheckTest
[INFO] Tests run: 6, Failures: 0, Errors: 0, Skipped: 0, Time elapsed: 0.011 s - in com.puppycrawl.tools.checkstyle.checks.naming.LocalFinalVariableNameCheckTest
[INFO] Running com.puppycrawl.tools.checkstyle.checks.naming.MethodTypeParameterNameCheckTest
[INFO] Tests run: 3, Failures: 0, Errors: 0, Skipped: 0, Time elapsed: 0.005 s - in com.puppycrawl.tools.checkstyle.checks.naming.MethodTypeParameterNameCheckTest
[INFO] Running com.puppycrawl.tools.checkstyle.checks.naming.AbstractClassNameCheckTest
[INFO] Tests run: 7, Failures: 0, Errors: 0, Skipped: 0, Time elapsed: 0.011 s - in com.puppycrawl.tools.checkstyle.checks.naming.AbstractClassNameCheckTest
[INFO] Running com.puppycrawl.tools.checkstyle.checks.naming.PackageNameCheckTest
[INFO] Tests run: 4, Failures: 0, Errors: 0, Skipped: 0, Time elapsed: 0.007 s - in com.puppycrawl.tools.checkstyle.checks.naming.PackageNameCheckTest
[INFO] Running com.puppycrawl.tools.checkstyle.checks.naming.MemberNameCheckTest
[INFO] Tests run: 12, Failures: 0, Errors: 0, Skipped: 0, Time elapsed: 0.023 s - in com.puppycrawl.tools.checkstyle.checks.naming.MemberNameCheckTest
[INFO] Running com.puppycrawl.tools.checkstyle.checks.naming.ClassTypeParameterNameCheckTest
[INFO] Tests run: 4, Failures: 0, Errors: 0, Skipped: 0, Time elapsed: 0.006 s - in com.puppycrawl.tools.checkstyle.checks.naming.ClassTypeParameterNameCheckTest
[INFO] Running com.puppycrawl.tools.checkstyle.checks.naming.StaticVariableNameCheckTest
[INFO] Tests run: 5, Failures: 0, Errors: 0, Skipped: 0, Time elapsed: 0.008 s - in com.puppycrawl.tools.checkstyle.checks.naming.StaticVariableNameCheckTest
[INFO] Running com.puppycrawl.tools.checkstyle.checks.naming.ParameterNameCheckTest
[INFO] Tests run: 10, Failures: 0, Errors: 0, Skipped: 0, Time elapsed: 0.02 s - in com.puppycrawl.tools.checkstyle.checks.naming.ParameterNameCheckTest
[INFO] Running com.puppycrawl.tools.checkstyle.checks.regexp.RegexpCheckTest
[INFO] Tests run: 25, Failures: 0, Errors: 0, Skipped: 0, Time elapsed: 0.067 s - in com.puppycrawl.tools.checkstyle.checks.regexp.RegexpCheckTest
[INFO] Running com.puppycrawl.tools.checkstyle.checks.regexp.RegexpSinglelineJavaCheckTest
[INFO] Tests run: 19, Failures: 0, Errors: 0, Skipped: 0, Time elapsed: 0.048 s - in com.puppycrawl.tools.checkstyle.checks.regexp.RegexpSinglelineJavaCheckTest
[INFO] Running com.puppycrawl.tools.checkstyle.checks.regexp.RegexpSinglelineCheckTest
[INFO] Tests run: 8, Failures: 0, Errors: 0, Skipped: 0, Time elapsed: 0.011 s - in com.puppycrawl.tools.checkstyle.checks.regexp.RegexpSinglelineCheckTest
[INFO] Running com.puppycrawl.tools.checkstyle.checks.regexp.RegexpMultilineCheckTest
[INFO] Tests run: 15, Failures: 0, Errors: 0, Skipped: 0, Time elapsed: 0.059 s - in com.puppycrawl.tools.checkstyle.checks.regexp.RegexpMultilineCheckTest
[INFO] Running com.puppycrawl.tools.checkstyle.checks.regexp.RegexpOnFilenameCheckTest
[INFO] Tests run: 20, Failures: 0, Errors: 0, Skipped: 0, Time elapsed: 0.03 s - in com.puppycrawl.tools.checkstyle.checks.regexp.RegexpOnFilenameCheckTest
[INFO] Running com.puppycrawl.tools.checkstyle.checks.sizes.MethodCountCheckTest
[INFO] Tests run: 10, Failures: 0, Errors: 0, Skipped: 0, Time elapsed: 0.019 s - in com.puppycrawl.tools.checkstyle.checks.sizes.MethodCountCheckTest
[INFO] Running com.puppycrawl.tools.checkstyle.checks.sizes.ParameterNumberCheckTest
[INFO] Tests run: 7, Failures: 0, Errors: 0, Skipped: 0, Time elapsed: 0.014 s - in com.puppycrawl.tools.checkstyle.checks.sizes.ParameterNumberCheckTest
[INFO] Running com.puppycrawl.tools.checkstyle.checks.sizes.AnonInnerLengthCheckTest
[INFO] Tests run: 4, Failures: 0, Errors: 0, Skipped: 0, Time elapsed: 0 s - in com.puppycrawl.tools.checkstyle.checks.sizes.AnonInnerLengthCheckTest
[INFO] Running com.puppycrawl.tools.checkstyle.checks.sizes.InputLineLengthCheckTest
[INFO] Tests run: 6, Failures: 0, Errors: 0, Skipped: 0, Time elapsed: 0.009 s - in com.puppycrawl.tools.checkstyle.checks.sizes.InputLineLengthCheckTest
[INFO] Running com.puppycrawl.tools.checkstyle.checks.sizes.MethodLengthCheckTest
[INFO] Tests run: 6, Failures: 0, Errors: 0, Skipped: 0, Time elapsed: 0.011 s - in com.puppycrawl.tools.checkstyle.checks.sizes.MethodLengthCheckTest
[INFO] Running com.puppycrawl.tools.checkstyle.checks.sizes.OuterTypeNumberCheckTest
[INFO] Tests run: 5, Failures: 0, Errors: 0, Skipped: 0, Time elapsed: 0.007 s - in com.puppycrawl.tools.checkstyle.checks.sizes.OuterTypeNumberCheckTest
[INFO] Running com.puppycrawl.tools.checkstyle.checks.sizes.FileLengthCheckTest
[INFO] Tests run: 6, Failures: 0, Errors: 0, Skipped: 0, Time elapsed: 0.007 s - in com.puppycrawl.tools.checkstyle.checks.sizes.FileLengthCheckTest
[INFO] Running com.puppycrawl.tools.checkstyle.checks.sizes.ExecutableStatementCountCheckTest
[INFO] Tests run: 9, Failures: 0, Errors: 0, Skipped: 0, Time elapsed: 0.019 s - in com.puppycrawl.tools.checkstyle.checks.sizes.ExecutableStatementCountCheckTest
[INFO] Running com.puppycrawl.tools.checkstyle.checks.whitespace.NoWhitespaceAfterCheckTest
[INFO] Tests run: 10, Failures: 0, Errors: 0, Skipped: 0, Time elapsed: 0.029 s - in com.puppycrawl.tools.checkstyle.checks.whitespace.NoWhitespaceAfterCheckTest
[INFO] Running com.puppycrawl.tools.checkstyle.checks.whitespace.OperatorWrapCheckTest
[INFO] Tests run: 6, Failures: 0, Errors: 0, Skipped: 0, Time elapsed: 0.016 s - in com.puppycrawl.tools.checkstyle.checks.whitespace.OperatorWrapCheckTest
[INFO] Running com.puppycrawl.tools.checkstyle.checks.whitespace.MethodParamPadCheckTest
[INFO] Tests run: 7, Failures: 0, Errors: 0, Skipped: 0, Time elapsed: 0.013 s - in com.puppycrawl.tools.checkstyle.checks.whitespace.MethodParamPadCheckTest
[INFO] Running com.puppycrawl.tools.checkstyle.checks.whitespace.EmptyLineSeparatorCheckTest
[INFO] Tests run: 18, Failures: 0, Errors: 0, Skipped: 0, Time elapsed: 0.031 s - in com.puppycrawl.tools.checkstyle.checks.whitespace.EmptyLineSeparatorCheckTest
[INFO] Running com.puppycrawl.tools.checkstyle.checks.whitespace.SeparatorWrapCheckTest
[INFO] Tests run: 7, Failures: 0, Errors: 0, Skipped: 0, Time elapsed: 0.014 s - in com.puppycrawl.tools.checkstyle.checks.whitespace.SeparatorWrapCheckTest
[INFO] Running com.puppycrawl.tools.checkstyle.checks.whitespace.FileTabCharacterCheckTest
[INFO] Tests run: 3, Failures: 0, Errors: 0, Skipped: 0, Time elapsed: 0.005 s - in com.puppycrawl.tools.checkstyle.checks.whitespace.FileTabCharacterCheckTest
[INFO] Running com.puppycrawl.tools.checkstyle.checks.whitespace.NoWhitespaceBeforeCheckTest
[INFO] Tests run: 6, Failures: 0, Errors: 0, Skipped: 0, Time elapsed: 0.019 s - in com.puppycrawl.tools.checkstyle.checks.whitespace.NoWhitespaceBeforeCheckTest
[INFO] Running com.puppycrawl.tools.checkstyle.checks.whitespace.WhitespaceAroundCheckTest
[INFO] Tests run: 23, Failures: 0, Errors: 0, Skipped: 0, Time elapsed: 0.049 s - in com.puppycrawl.tools.checkstyle.checks.whitespace.WhitespaceAroundCheckTest
[INFO] Running com.puppycrawl.tools.checkstyle.checks.whitespace.EmptyForIteratorPadCheckTest
[INFO] Tests run: 5, Failures: 0, Errors: 0, Skipped: 0, Time elapsed: 0.008 s - in com.puppycrawl.tools.checkstyle.checks.whitespace.EmptyForIteratorPadCheckTest
[INFO] Running com.puppycrawl.tools.checkstyle.checks.whitespace.ParenPadCheckTest
[INFO] Tests run: 15, Failures: 0, Errors: 0, Skipped: 0, Time elapsed: 0.052 s - in com.puppycrawl.tools.checkstyle.checks.whitespace.ParenPadCheckTest
[INFO] Running com.puppycrawl.tools.checkstyle.checks.whitespace.TypecastParenPadCheckTest
[INFO] Tests run: 4, Failures: 0, Errors: 0, Skipped: 0, Time elapsed: 0.01 s - in com.puppycrawl.tools.checkstyle.checks.whitespace.TypecastParenPadCheckTest
[INFO] Running com.puppycrawl.tools.checkstyle.checks.whitespace.WhitespaceAfterCheckTest
[INFO] Tests run: 14, Failures: 0, Errors: 0, Skipped: 0, Time elapsed: 0.031 s - in com.puppycrawl.tools.checkstyle.checks.whitespace.WhitespaceAfterCheckTest
[INFO] Running com.puppycrawl.tools.checkstyle.checks.whitespace.NoLineWrapCheckTest
[INFO] Tests run: 3, Failures: 0, Errors: 0, Skipped: 0, Time elapsed: 0.006 s - in com.puppycrawl.tools.checkstyle.checks.whitespace.NoLineWrapCheckTest
[INFO] Running com.puppycrawl.tools.checkstyle.checks.whitespace.EmptyForInitializerPadCheckTest
[INFO] Tests run: 7, Failures: 0, Errors: 0, Skipped: 0, Time elapsed: 0.008 s - in com.puppycrawl.tools.checkstyle.checks.whitespace.EmptyForInitializerPadCheckTest
[INFO] Running com.puppycrawl.tools.checkstyle.checks.whitespace.GenericWhitespaceCheckTest
[INFO] Tests run: 11, Failures: 0, Errors: 0, Skipped: 0, Time elapsed: 0.016 s - in com.puppycrawl.tools.checkstyle.checks.whitespace.GenericWhitespaceCheckTest
[INFO] Running com.puppycrawl.tools.checkstyle.checks.whitespace.SingleSpaceSeparatorCheckTest
[INFO] Tests run: 4, Failures: 0, Errors: 0, Skipped: 0, Time elapsed: 0.009 s - in com.puppycrawl.tools.checkstyle.checks.whitespace.SingleSpaceSeparatorCheckTest
[INFO] Running com.puppycrawl.tools.checkstyle.checks.TodoCommentCheckTest
[INFO] Tests run: 3, Failures: 0, Errors: 0, Skipped: 0, Time elapsed: 0.003 s - in com.puppycrawl.tools.checkstyle.checks.TodoCommentCheckTest
[INFO] Running com.puppycrawl.tools.checkstyle.checks.FinalParametersCheckTest
[INFO] Tests run: 7, Failures: 0, Errors: 0, Skipped: 0, Time elapsed: 0.018 s - in com.puppycrawl.tools.checkstyle.checks.FinalParametersCheckTest
[INFO] Running com.puppycrawl.tools.checkstyle.checks.ArrayTypeStyleCheckTest
[INFO] Tests run: 4, Failures: 0, Errors: 0, Skipped: 0, Time elapsed: 0.004 s - in com.puppycrawl.tools.checkstyle.checks.ArrayTypeStyleCheckTest
[INFO] Running com.puppycrawl.tools.checkstyle.checks.UpperEllCheckTest
[INFO] Tests run: 3, Failures: 0, Errors: 0, Skipped: 0, Time elapsed: 0.003 s - in com.puppycrawl.tools.checkstyle.checks.UpperEllCheckTest
[INFO] Running com.puppycrawl.tools.checkstyle.checks.AvoidEscapedUnicodeCharactersCheckTest
[INFO] Tests run: 9, Failures: 0, Errors: 0, Skipped: 0, Time elapsed: 0.682 s - in com.puppycrawl.tools.checkstyle.checks.AvoidEscapedUnicodeCharactersCheckTest
[INFO] Running com.puppycrawl.tools.checkstyle.checks.SuppressWarningsHolderTest
[INFO] Tests run: 20, Failures: 0, Errors: 0, Skipped: 0, Time elapsed: 0.845 s - in com.puppycrawl.tools.checkstyle.checks.SuppressWarningsHolderTest
[INFO] Running com.puppycrawl.tools.checkstyle.checks.UncommentedMainCheckTest
[INFO] Tests run: 8, Failures: 0, Errors: 0, Skipped: 0, Time elapsed: 0.015 s - in com.puppycrawl.tools.checkstyle.checks.UncommentedMainCheckTest
[INFO] Running com.puppycrawl.tools.checkstyle.checks.UniquePropertiesCheckTest
[INFO] Tests run: 8, Failures: 0, Errors: 0, Skipped: 0, Time elapsed: 0.487 s - in com.puppycrawl.tools.checkstyle.checks.UniquePropertiesCheckTest
[INFO] Running com.puppycrawl.tools.checkstyle.checks.DescendantTokenCheckTest
[INFO] Tests run: 20, Failures: 0, Errors: 0, Skipped: 0, Time elapsed: 0.049 s - in com.puppycrawl.tools.checkstyle.checks.DescendantTokenCheckTest
[INFO] Running com.puppycrawl.tools.checkstyle.checks.TranslationCheckTest
[INFO] Tests run: 17, Failures: 0, Errors: 0, Skipped: 0, Time elapsed: 0.061 s - in com.puppycrawl.tools.checkstyle.checks.TranslationCheckTest
[INFO] Running com.puppycrawl.tools.checkstyle.checks.FileSetCheckLifecycleTest
[INFO] Tests run: 2, Failures: 0, Errors: 0, Skipped: 0, Time elapsed: 0.004 s - in com.puppycrawl.tools.checkstyle.checks.FileSetCheckLifecycleTest
[INFO] Running com.puppycrawl.tools.checkstyle.checks.OuterTypeFilenameCheckTest
[INFO] Tests run: 10, Failures: 0, Errors: 0, Skipped: 0, Time elapsed: 0.015 s - in com.puppycrawl.tools.checkstyle.checks.OuterTypeFilenameCheckTest
[INFO] Running com.puppycrawl.tools.checkstyle.checks.TrailingCommentCheckTest
[INFO] Tests run: 5, Failures: 0, Errors: 0, Skipped: 0, Time elapsed: 0.007 s - in com.puppycrawl.tools.checkstyle.checks.TrailingCommentCheckTest
[INFO] Running com.puppycrawl.tools.checkstyle.checks.NewlineAtEndOfFileCheckTest
[INFO] Tests run: 12, Failures: 0, Errors: 0, Skipped: 0, Time elapsed: 0.495 s - in com.puppycrawl.tools.checkstyle.checks.NewlineAtEndOfFileCheckTest
[INFO] Running com.puppycrawl.tools.checkstyle.doclets.TokenTypesDocletTest
Loading source file /home/travis/build/checkstyle/checkstyle/src/test/resources/com/puppycrawl/tools/checkstyle/doclets/InputTokenTypesDocletJavadocParseError.java...
Constructing Javadoc information...
Loading source file /home/travis/build/checkstyle/checkstyle/src/test/resources/com/puppycrawl/tools/checkstyle/doclets/InputTokenTypesDocletEmptyJavadoc.java...
Constructing Javadoc information...
Loading source file /home/travis/build/checkstyle/checkstyle/src/test/resources/com/puppycrawl/tools/checkstyle/doclets/InputTokenTypesDocletCorrect.java...
Constructing Javadoc information...
Loading source file /home/travis/build/checkstyle/checkstyle/src/test/resources/com/puppycrawl/tools/checkstyle/doclets/InputTokenTypesDocletNotConstants.java...
Constructing Javadoc information...
[INFO] Tests run: 7, Failures: 0, Errors: 0, Skipped: 0, Time elapsed: 0.453 s - in com.puppycrawl.tools.checkstyle.doclets.TokenTypesDocletTest
[INFO] Running com.puppycrawl.tools.checkstyle.filters.FilterSetTest
[INFO] Tests run: 8, Failures: 0, Errors: 0, Skipped: 0, Time elapsed: 0.03 s - in com.puppycrawl.tools.checkstyle.filters.FilterSetTest
[INFO] Running com.puppycrawl.tools.checkstyle.filters.SeverityMatchFilterTest
[INFO] Tests run: 3, Failures: 0, Errors: 0, Skipped: 0, Time elapsed: 0 s - in com.puppycrawl.tools.checkstyle.filters.SeverityMatchFilterTest
[INFO] Running com.puppycrawl.tools.checkstyle.filters.XpathFilterTest
[INFO] Tests run: 17, Failures: 0, Errors: 0, Skipped: 0, Time elapsed: 0.43 s - in com.puppycrawl.tools.checkstyle.filters.XpathFilterTest
[INFO] Running com.puppycrawl.tools.checkstyle.filters.SuppressElementTest
[INFO] Tests run: 16, Failures: 0, Errors: 0, Skipped: 0, Time elapsed: 0.152 s - in com.puppycrawl.tools.checkstyle.filters.SuppressElementTest
[INFO] Running com.puppycrawl.tools.checkstyle.filters.SuppressionsLoaderTest
[INFO] Tests run: 15, Failures: 0, Errors: 0, Skipped: 0, Time elapsed: 0.405 s - in com.puppycrawl.tools.checkstyle.filters.SuppressionsLoaderTest
[INFO] Running com.puppycrawl.tools.checkstyle.filters.BeforeExecutionFileFilterSetTest
[INFO] Tests run: 5, Failures: 0, Errors: 0, Skipped: 0, Time elapsed: 0 s - in com.puppycrawl.tools.checkstyle.filters.BeforeExecutionFileFilterSetTest
[INFO] Running com.puppycrawl.tools.checkstyle.filters.SuppressionFilterTest
[INFO] Tests run: 11, Failures: 0, Errors: 0, Skipped: 0, Time elapsed: 1.796 s - in com.puppycrawl.tools.checkstyle.filters.SuppressionFilterTest
[INFO] Running com.puppycrawl.tools.checkstyle.filters.IntRangeFilterTest
[INFO] Tests run: 4, Failures: 0, Errors: 0, Skipped: 0, Time elapsed: 0.031 s - in com.puppycrawl.tools.checkstyle.filters.IntRangeFilterTest
[INFO] Running com.puppycrawl.tools.checkstyle.filters.IntMatchFilterTest
[INFO] Tests run: 3, Failures: 0, Errors: 0, Skipped: 0, Time elapsed: 0.016 s - in com.puppycrawl.tools.checkstyle.filters.IntMatchFilterTest
[INFO] Running com.puppycrawl.tools.checkstyle.filters.SuppressionCommentFilterTest
[INFO] Tests run: 17, Failures: 0, Errors: 0, Skipped: 0, Time elapsed: 0.156 s - in com.puppycrawl.tools.checkstyle.filters.SuppressionCommentFilterTest
[INFO] Running com.puppycrawl.tools.checkstyle.filters.CsvFilterTest
[INFO] Tests run: 6, Failures: 0, Errors: 0, Skipped: 0, Time elapsed: 0.015 s - in com.puppycrawl.tools.checkstyle.filters.CsvFilterTest
[INFO] Running com.puppycrawl.tools.checkstyle.filters.SuppressWithNearbyCommentFilterTest
[INFO] Tests run: 17, Failures: 0, Errors: 0, Skipped: 0, Time elapsed: 0.12 s - in com.puppycrawl.tools.checkstyle.filters.SuppressWithNearbyCommentFilterTest
[INFO] Running com.puppycrawl.tools.checkstyle.filters.SuppressWarningsFilterTest
[INFO] Tests run: 3, Failures: 0, Errors: 0, Skipped: 0, Time elapsed: 0.019 s - in com.puppycrawl.tools.checkstyle.filters.SuppressWarningsFilterTest
[INFO] Running com.puppycrawl.tools.checkstyle.grammars.comments.AllBlockCommentsTest
[INFO] Tests run: 1, Failures: 0, Errors: 0, Skipped: 0, Time elapsed: 0.003 s - in com.puppycrawl.tools.checkstyle.grammars.comments.AllBlockCommentsTest
[INFO] Running com.puppycrawl.tools.checkstyle.grammars.comments.AllSinglelineCommentsTest
[INFO] Tests run: 1, Failures: 0, Errors: 0, Skipped: 0, Time elapsed: 0.003 s - in com.puppycrawl.tools.checkstyle.grammars.comments.AllSinglelineCommentsTest
[INFO] Running com.puppycrawl.tools.checkstyle.grammars.comments.CommentsTest
[INFO] Tests run: 5, Failures: 0, Errors: 0, Skipped: 0, Time elapsed: 0.002 s - in com.puppycrawl.tools.checkstyle.grammars.comments.CommentsTest
[INFO] Running com.puppycrawl.tools.checkstyle.grammars.java8.DefaultMethodsTest
[INFO] Tests run: 2, Failures: 0, Errors: 0, Skipped: 0, Time elapsed: 0.003 s - in com.puppycrawl.tools.checkstyle.grammars.java8.DefaultMethodsTest
[INFO] Running com.puppycrawl.tools.checkstyle.grammars.java8.LambdaTest
[INFO] Tests run: 18, Failures: 0, Errors: 0, Skipped: 0, Time elapsed: 0.039 s - in com.puppycrawl.tools.checkstyle.grammars.java8.LambdaTest
[INFO] Running com.puppycrawl.tools.checkstyle.grammars.java8.AnnotationTest
[INFO] Tests run: 11, Failures: 0, Errors: 0, Skipped: 0, Time elapsed: 0.018 s - in com.puppycrawl.tools.checkstyle.grammars.java8.AnnotationTest
[INFO] Running com.puppycrawl.tools.checkstyle.grammars.java8.TypeUseAnnotationsOnQualifiedTypesTest
[INFO] Tests run: 1, Failures: 0, Errors: 0, Skipped: 0, Time elapsed: 0.002 s - in com.puppycrawl.tools.checkstyle.grammars.java8.TypeUseAnnotationsOnQualifiedTypesTest
[INFO] Running com.puppycrawl.tools.checkstyle.grammars.java8.ReceiverParameterTest
[INFO] Tests run: 1, Failures: 0, Errors: 0, Skipped: 0, Time elapsed: 0.002 s - in com.puppycrawl.tools.checkstyle.grammars.java8.ReceiverParameterTest
[INFO] Running com.puppycrawl.tools.checkstyle.grammars.java8.AnnotationsOnArrayTest
[INFO] Tests run: 1, Failures: 0, Errors: 0, Skipped: 0, Time elapsed: 0.002 s - in com.puppycrawl.tools.checkstyle.grammars.java8.AnnotationsOnArrayTest
[INFO] Running com.puppycrawl.tools.checkstyle.grammars.java8.MethodReferencesTest
[INFO] Tests run: 7, Failures: 0, Errors: 0, Skipped: 0, Time elapsed: 0.014 s - in com.puppycrawl.tools.checkstyle.grammars.java8.MethodReferencesTest
[INFO] Running com.puppycrawl.tools.checkstyle.grammars.javadoc.JavadocParseTreeTest
[INFO] Tests run: 43, Failures: 0, Errors: 0, Skipped: 0, Time elapsed: 0.297 s - in com.puppycrawl.tools.checkstyle.grammars.javadoc.JavadocParseTreeTest
[INFO] Running com.puppycrawl.tools.checkstyle.grammars.AstRegressionTest
[INFO] Tests run: 16, Failures: 0, Errors: 0, Skipped: 0, Time elapsed: 0.04 s - in com.puppycrawl.tools.checkstyle.grammars.AstRegressionTest
[INFO] Running com.puppycrawl.tools.checkstyle.grammars.UnicodeEscapeTest
[INFO] Tests run: 1, Failures: 0, Errors: 0, Skipped: 0, Time elapsed: 0.003 s - in com.puppycrawl.tools.checkstyle.grammars.UnicodeEscapeTest
[INFO] Running com.puppycrawl.tools.checkstyle.grammars.Java7DiamondTest
[INFO] Tests run: 1, Failures: 0, Errors: 0, Skipped: 0, Time elapsed: 0.001 s - in com.puppycrawl.tools.checkstyle.grammars.Java7DiamondTest
[INFO] Running com.puppycrawl.tools.checkstyle.grammars.LineCommentAtTheEndOfFileTest
[INFO] Tests run: 1, Failures: 0, Errors: 0, Skipped: 0, Time elapsed: 0.003 s - in com.puppycrawl.tools.checkstyle.grammars.LineCommentAtTheEndOfFileTest
[INFO] Running com.puppycrawl.tools.checkstyle.grammars.Java7MultiCatchTest
[INFO] Tests run: 1, Failures: 0, Errors: 0, Skipped: 0, Time elapsed: 0.004 s - in com.puppycrawl.tools.checkstyle.grammars.Java7MultiCatchTest
[INFO] Running com.puppycrawl.tools.checkstyle.grammars.HexFloatsTest
[INFO] Tests run: 1, Failures: 0, Errors: 0, Skipped: 0, Time elapsed: 0.004 s - in com.puppycrawl.tools.checkstyle.grammars.HexFloatsTest
[INFO] Running com.puppycrawl.tools.checkstyle.grammars.Java9TryWithResourcesTest
[INFO] Tests run: 1, Failures: 0, Errors: 0, Skipped: 0, Time elapsed: 0.003 s - in com.puppycrawl.tools.checkstyle.grammars.Java9TryWithResourcesTest
[INFO] Running com.puppycrawl.tools.checkstyle.grammars.MultiDimensionalArraysInGenericsTest
[INFO] Tests run: 1, Failures: 0, Errors: 0, Skipped: 0, Time elapsed: 0.006 s - in com.puppycrawl.tools.checkstyle.grammars.MultiDimensionalArraysInGenericsTest
[INFO] Running com.puppycrawl.tools.checkstyle.grammars.EmbeddedNullCharTest
[INFO] Tests run: 1, Failures: 0, Errors: 0, Skipped: 0, Time elapsed: 0.004 s - in com.puppycrawl.tools.checkstyle.grammars.EmbeddedNullCharTest
[INFO] Running com.puppycrawl.tools.checkstyle.grammars.GeneratedJavaTokenTypesTest
[INFO] Tests run: 1, Failures: 0, Errors: 0, Skipped: 0, Time elapsed: 0 s - in com.puppycrawl.tools.checkstyle.grammars.GeneratedJavaTokenTypesTest
[INFO] Running com.puppycrawl.tools.checkstyle.grammars.Java7NumericalLiteralsTest
[INFO] Tests run: 1, Failures: 0, Errors: 0, Skipped: 0, Time elapsed: 0.012 s - in com.puppycrawl.tools.checkstyle.grammars.Java7NumericalLiteralsTest
[INFO] Running com.puppycrawl.tools.checkstyle.grammars.GeneratedJava14LexerTest
[INFO] Tests run: 2, Failures: 0, Errors: 0, Skipped: 0, Time elapsed: 0.007 s - in com.puppycrawl.tools.checkstyle.grammars.GeneratedJava14LexerTest
[INFO] Running com.puppycrawl.tools.checkstyle.grammars.Java7TryWithResourcesTest
[INFO] Tests run: 1, Failures: 0, Errors: 0, Skipped: 0, Time elapsed: 0.005 s - in com.puppycrawl.tools.checkstyle.grammars.Java7TryWithResourcesTest
[INFO] Running com.puppycrawl.tools.checkstyle.grammars.Java7StringSwitchTest
[INFO] Tests run: 1, Failures: 0, Errors: 0, Skipped: 0, Time elapsed: 0.002 s - in com.puppycrawl.tools.checkstyle.grammars.Java7StringSwitchTest
[INFO] Running com.puppycrawl.tools.checkstyle.grammars.VarargTest
[INFO] Tests run: 1, Failures: 0, Errors: 0, Skipped: 0, Time elapsed: 0.001 s - in com.puppycrawl.tools.checkstyle.grammars.VarargTest
[INFO] Running com.puppycrawl.tools.checkstyle.gui.MainFrameModelTest
[INFO] Tests run: 9, Failures: 0, Errors: 0, Skipped: 0, Time elapsed: 0.626 s - in com.puppycrawl.tools.checkstyle.gui.MainFrameModelTest
[INFO] Running com.puppycrawl.tools.checkstyle.gui.ParseTreeTablePresentationTest
[INFO] Tests run: 16, Failures: 0, Errors: 0, Skipped: 0, Time elapsed: 0.007 s - in com.puppycrawl.tools.checkstyle.gui.ParseTreeTablePresentationTest
[INFO] Running com.puppycrawl.tools.checkstyle.gui.CodeSelectorPresentationTest
[INFO] Tests run: 5, Failures: 0, Errors: 0, Skipped: 0, Time elapsed: 0.002 s - in com.puppycrawl.tools.checkstyle.gui.CodeSelectorPresentationTest
[INFO] Running com.puppycrawl.tools.checkstyle.internal.XdocsPagesTest
[INFO] Tests run: 5, Failures: 0, Errors: 0, Skipped: 0, Time elapsed: 1.487 s - in com.puppycrawl.tools.checkstyle.internal.XdocsPagesTest
[INFO] Running com.puppycrawl.tools.checkstyle.internal.AllChecksTest
[INFO] Tests run: 11, Failures: 0, Errors: 0, Skipped: 0, Time elapsed: 1.504 s - in com.puppycrawl.tools.checkstyle.internal.AllChecksTest
[INFO] Running com.puppycrawl.tools.checkstyle.internal.CommitValidationTest
[INFO] Tests run: 3, Failures: 0, Errors: 0, Skipped: 0, Time elapsed: 0.12 s - in com.puppycrawl.tools.checkstyle.internal.CommitValidationTest
[INFO] Running com.puppycrawl.tools.checkstyle.utils.BlockCommentPositionTest
[INFO] Tests run: 1, Failures: 0, Errors: 0, Skipped: 0, Time elapsed: 0.008 s - in com.puppycrawl.tools.checkstyle.utils.BlockCommentPositionTest
[INFO] Running com.puppycrawl.tools.checkstyle.utils.JavadocUtilsTest
[INFO] Tests run: 23, Failures: 0, Errors: 0, Skipped: 0, Time elapsed: 0.003 s - in com.puppycrawl.tools.checkstyle.utils.JavadocUtilsTest
[INFO] Running com.puppycrawl.tools.checkstyle.utils.ModuleReflectionUtilsTest
[INFO] Tests run: 10, Failures: 0, Errors: 0, Skipped: 0, Time elapsed: 0.003 s - in com.puppycrawl.tools.checkstyle.utils.ModuleReflectionUtilsTest
[INFO] Running com.puppycrawl.tools.checkstyle.utils.AnnotationUtilityTest
[INFO] Tests run: 12, Failures: 0, Errors: 0, Skipped: 0, Time elapsed: 0.001 s - in com.puppycrawl.tools.checkstyle.utils.AnnotationUtilityTest
[INFO] Running com.puppycrawl.tools.checkstyle.utils.CommonUtilsTest
[INFO] Tests run: 40, Failures: 0, Errors: 0, Skipped: 0, Time elapsed: 0.555 s - in com.puppycrawl.tools.checkstyle.utils.CommonUtilsTest
[INFO] Running com.puppycrawl.tools.checkstyle.utils.ScopeUtilsTest
[INFO] Tests run: 21, Failures: 0, Errors: 0, Skipped: 0, Time elapsed: 0.002 s - in com.puppycrawl.tools.checkstyle.utils.ScopeUtilsTest
[INFO] Running com.puppycrawl.tools.checkstyle.utils.CheckUtilsTest
[INFO] Tests run: 21, Failures: 0, Errors: 0, Skipped: 0, Time elapsed: 0.028 s - in com.puppycrawl.tools.checkstyle.utils.CheckUtilsTest
[INFO] Running com.puppycrawl.tools.checkstyle.utils.TokenUtilsTest
[INFO] Tests run: 15, Failures: 0, Errors: 0, Skipped: 0, Time elapsed: 0.003 s - in com.puppycrawl.tools.checkstyle.utils.TokenUtilsTest
[INFO] Running com.puppycrawl.tools.checkstyle.xpath.RootNodeTest
[INFO] Tests run: 32, Failures: 0, Errors: 0, Skipped: 0, Time elapsed: 0.018 s - in com.puppycrawl.tools.checkstyle.xpath.RootNodeTest
[INFO] Running com.puppycrawl.tools.checkstyle.xpath.AttributeNodeTest
[INFO] Tests run: 9, Failures: 0, Errors: 0, Skipped: 0, Time elapsed: 0 s - in com.puppycrawl.tools.checkstyle.xpath.AttributeNodeTest
[INFO] Running com.puppycrawl.tools.checkstyle.xpath.ElementNodeTest
[INFO] Tests run: 2, Failures: 0, Errors: 0, Skipped: 0, Time elapsed: 0.001 s - in com.puppycrawl.tools.checkstyle.xpath.ElementNodeTest
[INFO] Running com.puppycrawl.tools.checkstyle.xpath.XpathQueryGeneratorTest
[INFO] Tests run: 18, Failures: 0, Errors: 0, Skipped: 0, Time elapsed: 0.024 s - in com.puppycrawl.tools.checkstyle.xpath.XpathQueryGeneratorTest
[INFO] Running com.puppycrawl.tools.checkstyle.xpath.XpathMapperTest
[INFO] Tests run: 38, Failures: 0, Errors: 0, Skipped: 0, Time elapsed: 0.056 s - in com.puppycrawl.tools.checkstyle.xpath.XpathMapperTest
[INFO] Running com.puppycrawl.tools.checkstyle.PropertiesExpanderTest
[INFO] Tests run: 2, Failures: 0, Errors: 0, Skipped: 0, Time elapsed: 0 s - in com.puppycrawl.tools.checkstyle.PropertiesExpanderTest
[INFO] Running com.puppycrawl.tools.checkstyle.MainTest
[INFO] Tests run: 52, Failures: 0, Errors: 0, Skipped: 0, Time elapsed: 4.725 s - in com.puppycrawl.tools.checkstyle.MainTest
[INFO] Running com.puppycrawl.tools.checkstyle.PackageNamesLoaderTest
[INFO] Tests run: 6, Failures: 0, Errors: 0, Skipped: 0, Time elapsed: 0.402 s - in com.puppycrawl.tools.checkstyle.PackageNamesLoaderTest
[INFO] Running com.puppycrawl.tools.checkstyle.ConfigurationLoaderTest
[INFO] Tests run: 32, Failures: 0, Errors: 0, Skipped: 0, Time elapsed: 0.619 s - in com.puppycrawl.tools.checkstyle.ConfigurationLoaderTest
[INFO] Running com.puppycrawl.tools.checkstyle.XMLLoggerTest
[INFO] Tests run: 11, Failures: 0, Errors: 0, Skipped: 0, Time elapsed: 0.003 s - in com.puppycrawl.tools.checkstyle.XMLLoggerTest
[INFO] Running com.puppycrawl.tools.checkstyle.CheckerTest
[INFO] Tests run: 36, Failures: 0, Errors: 0, Skipped: 0, Time elapsed: 0.067 s - in com.puppycrawl.tools.checkstyle.CheckerTest
[INFO] Running com.puppycrawl.tools.checkstyle.DefaultLoggerTest
[INFO] Tests run: 4, Failures: 0, Errors: 0, Skipped: 0, Time elapsed: 0.012 s - in com.puppycrawl.tools.checkstyle.DefaultLoggerTest
[INFO] Running com.puppycrawl.tools.checkstyle.PackageObjectFactoryTest
[INFO] Tests run: 14, Failures: 0, Errors: 0, Skipped: 0, Time elapsed: 0.468 s - in com.puppycrawl.tools.checkstyle.PackageObjectFactoryTest
[INFO] Running com.puppycrawl.tools.checkstyle.ThreadModeSettingsTest
[INFO] Tests run: 6, Failures: 0, Errors: 0, Skipped: 0, Time elapsed: 0.091 s - in com.puppycrawl.tools.checkstyle.ThreadModeSettingsTest
[INFO] Running com.puppycrawl.tools.checkstyle.PropertyCacheFileTest
[INFO] Tests run: 16, Failures: 0, Errors: 0, Skipped: 0, Time elapsed: 0.483 s - in com.puppycrawl.tools.checkstyle.PropertyCacheFileTest
[INFO] Running com.puppycrawl.tools.checkstyle.DefinitionsTest
[INFO] Tests run: 1, Failures: 0, Errors: 0, Skipped: 0, Time elapsed: 0 s - in com.puppycrawl.tools.checkstyle.DefinitionsTest
[INFO] Running com.puppycrawl.tools.checkstyle.DefaultConfigurationTest
[INFO] Tests run: 4, Failures: 0, Errors: 0, Skipped: 0, Time elapsed: 0 s - in com.puppycrawl.tools.checkstyle.DefaultConfigurationTest
[INFO] Running com.puppycrawl.tools.checkstyle.TreeWalkerTest
[INFO] Tests run: 27, Failures: 0, Errors: 0, Skipped: 0, Time elapsed: 0.042 s - in com.puppycrawl.tools.checkstyle.TreeWalkerTest
[INFO] Running com.puppycrawl.tools.checkstyle.filefilters.ExclusionBeforeExecutionFileFilterTest
[INFO] Tests run: 4, Failures: 0, Errors: 0, Skipped: 0, Time elapsed: 0.001 s - in com.puppycrawl.tools.checkstyle.filefilters.ExclusionBeforeExecutionFileFilterTest
[INFO] Running com.puppycrawl.tools.checkstyle.JavadocDetailNodeParserTest
[INFO] Tests run: 1, Failures: 0, Errors: 0, Skipped: 0, Time elapsed: 0.008 s - in com.puppycrawl.tools.checkstyle.JavadocDetailNodeParserTest
[INFO] Running com.puppycrawl.tools.checkstyle.AstTreeStringPrinterTest
[INFO] Tests run: 13, Failures: 0, Errors: 0, Skipped: 0, Time elapsed: 0.015 s - in com.puppycrawl.tools.checkstyle.AstTreeStringPrinterTest
[INFO] Running com.puppycrawl.tools.checkstyle.DetailNodeTreeStringPrinterTest
[INFO] Tests run: 13, Failures: 0, Errors: 0, Skipped: 0, Time elapsed: 0.015 s - in com.puppycrawl.tools.checkstyle.DetailNodeTreeStringPrinterTest
[INFO] Running com.puppycrawl.tools.checkstyle.AuditEventDefaultFormatterTest
[INFO] Tests run: 6, Failures: 0, Errors: 0, Skipped: 0, Time elapsed: 0.222 s - in com.puppycrawl.tools.checkstyle.AuditEventDefaultFormatterTest
[INFO] 
[INFO] Results:
[INFO] 
[INFO] Tests run: 2452, Failures: 0, Errors: 0, Skipped: 0
[INFO] 
[INFO] 
[INFO] --- xml-maven-plugin:1.0.1:validate (default) @ checkstyle ---
[INFO] No matching files found for ValidationSet with public ID null, system ID src/main/resources/com/puppycrawl/tools/checkstyle/packages_1_0.dtd.
[INFO] 
[INFO] --- maven-jar-plugin:3.0.2:jar (default-jar) @ checkstyle ---
[INFO] Building jar: /home/travis/build/checkstyle/checkstyle/target/checkstyle-8.2-SNAPSHOT.jar
[INFO] 
[INFO] --- maven-jar-plugin:3.0.2:test-jar (default) @ checkstyle ---
[INFO] Building jar: /home/travis/build/checkstyle/checkstyle/target/checkstyle-8.2-SNAPSHOT-tests.jar
[INFO] 
[INFO] --- maven-failsafe-plugin:2.20:integration-test (integration-test) @ checkstyle ---
[INFO] 
[INFO] -------------------------------------------------------
[INFO]  T E S T S
[INFO] -------------------------------------------------------
[INFO] Running com.google.checkstyle.test.chapter4formatting.rule451wheretobreak.OperatorWrapTest
[INFO] Tests run: 1, Failures: 0, Errors: 0, Skipped: 0, Time elapsed: 1.007 s - in com.google.checkstyle.test.chapter4formatting.rule451wheretobreak.OperatorWrapTest
[INFO] Running com.google.checkstyle.test.chapter4formatting.rule451wheretobreak.SeparatorWrapTest
[INFO] Tests run: 5, Failures: 0, Errors: 0, Skipped: 0, Time elapsed: 0.069 s - in com.google.checkstyle.test.chapter4formatting.rule451wheretobreak.SeparatorWrapTest
[INFO] Running com.google.checkstyle.test.chapter4formatting.rule451wheretobreak.MethodParamPadTest
[INFO] Tests run: 1, Failures: 0, Errors: 0, Skipped: 0, Time elapsed: 0.044 s - in com.google.checkstyle.test.chapter4formatting.rule451wheretobreak.MethodParamPadTest
[INFO] Running com.google.checkstyle.test.chapter4formatting.rule4861blockcommentstyle.CommentsIndentationTest
[INFO] Tests run: 4, Failures: 0, Errors: 0, Skipped: 0, Time elapsed: 0.143 s - in com.google.checkstyle.test.chapter4formatting.rule4861blockcommentstyle.CommentsIndentationTest
[INFO] Running com.google.checkstyle.test.chapter4formatting.rule4842fallthrough.FallThroughTest
[INFO] Tests run: 1, Failures: 0, Errors: 0, Skipped: 0, Time elapsed: 0.036 s - in com.google.checkstyle.test.chapter4formatting.rule4842fallthrough.FallThroughTest
[INFO] Running com.google.checkstyle.test.chapter4formatting.rule4841indentation.IndentationTest
[INFO] Tests run: 7, Failures: 0, Errors: 0, Skipped: 0, Time elapsed: 0.138 s - in com.google.checkstyle.test.chapter4formatting.rule4841indentation.IndentationTest
[INFO] Running com.google.checkstyle.test.chapter4formatting.rule412nonemptyblocks.RightCurlyTest
[INFO] Tests run: 6, Failures: 0, Errors: 0, Skipped: 0, Time elapsed: 0.061 s - in com.google.checkstyle.test.chapter4formatting.rule412nonemptyblocks.RightCurlyTest
[INFO] Running com.google.checkstyle.test.chapter4formatting.rule412nonemptyblocks.LeftCurlyTest
[INFO] Tests run: 3, Failures: 0, Errors: 0, Skipped: 0, Time elapsed: 0.032 s - in com.google.checkstyle.test.chapter4formatting.rule412nonemptyblocks.LeftCurlyTest
[INFO] Running com.google.checkstyle.test.chapter4formatting.rule485annotations.AnnotationLocationTest
[INFO] Tests run: 2, Failures: 0, Errors: 0, Skipped: 0, Time elapsed: 0.098 s - in com.google.checkstyle.test.chapter4formatting.rule485annotations.AnnotationLocationTest
[INFO] Running com.google.checkstyle.test.chapter4formatting.rule413emptyblocks.EmptyBlockTest
[INFO] Tests run: 2, Failures: 0, Errors: 0, Skipped: 0, Time elapsed: 0.035 s - in com.google.checkstyle.test.chapter4formatting.rule413emptyblocks.EmptyBlockTest
[INFO] Running com.google.checkstyle.test.chapter4formatting.rule413emptyblocks.EmptyCatchBlockTest
[INFO] Tests run: 4, Failures: 0, Errors: 0, Skipped: 0, Time elapsed: 0.032 s - in com.google.checkstyle.test.chapter4formatting.rule413emptyblocks.EmptyCatchBlockTest
[INFO] Running com.google.checkstyle.test.chapter4formatting.rule4843defaultcasepresent.MissingSwitchDefaultTest
[INFO] Tests run: 1, Failures: 0, Errors: 0, Skipped: 0, Time elapsed: 0.008 s - in com.google.checkstyle.test.chapter4formatting.rule4843defaultcasepresent.MissingSwitchDefaultTest
[INFO] Running com.google.checkstyle.test.chapter4formatting.rule462horizontalwhitespace.MethodParamPadTest
[INFO] Tests run: 1, Failures: 0, Errors: 0, Skipped: 0, Time elapsed: 0.008 s - in com.google.checkstyle.test.chapter4formatting.rule462horizontalwhitespace.MethodParamPadTest
[INFO] Running com.google.checkstyle.test.chapter4formatting.rule462horizontalwhitespace.WhitespaceAroundTest
[INFO] Tests run: 2, Failures: 0, Errors: 0, Skipped: 0, Time elapsed: 0.025 s - in com.google.checkstyle.test.chapter4formatting.rule462horizontalwhitespace.WhitespaceAroundTest
[INFO] Running com.google.checkstyle.test.chapter4formatting.rule462horizontalwhitespace.GenericWhitespaceTest
[INFO] Tests run: 3, Failures: 0, Errors: 0, Skipped: 0, Time elapsed: 0.021 s - in com.google.checkstyle.test.chapter4formatting.rule462horizontalwhitespace.GenericWhitespaceTest
[INFO] Running com.google.checkstyle.test.chapter4formatting.rule462horizontalwhitespace.ParenPadTest
[INFO] Tests run: 1, Failures: 0, Errors: 0, Skipped: 0, Time elapsed: 0.059 s - in com.google.checkstyle.test.chapter4formatting.rule462horizontalwhitespace.ParenPadTest
[INFO] Running com.google.checkstyle.test.chapter4formatting.rule4822variabledistance.VariableDeclarationUsageDistanceTest
[INFO] Tests run: 1, Failures: 0, Errors: 0, Skipped: 0, Time elapsed: 0.08 s - in com.google.checkstyle.test.chapter4formatting.rule4822variabledistance.VariableDeclarationUsageDistanceTest
[INFO] Running com.google.checkstyle.test.chapter4formatting.rule488numericliterals.UpperEllTest
[INFO] Tests run: 1, Failures: 0, Errors: 0, Skipped: 0, Time elapsed: 0.036 s - in com.google.checkstyle.test.chapter4formatting.rule488numericliterals.UpperEllTest
[INFO] Running com.google.checkstyle.test.chapter4formatting.rule487modifiers.ModifierOrderTest
[INFO] Tests run: 1, Failures: 0, Errors: 0, Skipped: 0, Time elapsed: 0.047 s - in com.google.checkstyle.test.chapter4formatting.rule487modifiers.ModifierOrderTest
[INFO] Running com.google.checkstyle.test.chapter4formatting.rule411bracesareused.NeedBracesTest
[INFO] Tests run: 1, Failures: 0, Errors: 0, Skipped: 0, Time elapsed: 0.044 s - in com.google.checkstyle.test.chapter4formatting.rule411bracesareused.NeedBracesTest
[INFO] Running com.google.checkstyle.test.chapter4formatting.rule43onestatement.OneStatementPerLineTest
[INFO] Tests run: 2, Failures: 0, Errors: 0, Skipped: 0, Time elapsed: 0.067 s - in com.google.checkstyle.test.chapter4formatting.rule43onestatement.OneStatementPerLineTest
[INFO] Running com.google.checkstyle.test.chapter4formatting.rule44columnlimit.LineLengthTest
[INFO] Tests run: 1, Failures: 0, Errors: 0, Skipped: 0, Time elapsed: 0.024 s - in com.google.checkstyle.test.chapter4formatting.rule44columnlimit.LineLengthTest
[INFO] Running com.google.checkstyle.test.chapter4formatting.rule4832nocstylearray.ArrayTypeStyleTest
[INFO] Tests run: 1, Failures: 0, Errors: 0, Skipped: 0, Time elapsed: 0.013 s - in com.google.checkstyle.test.chapter4formatting.rule4832nocstylearray.ArrayTypeStyleTest
[INFO] Running com.google.checkstyle.test.chapter4formatting.rule461verticalwhitespace.EmptyLineSeparatorTest
[INFO] Tests run: 1, Failures: 0, Errors: 0, Skipped: 0, Time elapsed: 0.02 s - in com.google.checkstyle.test.chapter4formatting.rule461verticalwhitespace.EmptyLineSeparatorTest
[INFO] Running com.google.checkstyle.test.chapter4formatting.rule4821onevariableperline.MultipleVariableDeclarationsTest
[INFO] Tests run: 1, Failures: 0, Errors: 0, Skipped: 0, Time elapsed: 0.011 s - in com.google.checkstyle.test.chapter4formatting.rule4821onevariableperline.MultipleVariableDeclarationsTest
[INFO] Running com.google.checkstyle.test.chapter5naming.rule528typevariablenames.InterfaceTypeParameterNameTest
[INFO] Tests run: 1, Failures: 0, Errors: 0, Skipped: 0, Time elapsed: 0.013 s - in com.google.checkstyle.test.chapter5naming.rule528typevariablenames.InterfaceTypeParameterNameTest
[INFO] Running com.google.checkstyle.test.chapter5naming.rule528typevariablenames.ClassTypeParameterNameTest
[INFO] Tests run: 1, Failures: 0, Errors: 0, Skipped: 0, Time elapsed: 0.014 s - in com.google.checkstyle.test.chapter5naming.rule528typevariablenames.ClassTypeParameterNameTest
[INFO] Running com.google.checkstyle.test.chapter5naming.rule528typevariablenames.MethodTypeParameterNameTest
[INFO] Tests run: 1, Failures: 0, Errors: 0, Skipped: 0, Time elapsed: 0.009 s - in com.google.checkstyle.test.chapter5naming.rule528typevariablenames.MethodTypeParameterNameTest
[INFO] Running com.google.checkstyle.test.chapter5naming.rule53camelcase.AbbreviationAsWordInNameTest
[INFO] Tests run: 1, Failures: 0, Errors: 0, Skipped: 0, Time elapsed: 0.012 s - in com.google.checkstyle.test.chapter5naming.rule53camelcase.AbbreviationAsWordInNameTest
[INFO] Running com.google.checkstyle.test.chapter5naming.rule521packagenames.PackageNameTest
[INFO] Tests run: 4, Failures: 0, Errors: 0, Skipped: 0, Time elapsed: 0.019 s - in com.google.checkstyle.test.chapter5naming.rule521packagenames.PackageNameTest
[INFO] Running com.google.checkstyle.test.chapter5naming.rule525nonconstantfieldnames.MemberNameTest
[INFO] Tests run: 2, Failures: 0, Errors: 0, Skipped: 0, Time elapsed: 0.02 s - in com.google.checkstyle.test.chapter5naming.rule525nonconstantfieldnames.MemberNameTest
[INFO] Running com.google.checkstyle.test.chapter5naming.rule523methodnames.MethodNameTest
[INFO] Tests run: 1, Failures: 0, Errors: 0, Skipped: 0, Time elapsed: 0.007 s - in com.google.checkstyle.test.chapter5naming.rule523methodnames.MethodNameTest
[INFO] Running com.google.checkstyle.test.chapter5naming.rule51identifiernames.CatchParameterNameTest
[INFO] Tests run: 1, Failures: 0, Errors: 0, Skipped: 0, Time elapsed: 0.007 s - in com.google.checkstyle.test.chapter5naming.rule51identifiernames.CatchParameterNameTest
[INFO] Running com.google.checkstyle.test.chapter5naming.rule527localvariablenames.LocalVariableNameTest
[INFO] Tests run: 2, Failures: 0, Errors: 0, Skipped: 0, Time elapsed: 0.015 s - in com.google.checkstyle.test.chapter5naming.rule527localvariablenames.LocalVariableNameTest
[INFO] Running com.google.checkstyle.test.chapter5naming.rule522typenames.TypeNameTest
[INFO] Tests run: 1, Failures: 0, Errors: 0, Skipped: 0, Time elapsed: 0.006 s - in com.google.checkstyle.test.chapter5naming.rule522typenames.TypeNameTest
[INFO] Running com.google.checkstyle.test.chapter5naming.rule526parameternames.ParameterNameTest
[INFO] Tests run: 1, Failures: 0, Errors: 0, Skipped: 0, Time elapsed: 0.009 s - in com.google.checkstyle.test.chapter5naming.rule526parameternames.ParameterNameTest
[INFO] Running com.google.checkstyle.test.chapter7javadoc.rule711generalform.SingleLineJavadocTest
[INFO] Tests run: 1, Failures: 0, Errors: 0, Skipped: 0, Time elapsed: 0.169 s - in com.google.checkstyle.test.chapter7javadoc.rule711generalform.SingleLineJavadocTest
[INFO] Running com.google.checkstyle.test.chapter7javadoc.rule713atclauses.JavadocTagContinuationIndentationTest
[INFO] Tests run: 1, Failures: 0, Errors: 0, Skipped: 0, Time elapsed: 0.135 s - in com.google.checkstyle.test.chapter7javadoc.rule713atclauses.JavadocTagContinuationIndentationTest
[INFO] Running com.google.checkstyle.test.chapter7javadoc.rule713atclauses.NonEmptyAtclauseDescriptionTest
[INFO] Tests run: 2, Failures: 0, Errors: 0, Skipped: 0, Time elapsed: 0.048 s - in com.google.checkstyle.test.chapter7javadoc.rule713atclauses.NonEmptyAtclauseDescriptionTest
[INFO] Running com.google.checkstyle.test.chapter7javadoc.rule713atclauses.AtclauseOrderTest
[INFO] Tests run: 2, Failures: 0, Errors: 0, Skipped: 0, Time elapsed: 0.116 s - in com.google.checkstyle.test.chapter7javadoc.rule713atclauses.AtclauseOrderTest
[INFO] Running com.google.checkstyle.test.chapter7javadoc.rule72thesummaryfragment.SummaryJavadocTest
[INFO] Tests run: 2, Failures: 0, Errors: 0, Skipped: 0, Time elapsed: 0.079 s - in com.google.checkstyle.test.chapter7javadoc.rule72thesummaryfragment.SummaryJavadocTest
[INFO] Running com.google.checkstyle.test.chapter7javadoc.rule712paragraphs.JavadocParagraphTest
[INFO] Tests run: 2, Failures: 0, Errors: 0, Skipped: 0, Time elapsed: 0.175 s - in com.google.checkstyle.test.chapter7javadoc.rule712paragraphs.JavadocParagraphTest
[INFO] Running com.google.checkstyle.test.chapter7javadoc.rule731selfexplanatory.JavadocMethodTest
[INFO] Tests run: 1, Failures: 0, Errors: 0, Skipped: 0, Time elapsed: 0.017 s - in com.google.checkstyle.test.chapter7javadoc.rule731selfexplanatory.JavadocMethodTest
[INFO] Running com.google.checkstyle.test.chapter2filebasic.rule21filename.OuterTypeFilenameTest
[INFO] Tests run: 3, Failures: 0, Errors: 0, Skipped: 0, Time elapsed: 0.021 s - in com.google.checkstyle.test.chapter2filebasic.rule21filename.OuterTypeFilenameTest
[INFO] Running com.google.checkstyle.test.chapter2filebasic.rule233nonascii.AvoidEscapedUnicodeCharactersTest
[INFO] Tests run: 1, Failures: 0, Errors: 0, Skipped: 0, Time elapsed: 0.032 s - in com.google.checkstyle.test.chapter2filebasic.rule233nonascii.AvoidEscapedUnicodeCharactersTest
[INFO] Running com.google.checkstyle.test.chapter2filebasic.rule231filetab.FileTabCharacterTest
[INFO] Tests run: 1, Failures: 0, Errors: 0, Skipped: 0, Time elapsed: 0.019 s - in com.google.checkstyle.test.chapter2filebasic.rule231filetab.FileTabCharacterTest
[INFO] Running com.google.checkstyle.test.chapter2filebasic.rule232specialescape.IllegalTokenTextTest
[INFO] Tests run: 1, Failures: 0, Errors: 0, Skipped: 0, Time elapsed: 0.017 s - in com.google.checkstyle.test.chapter2filebasic.rule232specialescape.IllegalTokenTextTest
[INFO] Running com.google.checkstyle.test.chapter3filestructure.rule32packagestate.LineLengthTest
[INFO] Tests run: 1, Failures: 0, Errors: 0, Skipped: 0, Time elapsed: 0.016 s - in com.google.checkstyle.test.chapter3filestructure.rule32packagestate.LineLengthTest
[INFO] Running com.google.checkstyle.test.chapter3filestructure.rule332nolinewrap.NoLineWrapTest
[INFO] Tests run: 3, Failures: 0, Errors: 0, Skipped: 0, Time elapsed: 0.022 s - in com.google.checkstyle.test.chapter3filestructure.rule332nolinewrap.NoLineWrapTest
[INFO] Running com.google.checkstyle.test.chapter3filestructure.rule3421overloadsplit.OverloadMethodsDeclarationOrderTest
[INFO] Tests run: 1, Failures: 0, Errors: 0, Skipped: 0, Time elapsed: 0.009 s - in com.google.checkstyle.test.chapter3filestructure.rule3421overloadsplit.OverloadMethodsDeclarationOrderTest
[INFO] Running com.google.checkstyle.test.chapter3filestructure.rule341onetoplevel.OneTopLevelClassTest
[INFO] Tests run: 4, Failures: 0, Errors: 0, Skipped: 0, Time elapsed: 0.024 s - in com.google.checkstyle.test.chapter3filestructure.rule341onetoplevel.OneTopLevelClassTest
[INFO] Running com.google.checkstyle.test.chapter3filestructure.rule331nowildcard.AvoidStarImportTest
[INFO] Tests run: 1, Failures: 0, Errors: 0, Skipped: 0, Time elapsed: 0.008 s - in com.google.checkstyle.test.chapter3filestructure.rule331nowildcard.AvoidStarImportTest
[INFO] Running com.google.checkstyle.test.chapter3filestructure.rule333orderingandspacing.CustomImportOrderTest
[INFO] Tests run: 5, Failures: 0, Errors: 0, Skipped: 0, Time elapsed: 0.044 s - in com.google.checkstyle.test.chapter3filestructure.rule333orderingandspacing.CustomImportOrderTest
[INFO] Running com.google.checkstyle.test.chapter3filestructure.rule3sourcefile.EmptyLineSeparatorTest
[INFO] Tests run: 1, Failures: 0, Errors: 0, Skipped: 0, Time elapsed: 0.014 s - in com.google.checkstyle.test.chapter3filestructure.rule3sourcefile.EmptyLineSeparatorTest
[INFO] Running com.google.checkstyle.test.chapter6programpractice.rule62donotignoreexceptions.EmptyBlockTest
[INFO] Tests run: 1, Failures: 0, Errors: 0, Skipped: 0, Time elapsed: 0.012 s - in com.google.checkstyle.test.chapter6programpractice.rule62donotignoreexceptions.EmptyBlockTest
[INFO] Running com.google.checkstyle.test.chapter6programpractice.rule64finalizers.NoFinalizerTest
[INFO] Tests run: 2, Failures: 0, Errors: 0, Skipped: 0, Time elapsed: 0.023 s - in com.google.checkstyle.test.chapter6programpractice.rule64finalizers.NoFinalizerTest
[INFO] 
[INFO] Results:
[INFO] 
[INFO] Tests run: 106, Failures: 0, Errors: 0, Skipped: 0
[INFO] 
[INFO] 
[INFO] --- maven-failsafe-plugin:2.20:verify (default-cli) @ checkstyle ---
[INFO] ------------------------------------------------------------------------
[INFO] BUILD SUCCESS
[INFO] ------------------------------------------------------------------------
[INFO] Total time: 01:06 min
[INFO] Finished at: 2017-08-27T00:46:40+00:00
[INFO] Final Memory: 47M/476M
[INFO] ------------------------------------------------------------------------
eval of CMD is completed

travis_time:end:09d8c780:start=1503794732901562973,finish=1503794800770782076,duration=67869219103[0K
[32;1mThe command "set -e
if [[ $SKIP_CI == 'false' ]];
then
     eval $CMD;
     echo "eval of CMD is completed"
fi
" exited with 0.[0m
travis_fold:start:cache.2[0Kstore build cache
travis_time:start:26ed5673[0K
travis_time:end:26ed5673:start=1503794800776375766,finish=1503794800780607104,duration=4231338[0Ktravis_time:start:0da3fcc8[0K[32;1mchange detected (content changed, file is created, or file is deleted):
/home/travis/.m2/repository/junit/junit-dep/resolver-status.properties
/home/travis/.m2/repository/net/sf/saxon/Saxon-HE/9.8.0-4/_remote.repositories
/home/travis/.m2/repository/net/sf/saxon/Saxon-HE/9.8.0-4/Saxon-HE-9.8.0-4.jar
/home/travis/.m2/repository/net/sf/saxon/Saxon-HE/9.8.0-4/Saxon-HE-9.8.0-4.jar.sha1
/home/travis/.m2/repository/net/sf/saxon/Saxon-HE/9.8.0-4/Saxon-HE-9.8.0-4.pom
/home/travis/.m2/repository/net/sf/saxon/Saxon-HE/9.8.0-4/Saxon-HE-9.8.0-4.pom.sha1
/home/travis/.m2/repository/org/codehaus/mojo/findbugs-maven-plugin/3.0.5/findbugs-maven-plugin-3.0.5.jar
/home/travis/.m2/repository/org/codehaus/mojo/findbugs-maven-plugin/3.0.5/findbugs-maven-plugin-3.0.5.jar.lastUpdated
/home/travis/.m2/repository/org/codehaus/mojo/findbugs-maven-plugin/3.0.5/findbugs-maven-plugin-3.0.5.jar.sha1
/home/travis/.m2/repository/org/codehaus/mojo/findbugs-maven-plugin/3.0.5/findbugs-maven-plugin-3.0.5.pom
/home/travis/.m2/repository/org/codehaus/mojo/findbugs-maven-plugin/3.0.5/findbugs-m
[0m
[32;1m...
[0m
[32;1mchanges detected, packing new archive[0m
[32;1muploading archive[0m

travis_time:end:0da3fcc8:start=1503794800785364178,finish=1503794807186609569,duration=6401245391[0Ktravis_fold:end:cache.2[0Ktravis_fold:start:after_success.1[0Ktravis_time:start:085900e0[0K$ set -e
    if [[ -n $CMD_AFTER_SUCCESS
          && $SKIP_CI == 'false'
       ]];
    then
        eval $CMD_AFTER_SUCCESS;
        echo "CMD_AFTER_SUCCESS is finished";
    fi
    

travis_time:end:085900e0:start=1503794807192895218,finish=1503794807197574153,duration=4678935[0Ktravis_fold:end:after_success.1[0Ktravis_fold:start:after_success.2[0Ktravis_time:start:012bdb5b[0K$ set -e
    SKIP_DEPLOY=$(if [ $(git log -1 | grep -E "\[maven-release-plugin\] prepare release" | cat | wc -l) -lt 1 ]; then echo false; else echo true; fi;)
    if [[ $TRAVIS_REPO_SLUG == 'checkstyle/checkstyle'
            && $TRAVIS_BRANCH == 'master'
            && $TRAVIS_PULL_REQUEST == 'false'
            && $DEPLOY == 'true'
            && $SKIP_CI == 'false'
            && $SKIP_DEPLOY == 'false'
       ]];
    then
        mvn -s config/deploy-settings.xml -Pno-validations deploy;
        echo "deploy to maven snapshot repository is finished";
    fi
    

travis_time:end:012bdb5b:start=1503794807203523155,finish=1503794807213313023,duration=9789868[0Ktravis_fold:end:after_success.2[0K
Done. Your build exited with 0.
