travis_fold:start:worker_info[0K[33;1mWorker information[0m
hostname: i-071dc31-precise-production-2-worker-org-docker.travisci.net:cc508bba-82d0-4789-91ef-8ec5d58aac35
version: v2.5.0 https://github.com/travis-ci/worker/tree/da3a43228dffc0fcca5a46569ca786b22991979f
instance: a526422:travis:java
startup: 655.219052ms
travis_fold:end:worker_info[0Ktravis_fold:start:system_info[0K[33;1mBuild system information[0m
Build language: java
Build group: stable
Build dist: precise
Build id: 211444744
Job id: 211444745
travis-build version: fd254b3f1
[34m[1mBuild image provisioning date and time[0m
Thu Feb  5 15:09:33 UTC 2015
[34m[1mOperating System Details[0m
Distributor ID:	Ubuntu
Description:	Ubuntu 12.04.5 LTS
Release:	12.04
Codename:	precise
[34m[1mLinux Version[0m
3.13.0-29-generic
[34m[1mCookbooks Version[0m
a68419e https://github.com/travis-ci/travis-cookbooks/tree/a68419e
[34m[1mGCC version[0m
gcc (Ubuntu/Linaro 4.6.3-1ubuntu5) 4.6.3
Copyright (C) 2011 Free Software Foundation, Inc.
This is free software; see the source for copying conditions.  There is NO
warranty; not even for MERCHANTABILITY or FITNESS FOR A PARTICULAR PURPOSE.

[34m[1mLLVM version[0m
clang version 3.4 (tags/RELEASE_34/final)
Target: x86_64-unknown-linux-gnu
Thread model: posix
[34m[1mPre-installed Ruby versions[0m
ruby-1.9.3-p551
[34m[1mPre-installed Node.js versions[0m
v0.10.36
[34m[1mPre-installed Go versions[0m
1.4.1
[34m[1mRedis version[0m
redis-server 2.8.19
[34m[1mriak version[0m
2.0.2
[34m[1mMongoDB version[0m
MongoDB 2.4.12
[34m[1mCouchDB version[0m
couchdb 1.6.1
[34m[1mNeo4j version[0m
1.9.4
[34m[1mRabbitMQ Version[0m
3.4.3
[34m[1mElasticSearch version[0m
1.4.0
[34m[1mInstalled Sphinx versions[0m
2.0.10
2.1.9
2.2.6
[34m[1mDefault Sphinx version[0m
2.2.6
[34m[1mInstalled Firefox version[0m
firefox 31.0esr
[34m[1mPhantomJS version[0m
1.9.8
[34m[1mant -version[0m
Apache Ant(TM) version 1.8.2 compiled on December 3 2011
[34m[1mmvn -version[0m
Apache Maven 3.2.5 (12a6b3acb947671f09b81f49094c53f426d8cea1; 2014-12-14T17:29:23+00:00)
Maven home: /usr/local/maven
Java version: 1.7.0_76, vendor: Oracle Corporation
Java home: /usr/lib/jvm/java-7-oracle/jre
Default locale: en_US, platform encoding: ANSI_X3.4-1968
OS name: "linux", version: "3.13.0-29-generic", arch: "amd64", family: "unix"
travis_fold:end:system_info[0K
travis_fold:start:fix.CVE-2015-7547[0K$ export DEBIAN_FRONTEND=noninteractive
Reading package lists...
Building dependency tree...
Reading state information...
The following extra packages will be installed:
  libc-bin libc-dev-bin libc6-dev
Suggested packages:
  glibc-doc
The following packages will be upgraded:
  libc-bin libc-dev-bin libc6 libc6-dev
4 upgraded, 0 newly installed, 0 to remove and 272 not upgraded.
Need to get 8,840 kB of archives.
After this operation, 14.3 kB disk space will be freed.
Get:1 http://us.archive.ubuntu.com/ubuntu/ precise-updates/main libc6-dev amd64 2.15-0ubuntu10.15 [2,943 kB]
Get:2 http://us.archive.ubuntu.com/ubuntu/ precise-updates/main libc-dev-bin amd64 2.15-0ubuntu10.15 [84.7 kB]
Get:3 http://us.archive.ubuntu.com/ubuntu/ precise-updates/main libc-bin amd64 2.15-0ubuntu10.15 [1,177 kB]
Get:4 http://us.archive.ubuntu.com/ubuntu/ precise-updates/main libc6 amd64 2.15-0ubuntu10.15 [4,636 kB]
Fetched 8,840 kB in 0s (29.9 MB/s)
Preconfiguring packages ...
(Reading database ... (Reading database ... 5%(Reading database ... 10%(Reading database ... 15%(Reading database ... 20%(Reading database ... 25%(Reading database ... 30%(Reading database ... 35%(Reading database ... 40%(Reading database ... 45%(Reading database ... 50%(Reading database ... 55%(Reading database ... 60%(Reading database ... 65%(Reading database ... 70%(Reading database ... 75%(Reading database ... 80%(Reading database ... 85%(Reading database ... 90%(Reading database ... 95%(Reading database ... 100%(Reading database ... 72019 files and directories currently installed.)
Preparing to replace libc6-dev 2.15-0ubuntu10.10 (using .../libc6-dev_2.15-0ubuntu10.15_amd64.deb) ...
Unpacking replacement libc6-dev ...
Preparing to replace libc-dev-bin 2.15-0ubuntu10.10 (using .../libc-dev-bin_2.15-0ubuntu10.15_amd64.deb) ...
Unpacking replacement libc-dev-bin ...
Preparing to replace libc-bin 2.15-0ubuntu10.10 (using .../libc-bin_2.15-0ubuntu10.15_amd64.deb) ...
Unpacking replacement libc-bin ...
Processing triggers for man-db ...
Setting up libc-bin (2.15-0ubuntu10.15) ...
(Reading database ... (Reading database ... 5%(Reading database ... 10%(Reading database ... 15%(Reading database ... 20%(Reading database ... 25%(Reading database ... 30%(Reading database ... 35%(Reading database ... 40%(Reading database ... 45%(Reading database ... 50%(Reading database ... 55%(Reading database ... 60%(Reading database ... 65%(Reading database ... 70%(Reading database ... 75%(Reading database ... 80%(Reading database ... 85%(Reading database ... 90%(Reading database ... 95%(Reading database ... 100%(Reading database ... 72018 files and directories currently installed.)
Preparing to replace libc6 2.15-0ubuntu10.10 (using .../libc6_2.15-0ubuntu10.15_amd64.deb) ...
Unpacking replacement libc6 ...
Setting up libc6 (2.15-0ubuntu10.15) ...
Setting up libc-dev-bin (2.15-0ubuntu10.15) ...
Setting up libc6-dev (2.15-0ubuntu10.15) ...
Processing triggers for libc-bin ...
ldconfig deferred processing now taking place
travis_fold:end:fix.CVE-2015-7547[0K$ jdk_switcher use oraclejdk8
Switching to Oracle JDK8 (java-8-oracle), JAVA_HOME will be set to /usr/lib/jvm/java-8-oracle
travis_fold:start:git.checkout[0Ktravis_time:start:0279e013[0K$ git clone --depth=50 --branch=spatial https://github.com/graphhopper/graphhopper.git graphhopper/graphhopper
Cloning into 'graphhopper/graphhopper'...
remote: Counting objects: 2480, done.[K
remote: Compressing objects:   0% (1/1490)   [Kremote: Compressing objects:   1% (15/1490)   [Kremote: Compressing objects:   2% (30/1490)   [Kremote: Compressing objects:   3% (45/1490)   [Kremote: Compressing objects:   4% (60/1490)   [Kremote: Compressing objects:   5% (75/1490)   [Kremote: Compressing objects:   6% (90/1490)   [Kremote: Compressing objects:   7% (105/1490)   [Kremote: Compressing objects:   8% (120/1490)   [Kremote: Compressing objects:   9% (135/1490)   [Kremote: Compressing objects:  10% (149/1490)   [Kremote: Compressing objects:  11% (164/1490)   [Kremote: Compressing objects:  12% (179/1490)   [Kremote: Compressing objects:  13% (194/1490)   [Kremote: Compressing objects:  14% (209/1490)   [Kremote: Compressing objects:  15% (224/1490)   [Kremote: Compressing objects:  16% (239/1490)   [Kremote: Compressing objects:  17% (254/1490)   [Kremote: Compressing objects:  18% (269/1490)   [Kremote: Compressing objects:  19% (284/1490)   [Kremote: Compressing objects:  20% (298/1490)   [Kremote: Compressing objects:  21% (313/1490)   [Kremote: Compressing objects:  22% (328/1490)   [Kremote: Compressing objects:  23% (343/1490)   [Kremote: Compressing objects:  24% (358/1490)   [Kremote: Compressing objects:  25% (373/1490)   [Kremote: Compressing objects:  26% (388/1490)   [Kremote: Compressing objects:  27% (403/1490)   [Kremote: Compressing objects:  28% (418/1490)   [Kremote: Compressing objects:  29% (433/1490)   [Kremote: Compressing objects:  30% (447/1490)   [Kremote: Compressing objects:  31% (462/1490)   [Kremote: Compressing objects:  32% (477/1490)   [Kremote: Compressing objects:  33% (492/1490)   [Kremote: Compressing objects:  34% (507/1490)   [Kremote: Compressing objects:  35% (522/1490)   [Kremote: Compressing objects:  36% (537/1490)   [Kremote: Compressing objects:  37% (552/1490)   [Kremote: Compressing objects:  38% (567/1490)   [Kremote: Compressing objects:  39% (582/1490)   [Kremote: Compressing objects:  40% (596/1490)   [Kremote: Compressing objects:  41% (611/1490)   [Kremote: Compressing objects:  42% (626/1490)   [Kremote: Compressing objects:  43% (641/1490)   [Kremote: Compressing objects:  44% (656/1490)   [Kremote: Compressing objects:  45% (671/1490)   [Kremote: Compressing objects:  46% (686/1490)   [Kremote: Compressing objects:  47% (701/1490)   [Kremote: Compressing objects:  48% (716/1490)   [Kremote: Compressing objects:  49% (731/1490)   [Kremote: Compressing objects:  50% (745/1490)   [Kremote: Compressing objects:  51% (760/1490)   [Kremote: Compressing objects:  52% (775/1490)   [Kremote: Compressing objects:  53% (790/1490)   [Kremote: Compressing objects:  54% (805/1490)   [Kremote: Compressing objects:  55% (820/1490)   [Kremote: Compressing objects:  56% (835/1490)   [Kremote: Compressing objects:  57% (850/1490)   [Kremote: Compressing objects:  58% (865/1490)   [Kremote: Compressing objects:  59% (880/1490)   [Kremote: Compressing objects:  60% (894/1490)   [Kremote: Compressing objects:  61% (909/1490)   [Kremote: Compressing objects:  62% (924/1490)   [Kremote: Compressing objects:  63% (939/1490)   [Kremote: Compressing objects:  64% (954/1490)   [Kremote: Compressing objects:  65% (969/1490)   [Kremote: Compressing objects:  66% (984/1490)   [Kremote: Compressing objects:  67% (999/1490)   [Kremote: Compressing objects:  68% (1014/1490)   [Kremote: Compressing objects:  69% (1029/1490)   [Kremote: Compressing objects:  70% (1043/1490)   [Kremote: Compressing objects:  71% (1058/1490)   [Kremote: Compressing objects:  72% (1073/1490)   [Kremote: Compressing objects:  73% (1088/1490)   [Kremote: Compressing objects:  74% (1103/1490)   [Kremote: Compressing objects:  75% (1118/1490)   [Kremote: Compressing objects:  76% (1133/1490)   [Kremote: Compressing objects:  77% (1148/1490)   [Kremote: Compressing objects:  78% (1163/1490)   [Kremote: Compressing objects:  79% (1178/1490)   [Kremote: Compressing objects:  80% (1192/1490)   [Kremote: Compressing objects:  81% (1207/1490)   [Kremote: Compressing objects:  82% (1222/1490)   [Kremote: Compressing objects:  83% (1237/1490)   [Kremote: Compressing objects:  84% (1252/1490)   [Kremote: Compressing objects:  85% (1267/1490)   [Kremote: Compressing objects:  86% (1282/1490)   [Kremote: Compressing objects:  87% (1297/1490)   [Kremote: Compressing objects:  88% (1312/1490)   [Kremote: Compressing objects:  89% (1327/1490)   [Kremote: Compressing objects:  90% (1341/1490)   [Kremote: Compressing objects:  91% (1356/1490)   [Kremote: Compressing objects:  92% (1371/1490)   [Kremote: Compressing objects:  93% (1386/1490)   [Kremote: Compressing objects:  94% (1401/1490)   [Kremote: Compressing objects:  95% (1416/1490)   [Kremote: Compressing objects:  96% (1431/1490)   [Kremote: Compressing objects:  97% (1446/1490)   [Kremote: Compressing objects:  98% (1461/1490)   [Kremote: Compressing objects:  99% (1476/1490)   [Kremote: Compressing objects: 100% (1490/1490)   [Kremote: Compressing objects: 100% (1490/1490), done.[K
Receiving objects:   0% (1/2480)   Receiving objects:   1% (25/2480)   Receiving objects:   2% (50/2480)   Receiving objects:   3% (75/2480)   Receiving objects:   4% (100/2480)   Receiving objects:   5% (124/2480)   Receiving objects:   6% (149/2480)   Receiving objects:   7% (174/2480), 11.81 MiB | 23.56 MiB/s   Receiving objects:   8% (199/2480), 11.81 MiB | 23.56 MiB/s   Receiving objects:   9% (224/2480), 11.81 MiB | 23.56 MiB/s   Receiving objects:  10% (248/2480), 11.81 MiB | 23.56 MiB/s   Receiving objects:  11% (273/2480), 11.81 MiB | 23.56 MiB/s   Receiving objects:  12% (298/2480), 11.81 MiB | 23.56 MiB/s   Receiving objects:  13% (323/2480), 11.81 MiB | 23.56 MiB/s   Receiving objects:  14% (348/2480), 11.81 MiB | 23.56 MiB/s   Receiving objects:  15% (372/2480), 11.81 MiB | 23.56 MiB/s   Receiving objects:  16% (397/2480), 11.81 MiB | 23.56 MiB/s   Receiving objects:  17% (422/2480), 11.81 MiB | 23.56 MiB/s   Receiving objects:  18% (447/2480), 11.81 MiB | 23.56 MiB/s   Receiving objects:  19% (472/2480), 11.81 MiB | 23.56 MiB/s   Receiving objects:  20% (496/2480), 11.81 MiB | 23.56 MiB/s   Receiving objects:  21% (521/2480), 11.81 MiB | 23.56 MiB/s   Receiving objects:  22% (546/2480), 11.81 MiB | 23.56 MiB/s   Receiving objects:  23% (571/2480), 11.81 MiB | 23.56 MiB/s   Receiving objects:  24% (596/2480), 11.81 MiB | 23.56 MiB/s   Receiving objects:  25% (620/2480), 11.81 MiB | 23.56 MiB/s   Receiving objects:  26% (645/2480), 11.81 MiB | 23.56 MiB/s   Receiving objects:  27% (670/2480), 11.81 MiB | 23.56 MiB/s   Receiving objects:  28% (695/2480), 11.81 MiB | 23.56 MiB/s   Receiving objects:  29% (720/2480), 11.81 MiB | 23.56 MiB/s   Receiving objects:  30% (744/2480), 11.81 MiB | 23.56 MiB/s   Receiving objects:  31% (769/2480), 11.81 MiB | 23.56 MiB/s   Receiving objects:  32% (794/2480), 11.81 MiB | 23.56 MiB/s   Receiving objects:  33% (819/2480), 11.81 MiB | 23.56 MiB/s   Receiving objects:  34% (844/2480), 11.81 MiB | 23.56 MiB/s   Receiving objects:  35% (868/2480), 11.81 MiB | 23.56 MiB/s   Receiving objects:  36% (893/2480), 11.81 MiB | 23.56 MiB/s   Receiving objects:  37% (918/2480), 11.81 MiB | 23.56 MiB/s   Receiving objects:  38% (943/2480), 11.81 MiB | 23.56 MiB/s   Receiving objects:  39% (968/2480), 11.81 MiB | 23.56 MiB/s   Receiving objects:  40% (992/2480), 11.81 MiB | 23.56 MiB/s   Receiving objects:  41% (1017/2480), 11.81 MiB | 23.56 MiB/s   Receiving objects:  42% (1042/2480), 11.81 MiB | 23.56 MiB/s   Receiving objects:  43% (1067/2480), 11.81 MiB | 23.56 MiB/s   Receiving objects:  44% (1092/2480), 11.81 MiB | 23.56 MiB/s   Receiving objects:  45% (1116/2480), 11.81 MiB | 23.56 MiB/s   Receiving objects:  46% (1141/2480), 11.81 MiB | 23.56 MiB/s   Receiving objects:  46% (1164/2480), 11.81 MiB | 23.56 MiB/s   Receiving objects:  47% (1166/2480), 11.81 MiB | 23.56 MiB/s   Receiving objects:  48% (1191/2480), 22.89 MiB | 22.84 MiB/s   Receiving objects:  49% (1216/2480), 22.89 MiB | 22.84 MiB/s   Receiving objects:  50% (1240/2480), 22.89 MiB | 22.84 MiB/s   Receiving objects:  51% (1265/2480), 22.89 MiB | 22.84 MiB/s   Receiving objects:  52% (1290/2480), 22.89 MiB | 22.84 MiB/s   Receiving objects:  53% (1315/2480), 22.89 MiB | 22.84 MiB/s   Receiving objects:  54% (1340/2480), 22.89 MiB | 22.84 MiB/s   Receiving objects:  55% (1364/2480), 22.89 MiB | 22.84 MiB/s   Receiving objects:  56% (1389/2480), 22.89 MiB | 22.84 MiB/s   Receiving objects:  57% (1414/2480), 22.89 MiB | 22.84 MiB/s   Receiving objects:  58% (1439/2480), 22.89 MiB | 22.84 MiB/s   Receiving objects:  59% (1464/2480), 22.89 MiB | 22.84 MiB/s   Receiving objects:  60% (1488/2480), 22.89 MiB | 22.84 MiB/s   Receiving objects:  61% (1513/2480), 22.89 MiB | 22.84 MiB/s   Receiving objects:  62% (1538/2480), 22.89 MiB | 22.84 MiB/s   Receiving objects:  63% (1563/2480), 22.89 MiB | 22.84 MiB/s   Receiving objects:  64% (1588/2480), 22.89 MiB | 22.84 MiB/s   Receiving objects:  65% (1612/2480), 22.89 MiB | 22.84 MiB/s   Receiving objects:  66% (1637/2480), 22.89 MiB | 22.84 MiB/s   Receiving objects:  67% (1662/2480), 22.89 MiB | 22.84 MiB/s   Receiving objects:  68% (1687/2480), 22.89 MiB | 22.84 MiB/s   Receiving objects:  69% (1712/2480), 22.89 MiB | 22.84 MiB/s   Receiving objects:  70% (1736/2480), 22.89 MiB | 22.84 MiB/s   Receiving objects:  71% (1761/2480), 22.89 MiB | 22.84 MiB/s   Receiving objects:  72% (1786/2480), 22.89 MiB | 22.84 MiB/s   Receiving objects:  73% (1811/2480), 22.89 MiB | 22.84 MiB/s   Receiving objects:  74% (1836/2480), 22.89 MiB | 22.84 MiB/s   Receiving objects:  75% (1860/2480), 22.89 MiB | 22.84 MiB/s   Receiving objects:  76% (1885/2480), 22.89 MiB | 22.84 MiB/s   Receiving objects:  77% (1910/2480), 22.89 MiB | 22.84 MiB/s   Receiving objects:  78% (1935/2480), 22.89 MiB | 22.84 MiB/s   Receiving objects:  79% (1960/2480), 22.89 MiB | 22.84 MiB/s   Receiving objects:  80% (1984/2480), 22.89 MiB | 22.84 MiB/s   Receiving objects:  81% (2009/2480), 22.89 MiB | 22.84 MiB/s   Receiving objects:  82% (2034/2480), 22.89 MiB | 22.84 MiB/s   Receiving objects:  83% (2059/2480), 22.89 MiB | 22.84 MiB/s   Receiving objects:  84% (2084/2480), 22.89 MiB | 22.84 MiB/s   Receiving objects:  85% (2108/2480), 22.89 MiB | 22.84 MiB/s   Receiving objects:  86% (2133/2480), 22.89 MiB | 22.84 MiB/s   Receiving objects:  87% (2158/2480), 22.89 MiB | 22.84 MiB/s   Receiving objects:  88% (2183/2480), 22.89 MiB | 22.84 MiB/s   Receiving objects:  89% (2208/2480), 22.89 MiB | 22.84 MiB/s   Receiving objects:  90% (2232/2480), 22.89 MiB | 22.84 MiB/s   remote: Total 2480 (delta 991), reused 1729 (delta 611), pack-reused 0[K
Receiving objects:  91% (2257/2480), 22.89 MiB | 22.84 MiB/s   Receiving objects:  92% (2282/2480), 22.89 MiB | 22.84 MiB/s   Receiving objects:  93% (2307/2480), 22.89 MiB | 22.84 MiB/s   Receiving objects:  94% (2332/2480), 22.89 MiB | 22.84 MiB/s   Receiving objects:  95% (2356/2480), 22.89 MiB | 22.84 MiB/s   Receiving objects:  96% (2381/2480), 22.89 MiB | 22.84 MiB/s   Receiving objects:  97% (2406/2480), 22.89 MiB | 22.84 MiB/s   Receiving objects:  98% (2431/2480), 22.89 MiB | 22.84 MiB/s   Receiving objects:  99% (2456/2480), 22.89 MiB | 22.84 MiB/s   Receiving objects: 100% (2480/2480), 22.89 MiB | 22.84 MiB/s   Receiving objects: 100% (2480/2480), 24.19 MiB | 22.84 MiB/s, done.
Resolving deltas:   0% (0/991)   Resolving deltas:   2% (25/991)   Resolving deltas:   3% (31/991)   Resolving deltas:   5% (59/991)   Resolving deltas:   6% (61/991)   Resolving deltas:   7% (75/991)   Resolving deltas:   9% (95/991)   Resolving deltas:  10% (100/991)   Resolving deltas:  11% (116/991)   Resolving deltas:  12% (127/991)   Resolving deltas:  14% (139/991)   Resolving deltas:  15% (149/991)   Resolving deltas:  17% (173/991)   Resolving deltas:  18% (182/991)   Resolving deltas:  19% (190/991)   Resolving deltas:  20% (199/991)   Resolving deltas:  21% (209/991)   Resolving deltas:  22% (222/991)   Resolving deltas:  23% (230/991)   Resolving deltas:  24% (242/991)   Resolving deltas:  25% (250/991)   Resolving deltas:  26% (258/991)   Resolving deltas:  27% (274/991)   Resolving deltas:  28% (278/991)   Resolving deltas:  29% (293/991)   Resolving deltas:  30% (299/991)   Resolving deltas:  31% (310/991)   Resolving deltas:  32% (323/991)   Resolving deltas:  33% (333/991)   Resolving deltas:  34% (339/991)   Resolving deltas:  35% (351/991)   Resolving deltas:  36% (365/991)   Resolving deltas:  38% (386/991)   Resolving deltas:  39% (388/991)   Resolving deltas:  40% (402/991)   Resolving deltas:  41% (409/991)   Resolving deltas:  42% (423/991)   Resolving deltas:  43% (433/991)   Resolving deltas:  44% (439/991)   Resolving deltas:  45% (450/991)   Resolving deltas:  46% (458/991)   Resolving deltas:  47% (466/991)   Resolving deltas:  48% (476/991)   Resolving deltas:  49% (487/991)   Resolving deltas:  50% (496/991)   Resolving deltas:  51% (506/991)   Resolving deltas:  52% (517/991)   Resolving deltas:  53% (526/991)   Resolving deltas:  54% (536/991)   Resolving deltas:  55% (547/991)   Resolving deltas:  56% (557/991)   Resolving deltas:  57% (574/991)   Resolving deltas:  60% (596/991)   Resolving deltas:  61% (606/991)   Resolving deltas:  62% (619/991)   Resolving deltas:  63% (625/991)   Resolving deltas:  64% (638/991)   Resolving deltas:  65% (647/991)   Resolving deltas:  66% (660/991)   Resolving deltas:  67% (665/991)   Resolving deltas:  68% (680/991)   Resolving deltas:  70% (700/991)   Resolving deltas:  72% (717/991)   Resolving deltas:  73% (724/991)   Resolving deltas:  74% (734/991)   Resolving deltas:  75% (747/991)   Resolving deltas:  76% (754/991)   Resolving deltas:  77% (764/991)   Resolving deltas:  78% (773/991)   Resolving deltas:  79% (784/991)   Resolving deltas:  80% (793/991)   Resolving deltas:  81% (803/991)   Resolving deltas:  84% (833/991)   Resolving deltas:  85% (845/991)   Resolving deltas:  86% (854/991)   Resolving deltas:  87% (864/991)   Resolving deltas:  88% (873/991)   Resolving deltas:  89% (883/991)   Resolving deltas:  90% (893/991)   Resolving deltas:  91% (902/991)   Resolving deltas:  92% (914/991)   Resolving deltas:  93% (922/991)   Resolving deltas:  94% (932/991)   Resolving deltas:  95% (942/991)   Resolving deltas:  96% (952/991)   Resolving deltas:  97% (966/991)   Resolving deltas:  98% (975/991)   Resolving deltas:  99% (982/991)   Resolving deltas: 100% (991/991)   Resolving deltas: 100% (991/991), done.
Checking connectivity... done.

travis_time:end:0279e013:start=1489599281997481571,finish=1489599284098992919,duration=2101511348[0K$ cd graphhopper/graphhopper
$ git checkout -qf ad8dd9572136db392c38cd15dbefb1d5f8fa0206
travis_fold:end:git.checkout[0K
[33;1mThis job is running on container-based infrastructure, which does not allow use of 'sudo', setuid and setguid executables.[0m
[33;1mIf you require sudo, add 'sudo: required' to your .travis.yml[0m
[33;1mSee https://docs.travis-ci.com/user/workers/container-based-infrastructure/ for details.[0m

[33;1mSetting environment variables from .travis.yml[0m
$ export BASEURL=https://www-eu.apache.org/dist/maven/maven-3/VERSION/binaries/apache-maven-VERSION-bin.zip
$ export FILE=apache-maven-VERSION-bin.zip
$ export DIR=apache-maven-VERSION
$ export VERSION=3.3.9
$ export CI_DEPLOY_USERNAME=[secure]
$ export CI_DEPLOY_PASSWORD=[secure]

travis_fold:start:cache.1[0KSetting up build cache
$ export CASHER_DIR=$HOME/.casher
travis_time:start:0c5e89d8[0K$ Installing caching utilities

travis_time:end:0c5e89d8:start=1489599288757530409,finish=1489599288798193856,duration=40663447[0Ktravis_time:start:27a0cce4[0K
travis_time:end:27a0cce4:start=1489599288807382017,finish=1489599288813668744,duration=6286727[0Ktravis_time:start:05f8dfd0[0K[32;1mattempting to download cache archive[0m
[32;1mfetching spatial/cache-linux-precise-e3b0c44298fc1c149afbf4c8996fb92427ae41e4649b934ca495991b7852b855--jdk-oraclejdk8.tgz[0m
[32;1mfetching spatial/cache--jdk-oraclejdk8.tgz[0m
[32;1mfetching master/cache-linux-precise-e3b0c44298fc1c149afbf4c8996fb92427ae41e4649b934ca495991b7852b855--jdk-oraclejdk8.tgz[0m
[32;1mfound cache[0m

travis_time:end:05f8dfd0:start=1489599288820693125,finish=1489599290211685884,duration=1390992759[0Ktravis_time:start:001bdd8c[0K
travis_time:end:001bdd8c:start=1489599290216940496,finish=1489599290222559348,duration=5618852[0Ktravis_time:start:1630625e[0K[32;1madding /home/travis/.m2 to cache[0m

travis_time:end:1630625e:start=1489599290227552443,finish=1489599291945280083,duration=1717727640[0Ktravis_fold:end:cache.1[0K$ java -Xmx32m -version
java version "1.8.0_31"
Java(TM) SE Runtime Environment (build 1.8.0_31-b13)
Java HotSpot(TM) 64-Bit Server VM (build 25.31-b07, mixed mode)
$ javac -J-Xmx32m -version
javac 1.8.0_31
travis_fold:start:before_install.1[0Ktravis_time:start:0fbfdc72[0K$ if [ "$TRAVIS_OS_NAME" == "linux" ]; then wget --no-check-certificate $(echo -n $BASEURL | sed -e 's#VERSION#'$VERSION'#g'); unzip -qq $(echo -n $FILE | sed -e 's#VERSION#'$VERSION'#'); export M2_HOME=$PWD/$(echo -n $DIR | sed -e 's#VERSION#'$VERSION'#'); export PATH=$M2_HOME/bin:$PATH; fi
--2017-03-15 17:34:52--  https://www-eu.apache.org/dist/maven/maven-3/3.3.9/binaries/apache-maven-3.3.9-bin.zip
Resolving www-eu.apache.org (www-eu.apache.org)... 88.198.26.2, 2a01:4f8:130:2192::2
Connecting to www-eu.apache.org (www-eu.apache.org)|88.198.26.2|:443... connected.
WARNING: no certificate subject alternative name matches
	requested host name `www-eu.apache.org'.
HTTP request sent, awaiting response... 200 OK
Length: 8617253 (8.2M) [application/zip]
Saving to: `apache-maven-3.3.9-bin.zip'

 0% [                                       ] 0           --.-K/s               0% [                                       ] 40,960       199K/s               2% [                                       ] 188,416      458K/s               5% [=>                                     ] 466,944      757K/s              10% [===>                                   ] 925,696     1.10M/s              19% [======>                                ] 1,662,976   1.58M/s              30% [==========>                            ] 2,613,248   2.07M/s              43% [================>                      ] 3,776,512   2.56M/s              59% [======================>                ] 5,103,616   3.03M/s              77% [=============================>         ] 6,692,864   3.53M/s              98% [=====================================> ] 8,462,336   4.02M/s              100%[======================================>] 8,617,253   4.08M/s   in 2.0s    

2017-03-15 17:34:55 (4.08 MB/s) - `apache-maven-3.3.9-bin.zip' saved [8617253/8617253]


travis_time:end:0fbfdc72:start=1489599292565387004,finish=1489599295318915185,duration=2753528181[0Ktravis_fold:end:before_install.1[0Ktravis_fold:start:before_install.2[0Ktravis_time:start:08f7c1a4[0K$ if [ "$TRAVIS_OS_NAME" == "linux" ] && [ "$JVM" == "latest" ]; then sudo apt-get update -qq; sudo /bin/echo -e oracle-java9-installer shared/accepted-oracle-license-v1-1 select true | sudo debconf-set-selections; sudo apt-get -o Dpkg::Options::="--force-confnew" install -y oracle-java9-installer oracle-java9-set-default oracle-java9-unlimited-jce-policy; sudo update-java-alternatives -s java-9-oracle; fi

travis_time:end:08f7c1a4:start=1489599295326603414,finish=1489599295332350420,duration=5747006[0Ktravis_fold:end:before_install.2[0Ktravis_fold:start:install[0Ktravis_time:start:03e23fe0[0K$ true

travis_time:end:03e23fe0:start=1489599295338171954,finish=1489599295344064943,duration=5892989[0Ktravis_fold:end:install[0Ktravis_time:start:1316fc97[0K$ mvn clean test verify -B
Java HotSpot(TM) 64-Bit Server VM warning: ignoring option MaxPermSize=192m; support was removed in 8.0
[INFO] Scanning for projects...
[INFO] ------------------------------------------------------------------------
[INFO] Reactor Build Order:
[INFO] 
[INFO] GraphHopper Parent Project
[INFO] GraphHopper Core
[INFO] GraphHopper Reader for OpenStreetMap Data
[INFO] GraphHopper Reader JSON
[INFO] GraphHopper Tools
[INFO] GraphHopper Web
[INFO] GraphHopper Reader for Shapefile Data
[INFO]                                                                         
[INFO] ------------------------------------------------------------------------
[INFO] Building GraphHopper Parent Project 0.9-SNAPSHOT
[INFO] ------------------------------------------------------------------------
[INFO] 
[INFO] --- maven-clean-plugin:2.5:clean (default-clean) @ graphhopper-parent ---
[INFO] 
[INFO] --- maven-failsafe-plugin:2.19.1:integration-test (default) @ graphhopper-parent ---
[INFO] No tests to run.
[INFO] 
[INFO] --- maven-failsafe-plugin:2.19.1:verify (default) @ graphhopper-parent ---
[INFO]                                                                         
[INFO] ------------------------------------------------------------------------
[INFO] Building GraphHopper Core 0.9-SNAPSHOT
[INFO] ------------------------------------------------------------------------
[INFO] 
[INFO] --- maven-clean-plugin:2.5:clean (default-clean) @ graphhopper-core ---
[INFO] 
[INFO] --- maven-resources-plugin:2.6:resources (default-resources) @ graphhopper-core ---
[INFO] Using 'UTF-8' encoding to copy filtered resources.
[INFO] Copying 2 resources
[INFO] Copying 46 resources
[INFO] 
[INFO] --- maven-compiler-plugin:3.5.1:compile (default-compile) @ graphhopper-core ---
[INFO] Changes detected - recompiling the module!
[INFO] Compiling 260 source files to /home/travis/build/graphhopper/graphhopper/core/target/classes
[INFO] 
[INFO] --- maven-resources-plugin:2.6:testResources (default-testResources) @ graphhopper-core ---
[INFO] Using 'UTF-8' encoding to copy filtered resources.
[INFO] Copying 11 resources
[INFO] 
[INFO] --- maven-compiler-plugin:3.5.1:testCompile (default-testCompile) @ graphhopper-core ---
[INFO] Changes detected - recompiling the module!
[INFO] Compiling 130 source files to /home/travis/build/graphhopper/graphhopper/core/target/test-classes
[INFO] 
[INFO] --- maven-surefire-plugin:2.19.1:test (default-test) @ graphhopper-core ---

-------------------------------------------------------
 T E S T S
-------------------------------------------------------
Running com.graphhopper.reader.dem.BridgeElevationInterpolatorTest
Tests run: 1, Failures: 0, Errors: 0, Skipped: 0, Time elapsed: 0.233 sec - in com.graphhopper.reader.dem.BridgeElevationInterpolatorTest
Running com.graphhopper.reader.dem.SRTMProviderTest
Tests run: 4, Failures: 0, Errors: 0, Skipped: 0, Time elapsed: 1.2 sec - in com.graphhopper.reader.dem.SRTMProviderTest
Running com.graphhopper.reader.dem.CGIARProviderTest
Tests run: 3, Failures: 0, Errors: 0, Skipped: 0, Time elapsed: 0.098 sec - in com.graphhopper.reader.dem.CGIARProviderTest
Running com.graphhopper.reader.dem.ElevationInterpolatorTest
Tests run: 3, Failures: 0, Errors: 0, Skipped: 0, Time elapsed: 0 sec - in com.graphhopper.reader.dem.ElevationInterpolatorTest
Running com.graphhopper.reader.dem.TunnelElevationInterpolatorTest
Tests run: 5, Failures: 0, Errors: 0, Skipped: 0, Time elapsed: 0.022 sec - in com.graphhopper.reader.dem.TunnelElevationInterpolatorTest
Running com.graphhopper.reader.dem.HeightTileTest
Tests run: 3, Failures: 0, Errors: 0, Skipped: 0, Time elapsed: 0.002 sec - in com.graphhopper.reader.dem.HeightTileTest
Running com.graphhopper.reader.osm.conditional.ConditionalOSMTagInspectorTest
Tests run: 7, Failures: 0, Errors: 0, Skipped: 0, Time elapsed: 0.025 sec - in com.graphhopper.reader.osm.conditional.ConditionalOSMTagInspectorTest
Running com.graphhopper.reader.osm.conditional.ConditionalParserTest
Tests run: 5, Failures: 0, Errors: 0, Skipped: 0, Time elapsed: 0 sec - in com.graphhopper.reader.osm.conditional.ConditionalParserTest
Running com.graphhopper.reader.osm.conditional.DateRangeParserTest
Tests run: 18, Failures: 0, Errors: 0, Skipped: 0, Time elapsed: 0.067 sec - in com.graphhopper.reader.osm.conditional.DateRangeParserTest
Running com.graphhopper.reader.OSMNodeTest
Tests run: 1, Failures: 0, Errors: 0, Skipped: 0, Time elapsed: 0 sec - in com.graphhopper.reader.OSMNodeTest
Running com.graphhopper.reader.OSMElementTest
Tests run: 2, Failures: 0, Errors: 0, Skipped: 0, Time elapsed: 0 sec - in com.graphhopper.reader.OSMElementTest
Running com.graphhopper.reader.PrinctonReaderTest
Tests run: 2, Failures: 0, Errors: 0, Skipped: 0, Time elapsed: 0.055 sec - in com.graphhopper.reader.PrinctonReaderTest
Running com.graphhopper.routing.subnetwork.PrepareRoutingSubnetworksTest
Tests run: 9, Failures: 0, Errors: 0, Skipped: 0, Time elapsed: 0.091 sec - in com.graphhopper.routing.subnetwork.PrepareRoutingSubnetworksTest
Running com.graphhopper.routing.subnetwork.SubnetworkStorageTest
Tests run: 1, Failures: 0, Errors: 0, Skipped: 0, Time elapsed: 0 sec - in com.graphhopper.routing.subnetwork.SubnetworkStorageTest
Running com.graphhopper.routing.QueryGraphTest
Tests run: 17, Failures: 0, Errors: 0, Skipped: 0, Time elapsed: 0.056 sec - in com.graphhopper.routing.QueryGraphTest
Running com.graphhopper.routing.util.HikeFlagEncoderTest
Tests run: 1, Failures: 0, Errors: 0, Skipped: 0, Time elapsed: 0.003 sec - in com.graphhopper.routing.util.HikeFlagEncoderTest
Running com.graphhopper.routing.util.NameSimilarityEdgeFilterTest
Tests run: 4, Failures: 0, Errors: 0, Skipped: 0, Time elapsed: 0.024 sec - in com.graphhopper.routing.util.NameSimilarityEdgeFilterTest
Running com.graphhopper.routing.util.CarFlagEncoderTest
Tests run: 21, Failures: 0, Errors: 0, Skipped: 0, Time elapsed: 0.022 sec - in com.graphhopper.routing.util.CarFlagEncoderTest
Running com.graphhopper.routing.util.BikeFlagEncoderTest
Tests run: 25, Failures: 0, Errors: 0, Skipped: 0, Time elapsed: 0.056 sec - in com.graphhopper.routing.util.BikeFlagEncoderTest
Running com.graphhopper.routing.util.EncodingManagerTest
Tests run: 10, Failures: 0, Errors: 0, Skipped: 0, Time elapsed: 0.022 sec - in com.graphhopper.routing.util.EncodingManagerTest
Running com.graphhopper.routing.util.MountainBikeFlagEncoderTest
Tests run: 17, Failures: 0, Errors: 0, Skipped: 0, Time elapsed: 0.015 sec - in com.graphhopper.routing.util.MountainBikeFlagEncoderTest
Running com.graphhopper.routing.util.EncodedDoubleValueTest
Tests run: 4, Failures: 0, Errors: 0, Skipped: 0, Time elapsed: 0.004 sec - in com.graphhopper.routing.util.EncodedDoubleValueTest
Running com.graphhopper.routing.util.Car4WDFlagEncoderTest
Tests run: 21, Failures: 0, Errors: 0, Skipped: 0, Time elapsed: 0.015 sec - in com.graphhopper.routing.util.Car4WDFlagEncoderTest
Running com.graphhopper.routing.util.DataFlagEncoderTest
Tests run: 17, Failures: 0, Errors: 0, Skipped: 0, Time elapsed: 0.056 sec - in com.graphhopper.routing.util.DataFlagEncoderTest
Running com.graphhopper.routing.util.Bike2WeightFlagEncoderTest
Tests run: 29, Failures: 0, Errors: 0, Skipped: 0, Time elapsed: 0.014 sec - in com.graphhopper.routing.util.Bike2WeightFlagEncoderTest
Running com.graphhopper.routing.util.MotorcycleFlagEncoderTest
Tests run: 4, Failures: 0, Errors: 0, Skipped: 0, Time elapsed: 0.004 sec - in com.graphhopper.routing.util.MotorcycleFlagEncoderTest
Running com.graphhopper.routing.util.tour.SinglePointTourTest
Tests run: 1, Failures: 0, Errors: 0, Skipped: 0, Time elapsed: 0.001 sec - in com.graphhopper.routing.util.tour.SinglePointTourTest
Running com.graphhopper.routing.util.FootFlagEncoderTest
Tests run: 12, Failures: 0, Errors: 0, Skipped: 0, Time elapsed: 0.082 sec - in com.graphhopper.routing.util.FootFlagEncoderTest
Running com.graphhopper.routing.util.RacingBikeFlagEncoderTest
Tests run: 18, Failures: 0, Errors: 0, Skipped: 0, Time elapsed: 0.008 sec - in com.graphhopper.routing.util.RacingBikeFlagEncoderTest
Running com.graphhopper.routing.util.AbstractFlagEncoderTest
Tests run: 1, Failures: 0, Errors: 0, Skipped: 0, Time elapsed: 0 sec - in com.graphhopper.routing.util.AbstractFlagEncoderTest
Running com.graphhopper.routing.util.EncodedValueTest
Tests run: 2, Failures: 0, Errors: 0, Skipped: 0, Time elapsed: 0 sec - in com.graphhopper.routing.util.EncodedValueTest
Running com.graphhopper.routing.util.spatialrules.PolygonTest
Tests run: 1, Failures: 0, Errors: 0, Skipped: 0, Time elapsed: 0 sec - in com.graphhopper.routing.util.spatialrules.PolygonTest
Running com.graphhopper.routing.AStarBidirectionTest
Tests run: 100, Failures: 0, Errors: 0, Skipped: 0, Time elapsed: 0.656 sec - in com.graphhopper.routing.AStarBidirectionTest
Running com.graphhopper.routing.weighting.FastestWeightingTest
Tests run: 4, Failures: 0, Errors: 0, Skipped: 0, Time elapsed: 0 sec - in com.graphhopper.routing.weighting.FastestWeightingTest
Running com.graphhopper.routing.weighting.AbstractWeightingTest
Tests run: 1, Failures: 0, Errors: 0, Skipped: 0, Time elapsed: 0 sec - in com.graphhopper.routing.weighting.AbstractWeightingTest
Running com.graphhopper.routing.weighting.GenericWeightingTest
Tests run: 6, Failures: 0, Errors: 0, Skipped: 0, Time elapsed: 0.025 sec - in com.graphhopper.routing.weighting.GenericWeightingTest
Running com.graphhopper.routing.weighting.ShortFastestWeightingTest
Tests run: 2, Failures: 0, Errors: 0, Skipped: 0, Time elapsed: 0.001 sec - in com.graphhopper.routing.weighting.ShortFastestWeightingTest
Running com.graphhopper.routing.template.RoundTripRoutingTemplateTest
Tests run: 1, Failures: 0, Errors: 0, Skipped: 0, Time elapsed: 0.05 sec - in com.graphhopper.routing.template.RoundTripRoutingTemplateTest
Running com.graphhopper.routing.AlternativeRouteTest
Tests run: 6, Failures: 0, Errors: 0, Skipped: 0, Time elapsed: 0.044 sec - in com.graphhopper.routing.AlternativeRouteTest
Running com.graphhopper.routing.DijkstraBidirectionRefTest
Tests run: 96, Failures: 0, Errors: 0, Skipped: 0, Time elapsed: 0.487 sec - in com.graphhopper.routing.DijkstraBidirectionRefTest
Running com.graphhopper.routing.lm.LandmarkStorageTest
2017-03-15 17:35:13,127 [main] WARN  com.graphhopper.routing.lm.LandmarkStorage - next start node not found in big enough network of size 2, first element is 5, 0.0,0.0
Tests run: 7, Failures: 0, Errors: 0, Skipped: 0, Time elapsed: 0.049 sec - in com.graphhopper.routing.lm.LandmarkStorageTest
Running com.graphhopper.routing.lm.PrepareLandmarksTest
Tests run: 2, Failures: 0, Errors: 0, Skipped: 0, Time elapsed: 0.036 sec - in com.graphhopper.routing.lm.PrepareLandmarksTest
Running com.graphhopper.routing.lm.LMAlgoFactoryDecoratorTest
Tests run: 1, Failures: 0, Errors: 0, Skipped: 0, Time elapsed: 0.003 sec - in com.graphhopper.routing.lm.LMAlgoFactoryDecoratorTest
Running com.graphhopper.routing.AStarTest
Tests run: 96, Failures: 0, Errors: 0, Skipped: 0, Time elapsed: 0.746 sec - in com.graphhopper.routing.AStarTest
Running com.graphhopper.routing.ch.PrepareEncoderTest
Tests run: 1, Failures: 0, Errors: 0, Skipped: 0, Time elapsed: 0 sec - in com.graphhopper.routing.ch.PrepareEncoderTest
Running com.graphhopper.routing.ch.PrepareContractionHierarchiesTest
Tests run: 18, Failures: 0, Errors: 0, Skipped: 0, Time elapsed: 0.24 sec - in com.graphhopper.routing.ch.PrepareContractionHierarchiesTest
Running com.graphhopper.routing.ch.DijkstraBidirectionCHTest
Tests run: 27, Failures: 0, Errors: 0, Skipped: 0, Time elapsed: 0.597 sec - in com.graphhopper.routing.ch.DijkstraBidirectionCHTest
Running com.graphhopper.routing.ch.CHAlgoFactoryDecoratorTest
Tests run: 1, Failures: 0, Errors: 0, Skipped: 0, Time elapsed: 0 sec - in com.graphhopper.routing.ch.CHAlgoFactoryDecoratorTest
Running com.graphhopper.routing.EdgeBasedRoutingAlgorithmTest
Tests run: 12, Failures: 0, Errors: 0, Skipped: 0, Time elapsed: 0.082 sec - in com.graphhopper.routing.EdgeBasedRoutingAlgorithmTest
Running com.graphhopper.routing.PathTest
Tests run: 8, Failures: 0, Errors: 0, Skipped: 0, Time elapsed: 0.056 sec - in com.graphhopper.routing.PathTest
Running com.graphhopper.routing.DijkstraTest
Tests run: 96, Failures: 0, Errors: 0, Skipped: 0, Time elapsed: 0.81 sec - in com.graphhopper.routing.DijkstraTest
Running com.graphhopper.routing.PathBidirRefTest
Tests run: 2, Failures: 0, Errors: 0, Skipped: 0, Time elapsed: 0.043 sec - in com.graphhopper.routing.PathBidirRefTest
Running com.graphhopper.routing.DijkstraOneToManyTest
Tests run: 30, Failures: 0, Errors: 0, Skipped: 0, Time elapsed: 0.164 sec - in com.graphhopper.routing.DijkstraOneToManyTest
Running com.graphhopper.storage.index.LocationIndexTreeTest
Tests run: 19, Failures: 0, Errors: 0, Skipped: 0, Time elapsed: 1.049 sec - in com.graphhopper.storage.index.LocationIndexTreeTest
Running com.graphhopper.storage.index.Location2IDFullWithEdgesIndexTest
Tests run: 8, Failures: 0, Errors: 0, Skipped: 0, Time elapsed: 0.428 sec - in com.graphhopper.storage.index.Location2IDFullWithEdgesIndexTest
Running com.graphhopper.storage.index.LocationIndexTreeCHTest
Tests run: 22, Failures: 0, Errors: 0, Skipped: 0, Time elapsed: 1.357 sec - in com.graphhopper.storage.index.LocationIndexTreeCHTest
Running com.graphhopper.storage.index.Location2IDFullIndexTest
Tests run: 8, Failures: 0, Errors: 0, Skipped: 0, Time elapsed: 0.584 sec - in com.graphhopper.storage.index.Location2IDFullIndexTest
Running com.graphhopper.storage.index.BresenhamLineTest
Tests run: 9, Failures: 0, Errors: 0, Skipped: 0, Time elapsed: 0.007 sec - in com.graphhopper.storage.index.BresenhamLineTest
Running com.graphhopper.storage.index.Location2IDQuadtreeTest
Tests run: 8, Failures: 0, Errors: 0, Skipped: 0, Time elapsed: 0.994 sec - in com.graphhopper.storage.index.Location2IDQuadtreeTest
Running com.graphhopper.storage.VLongStorageTest
Tests run: 2, Failures: 0, Errors: 0, Skipped: 0, Time elapsed: 0.001 sec - in com.graphhopper.storage.VLongStorageTest
Running com.graphhopper.storage.StorablePropertiesTest
Tests run: 3, Failures: 0, Errors: 0, Skipped: 0, Time elapsed: 0.002 sec - in com.graphhopper.storage.StorablePropertiesTest
Running com.graphhopper.storage.GraphHopperStorageTest
Tests run: 47, Failures: 0, Errors: 0, Skipped: 0, Time elapsed: 1.167 sec - in com.graphhopper.storage.GraphHopperStorageTest
Running com.graphhopper.storage.GraphStorageViaMMapTest
Tests run: 39, Failures: 0, Errors: 0, Skipped: 0, Time elapsed: 24.289 sec - in com.graphhopper.storage.GraphStorageViaMMapTest
Running com.graphhopper.storage.UnsafeDataAccessTest
Tests run: 15, Failures: 0, Errors: 0, Skipped: 0, Time elapsed: 0.009 sec - in com.graphhopper.storage.UnsafeDataAccessTest
Running com.graphhopper.storage.RAMDataAccessTest
Tests run: 14, Failures: 0, Errors: 0, Skipped: 0, Time elapsed: 0.005 sec - in com.graphhopper.storage.RAMDataAccessTest
Running com.graphhopper.storage.MMapDataAccessTest
Tests run: 16, Failures: 0, Errors: 0, Skipped: 0, Time elapsed: 2.181 sec - in com.graphhopper.storage.MMapDataAccessTest
Running com.graphhopper.storage.EdgeTest
Tests run: 1, Failures: 0, Errors: 0, Skipped: 0, Time elapsed: 0 sec - in com.graphhopper.storage.EdgeTest
Running com.graphhopper.storage.GraphHopperStorageCHTest
Tests run: 56, Failures: 0, Errors: 0, Skipped: 0, Time elapsed: 1.137 sec - in com.graphhopper.storage.GraphHopperStorageCHTest
Running com.graphhopper.storage.MMapDirectoryTest
Tests run: 4, Failures: 0, Errors: 0, Skipped: 0, Time elapsed: 0.174 sec - in com.graphhopper.storage.MMapDirectoryTest
Running com.graphhopper.storage.SimpleFSLockFactoryTest
Tests run: 2, Failures: 0, Errors: 0, Skipped: 0, Time elapsed: 0.002 sec - in com.graphhopper.storage.SimpleFSLockFactoryTest
Running com.graphhopper.storage.RAMDirectoryTest
Tests run: 4, Failures: 0, Errors: 0, Skipped: 0, Time elapsed: 0.003 sec - in com.graphhopper.storage.RAMDirectoryTest
Running com.graphhopper.storage.GraphHopperStorageForDataFlagEncoderTest
Tests run: 1, Failures: 0, Errors: 0, Skipped: 0, Time elapsed: 0.069 sec - in com.graphhopper.storage.GraphHopperStorageForDataFlagEncoderTest
Running com.graphhopper.storage.GraphEdgeIdFinderTest
Tests run: 1, Failures: 0, Errors: 0, Skipped: 0, Time elapsed: 0.004 sec - in com.graphhopper.storage.GraphEdgeIdFinderTest
Running com.graphhopper.storage.NativeFSLockFactoryTest
Tests run: 3, Failures: 0, Errors: 0, Skipped: 0, Time elapsed: 0.002 sec - in com.graphhopper.storage.NativeFSLockFactoryTest
Running com.graphhopper.storage.GraphHopperStorageWithTurnCostsTest
Tests run: 48, Failures: 0, Errors: 0, Skipped: 0, Time elapsed: 1.544 sec - in com.graphhopper.storage.GraphHopperStorageWithTurnCostsTest
Running com.graphhopper.storage.RAMIntDataAccessTest
Tests run: 14, Failures: 0, Errors: 0, Skipped: 0, Time elapsed: 0.006 sec - in com.graphhopper.storage.RAMIntDataAccessTest
Running com.graphhopper.storage.SynchedDAWrapperTest
Tests run: 14, Failures: 0, Errors: 0, Skipped: 0, Time elapsed: 0.011 sec - in com.graphhopper.storage.SynchedDAWrapperTest
Running com.graphhopper.util.BitUtilLittleTest
Tests run: 10, Failures: 0, Errors: 0, Skipped: 0, Time elapsed: 0.001 sec - in com.graphhopper.util.BitUtilLittleTest
Running com.graphhopper.util.BitUtilBigTest
Tests run: 10, Failures: 0, Errors: 0, Skipped: 0, Time elapsed: 0.002 sec - in com.graphhopper.util.BitUtilBigTest
Running com.graphhopper.util.shapes.CircleTest
Tests run: 5, Failures: 0, Errors: 0, Skipped: 0, Time elapsed: 0.001 sec - in com.graphhopper.util.shapes.CircleTest
Running com.graphhopper.util.shapes.BBoxTest
Tests run: 8, Failures: 0, Errors: 0, Skipped: 0, Time elapsed: 0.003 sec - in com.graphhopper.util.shapes.BBoxTest
Running com.graphhopper.util.shapes.GHPoint3DTest
Tests run: 1, Failures: 0, Errors: 0, Skipped: 0, Time elapsed: 0.002 sec - in com.graphhopper.util.shapes.GHPoint3DTest
Running com.graphhopper.util.shapes.GHPointTest
Tests run: 1, Failures: 0, Errors: 0, Skipped: 0, Time elapsed: 0 sec - in com.graphhopper.util.shapes.GHPointTest
Running com.graphhopper.util.GHUtilityTest
Tests run: 7, Failures: 0, Errors: 0, Skipped: 0, Time elapsed: 0.033 sec - in com.graphhopper.util.GHUtilityTest
Running com.graphhopper.util.SimpleIntDequeTest
Tests run: 3, Failures: 0, Errors: 0, Skipped: 0, Time elapsed: 0 sec - in com.graphhopper.util.SimpleIntDequeTest
Running com.graphhopper.util.FinishInstructionTest
Tests run: 1, Failures: 0, Errors: 0, Skipped: 0, Time elapsed: 0 sec - in com.graphhopper.util.FinishInstructionTest
Running com.graphhopper.util.ConfigMapTest
Tests run: 1, Failures: 0, Errors: 0, Skipped: 0, Time elapsed: 0 sec - in com.graphhopper.util.ConfigMapTest
Running com.graphhopper.util.InstructionListTest
Tests run: 11, Failures: 0, Errors: 0, Skipped: 0, Time elapsed: 0.207 sec - in com.graphhopper.util.InstructionListTest
Running com.graphhopper.util.TranslationMapTest
Tests run: 2, Failures: 0, Errors: 0, Skipped: 0, Time elapsed: 0 sec - in com.graphhopper.util.TranslationMapTest
Running com.graphhopper.util.DouglasPeuckerTest
Tests run: 4, Failures: 0, Errors: 0, Skipped: 0, Time elapsed: 0.003 sec - in com.graphhopper.util.DouglasPeuckerTest
Running com.graphhopper.util.PMapTest
Tests run: 6, Failures: 0, Errors: 0, Skipped: 0, Time elapsed: 0 sec - in com.graphhopper.util.PMapTest
Running com.graphhopper.util.PointListTest
Tests run: 4, Failures: 0, Errors: 0, Skipped: 0, Time elapsed: 0.001 sec - in com.graphhopper.util.PointListTest
Running com.graphhopper.util.CHEdgeIteratorTest
Tests run: 1, Failures: 0, Errors: 0, Skipped: 0, Time elapsed: 0.001 sec - in com.graphhopper.util.CHEdgeIteratorTest
Running com.graphhopper.util.InstructionTest
Tests run: 1, Failures: 0, Errors: 0, Skipped: 0, Time elapsed: 0 sec - in com.graphhopper.util.InstructionTest
Running com.graphhopper.util.DistanceCalcEarthTest
Tests run: 6, Failures: 0, Errors: 0, Skipped: 0, Time elapsed: 0 sec - in com.graphhopper.util.DistanceCalcEarthTest
Running com.graphhopper.util.AngleCalcTest
Tests run: 8, Failures: 0, Errors: 0, Skipped: 0, Time elapsed: 0 sec - in com.graphhopper.util.AngleCalcTest
Running com.graphhopper.util.HelperTest
Tests run: 9, Failures: 0, Errors: 0, Skipped: 0, Time elapsed: 0.003 sec - in com.graphhopper.util.HelperTest
Running com.graphhopper.util.BreadthFirstSearchTest
Tests run: 2, Failures: 0, Errors: 0, Skipped: 0, Time elapsed: 0.002 sec - in com.graphhopper.util.BreadthFirstSearchTest
Running com.graphhopper.util.DepthFirstSearchTest
Tests run: 2, Failures: 0, Errors: 0, Skipped: 0, Time elapsed: 0.03 sec - in com.graphhopper.util.DepthFirstSearchTest
Running com.graphhopper.coll.OSMIDMapTest
Tests run: 5, Failures: 0, Errors: 0, Skipped: 0, Time elapsed: 0.002 sec - in com.graphhopper.coll.OSMIDMapTest
Running com.graphhopper.coll.CompressedArrayTest
Tests run: 2, Failures: 0, Errors: 0, Skipped: 0, Time elapsed: 0.015 sec - in com.graphhopper.coll.CompressedArrayTest
Running com.graphhopper.coll.GHTBitSetTest
Tests run: 5, Failures: 0, Errors: 0, Skipped: 0, Time elapsed: 0.001 sec - in com.graphhopper.coll.GHTBitSetTest
Running com.graphhopper.coll.GHTreeMapComposedTest
Tests run: 1, Failures: 0, Errors: 0, Skipped: 0, Time elapsed: 0 sec - in com.graphhopper.coll.GHTreeMapComposedTest
Running com.graphhopper.coll.GHIntArrayListTest
Tests run: 3, Failures: 0, Errors: 0, Skipped: 0, Time elapsed: 0 sec - in com.graphhopper.coll.GHIntArrayListTest
Running com.graphhopper.coll.GHLongIntBTreeTest
Tests run: 6, Failures: 0, Errors: 0, Skipped: 0, Time elapsed: 0.008 sec - in com.graphhopper.coll.GHLongIntBTreeTest
Running com.graphhopper.coll.GHSortedCollectionTest
Tests run: 3, Failures: 0, Errors: 0, Skipped: 0, Time elapsed: 0.001 sec - in com.graphhopper.coll.GHSortedCollectionTest
Running com.graphhopper.coll.BitSetImplTest
Tests run: 5, Failures: 0, Errors: 0, Skipped: 0, Time elapsed: 0 sec - in com.graphhopper.coll.BitSetImplTest
Running com.graphhopper.geohash.SpatialKeyAlgoTest
Tests run: 10, Failures: 0, Errors: 0, Skipped: 0, Time elapsed: 0.001 sec - in com.graphhopper.geohash.SpatialKeyAlgoTest
Running com.graphhopper.geohash.LinearKeyAlgoTest
Tests run: 3, Failures: 0, Errors: 0, Skipped: 0, Time elapsed: 0 sec - in com.graphhopper.geohash.LinearKeyAlgoTest
Running com.graphhopper.apache.commons.collections.IntDoubleBinaryHeapTest
Tests run: 6, Failures: 0, Errors: 0, Skipped: 0, Time elapsed: 0.001 sec - in com.graphhopper.apache.commons.collections.IntDoubleBinaryHeapTest
Running com.graphhopper.apache.commons.lang3.StringUtilsTest
Tests run: 3, Failures: 0, Errors: 0, Skipped: 0, Time elapsed: 0 sec - in com.graphhopper.apache.commons.lang3.StringUtilsTest
Running com.graphhopper.GHResponseTest
Tests run: 2, Failures: 0, Errors: 0, Skipped: 0, Time elapsed: 0 sec - in com.graphhopper.GHResponseTest
Running com.graphhopper.search.NameIndexTest
Tests run: 5, Failures: 0, Errors: 0, Skipped: 0, Time elapsed: 0.004 sec - in com.graphhopper.search.NameIndexTest
Running com.graphhopper.GHRequestTest
Tests run: 2, Failures: 0, Errors: 0, Skipped: 0, Time elapsed: 0.003 sec - in com.graphhopper.GHRequestTest
Running com.graphhopper.GraphHopperAPITest
Tests run: 4, Failures: 0, Errors: 0, Skipped: 0, Time elapsed: 0.547 sec - in com.graphhopper.GraphHopperAPITest

Results :

Tests run: 1312, Failures: 0, Errors: 0, Skipped: 0

[INFO] 
[INFO] --- maven-resources-plugin:2.6:resources (default-resources) @ graphhopper-core ---
[INFO] Using 'UTF-8' encoding to copy filtered resources.
[INFO] Copying 2 resources
[INFO] Copying 46 resources
[INFO] 
[INFO] --- maven-compiler-plugin:3.5.1:compile (default-compile) @ graphhopper-core ---
[INFO] Nothing to compile - all classes are up to date
[INFO] 
[INFO] --- maven-resources-plugin:2.6:testResources (default-testResources) @ graphhopper-core ---
[INFO] Using 'UTF-8' encoding to copy filtered resources.
[INFO] Copying 11 resources
[INFO] 
[INFO] --- maven-compiler-plugin:3.5.1:testCompile (default-testCompile) @ graphhopper-core ---
[INFO] Nothing to compile - all classes are up to date
[INFO] 
[INFO] --- maven-surefire-plugin:2.19.1:test (default-test) @ graphhopper-core ---
[INFO] Skipping execution of surefire because it has already been run for this configuration
[INFO] 
[INFO] --- maven-jar-plugin:3.0.2:jar (default-jar) @ graphhopper-core ---
[INFO] Building jar: /home/travis/build/graphhopper/graphhopper/core/target/graphhopper-core-0.9-SNAPSHOT.jar
[INFO] 
[INFO] --- maven-jar-plugin:3.0.2:test-jar (default) @ graphhopper-core ---
[INFO] Building jar: /home/travis/build/graphhopper/graphhopper/core/target/graphhopper-core-0.9-SNAPSHOT-tests.jar
[INFO] 
[INFO] --- maven-failsafe-plugin:2.19.1:integration-test (default) @ graphhopper-core ---

-------------------------------------------------------
 T E S T S
-------------------------------------------------------
Running com.graphhopper.routing.RoutingAlgorithmIT
# RoutingAlgorithmIT algoEntry(astar):0.11964579, per run:0.014955724
# RoutingAlgorithmIT algoEntry(dijkstra):0.10754565, per run:0.013443206
# RoutingAlgorithmIT algoEntry(astarbi):0.07957432, per run:0.00994679
# RoutingAlgorithmIT algoEntry(dijkstrabi):0.07017555, per run:0.008771944
Tests run: 1, Failures: 0, Errors: 0, Skipped: 0, Time elapsed: 1.249 sec - in com.graphhopper.routing.RoutingAlgorithmIT

Results :

Tests run: 1, Failures: 0, Errors: 0, Skipped: 0

[INFO] 
[INFO] --- maven-failsafe-plugin:2.19.1:verify (default) @ graphhopper-core ---
[INFO]                                                                         
[INFO] ------------------------------------------------------------------------
[INFO] Building GraphHopper Reader for OpenStreetMap Data 0.9-SNAPSHOT
[INFO] ------------------------------------------------------------------------
[INFO] 
[INFO] --- maven-clean-plugin:2.5:clean (default-clean) @ graphhopper-reader-osm ---
[INFO] 
[INFO] --- maven-resources-plugin:2.6:resources (default-resources) @ graphhopper-reader-osm ---
[INFO] Using 'UTF-8' encoding to copy filtered resources.
[INFO] skip non existing resourceDirectory /home/travis/build/graphhopper/graphhopper/reader-osm/src/main/resources
[INFO] 
[INFO] --- maven-compiler-plugin:3.5.1:compile (default-compile) @ graphhopper-reader-osm ---
[INFO] Changes detected - recompiling the module!
[INFO] Compiling 16 source files to /home/travis/build/graphhopper/graphhopper/reader-osm/target/classes
[INFO] 
[INFO] --- maven-resources-plugin:2.6:testResources (default-testResources) @ graphhopper-reader-osm ---
[INFO] Using 'UTF-8' encoding to copy filtered resources.
[INFO] Copying 14 resources
[INFO] 
[INFO] --- maven-compiler-plugin:3.5.1:testCompile (default-testCompile) @ graphhopper-reader-osm ---
[INFO] Changes detected - recompiling the module!
[INFO] Compiling 6 source files to /home/travis/build/graphhopper/graphhopper/reader-osm/target/test-classes
[INFO] 
[INFO] --- maven-surefire-plugin:2.19.1:test (default-test) @ graphhopper-reader-osm ---

-------------------------------------------------------
 T E S T S
-------------------------------------------------------
Running com.graphhopper.reader.osm.GraphHopperOSMTest
Tests run: 25, Failures: 0, Errors: 0, Skipped: 0, Time elapsed: 3.074 sec - in com.graphhopper.reader.osm.GraphHopperOSMTest
Running com.graphhopper.reader.osm.OSMTurnRelationTest
Tests run: 1, Failures: 0, Errors: 0, Skipped: 0, Time elapsed: 0.021 sec - in com.graphhopper.reader.osm.OSMTurnRelationTest
Running com.graphhopper.reader.osm.OSMTagParserTest
Tests run: 2, Failures: 0, Errors: 0, Skipped: 0, Time elapsed: 0.006 sec - in com.graphhopper.reader.osm.OSMTagParserTest
Running com.graphhopper.reader.osm.OSMReaderTest
2017-03-15 17:36:03,169 [main] WARN  com.graphhopper.reader.osm.OSMReader - Parsing error in way with OSMID=17 : Cannot parse duration tag value: P01:10
2017-03-15 17:36:03,172 [main] WARN  com.graphhopper.routing.util.AbstractFlagEncoder - Unrealistic long duration ignored in way with way ID=18 : Duration tag value=P1M (=44640 minutes)
2017-03-15 17:36:03,172 [main] WARN  com.graphhopper.routing.util.AbstractFlagEncoder - Unrealistic long duration ignored in way with way ID=18 : Duration tag value=P1M (=44640 minutes)
2017-03-15 17:36:03,172 [main] WARN  com.graphhopper.routing.util.AbstractFlagEncoder - Unrealistic long duration ignored in way with way ID=18 : Duration tag value=P1M (=44640 minutes)
2017-03-15 17:36:03,923 [main] WARN  com.graphhopper.reader.osm.OSMReader - Parsing error in way with OSMID=17 : Cannot parse duration tag value: P01:10
2017-03-15 17:36:03,923 [main] WARN  com.graphhopper.routing.util.AbstractFlagEncoder - Unrealistic long duration ignored in way with way ID=18 : Duration tag value=P1M (=44640 minutes)
2017-03-15 17:36:03,923 [main] WARN  com.graphhopper.routing.util.AbstractFlagEncoder - Unrealistic long duration ignored in way with way ID=18 : Duration tag value=P1M (=44640 minutes)
2017-03-15 17:36:03,923 [main] WARN  com.graphhopper.routing.util.AbstractFlagEncoder - Unrealistic long duration ignored in way with way ID=18 : Duration tag value=P1M (=44640 minutes)
2017-03-15 17:36:03,973 [main] WARN  com.graphhopper.reader.osm.OSMReader - Parsing error in way with OSMID=17 : Cannot parse duration tag value: P01:10
2017-03-15 17:36:03,973 [main] WARN  com.graphhopper.routing.util.AbstractFlagEncoder - Unrealistic long duration ignored in way with way ID=18 : Duration tag value=P1M (=44640 minutes)
2017-03-15 17:36:03,973 [main] WARN  com.graphhopper.routing.util.AbstractFlagEncoder - Unrealistic long duration ignored in way with way ID=18 : Duration tag value=P1M (=44640 minutes)
2017-03-15 17:36:03,973 [main] WARN  com.graphhopper.routing.util.AbstractFlagEncoder - Unrealistic long duration ignored in way with way ID=18 : Duration tag value=P1M (=44640 minutes)
Tests run: 22, Failures: 0, Errors: 0, Skipped: 0, Time elapsed: 1.152 sec - in com.graphhopper.reader.osm.OSMReaderTest

Results :

Tests run: 50, Failures: 0, Errors: 0, Skipped: 0

[INFO] 
[INFO] --- maven-resources-plugin:2.6:resources (default-resources) @ graphhopper-reader-osm ---
[INFO] Using 'UTF-8' encoding to copy filtered resources.
[INFO] skip non existing resourceDirectory /home/travis/build/graphhopper/graphhopper/reader-osm/src/main/resources
[INFO] 
[INFO] --- maven-compiler-plugin:3.5.1:compile (default-compile) @ graphhopper-reader-osm ---
[INFO] Nothing to compile - all classes are up to date
[INFO] 
[INFO] --- maven-resources-plugin:2.6:testResources (default-testResources) @ graphhopper-reader-osm ---
[INFO] Using 'UTF-8' encoding to copy filtered resources.
[INFO] Copying 14 resources
[INFO] 
[INFO] --- maven-compiler-plugin:3.5.1:testCompile (default-testCompile) @ graphhopper-reader-osm ---
[INFO] Nothing to compile - all classes are up to date
[INFO] 
[INFO] --- maven-surefire-plugin:2.19.1:test (default-test) @ graphhopper-reader-osm ---
[INFO] Skipping execution of surefire because it has already been run for this configuration
[INFO] 
[INFO] --- maven-jar-plugin:3.0.2:jar (default-jar) @ graphhopper-reader-osm ---
[INFO] Building jar: /home/travis/build/graphhopper/graphhopper/reader-osm/target/graphhopper-reader-osm-0.9-SNAPSHOT.jar
[INFO] 
[INFO] --- maven-failsafe-plugin:2.19.1:integration-test (default) @ graphhopper-reader-osm ---

-------------------------------------------------------
 T E S T S
-------------------------------------------------------
Running com.graphhopper.GraphHopperIT
Tests run: 23, Failures: 0, Errors: 0, Skipped: 0, Time elapsed: 6.801 sec - in com.graphhopper.GraphHopperIT
Running com.graphhopper.routing.RoutingAlgorithmWithOSMIT
testMonacoParallel takes a bit time...
Tests run: 27, Failures: 0, Errors: 0, Skipped: 0, Time elapsed: 18.572 sec - in com.graphhopper.routing.RoutingAlgorithmWithOSMIT

Results :

Tests run: 50, Failures: 0, Errors: 0, Skipped: 0

[INFO] 
[INFO] --- maven-failsafe-plugin:2.19.1:verify (default) @ graphhopper-reader-osm ---
[INFO]                                                                         
[INFO] ------------------------------------------------------------------------
[INFO] Building GraphHopper Reader JSON 0.9-SNAPSHOT
[INFO] ------------------------------------------------------------------------
[INFO] 
[INFO] --- maven-clean-plugin:2.5:clean (default-clean) @ graphhopper-reader-json ---
[INFO] 
[INFO] --- maven-resources-plugin:2.6:resources (default-resources) @ graphhopper-reader-json ---
[INFO] Using 'UTF-8' encoding to copy filtered resources.
[INFO] skip non existing resourceDirectory /home/travis/build/graphhopper/graphhopper/reader-json/src/main/resources
[INFO] 
[INFO] --- maven-compiler-plugin:3.5.1:compile (default-compile) @ graphhopper-reader-json ---
[INFO] Changes detected - recompiling the module!
[INFO] Compiling 4 source files to /home/travis/build/graphhopper/graphhopper/reader-json/target/classes
[INFO] 
[INFO] --- maven-resources-plugin:2.6:testResources (default-testResources) @ graphhopper-reader-json ---
[INFO] Using 'UTF-8' encoding to copy filtered resources.
[INFO] Copying 2 resources
[INFO] 
[INFO] --- maven-compiler-plugin:3.5.1:testCompile (default-testCompile) @ graphhopper-reader-json ---
[INFO] Changes detected - recompiling the module!
[INFO] Compiling 2 source files to /home/travis/build/graphhopper/graphhopper/reader-json/target/test-classes
[INFO] 
[INFO] --- maven-surefire-plugin:2.19.1:test (default-test) @ graphhopper-reader-json ---

-------------------------------------------------------
 T E S T S
-------------------------------------------------------
Running com.graphhopper.json.geo.JsonFeatureCollectionTest
Tests run: 1, Failures: 0, Errors: 0, Skipped: 0, Time elapsed: 0.376 sec - in com.graphhopper.json.geo.JsonFeatureCollectionTest
Running com.graphhopper.storage.change.ChangeGraphHelperTest
Tests run: 1, Failures: 0, Errors: 0, Skipped: 0, Time elapsed: 0.137 sec - in com.graphhopper.storage.change.ChangeGraphHelperTest

Results :

Tests run: 2, Failures: 0, Errors: 0, Skipped: 0

[INFO] 
[INFO] --- maven-resources-plugin:2.6:resources (default-resources) @ graphhopper-reader-json ---
[INFO] Using 'UTF-8' encoding to copy filtered resources.
[INFO] skip non existing resourceDirectory /home/travis/build/graphhopper/graphhopper/reader-json/src/main/resources
[INFO] 
[INFO] --- maven-compiler-plugin:3.5.1:compile (default-compile) @ graphhopper-reader-json ---
[INFO] Nothing to compile - all classes are up to date
[INFO] 
[INFO] --- maven-resources-plugin:2.6:testResources (default-testResources) @ graphhopper-reader-json ---
[INFO] Using 'UTF-8' encoding to copy filtered resources.
[INFO] Copying 2 resources
[INFO] 
[INFO] --- maven-compiler-plugin:3.5.1:testCompile (default-testCompile) @ graphhopper-reader-json ---
[INFO] Nothing to compile - all classes are up to date
[INFO] 
[INFO] --- maven-surefire-plugin:2.19.1:test (default-test) @ graphhopper-reader-json ---
[INFO] Skipping execution of surefire because it has already been run for this configuration
[INFO] 
[INFO] --- maven-jar-plugin:3.0.2:jar (default-jar) @ graphhopper-reader-json ---
[INFO] Building jar: /home/travis/build/graphhopper/graphhopper/reader-json/target/graphhopper-reader-json-0.9-SNAPSHOT.jar
[INFO] 
[INFO] --- maven-failsafe-plugin:2.19.1:integration-test (default) @ graphhopper-reader-json ---
[INFO] 
[INFO] --- maven-failsafe-plugin:2.19.1:verify (default) @ graphhopper-reader-json ---
[INFO]                                                                         
[INFO] ------------------------------------------------------------------------
[INFO] Building GraphHopper Tools 0.9-SNAPSHOT
[INFO] ------------------------------------------------------------------------
[INFO] 
[INFO] --- maven-clean-plugin:2.5:clean (default-clean) @ graphhopper-tools ---
[INFO] 
[INFO] --- maven-resources-plugin:2.6:resources (default-resources) @ graphhopper-tools ---
[INFO] Using 'UTF-8' encoding to copy filtered resources.
[INFO] Copying 1 resource
[INFO] 
[INFO] --- maven-compiler-plugin:3.5.1:compile (default-compile) @ graphhopper-tools ---
[INFO] Changes detected - recompiling the module!
[INFO] Compiling 14 source files to /home/travis/build/graphhopper/graphhopper/tools/target/classes
[INFO] 
[INFO] --- maven-resources-plugin:2.6:testResources (default-testResources) @ graphhopper-tools ---
[INFO] Using 'UTF-8' encoding to copy filtered resources.
[INFO] skip non existing resourceDirectory /home/travis/build/graphhopper/graphhopper/tools/src/test/resources
[INFO] 
[INFO] --- maven-compiler-plugin:3.5.1:testCompile (default-testCompile) @ graphhopper-tools ---
[INFO] Changes detected - recompiling the module!
[INFO] Compiling 1 source file to /home/travis/build/graphhopper/graphhopper/tools/target/test-classes
[INFO] 
[INFO] --- maven-surefire-plugin:2.19.1:test (default-test) @ graphhopper-tools ---

-------------------------------------------------------
 T E S T S
-------------------------------------------------------
Running com.graphhopper.tools.QueryTortureTest
Tests run: 1, Failures: 0, Errors: 0, Skipped: 0, Time elapsed: 0.071 sec - in com.graphhopper.tools.QueryTortureTest

Results :

Tests run: 1, Failures: 0, Errors: 0, Skipped: 0

[INFO] 
[INFO] --- maven-resources-plugin:2.6:resources (default-resources) @ graphhopper-tools ---
[INFO] Using 'UTF-8' encoding to copy filtered resources.
[INFO] Copying 1 resource
[INFO] 
[INFO] --- maven-compiler-plugin:3.5.1:compile (default-compile) @ graphhopper-tools ---
[INFO] Nothing to compile - all classes are up to date
[INFO] 
[INFO] --- maven-resources-plugin:2.6:testResources (default-testResources) @ graphhopper-tools ---
[INFO] Using 'UTF-8' encoding to copy filtered resources.
[INFO] skip non existing resourceDirectory /home/travis/build/graphhopper/graphhopper/tools/src/test/resources
[INFO] 
[INFO] --- maven-compiler-plugin:3.5.1:testCompile (default-testCompile) @ graphhopper-tools ---
[INFO] Nothing to compile - all classes are up to date
[INFO] 
[INFO] --- maven-surefire-plugin:2.19.1:test (default-test) @ graphhopper-tools ---
[INFO] Skipping execution of surefire because it has already been run for this configuration
[INFO] 
[INFO] --- maven-jar-plugin:3.0.2:jar (default-jar) @ graphhopper-tools ---
[INFO] Building jar: /home/travis/build/graphhopper/graphhopper/tools/target/graphhopper-tools-0.9-SNAPSHOT.jar
[INFO] 
[INFO] --- maven-failsafe-plugin:2.19.1:integration-test (default) @ graphhopper-tools ---
[INFO] 
[INFO] --- maven-failsafe-plugin:2.19.1:verify (default) @ graphhopper-tools ---
[INFO]                                                                         
[INFO] ------------------------------------------------------------------------
[INFO] Building GraphHopper Web 0.9-SNAPSHOT
[INFO] ------------------------------------------------------------------------
[INFO] 
[INFO] --- maven-clean-plugin:2.5:clean (default-clean) @ graphhopper-web ---
[INFO] 
[INFO] --- maven-resources-plugin:2.6:resources (default-resources) @ graphhopper-web ---
[INFO] Using 'UTF-8' encoding to copy filtered resources.
[INFO] Copying 3 resources
[INFO] 
[INFO] --- maven-compiler-plugin:3.5.1:compile (default-compile) @ graphhopper-web ---
[INFO] Changes detected - recompiling the module!
[INFO] Compiling 25 source files to /home/travis/build/graphhopper/graphhopper/web/target/classes
[INFO] 
[INFO] --- maven-resources-plugin:2.6:testResources (default-testResources) @ graphhopper-web ---
[INFO] Using 'UTF-8' encoding to copy filtered resources.
[INFO] Copying 1 resource
[INFO] 
[INFO] --- maven-compiler-plugin:3.5.1:testCompile (default-testCompile) @ graphhopper-web ---
[INFO] Changes detected - recompiling the module!
[INFO] Compiling 11 source files to /home/travis/build/graphhopper/graphhopper/web/target/test-classes
[INFO] 
[INFO] --- maven-surefire-plugin:2.19.1:test (default-test) @ graphhopper-web ---

-------------------------------------------------------
 T E S T S
-------------------------------------------------------
Running com.graphhopper.http.GraphHopperWebTest
Tests run: 3, Failures: 0, Errors: 0, Skipped: 0, Time elapsed: 0.875 sec - in com.graphhopper.http.GraphHopperWebTest
Running com.graphhopper.http.WebHelperTest
Tests run: 5, Failures: 0, Errors: 0, Skipped: 0, Time elapsed: 0.007 sec - in com.graphhopper.http.WebHelperTest
Running com.graphhopper.http.IPFilterTest
Tests run: 3, Failures: 0, Errors: 0, Skipped: 0, Time elapsed: 0.01 sec - in com.graphhopper.http.IPFilterTest
Running com.graphhopper.srlarray.SpatialRuleLookupArrayTest
Tests run: 5, Failures: 0, Errors: 0, Skipped: 0, Time elapsed: 0.057 sec - in com.graphhopper.srlarray.SpatialRuleLookupArrayTest
Running com.graphhopper.srlarray.SpatialRuleLookupBuilderTest
Tests run: 1, Failures: 0, Errors: 0, Skipped: 0, Time elapsed: 0.378 sec - in com.graphhopper.srlarray.SpatialRuleLookupBuilderTest
2017-03-15 17:36:44,051 [main] INFO  com.graphhopper.srlarray.SpatialRuleLookupBuilder - Created the SpatialRuleLookup with the following rules: [AUT, DEU]

Results :

Tests run: 17, Failures: 0, Errors: 0, Skipped: 0

[INFO] 
[INFO] --- maven-resources-plugin:2.6:resources (default-resources) @ graphhopper-web ---
[INFO] Using 'UTF-8' encoding to copy filtered resources.
[INFO] Copying 3 resources
[INFO] 
[INFO] --- maven-compiler-plugin:3.5.1:compile (default-compile) @ graphhopper-web ---
[INFO] Nothing to compile - all classes are up to date
[INFO] 
[INFO] --- maven-resources-plugin:2.6:testResources (default-testResources) @ graphhopper-web ---
[INFO] Using 'UTF-8' encoding to copy filtered resources.
[INFO] Copying 1 resource
[INFO] 
[INFO] --- maven-compiler-plugin:3.5.1:testCompile (default-testCompile) @ graphhopper-web ---
[INFO] Nothing to compile - all classes are up to date
[INFO] 
[INFO] --- maven-surefire-plugin:2.19.1:test (default-test) @ graphhopper-web ---
[INFO] Skipping execution of surefire because it has already been run for this configuration
[INFO] 
[INFO] --- maven-jar-plugin:3.0.2:jar (default-jar) @ graphhopper-web ---
[INFO] Building jar: /home/travis/build/graphhopper/graphhopper/web/target/graphhopper-web-0.9-SNAPSHOT.jar
[INFO] 
[INFO] --- maven-failsafe-plugin:2.19.1:integration-test (default) @ graphhopper-web ---

-------------------------------------------------------
 T E S T S
-------------------------------------------------------
Running com.graphhopper.http.NearestServletIT
2017-03-15 17:36:45,567 [main] INFO  com.graphhopper.http.DefaultModule$1 - version 0.9|2017-03-15T17:34:56Z (5,14,4,3,3,2)
2017-03-15 17:36:45,572 [main] INFO  com.graphhopper.http.DefaultModule$1 - graph CH|car|RAM_STORE|2D|NoExt|,,,,, details:edges:0(0MB), nodes:0(0MB), name:(0MB), geo:0(0MB), bounds:1.7976931348623157E308,-1.7976931348623157E308,1.7976931348623157E308,-1.7976931348623157E308, CHGraph|fastest|car, shortcuts:0, nodesCH:(0MB)
2017-03-15 17:36:45,593 [main] INFO  com.graphhopper.http.DefaultModule$1 - start creating graph from ../core/files/andorra.osm.pbf
2017-03-15 17:36:45,593 [main] INFO  com.graphhopper.http.DefaultModule$1 - using CH|car|RAM_STORE|2D|NoExt|,,,,, memory:totalMB:905, usedMB:80
2017-03-15 17:36:45,889 [main] INFO  com.graphhopper.reader.osm.OSMReader - creating graph. Found nodes (pillar+tower):20 917, totalMB:905, usedMB:156
2017-03-15 17:36:46,332 [main] INFO  com.graphhopper.reader.osm.OSMReader - 69 646, now parsing ways
2017-03-15 17:36:46,507 [main] INFO  com.graphhopper.reader.osm.OSMReader - 72 371, now parsing relations
2017-03-15 17:36:46,508 [main] INFO  com.graphhopper.reader.osm.OSMReader - finished way processing. nodes: 1933, osmIdMap.size:20919, osmIdMap:0MB, nodeFlagsMap.size:2, relFlagsMap.size:0, zeroCounter:2 totalMB:905, usedMB:235
2017-03-15 17:36:46,509 [main] INFO  com.graphhopper.reader.osm.OSMReader - time pass1:0s, pass2:0s, total:0s
2017-03-15 17:36:46,511 [main] INFO  com.graphhopper.http.DefaultModule$1 - start finding subnetworks, totalMB:905, usedMB:235
2017-03-15 17:36:46,533 [main] INFO  com.graphhopper.routing.subnetwork.PrepareRoutingSubnetworks - car findComponents time:0.020290548, size:30
2017-03-15 17:36:46,541 [main] INFO  com.graphhopper.routing.subnetwork.PrepareRoutingSubnetworks - 59 subnetworks found for car, totalMB:905, usedMB:236
2017-03-15 17:36:46,544 [main] INFO  com.graphhopper.routing.subnetwork.PrepareRoutingSubnetworks - optimize to remove subnetworks (59), unvisited-dead-end-nodes (48), maxEdges/node (4)
2017-03-15 17:36:46,635 [main] INFO  com.graphhopper.http.DefaultModule$1 - edges: 2261, nodes 1875, there were 59 subnetworks. removed them => 58 less nodes
2017-03-15 17:36:46,688 [main] INFO  com.graphhopper.storage.index.LocationIndexTree - location index created in 0.0497434s, size:2 475, leafs:748, precision:300, depth:3, checksum:1875, entries:[64, 16, 4], entriesPerLeaf:3.3088236
2017-03-15 17:36:46,700 [main] INFO  com.graphhopper.routing.ch.CHAlgoFactoryDecorator - 1/1 calling CH prepare.doWork for fastest|car ... (totalMB:905, usedMB:28)
2017-03-15 17:36:46,762 [fastest_car] INFO  com.graphhopper.routing.ch.PrepareContractionHierarchies - 0, updates:0, nodes: 1 875, shortcuts:0, dijkstras:5 636, t(dijk):0.02, t(period):0.0, t(lazy):0.0, t(neighbor):0.0, meanDegree:1, algo:0MB, totalMB:905, usedMB:35
2017-03-15 17:36:46,789 [fastest_car] INFO  com.graphhopper.routing.ch.PrepareContractionHierarchies - 360, updates:0, nodes: 1 515, shortcuts:1, dijkstras:5 738, t(dijk):0.03, t(period):0.0, t(lazy):0.0, t(neighbor):0.01, meanDegree:1, algo:0MB, totalMB:905, usedMB:38
2017-03-15 17:36:46,844 [fastest_car] INFO  com.graphhopper.routing.ch.PrepareContractionHierarchies - 720, updates:1, nodes: 1 155, shortcuts:129, dijkstras:10 487, t(dijk):0.06, t(period):0.04, t(lazy):0.0, t(neighbor):0.01, meanDegree:1, algo:0MB, totalMB:905, usedMB:38
2017-03-15 17:36:46,877 [fastest_car] INFO  com.graphhopper.routing.ch.PrepareContractionHierarchies - 1 080, updates:2, nodes: 795, shortcuts:583, dijkstras:14 900, t(dijk):0.08, t(period):0.06, t(lazy):0.0, t(neighbor):0.02, meanDegree:1, algo:0MB, totalMB:905, usedMB:38
2017-03-15 17:36:46,903 [fastest_car] INFO  com.graphhopper.routing.ch.PrepareContractionHierarchies - 1 440, updates:3, nodes: 435, shortcuts:899, dijkstras:18 402, t(dijk):0.1, t(period):0.07, t(lazy):0.0, t(neighbor):0.02, meanDegree:1, algo:0MB, totalMB:905, usedMB:38
2017-03-15 17:36:46,948 [fastest_car] INFO  com.graphhopper.routing.ch.PrepareContractionHierarchies - 1 800, updates:4, nodes: 121, shortcuts:1 291, dijkstras:21 683, t(dijk):0.13, t(period):0.09, t(lazy):0.0, t(neighbor):0.03, meanDegree:1, algo:0MB, totalMB:905, usedMB:38
2017-03-15 17:36:46,974 [fastest_car] INFO  com.graphhopper.routing.ch.PrepareContractionHierarchies - took:0, new shortcuts: 1 471, prepare|fastest, dijkstras:23920, t(dijk):0.14, t(period):0.09, t(lazy):0.01, t(neighbor):0.04, meanDegree:0, initSize:1875, periodic:20, lazy:10, neighbor:20, totalMB:905, usedMB:38
2017-03-15 17:36:46,975 [main] INFO  com.graphhopper.http.DefaultModule$1 - flushing graph CH|car|RAM_STORE|2D|NoExt|5,14,4,3,3, details:edges:2 261(1MB), nodes:1 875(1MB), name:(1MB), geo:31 061(1MB), bounds:1.419350909129178,1.7338322863094275,42.433747107544846,42.6330408, CHGraph|fastest|car, shortcuts:1 471, nodesCH:(1MB), totalMB:905, usedMB:38)
2017-03-15 17:36:46,988 [main] INFO  com.graphhopper.http.DefaultModule$1 - flushed graph totalMB:905, usedMB:45)
2017-03-15 17:36:46,988 [main] INFO  com.graphhopper.http.DefaultModule - loaded graph at:./target/andorra-gh/, data_reader_file:../core/files/andorra.osm.pbf, flag_encoders:car, edges:2 261(1MB), nodes:1 875(1MB), name:(1MB), geo:31 061(1MB), bounds:1.419350909129178,1.7338322863094275,42.433747107544846,42.6330408, CHGraph|fastest|car, shortcuts:1 471, nodesCH:(1MB)
2017-03-15 17:36:47,395 [main] INFO  com.graphhopper.http.BaseServletTester - Trying to start jetty at port 18080
2017-03-15 17:36:47,602 [main] INFO  com.graphhopper.http.GHServer - Started server at HTTP :18080
Tests run: 1, Failures: 0, Errors: 0, Skipped: 0, Time elapsed: 3.487 sec - in com.graphhopper.http.NearestServletIT
Running com.graphhopper.http.NearestServletWithEleIT
2017-03-15 17:36:48,509 [main] INFO  com.graphhopper.http.DefaultModule$1 - version 0.9|2017-03-15T17:34:56Z (5,14,4,3,3,2)
2017-03-15 17:36:48,511 [main] INFO  com.graphhopper.http.DefaultModule$1 - graph car|RAM_STORE|3D|NoExt|,,,,, details:edges:0(0MB), nodes:0(0MB), name:(0MB), geo:0(0MB), bounds:1.7976931348623157E308,-1.7976931348623157E308,1.7976931348623157E308,-1.7976931348623157E308,1.7976931348623157E308,-1.7976931348623157E308
2017-03-15 17:36:48,513 [main] INFO  com.graphhopper.http.DefaultModule$1 - start creating graph from ../core/files/monaco.osm.gz
2017-03-15 17:36:48,513 [main] INFO  com.graphhopper.http.DefaultModule$1 - using car|RAM_STORE|3D|NoExt|,,,,, memory:totalMB:905, usedMB:101
2017-03-15 17:36:48,854 [main] INFO  com.graphhopper.reader.osm.OSMReader - creating graph. Found nodes (pillar+tower):3 020, totalMB:905, usedMB:112
2017-03-15 17:36:48,860 [main] INFO  com.graphhopper.reader.dem.SRTMProvider - SRTM Elevation Provider, from: https://srtm.kurviger.de/SRTM3/, to: /home/travis/build/graphhopper/graphhopper/core/files, as: MMAP_STORE
2017-03-15 17:36:49,016 [main] INFO  com.graphhopper.reader.osm.OSMReader - 13 740, now parsing ways
2017-03-15 17:36:49,060 [main] INFO  com.graphhopper.reader.osm.OSMReader - 15 684, now parsing relations
2017-03-15 17:36:49,067 [main] INFO  com.graphhopper.reader.osm.OSMReader - finished way processing. nodes: 576, osmIdMap.size:3021, osmIdMap:0MB, nodeFlagsMap.size:1, relFlagsMap.size:0, zeroCounter:1 totalMB:905, usedMB:137
2017-03-15 17:36:49,196 [main] INFO  com.graphhopper.reader.osm.OSMReader - time pass1:0s, pass2:0s, total:0s
2017-03-15 17:36:49,196 [main] INFO  com.graphhopper.http.DefaultModule$1 - start finding subnetworks, totalMB:1141, usedMB:23
2017-03-15 17:36:49,197 [main] INFO  com.graphhopper.routing.subnetwork.PrepareRoutingSubnetworks - 5 subnetworks found for car, totalMB:1141, usedMB:23
2017-03-15 17:36:49,198 [main] INFO  com.graphhopper.routing.subnetwork.PrepareRoutingSubnetworks - optimize to remove subnetworks (5), unvisited-dead-end-nodes (0), maxEdges/node (5)
2017-03-15 17:36:49,205 [main] INFO  com.graphhopper.http.DefaultModule$1 - edges: 724, nodes 567, there were 5 subnetworks. removed them => 9 less nodes
2017-03-15 17:36:49,212 [main] INFO  com.graphhopper.storage.index.LocationIndexTree - location index created in 0.005959449s, size:562, leafs:35, precision:300, depth:2, checksum:567, entries:[16, 4], entriesPerLeaf:16.057142
2017-03-15 17:36:49,213 [main] INFO  com.graphhopper.http.DefaultModule$1 - flushing graph car|RAM_STORE|3D|NoExt|5,14,4,3,3, details:edges:724(1MB), nodes:567(1MB), name:(1MB), geo:5 993(1MB), bounds:7.404341341652155,7.439277859910082,43.72177128616954,43.75196271580374,-2.0,189.0, totalMB:1141, usedMB:27)
2017-03-15 17:36:49,225 [main] INFO  com.graphhopper.http.DefaultModule$1 - flushed graph totalMB:1141, usedMB:27)
2017-03-15 17:36:49,226 [main] INFO  com.graphhopper.http.DefaultModule - loaded graph at:./target/monaco-gh/, data_reader_file:../core/files/monaco.osm.gz, flag_encoders:car, edges:724(1MB), nodes:567(1MB), name:(1MB), geo:5 993(1MB), bounds:7.404341341652155,7.439277859910082,43.72177128616954,43.75196271580374,-2.0,189.0
2017-03-15 17:36:49,258 [main] INFO  com.graphhopper.http.BaseServletTester - Trying to start jetty at port 18080
2017-03-15 17:36:49,264 [main] INFO  com.graphhopper.http.GHServer - Started server at HTTP :18080
Tests run: 2, Failures: 0, Errors: 0, Skipped: 0, Time elapsed: 0.907 sec - in com.graphhopper.http.NearestServletWithEleIT
Running com.graphhopper.http.ChangeGraphServletIT
2017-03-15 17:36:49,336 [main] INFO  com.graphhopper.http.DefaultModule$1 - version 0.9|2017-03-15T17:34:56Z (5,14,4,3,3,2)
2017-03-15 17:36:49,337 [main] INFO  com.graphhopper.http.DefaultModule$1 - graph car|RAM_STORE|2D|NoExt|,,,,, details:edges:0(0MB), nodes:0(0MB), name:(0MB), geo:0(0MB), bounds:1.7976931348623157E308,-1.7976931348623157E308,1.7976931348623157E308,-1.7976931348623157E308
2017-03-15 17:36:49,338 [main] INFO  com.graphhopper.http.DefaultModule$1 - start creating graph from ../core/files/andorra.osm.pbf
2017-03-15 17:36:49,338 [main] INFO  com.graphhopper.http.DefaultModule$1 - using car|RAM_STORE|2D|NoExt|,,,,, memory:totalMB:1141, usedMB:68
2017-03-15 17:36:49,408 [main] INFO  com.graphhopper.reader.osm.OSMReader - creating graph. Found nodes (pillar+tower):20 917, totalMB:1141, usedMB:127
2017-03-15 17:36:49,539 [main] INFO  com.graphhopper.reader.osm.OSMReader - 69 646, now parsing ways
2017-03-15 17:36:49,600 [main] INFO  com.graphhopper.reader.osm.OSMReader - 72 371, now parsing relations
2017-03-15 17:36:49,601 [main] INFO  com.graphhopper.reader.osm.OSMReader - finished way processing. nodes: 1933, osmIdMap.size:20919, osmIdMap:0MB, nodeFlagsMap.size:2, relFlagsMap.size:0, zeroCounter:2 totalMB:1141, usedMB:195
2017-03-15 17:36:49,601 [main] INFO  com.graphhopper.reader.osm.OSMReader - time pass1:0s, pass2:0s, total:0s
2017-03-15 17:36:49,601 [main] INFO  com.graphhopper.http.DefaultModule$1 - start finding subnetworks, totalMB:1141, usedMB:195
2017-03-15 17:36:49,604 [main] INFO  com.graphhopper.routing.subnetwork.PrepareRoutingSubnetworks - 16 subnetworks found for car, totalMB:1141, usedMB:195
2017-03-15 17:36:49,606 [main] INFO  com.graphhopper.routing.subnetwork.PrepareRoutingSubnetworks - optimize to remove subnetworks (16), unvisited-dead-end-nodes (0), maxEdges/node (4)
2017-03-15 17:36:49,614 [main] INFO  com.graphhopper.http.DefaultModule$1 - edges: 2261, nodes 1889, there were 16 subnetworks. removed them => 44 less nodes
2017-03-15 17:36:49,626 [main] INFO  com.graphhopper.storage.index.LocationIndexTree - location index created in 0.011636222s, size:2 485, leafs:748, precision:300, depth:3, checksum:1889, entries:[64, 16, 4], entriesPerLeaf:3.3221924
2017-03-15 17:36:49,627 [main] INFO  com.graphhopper.http.DefaultModule$1 - flushing graph car|RAM_STORE|2D|NoExt|5,14,4,3,3, details:edges:2 261(1MB), nodes:1 889(1MB), name:(1MB), geo:31 061(1MB), bounds:1.419350909129178,1.7338322863094275,42.433747107544846,42.6330408, totalMB:1141, usedMB:201)
2017-03-15 17:36:49,637 [main] INFO  com.graphhopper.http.DefaultModule$1 - flushed graph totalMB:1141, usedMB:201)
2017-03-15 17:36:49,638 [main] INFO  com.graphhopper.http.DefaultModule - loaded graph at:./target/andorra-gh/, data_reader_file:../core/files/andorra.osm.pbf, flag_encoders:car, edges:2 261(1MB), nodes:1 889(1MB), name:(1MB), geo:31 061(1MB), bounds:1.419350909129178,1.7338322863094275,42.433747107544846,42.6330408
2017-03-15 17:36:49,663 [main] INFO  com.graphhopper.http.BaseServletTester - Trying to start jetty at port 18080
2017-03-15 17:36:49,669 [main] INFO  com.graphhopper.http.GHServer - Started server at HTTP :18080
2017-03-15 17:36:49,706 [qtp765242091-72] INFO  com.graphhopper.http.GHBaseServlet - point=42.531453%2C1.518946&point=42.511178%2C1.54006& 127.0.0.1 en_US web integration tester [42.531453,1.518946, 42.511178,1.54006], took:0.02929154, , fastest, car, alternatives: 1, distance0: 3179.891259948685, time0: 3min, points0: 89, debugInfo: idLookup:0.001385352s; tmode:NODE_BASED; , algoInit:0.005520559s, astarbi|beeline-routing:0.004012247s, extract time:2.56235E-4;, algoInit:0.005520559s, astarbi|beeline-routing:0.004012247s, extract time:2.56235E-4, simplify (105->89)
2017-03-15 17:36:49,766 [qtp765242091-74] INFO  com.graphhopper.http.GHBaseServlet - 127.0.0.1 null null 0.015363737
2017-03-15 17:36:49,786 [qtp765242091-63] INFO  com.graphhopper.http.GHBaseServlet - point=42.531453%2C1.518946&point=42.511178%2C1.54006& 127.0.0.1 en_US web integration tester [42.531453,1.518946, 42.511178,1.54006], took:0.010816308, , fastest, car, alternatives: 1, distance0: 5532.769259948686, time0: 6min, points0: 85, debugInfo: idLookup:0.003084922s; tmode:NODE_BASED; , algoInit:2.20391E-4s, astarbi|beeline-routing:0.006000284s, extract time:1.06365E-4;, algoInit:2.20391E-4s, astarbi|beeline-routing:0.006000284s, extract time:1.06365E-4, simplify (105->85)
Tests run: 1, Failures: 0, Errors: 0, Skipped: 0, Time elapsed: 0.495 sec - in com.graphhopper.http.ChangeGraphServletIT
Running com.graphhopper.http.GraphHopperServletIT
2017-03-15 17:36:49,816 [main] INFO  com.graphhopper.http.DefaultModule$1 - version 0.9|2017-03-15T17:34:56Z (5,14,4,3,3,2)
2017-03-15 17:36:49,817 [main] INFO  com.graphhopper.http.DefaultModule$1 - graph CH|car|RAM_STORE|2D|NoExt|,,,,, details:edges:0(0MB), nodes:0(0MB), name:(0MB), geo:0(0MB), bounds:1.7976931348623157E308,-1.7976931348623157E308,1.7976931348623157E308,-1.7976931348623157E308, CHGraph|fastest|car, shortcuts:0, nodesCH:(0MB)
2017-03-15 17:36:49,818 [main] INFO  com.graphhopper.http.DefaultModule$1 - start creating graph from ../core/files/andorra.osm.pbf
2017-03-15 17:36:49,818 [main] INFO  com.graphhopper.http.DefaultModule$1 - using CH|car|RAM_STORE|2D|NoExt|,,,,, memory:totalMB:1141, usedMB:233
2017-03-15 17:36:49,877 [main] INFO  com.graphhopper.reader.osm.OSMReader - creating graph. Found nodes (pillar+tower):20 917, totalMB:1141, usedMB:293
2017-03-15 17:36:49,939 [main] INFO  com.graphhopper.reader.osm.OSMReader - 69 646, now parsing ways
2017-03-15 17:36:49,980 [main] INFO  com.graphhopper.reader.osm.OSMReader - 72 371, now parsing relations
2017-03-15 17:36:49,980 [main] INFO  com.graphhopper.reader.osm.OSMReader - finished way processing. nodes: 1933, osmIdMap.size:20919, osmIdMap:0MB, nodeFlagsMap.size:2, relFlagsMap.size:0, zeroCounter:2 totalMB:1141, usedMB:365
2017-03-15 17:36:49,980 [main] INFO  com.graphhopper.reader.osm.OSMReader - time pass1:0s, pass2:0s, total:0s
2017-03-15 17:36:49,981 [main] INFO  com.graphhopper.http.DefaultModule$1 - start finding subnetworks, totalMB:1141, usedMB:365
2017-03-15 17:36:49,987 [main] INFO  com.graphhopper.routing.subnetwork.PrepareRoutingSubnetworks - car findComponents time:0.005931211, size:30
2017-03-15 17:36:49,988 [main] INFO  com.graphhopper.routing.subnetwork.PrepareRoutingSubnetworks - 59 subnetworks found for car, totalMB:1141, usedMB:365
2017-03-15 17:36:49,989 [main] INFO  com.graphhopper.routing.subnetwork.PrepareRoutingSubnetworks - optimize to remove subnetworks (59), unvisited-dead-end-nodes (48), maxEdges/node (4)
2017-03-15 17:36:49,994 [main] INFO  com.graphhopper.http.DefaultModule$1 - edges: 2261, nodes 1875, there were 59 subnetworks. removed them => 58 less nodes
2017-03-15 17:36:50,003 [main] INFO  com.graphhopper.storage.index.LocationIndexTree - location index created in 0.008780516s, size:2 475, leafs:748, precision:300, depth:3, checksum:1875, entries:[64, 16, 4], entriesPerLeaf:3.3088236
2017-03-15 17:36:50,004 [main] INFO  com.graphhopper.routing.ch.CHAlgoFactoryDecorator - 1/1 calling CH prepare.doWork for fastest|car ... (totalMB:1141, usedMB:370)
2017-03-15 17:36:50,020 [fastest_car] INFO  com.graphhopper.routing.ch.PrepareContractionHierarchies - 0, updates:0, nodes: 1 875, shortcuts:0, dijkstras:5 636, t(dijk):0.0, t(period):0.0, t(lazy):0.0, t(neighbor):0.0, meanDegree:1, algo:0MB, totalMB:1141, usedMB:372
2017-03-15 17:36:50,023 [fastest_car] INFO  com.graphhopper.routing.ch.PrepareContractionHierarchies - 360, updates:0, nodes: 1 515, shortcuts:1, dijkstras:5 738, t(dijk):0.0, t(period):0.0, t(lazy):0.0, t(neighbor):0.0, meanDegree:1, algo:0MB, totalMB:1141, usedMB:372
2017-03-15 17:36:50,041 [fastest_car] INFO  com.graphhopper.routing.ch.PrepareContractionHierarchies - 720, updates:1, nodes: 1 155, shortcuts:129, dijkstras:10 487, t(dijk):0.01, t(period):0.01, t(lazy):0.0, t(neighbor):0.0, meanDegree:1, algo:0MB, totalMB:1141, usedMB:372
2017-03-15 17:36:50,061 [fastest_car] INFO  com.graphhopper.routing.ch.PrepareContractionHierarchies - 1 080, updates:2, nodes: 795, shortcuts:583, dijkstras:14 900, t(dijk):0.03, t(period):0.02, t(lazy):0.0, t(neighbor):0.01, meanDegree:1, algo:0MB, totalMB:1141, usedMB:372
2017-03-15 17:36:50,084 [fastest_car] INFO  com.graphhopper.routing.ch.PrepareContractionHierarchies - 1 440, updates:3, nodes: 435, shortcuts:899, dijkstras:18 402, t(dijk):0.04, t(period):0.03, t(lazy):0.0, t(neighbor):0.01, meanDegree:1, algo:0MB, totalMB:1141, usedMB:372
2017-03-15 17:36:50,103 [fastest_car] INFO  com.graphhopper.routing.ch.PrepareContractionHierarchies - 1 800, updates:4, nodes: 121, shortcuts:1 291, dijkstras:21 683, t(dijk):0.05, t(period):0.04, t(lazy):0.0, t(neighbor):0.01, meanDegree:1, algo:0MB, totalMB:1141, usedMB:372
2017-03-15 17:36:50,114 [fastest_car] INFO  com.graphhopper.routing.ch.PrepareContractionHierarchies - took:0, new shortcuts: 1 471, prepare|fastest, dijkstras:23920, t(dijk):0.06, t(period):0.04, t(lazy):0.0, t(neighbor):0.02, meanDegree:0, initSize:1875, periodic:20, lazy:10, neighbor:20, totalMB:1141, usedMB:372
2017-03-15 17:36:50,114 [main] INFO  com.graphhopper.http.DefaultModule$1 - flushing graph CH|car|RAM_STORE|2D|NoExt|5,14,4,3,3, details:edges:2 261(1MB), nodes:1 875(1MB), name:(1MB), geo:31 061(1MB), bounds:1.419350909129178,1.7338322863094275,42.433747107544846,42.6330408, CHGraph|fastest|car, shortcuts:1 471, nodesCH:(1MB), totalMB:1141, usedMB:372)
2017-03-15 17:36:50,126 [main] INFO  com.graphhopper.http.DefaultModule$1 - flushed graph totalMB:1141, usedMB:373)
2017-03-15 17:36:50,127 [main] INFO  com.graphhopper.http.DefaultModule - loaded graph at:./target/andorra-gh/, data_reader_file:../core/files/andorra.osm.pbf, flag_encoders:car, edges:2 261(1MB), nodes:1 875(1MB), name:(1MB), geo:31 061(1MB), bounds:1.419350909129178,1.7338322863094275,42.433747107544846,42.6330408, CHGraph|fastest|car, shortcuts:1 471, nodesCH:(1MB)
2017-03-15 17:36:50,152 [main] INFO  com.graphhopper.http.BaseServletTester - Trying to start jetty at port 18080
2017-03-15 17:36:50,158 [main] INFO  com.graphhopper.http.GHServer - Started server at HTTP :18080
2017-03-15 17:36:50,162 [qtp1094674892-93] ERROR com.graphhopper.http.GHBaseServlet - point=42.554851%2C1.536198&type=gpx& 127.0.0.1 en_US web integration tester [42.554851,1.536198], took:2.65044E-4, , fastest, car, errors:[java.lang.IllegalArgumentException: At least 2 points have to be specified, but was:1]
2017-03-15 17:36:50,287 [qtp1094674892-84] INFO  com.graphhopper.http.GHBaseServlet - point=42.554851%2C1.536198&point=42.510071%2C1.548128& 127.0.0.1 en_US web integration tester [42.554851,1.536198, 42.510071,1.548128], took:0.009132821, , fastest, car, alternatives: 1, distance0: 9204.566083971124, time0: 9min, points0: 199, debugInfo: idLookup:0.001294872s; , algoInit:0.001881687s, dijkstrabi|ch-routing:0.001938727s, extract time:9.1667E-4;, algoInit:0.001881687s, dijkstrabi|ch-routing:0.001938727s, extract time:9.1667E-4, simplify (247->199)
2017-03-15 17:36:50,307 [qtp1094674892-95] INFO  com.graphhopper.http.GHBaseServlet - point=42.554851,1.536198&point=42.510071,1.548128&&type=json&instructions=true&points_encoded=true&calc_points=true&algorithm=&locale=en_US&elevation=false 127.0.0.1 en_US GraphHopper Java Client [42.554851,1.536198, 42.510071,1.548128], took:0.004105271, , fastest, car, alternatives: 1, distance0: 9204.566083971124, time0: 9min, points0: 199, debugInfo: idLookup:9.28421E-4s; , algoInit:1.5115E-4s, dijkstrabi|ch-routing:6.91879E-4s, extract time:3.40672E-4;, algoInit:1.5115E-4s, dijkstrabi|ch-routing:6.91879E-4s, extract time:3.40672E-4, simplify (247->199)
2017-03-15 17:36:50,318 [qtp1094674892-93] INFO  com.graphhopper.http.GHBaseServlet - point=42.554851,1.536198&point=42.510071,1.548128&&type=json&instructions=true&points_encoded=true&calc_points=true&algorithm=&locale=en_US&elevation=false&turn_description=false 127.0.0.1 en_US GraphHopper Java Client [42.554851,1.536198, 42.510071,1.548128], took:0.004810332, , fastest, car, alternatives: 1, distance0: 9204.566083971124, time0: 9min, points0: 199, debugInfo: idLookup:0.001316568s; , algoInit:1.55823E-4s, dijkstrabi|ch-routing:8.29338E-4s, extract time:4.38379E-4;, algoInit:1.55823E-4s, dijkstrabi|ch-routing:8.29338E-4s, extract time:4.38379E-4, simplify (247->199)
2017-03-15 17:36:50,333 [qtp1094674892-84] INFO  com.graphhopper.http.GHBaseServlet - point=42.554851%2C1.536198&point=42.510071%2C1.548128&type=gpx& 127.0.0.1 en_US web integration tester [42.554851,1.536198, 42.510071,1.548128], took:0.003584517, , fastest, car, alternatives: 1, distance0: 9204.566083971124, time0: 9min, points0: 199, debugInfo: idLookup:7.6316E-4s; , algoInit:1.61271E-4s, dijkstrabi|ch-routing:5.36549E-4s, extract time:1.32234E-4;, algoInit:1.61271E-4s, dijkstrabi|ch-routing:5.36549E-4s, extract time:1.32234E-4, simplify (247->199)
2017-03-15 17:36:50,352 [qtp1094674892-95] ERROR com.graphhopper.http.GHBaseServlet - point=42.554851234%2C1.536198&point=42.510071%2C1.548128&points_encoded=false&elevation=true& 127.0.0.1 en_US web integration tester [42.554851234,1.536198, 42.510071,1.548128], took:1.43393E-4, , fastest, car, errors:[java.lang.IllegalArgumentException: Elevation not supported!]
2017-03-15 17:36:50,364 [qtp1094674892-93] INFO  com.graphhopper.http.GHBaseServlet - point=42.554851,1.536198&point=42.510071,1.548128&&type=json&instructions=true&points_encoded=true&calc_points=true&algorithm=&locale=en_US&elevation=false 127.0.0.1 en_US GraphHopper Java Client [42.554851,1.536198, 42.510071,1.548128], took:0.005207246, , fastest, car, alternatives: 1, distance0: 9204.566083971124, time0: 9min, points0: 199, debugInfo: idLookup:9.74444E-4s; , algoInit:1.38551E-4s, dijkstrabi|ch-routing:7.54817E-4s, extract time:1.95076E-4;, algoInit:1.38551E-4s, dijkstrabi|ch-routing:7.54817E-4s, extract time:1.95076E-4, simplify (247->199)
2017-03-15 17:36:50,374 [qtp1094674892-84] INFO  com.graphhopper.http.GHBaseServlet - point=42.554851,1.536198&point=42.531896,1.553278&point=42.510071,1.548128&&type=json&instructions=true&points_encoded=true&calc_points=true&algorithm=&locale=en_US&elevation=false 127.0.0.1 en_US GraphHopper Java Client [42.554851,1.536198, 42.531896,1.553278, 42.510071,1.548128], took:0.004418233, , fastest, car, alternatives: 1, distance0: 20232.202884241837, time0: 20min, points0: 686, debugInfo: idLookup:0.001130572s; , algoInit:2.04032E-4s, dijkstrabi|ch-routing:6.12989E-4s, extract time:1.19781E-4;, algoInit:1.22662E-4s, dijkstrabi|ch-routing:2.21924E-4s, extract time:5.8093E-5;, algoInit:2.04032E-4s, dijkstrabi|ch-routing:6.12989E-4s, extract time:1.19781E-4;, algoInit:1.22662E-4s, dijkstrabi|ch-routing:2.21924E-4s, extract time:5.8093E-5, simplify (736->686)
2017-03-15 17:36:50,387 [qtp1094674892-95] INFO  com.graphhopper.http.GHBaseServlet - point=42.554851234%2C1.536198&point=42.510071%2C1.548128&points_encoded=false& 127.0.0.1 en_US web integration tester [42.554851234,1.536198, 42.510071,1.548128], took:0.002284956, , fastest, car, alternatives: 1, distance0: 9204.540173426134, time0: 9min, points0: 199, debugInfo: idLookup:8.01393E-4s; , algoInit:1.22011E-4s, dijkstrabi|ch-routing:3.1047E-4s, extract time:1.02179E-4;, algoInit:1.22011E-4s, dijkstrabi|ch-routing:3.1047E-4s, extract time:1.02179E-4, simplify (247->199)
2017-03-15 17:36:50,400 [qtp1094674892-93] INFO  com.graphhopper.http.GHBaseServlet - point=42.496696%2C1.499323&point=42.497257%2C1.501501&heading=240&heading=240&ch.force_heading=true& 127.0.0.1 en_US web integration tester [42.496696,1.499323, 42.497257,1.501501], took:0.001740511, , fastest, car, alternatives: 1, distance0: 964.5028937166437, time0: 1min, points0: 33, debugInfo: idLookup:6.12362E-4s; , algoInit:1.76757E-4s, dijkstrabi|ch-routing:2.00834E-4s, extract time:3.7511E-5;, algoInit:1.76757E-4s, dijkstrabi|ch-routing:2.00834E-4s, extract time:3.7511E-5, simplify (38->33)
2017-03-15 17:36:50,408 [qtp1094674892-84] ERROR com.graphhopper.http.GHBaseServlet - &type=json&instructions=true&points_encoded=true&calc_points=true&algorithm=&locale=en_US&elevation=false 127.0.0.1 en_US GraphHopper Java Client [], took:1.70624E-4, , fastest, car, errors:[java.lang.IllegalArgumentException: At least 2 points have to be specified, but was:0]
2017-03-15 17:36:50,411 [qtp1094674892-95] ERROR com.graphhopper.http.GHBaseServlet - point=0.0,0.0&point=0.0,0.0&&type=json&instructions=true&points_encoded=true&calc_points=true&algorithm=&locale=en_US&elevation=false 127.0.0.1 en_US GraphHopper Java Client [0.0,0.0, 0.0,0.0], took:2.47276E-4, , fastest, car, errors:[com.graphhopper.util.exceptions.PointOutOfBoundsException: Point 0 is ouf of bounds: 0.0,0.0]
2017-03-15 17:36:50,413 [qtp1094674892-93] ERROR com.graphhopper.http.GHBaseServlet - point=42.554851,1.536198&point=42.510071,1.548128&&type=json&instructions=true&points_encoded=true&calc_points=true&algorithm=&locale=en_US&elevation=false&vehicle=space-shuttle 127.0.0.1 en_US GraphHopper Java Client [42.554851,1.536198, 42.510071,1.548128], took:2.5241E-5, , fastest, space-shuttle, errors:[java.lang.IllegalArgumentException: Vehicle not supported: space-shuttle]
2017-03-15 17:36:50,422 [qtp1094674892-84] INFO  com.graphhopper.http.GHBaseServlet - point=42.534133%2C1.581473&point=42.534781%2C1.582149&point=42.535042%2C1.582514&pass_through=true& 127.0.0.1 en_US web integration tester [42.534133,1.581473, 42.534781,1.582149, 42.535042,1.582514], took:0.002598961, , fastest, car, alternatives: 1, distance0: 320.9521855338318, time0: 1min, points0: 12, debugInfo: idLookup:0.001311056s; , algoInit:1.23067E-4s, dijkstrabi|ch-routing:2.88194E-4s, extract time:2.032E-5;, algoInit:9.5892E-5s, dijkstrabi|ch-routing:1.65425E-4s, extract time:1.8326E-5;, algoInit:1.23067E-4s, dijkstrabi|ch-routing:2.88194E-4s, extract time:2.032E-5;, algoInit:9.5892E-5s, dijkstrabi|ch-routing:1.65425E-4s, extract time:1.8326E-5, simplify (13->12)
2017-03-15 17:36:50,433 [qtp1094674892-95] INFO  com.graphhopper.http.GHBaseServlet - point=42.554851%2C1.536198&point=42.510071%2C1.548128&type=gpx&gpx.route=false&gpx.waypoints=false& 127.0.0.1 en_US web integration tester [42.554851,1.536198, 42.510071,1.548128], took:0.002840401, , fastest, car, alternatives: 1, distance0: 9204.566083971124, time0: 9min, points0: 199, debugInfo: idLookup:7.12252E-4s; , algoInit:9.5726E-5s, dijkstrabi|ch-routing:4.2901E-4s, extract time:1.02014E-4;, algoInit:9.5726E-5s, dijkstrabi|ch-routing:4.2901E-4s, extract time:1.02014E-4, simplify (247->199)
2017-03-15 17:36:50,456 [qtp1094674892-93] INFO  com.graphhopper.http.GHBaseServlet - point=42.554851%2C1.536198&point=42.510071%2C1.548128&type=gpx&gpx.track=true&gpx.route=false&gpx.waypoints=true& 127.0.0.1 en_US web integration tester [42.554851,1.536198, 42.510071,1.548128], took:0.002293417, , fastest, car, alternatives: 1, distance0: 9204.566083971124, time0: 9min, points0: 199, debugInfo: idLookup:6.76563E-4s; , algoInit:2.72818E-4s, dijkstrabi|ch-routing:3.40629E-4s, extract time:9.2691E-5;, algoInit:2.72818E-4s, dijkstrabi|ch-routing:3.40629E-4s, extract time:9.2691E-5, simplify (247->199)
Tests run: 12, Failures: 0, Errors: 0, Skipped: 0, Time elapsed: 0.667 sec - in com.graphhopper.http.GraphHopperServletIT
Running com.graphhopper.http.GraphHopperServletWithEleIT
2017-03-15 17:36:50,505 [main] INFO  com.graphhopper.http.DefaultModule$1 - version 0.9|2017-03-15T17:34:56Z (5,14,4,3,3,2)
2017-03-15 17:36:50,505 [main] INFO  com.graphhopper.http.DefaultModule$1 - graph car|RAM_STORE|3D|NoExt|,,,,, details:edges:0(0MB), nodes:0(0MB), name:(0MB), geo:0(0MB), bounds:1.7976931348623157E308,-1.7976931348623157E308,1.7976931348623157E308,-1.7976931348623157E308,1.7976931348623157E308,-1.7976931348623157E308
2017-03-15 17:36:50,506 [main] INFO  com.graphhopper.http.DefaultModule$1 - start creating graph from ../core/files/monaco.osm.gz
2017-03-15 17:36:50,506 [main] INFO  com.graphhopper.http.DefaultModule$1 - using car|RAM_STORE|3D|NoExt|,,,,, memory:totalMB:1141, usedMB:424
2017-03-15 17:36:50,584 [main] INFO  com.graphhopper.reader.osm.OSMReader - creating graph. Found nodes (pillar+tower):3 020, totalMB:1141, usedMB:436
2017-03-15 17:36:50,587 [main] INFO  com.graphhopper.reader.dem.SRTMProvider - SRTM Elevation Provider, from: https://srtm.kurviger.de/SRTM3/, to: /home/travis/build/graphhopper/graphhopper/core/files, as: MMAP_STORE
2017-03-15 17:36:50,672 [main] INFO  com.graphhopper.reader.osm.OSMReader - 13 740, now parsing ways
2017-03-15 17:36:50,697 [main] INFO  com.graphhopper.reader.osm.OSMReader - 15 684, now parsing relations
2017-03-15 17:36:50,702 [main] INFO  com.graphhopper.reader.osm.OSMReader - finished way processing. nodes: 576, osmIdMap.size:3021, osmIdMap:0MB, nodeFlagsMap.size:1, relFlagsMap.size:0, zeroCounter:1 totalMB:1141, usedMB:461
2017-03-15 17:36:50,817 [main] INFO  com.graphhopper.reader.osm.OSMReader - time pass1:0s, pass2:0s, total:0s
2017-03-15 17:36:50,817 [main] INFO  com.graphhopper.http.DefaultModule$1 - start finding subnetworks, totalMB:1141, usedMB:20
2017-03-15 17:36:50,818 [main] INFO  com.graphhopper.routing.subnetwork.PrepareRoutingSubnetworks - 5 subnetworks found for car, totalMB:1141, usedMB:20
2017-03-15 17:36:50,818 [main] INFO  com.graphhopper.routing.subnetwork.PrepareRoutingSubnetworks - optimize to remove subnetworks (5), unvisited-dead-end-nodes (0), maxEdges/node (5)
2017-03-15 17:36:50,824 [main] INFO  com.graphhopper.http.DefaultModule$1 - edges: 724, nodes 567, there were 5 subnetworks. removed them => 9 less nodes
2017-03-15 17:36:50,828 [main] INFO  com.graphhopper.storage.index.LocationIndexTree - location index created in 0.003893397s, size:562, leafs:35, precision:300, depth:2, checksum:567, entries:[16, 4], entriesPerLeaf:16.057142
2017-03-15 17:36:50,828 [main] INFO  com.graphhopper.http.DefaultModule$1 - flushing graph car|RAM_STORE|3D|NoExt|5,14,4,3,3, details:edges:724(1MB), nodes:567(1MB), name:(1MB), geo:5 993(1MB), bounds:7.404341341652155,7.439277859910082,43.72177128616954,43.75196271580374,-2.0,189.0, totalMB:1141, usedMB:26)
2017-03-15 17:36:50,836 [main] INFO  com.graphhopper.http.DefaultModule$1 - flushed graph totalMB:1141, usedMB:29)
2017-03-15 17:36:50,837 [main] INFO  com.graphhopper.http.DefaultModule - loaded graph at:./target/monaco-gh/, data_reader_file:../core/files/monaco.osm.gz, flag_encoders:car, edges:724(1MB), nodes:567(1MB), name:(1MB), geo:5 993(1MB), bounds:7.404341341652155,7.439277859910082,43.72177128616954,43.75196271580374,-2.0,189.0
2017-03-15 17:36:50,855 [main] INFO  com.graphhopper.http.BaseServletTester - Trying to start jetty at port 18080
2017-03-15 17:36:50,860 [main] INFO  com.graphhopper.http.GHServer - Started server at HTTP :18080
2017-03-15 17:36:50,868 [qtp941836856-105] INFO  com.graphhopper.http.GHBaseServlet - point=43.730864%2C7.420771&point=43.727687%2C7.418737&points_encoded=false&elevation=true& 127.0.0.1 en_US web integration tester [43.730864,7.420771, 43.727687,7.418737], took:0.003710607, , fastest, car, alternatives: 1, distance0: 2651.202585806163, time0: 5min, points0: 77, debugInfo: idLookup:0.001392186s; tmode:NODE_BASED; , algoInit:1.13586E-4s, astarbi|beeline-routing:8.84709E-4s, extract time:4.1055E-5;, algoInit:1.13586E-4s, astarbi|beeline-routing:8.84709E-4s, extract time:4.1055E-5, simplify (93->77)
2017-03-15 17:36:50,888 [qtp941836856-106] INFO  com.graphhopper.http.GHBaseServlet - point=43.730864%2C7.420771&point=43.727687%2C7.418737&points_encoded=false& 127.0.0.1 en_US web integration tester [43.730864,7.420771, 43.727687,7.418737], took:0.003313756, , fastest, car, alternatives: 1, distance0: 2651.202585806163, time0: 5min, points0: 77, debugInfo: idLookup:0.001788509s; tmode:NODE_BASED; , algoInit:1.4074E-4s, astarbi|beeline-routing:5.49995E-4s, extract time:5.4905E-5;, algoInit:1.4074E-4s, astarbi|beeline-routing:5.49995E-4s, extract time:5.4905E-5, simplify (93->77)
2017-03-15 17:36:50,895 [qtp941836856-96] INFO  com.graphhopper.http.GHBaseServlet - point=43.730864%2C7.420771&point=43.727687%2C7.418737&points_encoded=false&elevation=false& 127.0.0.1 en_US web integration tester [43.730864,7.420771, 43.727687,7.418737], took:0.002262195, , fastest, car, alternatives: 1, distance0: 2651.202585806163, time0: 5min, points0: 77, debugInfo: idLookup:0.001215182s; tmode:NODE_BASED; , algoInit:7.331E-5s, astarbi|beeline-routing:2.81709E-4s, extract time:5.3844E-5;, algoInit:7.331E-5s, astarbi|beeline-routing:2.81709E-4s, extract time:5.3844E-5, simplify (93->77)
Tests run: 2, Failures: 0, Errors: 0, Skipped: 0, Time elapsed: 0.435 sec - in com.graphhopper.http.GraphHopperServletWithEleIT

Results :

Tests run: 18, Failures: 0, Errors: 0, Skipped: 0

[INFO] 
[INFO] --- maven-assembly-plugin:2.4.1:single (make-assembly) @ graphhopper-web ---
[INFO] Reading assembly descriptor: src/main/assembly/jar.xml
[INFO] Reading assembly descriptor: src/main/assembly/zip.xml
[INFO] Building jar: /home/travis/build/graphhopper/graphhopper/web/target/graphhopper-web-0.9-SNAPSHOT-with-dep.jar
[INFO] Building zip: /home/travis/build/graphhopper/graphhopper/web/target/graphhopper-web-0.9-SNAPSHOT-bin.zip
[INFO] 
[INFO] --- maven-failsafe-plugin:2.19.1:verify (default) @ graphhopper-web ---
[INFO]                                                                         
[INFO] ------------------------------------------------------------------------
[INFO] Building GraphHopper Reader for Shapefile Data 0.9-SNAPSHOT
[INFO] ------------------------------------------------------------------------
[INFO] 
[INFO] --- maven-clean-plugin:2.5:clean (default-clean) @ graphhopper-reader-shp ---
[INFO] 
[INFO] --- maven-resources-plugin:2.6:resources (default-resources) @ graphhopper-reader-shp ---
[INFO] Using 'UTF-8' encoding to copy filtered resources.
[INFO] skip non existing resourceDirectory /home/travis/build/graphhopper/graphhopper/reader-shp/src/main/resources
[INFO] 
[INFO] --- maven-compiler-plugin:3.5.1:compile (default-compile) @ graphhopper-reader-shp ---
[INFO] Changes detected - recompiling the module!
[INFO] Compiling 4 source files to /home/travis/build/graphhopper/graphhopper/reader-shp/target/classes
[INFO] 
[INFO] --- maven-resources-plugin:2.6:testResources (default-testResources) @ graphhopper-reader-shp ---
[INFO] Using 'UTF-8' encoding to copy filtered resources.
[INFO] Copying 7 resources
[INFO] 
[INFO] --- maven-compiler-plugin:3.5.1:testCompile (default-testCompile) @ graphhopper-reader-shp ---
[INFO] Changes detected - recompiling the module!
[INFO] Compiling 1 source file to /home/travis/build/graphhopper/graphhopper/reader-shp/target/test-classes
[INFO] 
[INFO] --- maven-surefire-plugin:2.19.1:test (default-test) @ graphhopper-reader-shp ---

-------------------------------------------------------
 T E S T S
-------------------------------------------------------
Running com.graphhopper.reader.shp.ShapeFileReaderTest
Tests run: 4, Failures: 0, Errors: 0, Skipped: 0, Time elapsed: 8.454 sec - in com.graphhopper.reader.shp.ShapeFileReaderTest

Results :

Tests run: 4, Failures: 0, Errors: 0, Skipped: 0

[INFO] 
[INFO] --- maven-resources-plugin:2.6:resources (default-resources) @ graphhopper-reader-shp ---
[INFO] Using 'UTF-8' encoding to copy filtered resources.
[INFO] skip non existing resourceDirectory /home/travis/build/graphhopper/graphhopper/reader-shp/src/main/resources
[INFO] 
[INFO] --- maven-compiler-plugin:3.5.1:compile (default-compile) @ graphhopper-reader-shp ---
[INFO] Nothing to compile - all classes are up to date
[INFO] 
[INFO] --- maven-resources-plugin:2.6:testResources (default-testResources) @ graphhopper-reader-shp ---
[INFO] Using 'UTF-8' encoding to copy filtered resources.
[INFO] Copying 7 resources
[INFO] 
[INFO] --- maven-compiler-plugin:3.5.1:testCompile (default-testCompile) @ graphhopper-reader-shp ---
[INFO] Nothing to compile - all classes are up to date
[INFO] 
[INFO] --- maven-surefire-plugin:2.19.1:test (default-test) @ graphhopper-reader-shp ---
[INFO] Skipping execution of surefire because it has already been run for this configuration
[INFO] 
[INFO] --- maven-jar-plugin:3.0.2:jar (default-jar) @ graphhopper-reader-shp ---
[INFO] Building jar: /home/travis/build/graphhopper/graphhopper/reader-shp/target/graphhopper-reader-shp-0.9-SNAPSHOT.jar
[INFO] 
[INFO] --- maven-failsafe-plugin:2.19.1:integration-test (default) @ graphhopper-reader-shp ---
[INFO] 
[INFO] --- maven-failsafe-plugin:2.19.1:verify (default) @ graphhopper-reader-shp ---
[INFO] ------------------------------------------------------------------------
[INFO] Reactor Summary:
[INFO] 
[INFO] GraphHopper Parent Project ......................... SUCCESS [  0.653 s]
[INFO] GraphHopper Core ................................... SUCCESS [ 57.545 s]
[INFO] GraphHopper Reader for OpenStreetMap Data .......... SUCCESS [ 35.036 s]
[INFO] GraphHopper Reader JSON ............................ SUCCESS [  4.122 s]
[INFO] GraphHopper Tools .................................. SUCCESS [  3.938 s]
[INFO] GraphHopper Web .................................... SUCCESS [ 17.291 s]
[INFO] GraphHopper Reader for Shapefile Data .............. SUCCESS [ 12.520 s]
[INFO] ------------------------------------------------------------------------
[INFO] BUILD SUCCESS
[INFO] ------------------------------------------------------------------------
[INFO] Total time: 02:11 min
[INFO] Finished at: 2017-03-15T17:37:08+00:00
[INFO] Final Memory: 16M/291M
[INFO] ------------------------------------------------------------------------

travis_time:end:1316fc97:start=1489599295349795562,finish=1489599428503411946,duration=133153616384[0K
[32;1mThe command "mvn clean test verify -B" exited with 0.[0m
travis_fold:start:cache.2[0Kstore build cache
travis_time:start:05b640be[0K
travis_time:end:05b640be:start=1489599428510338008,finish=1489599428515423045,duration=5085037[0Ktravis_time:start:2ea58404[0K[32;1mnothing changed, not updating cache[0m

travis_time:end:2ea58404:start=1489599428521196182,finish=1489599429298586546,duration=777390364[0Ktravis_fold:end:cache.2[0Ktravis_fold:start:after_success[0Ktravis_time:start:12a9cc2f[0K$ if [ "$TRAVIS_JDK_VERSION" == "oraclejdk8" ] && [ "$TRAVIS_BRANCH" == "master" ] && [ "$TRAVIS_PULL_REQUEST" == "false" ]; then travis_wait mvn deploy --settings core/files/settings.xml -DskipTests=true -B; else echo "Not deploying snapshot artifact for $TRAVIS_BRANCH"; fi
Not deploying snapshot artifact for spatial

travis_time:end:12a9cc2f:start=1489599429309228848,finish=1489599429315899125,duration=6670277[0Ktravis_fold:end:after_success[0K
Done. Your build exited with 0.
