travis_fold:start:worker_info[0K[33;1mWorker information[0m
hostname: i-04bf680-precise-production-2-worker-org-docker.travisci.net:562a26b1-70e0-4d11-8518-f7de09ce770d
version: v2.5.0 https://github.com/travis-ci/worker/tree/da3a43228dffc0fcca5a46569ca786b22991979f
instance: d5d34a6:travis:java
startup: 635.104081ms
travis_fold:end:worker_info[0Ktravis_fold:start:system_info[0K[33;1mBuild system information[0m
Build language: java
Build group: stable
Build dist: precise
Build id: 221840965
Job id: 221840966
travis-build version: 4a669c7bf
[34m[1mBuild image provisioning date and time[0m
Thu Feb  5 15:09:33 UTC 2015
[34m[1mOperating System Details[0m
Distributor ID:	Ubuntu
Description:	Ubuntu 12.04.5 LTS
Release:	12.04
Codename:	precise
[34m[1mLinux Version[0m
3.13.0-29-generic
[34m[1mCookbooks Version[0m
a68419e https://github.com/travis-ci/travis-cookbooks/tree/a68419e
[34m[1mGCC version[0m
gcc (Ubuntu/Linaro 4.6.3-1ubuntu5) 4.6.3
Copyright (C) 2011 Free Software Foundation, Inc.
This is free software; see the source for copying conditions.  There is NO
warranty; not even for MERCHANTABILITY or FITNESS FOR A PARTICULAR PURPOSE.

[34m[1mLLVM version[0m
clang version 3.4 (tags/RELEASE_34/final)
Target: x86_64-unknown-linux-gnu
Thread model: posix
[34m[1mPre-installed Ruby versions[0m
ruby-1.9.3-p551
[34m[1mPre-installed Node.js versions[0m
v0.10.36
[34m[1mPre-installed Go versions[0m
1.4.1
[34m[1mRedis version[0m
redis-server 2.8.19
[34m[1mriak version[0m
2.0.2
[34m[1mMongoDB version[0m
MongoDB 2.4.12
[34m[1mCouchDB version[0m
couchdb 1.6.1
[34m[1mNeo4j version[0m
1.9.4
[34m[1mRabbitMQ Version[0m
3.4.3
[34m[1mElasticSearch version[0m
1.4.0
[34m[1mInstalled Sphinx versions[0m
2.0.10
2.1.9
2.2.6
[34m[1mDefault Sphinx version[0m
2.2.6
[34m[1mInstalled Firefox version[0m
firefox 31.0esr
[34m[1mPhantomJS version[0m
1.9.8
[34m[1mant -version[0m
Apache Ant(TM) version 1.8.2 compiled on December 3 2011
[34m[1mmvn -version[0m
Apache Maven 3.2.5 (12a6b3acb947671f09b81f49094c53f426d8cea1; 2014-12-14T17:29:23+00:00)
Maven home: /usr/local/maven
Java version: 1.7.0_76, vendor: Oracle Corporation
Java home: /usr/lib/jvm/java-7-oracle/jre
Default locale: en_US, platform encoding: ANSI_X3.4-1968
OS name: "linux", version: "3.13.0-29-generic", arch: "amd64", family: "unix"
travis_fold:end:system_info[0K
travis_fold:start:fix.CVE-2015-7547[0K$ export DEBIAN_FRONTEND=noninteractive
Reading package lists...
Building dependency tree...
Reading state information...
The following extra packages will be installed:
  libc-bin libc-dev-bin libc6-dev
Suggested packages:
  glibc-doc
The following packages will be upgraded:
  libc-bin libc-dev-bin libc6 libc6-dev
4 upgraded, 0 newly installed, 0 to remove and 276 not upgraded.
Need to get 8,856 kB of archives.
After this operation, 13.3 kB of additional disk space will be used.
Get:1 http://us.archive.ubuntu.com/ubuntu/ precise-updates/main libc6-dev amd64 2.15-0ubuntu10.18 [2,948 kB]
Get:2 http://us.archive.ubuntu.com/ubuntu/ precise-updates/main libc-dev-bin amd64 2.15-0ubuntu10.18 [84.5 kB]
Get:3 http://us.archive.ubuntu.com/ubuntu/ precise-updates/main libc-bin amd64 2.15-0ubuntu10.18 [1,178 kB]
Get:4 http://us.archive.ubuntu.com/ubuntu/ precise-updates/main libc6 amd64 2.15-0ubuntu10.18 [4,646 kB]
Fetched 8,856 kB in 0s (35.4 MB/s)
Preconfiguring packages ...
(Reading database ... (Reading database ... 5%(Reading database ... 10%(Reading database ... 15%(Reading database ... 20%(Reading database ... 25%(Reading database ... 30%(Reading database ... 35%(Reading database ... 40%(Reading database ... 45%(Reading database ... 50%(Reading database ... 55%(Reading database ... 60%(Reading database ... 65%(Reading database ... 70%(Reading database ... 75%(Reading database ... 80%(Reading database ... 85%(Reading database ... 90%(Reading database ... 95%(Reading database ... 100%(Reading database ... 72019 files and directories currently installed.)
Preparing to replace libc6-dev 2.15-0ubuntu10.10 (using .../libc6-dev_2.15-0ubuntu10.18_amd64.deb) ...
Unpacking replacement libc6-dev ...
Preparing to replace libc-dev-bin 2.15-0ubuntu10.10 (using .../libc-dev-bin_2.15-0ubuntu10.18_amd64.deb) ...
Unpacking replacement libc-dev-bin ...
Preparing to replace libc-bin 2.15-0ubuntu10.10 (using .../libc-bin_2.15-0ubuntu10.18_amd64.deb) ...
Unpacking replacement libc-bin ...
Processing triggers for man-db ...
Setting up libc-bin (2.15-0ubuntu10.18) ...
(Reading database ... (Reading database ... 5%(Reading database ... 10%(Reading database ... 15%(Reading database ... 20%(Reading database ... 25%(Reading database ... 30%(Reading database ... 35%(Reading database ... 40%(Reading database ... 45%(Reading database ... 50%(Reading database ... 55%(Reading database ... 60%(Reading database ... 65%(Reading database ... 70%(Reading database ... 75%(Reading database ... 80%(Reading database ... 85%(Reading database ... 90%(Reading database ... 95%(Reading database ... 100%(Reading database ... 72018 files and directories currently installed.)
Preparing to replace libc6 2.15-0ubuntu10.10 (using .../libc6_2.15-0ubuntu10.18_amd64.deb) ...
Unpacking replacement libc6 ...
Setting up libc6 (2.15-0ubuntu10.18) ...
Setting up libc-dev-bin (2.15-0ubuntu10.18) ...
Setting up libc6-dev (2.15-0ubuntu10.18) ...
Processing triggers for libc-bin ...
ldconfig deferred processing now taking place
travis_fold:end:fix.CVE-2015-7547[0K$ jdk_switcher use oraclejdk8
Switching to Oracle JDK8 (java-8-oracle), JAVA_HOME will be set to /usr/lib/jvm/java-8-oracle
travis_fold:start:git.checkout[0Ktravis_time:start:023da1e8[0K$ git clone --depth=50 --branch=pt-merge https://github.com/graphhopper/graphhopper.git graphhopper/graphhopper
Cloning into 'graphhopper/graphhopper'...
remote: Counting objects: 1824, done.[K
remote: Compressing objects:   0% (1/1214)   [Kremote: Compressing objects:   1% (13/1214)   [Kremote: Compressing objects:   2% (25/1214)   [Kremote: Compressing objects:   3% (37/1214)   [Kremote: Compressing objects:   4% (49/1214)   [Kremote: Compressing objects:   5% (61/1214)   [Kremote: Compressing objects:   6% (73/1214)   [Kremote: Compressing objects:   7% (85/1214)   [Kremote: Compressing objects:   8% (98/1214)   [Kremote: Compressing objects:   9% (110/1214)   [Kremote: Compressing objects:  10% (122/1214)   [Kremote: Compressing objects:  11% (134/1214)   [Kremote: Compressing objects:  12% (146/1214)   [Kremote: Compressing objects:  13% (158/1214)   [Kremote: Compressing objects:  14% (170/1214)   [Kremote: Compressing objects:  15% (183/1214)   [Kremote: Compressing objects:  16% (195/1214)   [Kremote: Compressing objects:  17% (207/1214)   [Kremote: Compressing objects:  18% (219/1214)   [Kremote: Compressing objects:  19% (231/1214)   [Kremote: Compressing objects:  20% (243/1214)   [Kremote: Compressing objects:  21% (255/1214)   [Kremote: Compressing objects:  22% (268/1214)   [Kremote: Compressing objects:  23% (280/1214)   [Kremote: Compressing objects:  24% (292/1214)   [Kremote: Compressing objects:  25% (304/1214)   [Kremote: Compressing objects:  26% (316/1214)   [Kremote: Compressing objects:  27% (328/1214)   [Kremote: Compressing objects:  28% (340/1214)   [Kremote: Compressing objects:  29% (353/1214)   [Kremote: Compressing objects:  30% (365/1214)   [Kremote: Compressing objects:  31% (377/1214)   [Kremote: Compressing objects:  32% (389/1214)   [Kremote: Compressing objects:  33% (401/1214)   [Kremote: Compressing objects:  34% (413/1214)   [Kremote: Compressing objects:  35% (425/1214)   [Kremote: Compressing objects:  36% (438/1214)   [Kremote: Compressing objects:  37% (450/1214)   [Kremote: Compressing objects:  38% (462/1214)   [Kremote: Compressing objects:  39% (474/1214)   [Kremote: Compressing objects:  40% (486/1214)   [Kremote: Compressing objects:  41% (498/1214)   [Kremote: Compressing objects:  42% (510/1214)   [Kremote: Compressing objects:  43% (523/1214)   [Kremote: Compressing objects:  44% (535/1214)   [Kremote: Compressing objects:  45% (547/1214)   [Kremote: Compressing objects:  46% (559/1214)   [Kremote: Compressing objects:  47% (571/1214)   [Kremote: Compressing objects:  48% (583/1214)   [Kremote: Compressing objects:  49% (595/1214)   [Kremote: Compressing objects:  50% (607/1214)   [Kremote: Compressing objects:  51% (620/1214)   [Kremote: Compressing objects:  52% (632/1214)   [Kremote: Compressing objects:  53% (644/1214)   [Kremote: Compressing objects:  54% (656/1214)   [Kremote: Compressing objects:  55% (668/1214)   [Kremote: Compressing objects:  56% (680/1214)   [Kremote: Compressing objects:  57% (692/1214)   [Kremote: Compressing objects:  58% (705/1214)   [Kremote: Compressing objects:  59% (717/1214)   [Kremote: Compressing objects:  60% (729/1214)   [Kremote: Compressing objects:  61% (741/1214)   [Kremote: Compressing objects:  62% (753/1214)   [Kremote: Compressing objects:  63% (765/1214)   [Kremote: Compressing objects:  64% (777/1214)   [Kremote: Compressing objects:  65% (790/1214)   [Kremote: Compressing objects:  66% (802/1214)   [Kremote: Compressing objects:  67% (814/1214)   [Kremote: Compressing objects:  68% (826/1214)   [Kremote: Compressing objects:  69% (838/1214)   [Kremote: Compressing objects:  70% (850/1214)   [Kremote: Compressing objects:  71% (862/1214)   [Kremote: Compressing objects:  72% (875/1214)   [Kremote: Compressing objects:  73% (887/1214)   [Kremote: Compressing objects:  74% (899/1214)   [Kremote: Compressing objects:  75% (911/1214)   [Kremote: Compressing objects:  76% (923/1214)   [Kremote: Compressing objects:  77% (935/1214)   [Kremote: Compressing objects:  78% (947/1214)   [Kremote: Compressing objects:  79% (960/1214)   [Kremote: Compressing objects:  80% (972/1214)   [Kremote: Compressing objects:  81% (984/1214)   [Kremote: Compressing objects:  82% (996/1214)   [Kremote: Compressing objects:  83% (1008/1214)   [Kremote: Compressing objects:  84% (1020/1214)   [Kremote: Compressing objects:  85% (1032/1214)   [Kremote: Compressing objects:  86% (1045/1214)   [Kremote: Compressing objects:  87% (1057/1214)   [Kremote: Compressing objects:  88% (1069/1214)   [Kremote: Compressing objects:  89% (1081/1214)   [Kremote: Compressing objects:  90% (1093/1214)   [Kremote: Compressing objects:  91% (1105/1214)   [Kremote: Compressing objects:  92% (1117/1214)   [Kremote: Compressing objects:  93% (1130/1214)   [Kremote: Compressing objects:  94% (1142/1214)   [Kremote: Compressing objects:  95% (1154/1214)   [Kremote: Compressing objects:  96% (1166/1214)   [Kremote: Compressing objects:  97% (1178/1214)   [Kremote: Compressing objects:  98% (1190/1214)   [Kremote: Compressing objects:  99% (1202/1214)   [Kremote: Compressing objects: 100% (1214/1214)   [Kremote: Compressing objects: 100% (1214/1214), done.[K
Receiving objects:   0% (1/1824)   Receiving objects:   1% (19/1824)   Receiving objects:   2% (37/1824)   Receiving objects:   3% (55/1824)   Receiving objects:   4% (73/1824)   Receiving objects:   5% (92/1824)   Receiving objects:   6% (110/1824)   Receiving objects:   7% (128/1824)   Receiving objects:   8% (146/1824), 12.39 MiB | 24.72 MiB/s   Receiving objects:   9% (165/1824), 12.39 MiB | 24.72 MiB/s   Receiving objects:  10% (183/1824), 12.39 MiB | 24.72 MiB/s   Receiving objects:  11% (201/1824), 12.39 MiB | 24.72 MiB/s   Receiving objects:  12% (219/1824), 12.39 MiB | 24.72 MiB/s   Receiving objects:  13% (238/1824), 12.39 MiB | 24.72 MiB/s   Receiving objects:  14% (256/1824), 12.39 MiB | 24.72 MiB/s   Receiving objects:  15% (274/1824), 12.39 MiB | 24.72 MiB/s   Receiving objects:  16% (292/1824), 12.39 MiB | 24.72 MiB/s   Receiving objects:  17% (311/1824), 12.39 MiB | 24.72 MiB/s   Receiving objects:  18% (329/1824), 12.39 MiB | 24.72 MiB/s   Receiving objects:  19% (347/1824), 12.39 MiB | 24.72 MiB/s   Receiving objects:  20% (365/1824), 12.39 MiB | 24.72 MiB/s   Receiving objects:  21% (384/1824), 12.39 MiB | 24.72 MiB/s   Receiving objects:  22% (402/1824), 12.39 MiB | 24.72 MiB/s   Receiving objects:  23% (420/1824), 12.39 MiB | 24.72 MiB/s   Receiving objects:  24% (438/1824), 12.39 MiB | 24.72 MiB/s   Receiving objects:  25% (456/1824), 12.39 MiB | 24.72 MiB/s   Receiving objects:  26% (475/1824), 12.39 MiB | 24.72 MiB/s   Receiving objects:  27% (493/1824), 12.39 MiB | 24.72 MiB/s   Receiving objects:  28% (511/1824), 12.39 MiB | 24.72 MiB/s   Receiving objects:  29% (529/1824), 12.39 MiB | 24.72 MiB/s   Receiving objects:  30% (548/1824), 12.39 MiB | 24.72 MiB/s   Receiving objects:  31% (566/1824), 12.39 MiB | 24.72 MiB/s   Receiving objects:  32% (584/1824), 12.39 MiB | 24.72 MiB/s   Receiving objects:  33% (602/1824), 12.39 MiB | 24.72 MiB/s   Receiving objects:  34% (621/1824), 12.39 MiB | 24.72 MiB/s   Receiving objects:  35% (639/1824), 12.39 MiB | 24.72 MiB/s   Receiving objects:  36% (657/1824), 12.39 MiB | 24.72 MiB/s   Receiving objects:  37% (675/1824), 12.39 MiB | 24.72 MiB/s   Receiving objects:  38% (694/1824), 12.39 MiB | 24.72 MiB/s   Receiving objects:  39% (712/1824), 12.39 MiB | 24.72 MiB/s   Receiving objects:  40% (730/1824), 12.39 MiB | 24.72 MiB/s   Receiving objects:  41% (748/1824), 12.39 MiB | 24.72 MiB/s   Receiving objects:  42% (767/1824), 12.39 MiB | 24.72 MiB/s   Receiving objects:  43% (785/1824), 12.39 MiB | 24.72 MiB/s   Receiving objects:  44% (803/1824), 12.39 MiB | 24.72 MiB/s   Receiving objects:  45% (821/1824), 12.39 MiB | 24.72 MiB/s   Receiving objects:  46% (840/1824), 12.39 MiB | 24.72 MiB/s   Receiving objects:  47% (858/1824), 12.39 MiB | 24.72 MiB/s   Receiving objects:  48% (876/1824), 12.39 MiB | 24.72 MiB/s   Receiving objects:  49% (894/1824), 12.39 MiB | 24.72 MiB/s   Receiving objects:  50% (912/1824), 12.39 MiB | 24.72 MiB/s   Receiving objects:  51% (931/1824), 12.39 MiB | 24.72 MiB/s   Receiving objects:  52% (949/1824), 12.39 MiB | 24.72 MiB/s   Receiving objects:  53% (967/1824), 12.39 MiB | 24.72 MiB/s   Receiving objects:  54% (985/1824), 12.39 MiB | 24.72 MiB/s   Receiving objects:  55% (1004/1824), 12.39 MiB | 24.72 MiB/s   Receiving objects:  56% (1022/1824), 12.39 MiB | 24.72 MiB/s   Receiving objects:  57% (1040/1824), 12.39 MiB | 24.72 MiB/s   Receiving objects:  58% (1058/1824), 12.39 MiB | 24.72 MiB/s   Receiving objects:  59% (1077/1824), 12.39 MiB | 24.72 MiB/s   Receiving objects:  60% (1095/1824), 12.39 MiB | 24.72 MiB/s   Receiving objects:  61% (1113/1824), 12.39 MiB | 24.72 MiB/s   Receiving objects:  62% (1131/1824), 12.39 MiB | 24.72 MiB/s   Receiving objects:  63% (1150/1824), 12.39 MiB | 24.72 MiB/s   Receiving objects:  64% (1168/1824), 12.39 MiB | 24.72 MiB/s   Receiving objects:  65% (1186/1824), 12.39 MiB | 24.72 MiB/s   Receiving objects:  66% (1204/1824), 12.39 MiB | 24.72 MiB/s   Receiving objects:  67% (1223/1824), 12.39 MiB | 24.72 MiB/s   Receiving objects:  68% (1241/1824), 12.39 MiB | 24.72 MiB/s   Receiving objects:  69% (1259/1824), 12.39 MiB | 24.72 MiB/s   Receiving objects:  70% (1277/1824), 12.39 MiB | 24.72 MiB/s   Receiving objects:  71% (1296/1824), 12.39 MiB | 24.72 MiB/s   Receiving objects:  72% (1314/1824), 12.39 MiB | 24.72 MiB/s   Receiving objects:  73% (1332/1824), 12.39 MiB | 24.72 MiB/s   Receiving objects:  74% (1350/1824), 12.39 MiB | 24.72 MiB/s   Receiving objects:  75% (1368/1824), 12.39 MiB | 24.72 MiB/s   Receiving objects:  76% (1387/1824), 12.39 MiB | 24.72 MiB/s   Receiving objects:  77% (1405/1824), 12.39 MiB | 24.72 MiB/s   Receiving objects:  78% (1423/1824), 12.39 MiB | 24.72 MiB/s   Receiving objects:  79% (1441/1824), 12.39 MiB | 24.72 MiB/s   Receiving objects:  80% (1460/1824), 12.39 MiB | 24.72 MiB/s   Receiving objects:  81% (1478/1824), 12.39 MiB | 24.72 MiB/s   Receiving objects:  82% (1496/1824), 12.39 MiB | 24.72 MiB/s   Receiving objects:  83% (1514/1824), 12.39 MiB | 24.72 MiB/s   Receiving objects:  84% (1533/1824), 12.39 MiB | 24.72 MiB/s   Receiving objects:  85% (1551/1824), 12.39 MiB | 24.72 MiB/s   Receiving objects:  86% (1569/1824), 12.39 MiB | 24.72 MiB/s   Receiving objects:  87% (1587/1824), 12.39 MiB | 24.72 MiB/s   Receiving objects:  88% (1606/1824), 12.39 MiB | 24.72 MiB/s   Receiving objects:  89% (1624/1824), 12.39 MiB | 24.72 MiB/s   Receiving objects:  90% (1642/1824), 12.39 MiB | 24.72 MiB/s   Receiving objects:  91% (1660/1824), 12.39 MiB | 24.72 MiB/s   Receiving objects:  91% (1664/1824), 23.70 MiB | 23.65 MiB/s   Receiving objects:  92% (1679/1824), 23.70 MiB | 23.65 MiB/s   Receiving objects:  93% (1697/1824), 23.70 MiB | 23.65 MiB/s   remote: Total 1824 (delta 606), reused 1149 (delta 336), pack-reused 0[K
Receiving objects:  94% (1715/1824), 23.70 MiB | 23.65 MiB/s   Receiving objects:  95% (1733/1824), 23.70 MiB | 23.65 MiB/s   Receiving objects:  96% (1752/1824), 23.70 MiB | 23.65 MiB/s   Receiving objects:  97% (1770/1824), 23.70 MiB | 23.65 MiB/s   Receiving objects:  98% (1788/1824), 23.70 MiB | 23.65 MiB/s   Receiving objects:  99% (1806/1824), 23.70 MiB | 23.65 MiB/s   Receiving objects: 100% (1824/1824), 23.70 MiB | 23.65 MiB/s   Receiving objects: 100% (1824/1824), 23.80 MiB | 23.65 MiB/s, done.
Resolving deltas:   0% (0/606)   Resolving deltas:   8% (49/606)   Resolving deltas:   9% (58/606)   Resolving deltas:  10% (61/606)   Resolving deltas:  11% (67/606)   Resolving deltas:  13% (79/606)   Resolving deltas:  14% (87/606)   Resolving deltas:  15% (92/606)   Resolving deltas:  16% (98/606)   Resolving deltas:  17% (106/606)   Resolving deltas:  18% (110/606)   Resolving deltas:  19% (119/606)   Resolving deltas:  20% (122/606)   Resolving deltas:  21% (130/606)   Resolving deltas:  22% (137/606)   Resolving deltas:  23% (141/606)   Resolving deltas:  24% (146/606)   Resolving deltas:  25% (154/606)   Resolving deltas:  26% (159/606)   Resolving deltas:  27% (164/606)   Resolving deltas:  28% (171/606)   Resolving deltas:  29% (177/606)   Resolving deltas:  30% (182/606)   Resolving deltas:  31% (189/606)   Resolving deltas:  32% (197/606)   Resolving deltas:  33% (200/606)   Resolving deltas:  34% (208/606)   Resolving deltas:  35% (213/606)   Resolving deltas:  36% (219/606)   Resolving deltas:  37% (230/606)   Resolving deltas:  38% (231/606)   Resolving deltas:  39% (237/606)   Resolving deltas:  40% (244/606)   Resolving deltas:  41% (251/606)   Resolving deltas:  42% (256/606)   Resolving deltas:  43% (263/606)   Resolving deltas:  44% (268/606)   Resolving deltas:  45% (273/606)   Resolving deltas:  46% (280/606)   Resolving deltas:  47% (287/606)   Resolving deltas:  48% (292/606)   Resolving deltas:  49% (298/606)   Resolving deltas:  50% (303/606)   Resolving deltas:  51% (310/606)   Resolving deltas:  52% (317/606)   Resolving deltas:  53% (323/606)   Resolving deltas:  54% (328/606)   Resolving deltas:  55% (336/606)   Resolving deltas:  56% (340/606)   Resolving deltas:  57% (346/606)   Resolving deltas:  58% (353/606)   Resolving deltas:  59% (358/606)   Resolving deltas:  60% (366/606)   Resolving deltas:  61% (373/606)   Resolving deltas:  62% (376/606)   Resolving deltas:  63% (382/606)   Resolving deltas:  64% (389/606)   Resolving deltas:  65% (394/606)   Resolving deltas:  67% (409/606)   Resolving deltas:  68% (413/606)   Resolving deltas:  69% (419/606)   Resolving deltas:  70% (430/606)   Resolving deltas:  71% (431/606)   Resolving deltas:  73% (444/606)   Resolving deltas:  74% (449/606)   Resolving deltas:  75% (457/606)   Resolving deltas:  76% (462/606)   Resolving deltas:  77% (467/606)   Resolving deltas:  78% (477/606)   Resolving deltas:  79% (480/606)   Resolving deltas:  80% (488/606)   Resolving deltas:  81% (494/606)   Resolving deltas:  82% (497/606)   Resolving deltas:  83% (504/606)   Resolving deltas:  84% (510/606)   Resolving deltas:  85% (516/606)   Resolving deltas:  86% (523/606)   Resolving deltas:  87% (528/606)   Resolving deltas:  88% (538/606)   Resolving deltas:  89% (540/606)   Resolving deltas:  90% (548/606)   Resolving deltas:  91% (552/606)   Resolving deltas:  92% (558/606)   Resolving deltas:  93% (564/606)   Resolving deltas:  94% (571/606)   Resolving deltas:  95% (577/606)   Resolving deltas:  96% (586/606)   Resolving deltas:  97% (589/606)   Resolving deltas:  98% (594/606)   Resolving deltas:  99% (601/606)   Resolving deltas: 100% (606/606)   Resolving deltas: 100% (606/606), done.
Checking connectivity... done.

travis_time:end:023da1e8:start=1492109372977284184,finish=1492109374881458023,duration=1904173839[0K$ cd graphhopper/graphhopper
$ git checkout -qf 2ade07acb9b0953433ed04e1f7059e243130c201
travis_fold:end:git.checkout[0K
[33;1mSetting environment variables from .travis.yml[0m
$ export BASEURL=https://www-eu.apache.org/dist/maven/maven-3/VERSION/binaries/apache-maven-VERSION-bin.zip
$ export FILE=apache-maven-VERSION-bin.zip
$ export DIR=apache-maven-VERSION
$ export VERSION=3.3.9
$ export CI_DEPLOY_USERNAME=[secure]
$ export CI_DEPLOY_PASSWORD=[secure]

travis_fold:start:cache.1[0KSetting up build cache
$ export CASHER_DIR=$HOME/.casher
travis_time:start:0e36ee32[0K$ Installing caching utilities

travis_time:end:0e36ee32:start=1492109378356596570,finish=1492109378411834836,duration=55238266[0Ktravis_time:start:1e6353d0[0K
travis_time:end:1e6353d0:start=1492109378417870745,finish=1492109378422022775,duration=4152030[0Ktravis_time:start:0c9feb98[0K[32;1mattempting to download cache archive[0m
[32;1mfetching pt-merge/cache-linux-precise-e3b0c44298fc1c149afbf4c8996fb92427ae41e4649b934ca495991b7852b855--jdk-oraclejdk8.tgz[0m
[32;1mfound cache[0m

travis_time:end:0c9feb98:start=1492109378427311063,finish=1492109379507137553,duration=1079826490[0Ktravis_time:start:1539398a[0K
travis_time:end:1539398a:start=1492109379512249310,finish=1492109379516379748,duration=4130438[0Ktravis_time:start:0b33254b[0K[32;1madding /home/travis/.m2 to cache[0m

travis_time:end:0b33254b:start=1492109379521873279,finish=1492109381149025240,duration=1627151961[0Ktravis_fold:end:cache.1[0K$ java -Xmx32m -version
java version "1.8.0_31"
Java(TM) SE Runtime Environment (build 1.8.0_31-b13)
Java HotSpot(TM) 64-Bit Server VM (build 25.31-b07, mixed mode)
$ javac -J-Xmx32m -version
javac 1.8.0_31
travis_fold:start:before_install.1[0Ktravis_time:start:002b71a9[0K$ if [ "$TRAVIS_OS_NAME" == "linux" ]; then wget --no-check-certificate $(echo -n $BASEURL | sed -e 's#VERSION#'$VERSION'#g'); unzip -qq $(echo -n $FILE | sed -e 's#VERSION#'$VERSION'#'); export M2_HOME=$PWD/$(echo -n $DIR | sed -e 's#VERSION#'$VERSION'#'); export PATH=$M2_HOME/bin:$PATH; fi
--2017-04-13 18:49:41--  https://www-eu.apache.org/dist/maven/maven-3/3.3.9/binaries/apache-maven-3.3.9-bin.zip
Resolving www-eu.apache.org (www-eu.apache.org)... 88.198.26.2, 2a01:4f8:130:2192::2
Connecting to www-eu.apache.org (www-eu.apache.org)|88.198.26.2|:443... connected.
WARNING: no certificate subject alternative name matches
	requested host name `www-eu.apache.org'.
HTTP request sent, awaiting response... 200 OK
Length: 8617253 (8.2M) [application/zip]
Saving to: `apache-maven-3.3.9-bin.zip'

 0% [                                       ] 0           --.-K/s               1% [                                       ] 106,496      357K/s               5% [=>                                     ] 499,712      837K/s              15% [====>                                  ] 1,302,528   1.59M/s              25% [========>                              ] 2,187,264   2.12M/s              45% [================>                      ] 3,891,200   3.06M/s              66% [========================>              ] 5,726,208   3.77M/s              88% [=================================>     ] 7,659,520   4.42M/s              100%[======================================>] 8,617,253   4.84M/s   in 1.7s    

2017-04-13 18:49:43 (4.84 MB/s) - `apache-maven-3.3.9-bin.zip' saved [8617253/8617253]


travis_time:end:002b71a9:start=1492109381633518330,finish=1492109383916025676,duration=2282507346[0Ktravis_fold:end:before_install.1[0Ktravis_fold:start:before_install.2[0Ktravis_time:start:05b6e720[0K$ if [ "$TRAVIS_OS_NAME" == "linux" ] && [ "$JVM" == "latest" ]; then sudo apt-get update -qq; sudo /bin/echo -e oracle-java9-installer shared/accepted-oracle-license-v1-1 select true | sudo debconf-set-selections; sudo apt-get -o Dpkg::Options::="--force-confnew" install -y oracle-java9-installer oracle-java9-set-default oracle-java9-unlimited-jce-policy; sudo update-java-alternatives -s java-9-oracle; fi

travis_time:end:05b6e720:start=1492109383922264922,finish=1492109383926526264,duration=4261342[0Ktravis_fold:end:before_install.2[0Ktravis_fold:start:install[0Ktravis_time:start:099b51ee[0K$ true

travis_time:end:099b51ee:start=1492109383931904350,finish=1492109383936023381,duration=4119031[0Ktravis_fold:end:install[0Ktravis_time:start:02642e16[0K$ mvn clean test verify -B
Java HotSpot(TM) 64-Bit Server VM warning: ignoring option MaxPermSize=192m; support was removed in 8.0
[INFO] Scanning for projects...
[INFO] ------------------------------------------------------------------------
[INFO] Reactor Build Order:
[INFO] 
[INFO] GraphHopper Parent Project
[INFO] GraphHopper Core
[INFO] GraphHopper Reader for OpenStreetMap Data
[INFO] GraphHopper Reader for Gtfs Data
[INFO] GraphHopper Reader JSON
[INFO] GraphHopper Tools
[INFO] GraphHopper Web
[INFO] GraphHopper Reader for Shapefile Data
[INFO]                                                                         
[INFO] ------------------------------------------------------------------------
[INFO] Building GraphHopper Parent Project 0.9-SNAPSHOT
[INFO] ------------------------------------------------------------------------
[INFO] 
[INFO] --- maven-clean-plugin:2.5:clean (default-clean) @ graphhopper-parent ---
[INFO] 
[INFO] --- maven-failsafe-plugin:2.19.1:integration-test (default) @ graphhopper-parent ---
[INFO] No tests to run.
[INFO] 
[INFO] --- maven-failsafe-plugin:2.19.1:verify (default) @ graphhopper-parent ---
[INFO]                                                                         
[INFO] ------------------------------------------------------------------------
[INFO] Building GraphHopper Core 0.9-SNAPSHOT
[INFO] ------------------------------------------------------------------------
[INFO] 
[INFO] --- maven-clean-plugin:2.5:clean (default-clean) @ graphhopper-core ---
[INFO] 
[INFO] --- maven-resources-plugin:2.6:resources (default-resources) @ graphhopper-core ---
[INFO] Using 'UTF-8' encoding to copy filtered resources.
[INFO] Copying 2 resources
[INFO] Copying 46 resources
[INFO] 
[INFO] --- maven-compiler-plugin:3.5.1:compile (default-compile) @ graphhopper-core ---
[INFO] Changes detected - recompiling the module!
[INFO] Compiling 266 source files to /home/travis/build/graphhopper/graphhopper/core/target/classes
[INFO] 
[INFO] --- maven-resources-plugin:2.6:testResources (default-testResources) @ graphhopper-core ---
[INFO] Using 'UTF-8' encoding to copy filtered resources.
[INFO] Copying 11 resources
[INFO] 
[INFO] --- maven-compiler-plugin:3.5.1:testCompile (default-testCompile) @ graphhopper-core ---
[INFO] Changes detected - recompiling the module!
[INFO] Compiling 130 source files to /home/travis/build/graphhopper/graphhopper/core/target/test-classes
[INFO] 
[INFO] --- maven-surefire-plugin:2.19.1:test (default-test) @ graphhopper-core ---

-------------------------------------------------------
 T E S T S
-------------------------------------------------------
Running com.graphhopper.reader.dem.BridgeElevationInterpolatorTest
Tests run: 1, Failures: 0, Errors: 0, Skipped: 0, Time elapsed: 0.247 sec - in com.graphhopper.reader.dem.BridgeElevationInterpolatorTest
Running com.graphhopper.reader.dem.SRTMProviderTest
Tests run: 4, Failures: 0, Errors: 0, Skipped: 0, Time elapsed: 1.756 sec - in com.graphhopper.reader.dem.SRTMProviderTest
Running com.graphhopper.reader.dem.CGIARProviderTest
Tests run: 3, Failures: 0, Errors: 0, Skipped: 0, Time elapsed: 0.096 sec - in com.graphhopper.reader.dem.CGIARProviderTest
Running com.graphhopper.reader.dem.ElevationInterpolatorTest
Tests run: 3, Failures: 0, Errors: 0, Skipped: 0, Time elapsed: 0 sec - in com.graphhopper.reader.dem.ElevationInterpolatorTest
Running com.graphhopper.reader.dem.TunnelElevationInterpolatorTest
Tests run: 5, Failures: 0, Errors: 0, Skipped: 0, Time elapsed: 0.015 sec - in com.graphhopper.reader.dem.TunnelElevationInterpolatorTest
Running com.graphhopper.reader.dem.HeightTileTest
Tests run: 3, Failures: 0, Errors: 0, Skipped: 0, Time elapsed: 0.001 sec - in com.graphhopper.reader.dem.HeightTileTest
Running com.graphhopper.reader.osm.conditional.ConditionalOSMTagInspectorTest
Tests run: 7, Failures: 0, Errors: 0, Skipped: 0, Time elapsed: 0.016 sec - in com.graphhopper.reader.osm.conditional.ConditionalOSMTagInspectorTest
Running com.graphhopper.reader.osm.conditional.ConditionalParserTest
Tests run: 5, Failures: 0, Errors: 0, Skipped: 0, Time elapsed: 0.01 sec - in com.graphhopper.reader.osm.conditional.ConditionalParserTest
Running com.graphhopper.reader.osm.conditional.DateRangeParserTest
Tests run: 18, Failures: 0, Errors: 0, Skipped: 0, Time elapsed: 0.06 sec - in com.graphhopper.reader.osm.conditional.DateRangeParserTest
Running com.graphhopper.reader.OSMNodeTest
Tests run: 1, Failures: 0, Errors: 0, Skipped: 0, Time elapsed: 0.001 sec - in com.graphhopper.reader.OSMNodeTest
Running com.graphhopper.reader.OSMElementTest
Tests run: 2, Failures: 0, Errors: 0, Skipped: 0, Time elapsed: 0.001 sec - in com.graphhopper.reader.OSMElementTest
Running com.graphhopper.reader.PrinctonReaderTest
Tests run: 2, Failures: 0, Errors: 0, Skipped: 0, Time elapsed: 0.048 sec - in com.graphhopper.reader.PrinctonReaderTest
Running com.graphhopper.routing.subnetwork.PrepareRoutingSubnetworksTest
Tests run: 9, Failures: 0, Errors: 0, Skipped: 0, Time elapsed: 0.12 sec - in com.graphhopper.routing.subnetwork.PrepareRoutingSubnetworksTest
Running com.graphhopper.routing.subnetwork.SubnetworkStorageTest
Tests run: 1, Failures: 0, Errors: 0, Skipped: 0, Time elapsed: 0.001 sec - in com.graphhopper.routing.subnetwork.SubnetworkStorageTest
Running com.graphhopper.routing.QueryGraphTest
Tests run: 17, Failures: 0, Errors: 0, Skipped: 0, Time elapsed: 0.17 sec - in com.graphhopper.routing.QueryGraphTest
Running com.graphhopper.routing.util.HikeFlagEncoderTest
Tests run: 1, Failures: 0, Errors: 0, Skipped: 0, Time elapsed: 0.002 sec - in com.graphhopper.routing.util.HikeFlagEncoderTest
Running com.graphhopper.routing.util.NameSimilarityEdgeFilterTest
Tests run: 4, Failures: 0, Errors: 0, Skipped: 0, Time elapsed: 0.012 sec - in com.graphhopper.routing.util.NameSimilarityEdgeFilterTest
Running com.graphhopper.routing.util.CarFlagEncoderTest
Tests run: 21, Failures: 0, Errors: 0, Skipped: 0, Time elapsed: 0.02 sec - in com.graphhopper.routing.util.CarFlagEncoderTest
Running com.graphhopper.routing.util.BikeFlagEncoderTest
Tests run: 25, Failures: 0, Errors: 0, Skipped: 0, Time elapsed: 0.064 sec - in com.graphhopper.routing.util.BikeFlagEncoderTest
Running com.graphhopper.routing.util.EncodingManagerTest
Tests run: 10, Failures: 0, Errors: 0, Skipped: 0, Time elapsed: 0.018 sec - in com.graphhopper.routing.util.EncodingManagerTest
Running com.graphhopper.routing.util.MountainBikeFlagEncoderTest
Tests run: 17, Failures: 0, Errors: 0, Skipped: 0, Time elapsed: 0.011 sec - in com.graphhopper.routing.util.MountainBikeFlagEncoderTest
Running com.graphhopper.routing.util.EncodedDoubleValueTest
Tests run: 4, Failures: 0, Errors: 0, Skipped: 0, Time elapsed: 0.001 sec - in com.graphhopper.routing.util.EncodedDoubleValueTest
Running com.graphhopper.routing.util.Car4WDFlagEncoderTest
Tests run: 21, Failures: 0, Errors: 0, Skipped: 0, Time elapsed: 0.014 sec - in com.graphhopper.routing.util.Car4WDFlagEncoderTest
Running com.graphhopper.routing.util.DataFlagEncoderTest
Tests run: 18, Failures: 0, Errors: 0, Skipped: 0, Time elapsed: 0.066 sec - in com.graphhopper.routing.util.DataFlagEncoderTest
Running com.graphhopper.routing.util.Bike2WeightFlagEncoderTest
Tests run: 29, Failures: 0, Errors: 0, Skipped: 0, Time elapsed: 0.014 sec - in com.graphhopper.routing.util.Bike2WeightFlagEncoderTest
Running com.graphhopper.routing.util.MotorcycleFlagEncoderTest
Tests run: 4, Failures: 0, Errors: 0, Skipped: 0, Time elapsed: 0.005 sec - in com.graphhopper.routing.util.MotorcycleFlagEncoderTest
Running com.graphhopper.routing.util.tour.SinglePointTourTest
Tests run: 1, Failures: 0, Errors: 0, Skipped: 0, Time elapsed: 0.001 sec - in com.graphhopper.routing.util.tour.SinglePointTourTest
Running com.graphhopper.routing.util.FootFlagEncoderTest
Tests run: 12, Failures: 0, Errors: 0, Skipped: 0, Time elapsed: 0.056 sec - in com.graphhopper.routing.util.FootFlagEncoderTest
Running com.graphhopper.routing.util.spatialrules.SpatialRuleLookupArrayTest
Tests run: 5, Failures: 0, Errors: 0, Skipped: 0, Time elapsed: 0.016 sec - in com.graphhopper.routing.util.spatialrules.SpatialRuleLookupArrayTest
Running com.graphhopper.routing.util.spatialrules.PolygonTest
Tests run: 1, Failures: 0, Errors: 0, Skipped: 0, Time elapsed: 0 sec - in com.graphhopper.routing.util.spatialrules.PolygonTest
Running com.graphhopper.routing.util.RacingBikeFlagEncoderTest
Tests run: 18, Failures: 0, Errors: 0, Skipped: 0, Time elapsed: 0.015 sec - in com.graphhopper.routing.util.RacingBikeFlagEncoderTest
Running com.graphhopper.routing.util.AbstractFlagEncoderTest
Tests run: 1, Failures: 0, Errors: 0, Skipped: 0, Time elapsed: 0 sec - in com.graphhopper.routing.util.AbstractFlagEncoderTest
Running com.graphhopper.routing.util.EncodedValueTest
Tests run: 2, Failures: 0, Errors: 0, Skipped: 0, Time elapsed: 0.001 sec - in com.graphhopper.routing.util.EncodedValueTest
Running com.graphhopper.routing.AStarBidirectionTest
Tests run: 100, Failures: 0, Errors: 0, Skipped: 0, Time elapsed: 1.021 sec - in com.graphhopper.routing.AStarBidirectionTest
Running com.graphhopper.routing.weighting.FastestWeightingTest
Tests run: 4, Failures: 0, Errors: 0, Skipped: 0, Time elapsed: 0.001 sec - in com.graphhopper.routing.weighting.FastestWeightingTest
Running com.graphhopper.routing.weighting.AbstractWeightingTest
Tests run: 1, Failures: 0, Errors: 0, Skipped: 0, Time elapsed: 0 sec - in com.graphhopper.routing.weighting.AbstractWeightingTest
Running com.graphhopper.routing.weighting.GenericWeightingTest
Tests run: 6, Failures: 0, Errors: 0, Skipped: 0, Time elapsed: 0.04 sec - in com.graphhopper.routing.weighting.GenericWeightingTest
Running com.graphhopper.routing.weighting.ShortFastestWeightingTest
Tests run: 2, Failures: 0, Errors: 0, Skipped: 0, Time elapsed: 0 sec - in com.graphhopper.routing.weighting.ShortFastestWeightingTest
Running com.graphhopper.routing.template.RoundTripRoutingTemplateTest
Tests run: 1, Failures: 0, Errors: 0, Skipped: 0, Time elapsed: 0.006 sec - in com.graphhopper.routing.template.RoundTripRoutingTemplateTest
Running com.graphhopper.routing.AlternativeRouteTest
Tests run: 6, Failures: 0, Errors: 0, Skipped: 0, Time elapsed: 0.034 sec - in com.graphhopper.routing.AlternativeRouteTest
Running com.graphhopper.routing.DijkstraBidirectionRefTest
Tests run: 96, Failures: 0, Errors: 0, Skipped: 0, Time elapsed: 0.769 sec - in com.graphhopper.routing.DijkstraBidirectionRefTest
Running com.graphhopper.routing.lm.LandmarkStorageTest
2017-04-13 18:50:02,596 [main] WARN  com.graphhopper.routing.lm.LandmarkStorage - next start node not found in big enough network of size 2, first element is 5, 0.0,0.0
Tests run: 7, Failures: 0, Errors: 0, Skipped: 0, Time elapsed: 0.053 sec - in com.graphhopper.routing.lm.LandmarkStorageTest
Running com.graphhopper.routing.lm.PrepareLandmarksTest
Tests run: 2, Failures: 0, Errors: 0, Skipped: 0, Time elapsed: 0.075 sec - in com.graphhopper.routing.lm.PrepareLandmarksTest
Running com.graphhopper.routing.lm.LMAlgoFactoryDecoratorTest
Tests run: 1, Failures: 0, Errors: 0, Skipped: 0, Time elapsed: 0.002 sec - in com.graphhopper.routing.lm.LMAlgoFactoryDecoratorTest
Running com.graphhopper.routing.AStarTest
Tests run: 96, Failures: 0, Errors: 0, Skipped: 0, Time elapsed: 0.972 sec - in com.graphhopper.routing.AStarTest
Running com.graphhopper.routing.ch.PrepareEncoderTest
Tests run: 1, Failures: 0, Errors: 0, Skipped: 0, Time elapsed: 0 sec - in com.graphhopper.routing.ch.PrepareEncoderTest
Running com.graphhopper.routing.ch.PrepareContractionHierarchiesTest
Tests run: 18, Failures: 0, Errors: 0, Skipped: 0, Time elapsed: 0.376 sec - in com.graphhopper.routing.ch.PrepareContractionHierarchiesTest
Running com.graphhopper.routing.ch.DijkstraBidirectionCHTest
Tests run: 27, Failures: 0, Errors: 0, Skipped: 0, Time elapsed: 0.592 sec - in com.graphhopper.routing.ch.DijkstraBidirectionCHTest
Running com.graphhopper.routing.ch.CHAlgoFactoryDecoratorTest
Tests run: 1, Failures: 0, Errors: 0, Skipped: 0, Time elapsed: 0 sec - in com.graphhopper.routing.ch.CHAlgoFactoryDecoratorTest
Running com.graphhopper.routing.EdgeBasedRoutingAlgorithmTest
Tests run: 16, Failures: 0, Errors: 0, Skipped: 0, Time elapsed: 0.086 sec - in com.graphhopper.routing.EdgeBasedRoutingAlgorithmTest
Running com.graphhopper.routing.PathTest
Tests run: 19, Failures: 0, Errors: 0, Skipped: 0, Time elapsed: 0.174 sec - in com.graphhopper.routing.PathTest
Running com.graphhopper.routing.DijkstraTest
Tests run: 96, Failures: 0, Errors: 0, Skipped: 0, Time elapsed: 0.445 sec - in com.graphhopper.routing.DijkstraTest
Running com.graphhopper.routing.PathBidirRefTest
Tests run: 2, Failures: 0, Errors: 0, Skipped: 0, Time elapsed: 0.004 sec - in com.graphhopper.routing.PathBidirRefTest
Running com.graphhopper.routing.DijkstraOneToManyTest
Tests run: 30, Failures: 0, Errors: 0, Skipped: 0, Time elapsed: 0.085 sec - in com.graphhopper.routing.DijkstraOneToManyTest
Running com.graphhopper.storage.index.LocationIndexTreeTest
Tests run: 20, Failures: 0, Errors: 0, Skipped: 0, Time elapsed: 0.801 sec - in com.graphhopper.storage.index.LocationIndexTreeTest
Running com.graphhopper.storage.index.Location2IDFullWithEdgesIndexTest
Tests run: 8, Failures: 0, Errors: 0, Skipped: 0, Time elapsed: 0.296 sec - in com.graphhopper.storage.index.Location2IDFullWithEdgesIndexTest
Running com.graphhopper.storage.index.LocationIndexTreeCHTest
Tests run: 23, Failures: 0, Errors: 0, Skipped: 0, Time elapsed: 1.296 sec - in com.graphhopper.storage.index.LocationIndexTreeCHTest
Running com.graphhopper.storage.index.Location2IDFullIndexTest
Tests run: 8, Failures: 0, Errors: 0, Skipped: 0, Time elapsed: 0.233 sec - in com.graphhopper.storage.index.Location2IDFullIndexTest
Running com.graphhopper.storage.index.BresenhamLineTest
Tests run: 9, Failures: 0, Errors: 0, Skipped: 0, Time elapsed: 0.001 sec - in com.graphhopper.storage.index.BresenhamLineTest
Running com.graphhopper.storage.index.Location2IDQuadtreeTest
Tests run: 8, Failures: 0, Errors: 0, Skipped: 0, Time elapsed: 1.016 sec - in com.graphhopper.storage.index.Location2IDQuadtreeTest
Running com.graphhopper.storage.VLongStorageTest
Tests run: 2, Failures: 0, Errors: 0, Skipped: 0, Time elapsed: 0 sec - in com.graphhopper.storage.VLongStorageTest
Running com.graphhopper.storage.StorablePropertiesTest
Tests run: 3, Failures: 0, Errors: 0, Skipped: 0, Time elapsed: 0.004 sec - in com.graphhopper.storage.StorablePropertiesTest
Running com.graphhopper.storage.GraphHopperStorageTest
Tests run: 47, Failures: 0, Errors: 0, Skipped: 0, Time elapsed: 0.581 sec - in com.graphhopper.storage.GraphHopperStorageTest
Running com.graphhopper.storage.GraphStorageViaMMapTest
Tests run: 39, Failures: 0, Errors: 0, Skipped: 0, Time elapsed: 17.553 sec - in com.graphhopper.storage.GraphStorageViaMMapTest
Running com.graphhopper.storage.UnsafeDataAccessTest
Tests run: 15, Failures: 0, Errors: 0, Skipped: 0, Time elapsed: 0.008 sec - in com.graphhopper.storage.UnsafeDataAccessTest
Running com.graphhopper.storage.RAMDataAccessTest
Tests run: 14, Failures: 0, Errors: 0, Skipped: 0, Time elapsed: 0.005 sec - in com.graphhopper.storage.RAMDataAccessTest
Running com.graphhopper.storage.MMapDataAccessTest
Tests run: 16, Failures: 0, Errors: 0, Skipped: 0, Time elapsed: 2.905 sec - in com.graphhopper.storage.MMapDataAccessTest
Running com.graphhopper.storage.EdgeTest
Tests run: 1, Failures: 0, Errors: 0, Skipped: 0, Time elapsed: 0 sec - in com.graphhopper.storage.EdgeTest
Running com.graphhopper.storage.GraphHopperStorageCHTest
Tests run: 56, Failures: 0, Errors: 0, Skipped: 0, Time elapsed: 0.959 sec - in com.graphhopper.storage.GraphHopperStorageCHTest
Running com.graphhopper.storage.MMapDirectoryTest
Tests run: 2, Failures: 0, Errors: 0, Skipped: 0, Time elapsed: 0.235 sec - in com.graphhopper.storage.MMapDirectoryTest
Running com.graphhopper.storage.SimpleFSLockFactoryTest
Tests run: 2, Failures: 0, Errors: 0, Skipped: 0, Time elapsed: 0.001 sec - in com.graphhopper.storage.SimpleFSLockFactoryTest
Running com.graphhopper.storage.RAMDirectoryTest
Tests run: 2, Failures: 0, Errors: 0, Skipped: 0, Time elapsed: 0.002 sec - in com.graphhopper.storage.RAMDirectoryTest
Running com.graphhopper.storage.GraphHopperStorageForDataFlagEncoderTest
Tests run: 1, Failures: 0, Errors: 0, Skipped: 0, Time elapsed: 0.06 sec - in com.graphhopper.storage.GraphHopperStorageForDataFlagEncoderTest
Running com.graphhopper.storage.GraphEdgeIdFinderTest
Tests run: 1, Failures: 0, Errors: 0, Skipped: 0, Time elapsed: 0.003 sec - in com.graphhopper.storage.GraphEdgeIdFinderTest
Running com.graphhopper.storage.NativeFSLockFactoryTest
Tests run: 3, Failures: 0, Errors: 0, Skipped: 0, Time elapsed: 0.001 sec - in com.graphhopper.storage.NativeFSLockFactoryTest
Running com.graphhopper.storage.GraphHopperStorageWithTurnCostsTest
Tests run: 48, Failures: 0, Errors: 0, Skipped: 0, Time elapsed: 1.443 sec - in com.graphhopper.storage.GraphHopperStorageWithTurnCostsTest
Running com.graphhopper.storage.RAMIntDataAccessTest
Tests run: 14, Failures: 0, Errors: 0, Skipped: 0, Time elapsed: 0.004 sec - in com.graphhopper.storage.RAMIntDataAccessTest
Running com.graphhopper.util.BitUtilLittleTest
Tests run: 10, Failures: 0, Errors: 0, Skipped: 0, Time elapsed: 0.001 sec - in com.graphhopper.util.BitUtilLittleTest
Running com.graphhopper.util.BitUtilBigTest
Tests run: 10, Failures: 0, Errors: 0, Skipped: 0, Time elapsed: 0.001 sec - in com.graphhopper.util.BitUtilBigTest
Running com.graphhopper.util.shapes.CircleTest
Tests run: 5, Failures: 0, Errors: 0, Skipped: 0, Time elapsed: 0.001 sec - in com.graphhopper.util.shapes.CircleTest
Running com.graphhopper.util.shapes.BBoxTest
Tests run: 7, Failures: 0, Errors: 0, Skipped: 0, Time elapsed: 0.001 sec - in com.graphhopper.util.shapes.BBoxTest
Running com.graphhopper.util.shapes.GHPoint3DTest
Tests run: 1, Failures: 0, Errors: 0, Skipped: 0, Time elapsed: 0 sec - in com.graphhopper.util.shapes.GHPoint3DTest
Running com.graphhopper.util.shapes.GHPointTest
Tests run: 1, Failures: 0, Errors: 0, Skipped: 0, Time elapsed: 0 sec - in com.graphhopper.util.shapes.GHPointTest
Running com.graphhopper.util.GHUtilityTest
Tests run: 7, Failures: 0, Errors: 0, Skipped: 0, Time elapsed: 0.068 sec - in com.graphhopper.util.GHUtilityTest
Running com.graphhopper.util.SimpleIntDequeTest
Tests run: 3, Failures: 0, Errors: 0, Skipped: 0, Time elapsed: 0 sec - in com.graphhopper.util.SimpleIntDequeTest
Running com.graphhopper.util.FinishInstructionTest
Tests run: 1, Failures: 0, Errors: 0, Skipped: 0, Time elapsed: 0 sec - in com.graphhopper.util.FinishInstructionTest
Running com.graphhopper.util.ConfigMapTest
Tests run: 1, Failures: 0, Errors: 0, Skipped: 0, Time elapsed: 0 sec - in com.graphhopper.util.ConfigMapTest
Running com.graphhopper.util.InstructionListTest
Tests run: 11, Failures: 0, Errors: 0, Skipped: 0, Time elapsed: 0.916 sec - in com.graphhopper.util.InstructionListTest
Running com.graphhopper.util.TranslationMapTest
Tests run: 2, Failures: 0, Errors: 0, Skipped: 0, Time elapsed: 0 sec - in com.graphhopper.util.TranslationMapTest
Running com.graphhopper.util.DouglasPeuckerTest
Tests run: 4, Failures: 0, Errors: 0, Skipped: 0, Time elapsed: 0.004 sec - in com.graphhopper.util.DouglasPeuckerTest
Running com.graphhopper.util.PMapTest
Tests run: 6, Failures: 0, Errors: 0, Skipped: 0, Time elapsed: 0.001 sec - in com.graphhopper.util.PMapTest
Running com.graphhopper.util.PointListTest
Tests run: 4, Failures: 0, Errors: 0, Skipped: 0, Time elapsed: 0 sec - in com.graphhopper.util.PointListTest
Running com.graphhopper.util.CHEdgeIteratorTest
Tests run: 1, Failures: 0, Errors: 0, Skipped: 0, Time elapsed: 0.002 sec - in com.graphhopper.util.CHEdgeIteratorTest
Running com.graphhopper.util.InstructionTest
Tests run: 1, Failures: 0, Errors: 0, Skipped: 0, Time elapsed: 0 sec - in com.graphhopper.util.InstructionTest
Running com.graphhopper.util.DistanceCalcEarthTest
Tests run: 6, Failures: 0, Errors: 0, Skipped: 0, Time elapsed: 0 sec - in com.graphhopper.util.DistanceCalcEarthTest
Running com.graphhopper.util.AngleCalcTest
Tests run: 8, Failures: 0, Errors: 0, Skipped: 0, Time elapsed: 0 sec - in com.graphhopper.util.AngleCalcTest
Running com.graphhopper.util.HelperTest
Tests run: 9, Failures: 0, Errors: 0, Skipped: 0, Time elapsed: 0.003 sec - in com.graphhopper.util.HelperTest
Running com.graphhopper.util.BreadthFirstSearchTest
Tests run: 2, Failures: 0, Errors: 0, Skipped: 0, Time elapsed: 0.004 sec - in com.graphhopper.util.BreadthFirstSearchTest
Running com.graphhopper.util.DepthFirstSearchTest
Tests run: 2, Failures: 0, Errors: 0, Skipped: 0, Time elapsed: 0.08 sec - in com.graphhopper.util.DepthFirstSearchTest
Running com.graphhopper.coll.OSMIDMapTest
Tests run: 5, Failures: 0, Errors: 0, Skipped: 0, Time elapsed: 0.002 sec - in com.graphhopper.coll.OSMIDMapTest
Running com.graphhopper.coll.CompressedArrayTest
Tests run: 2, Failures: 0, Errors: 0, Skipped: 0, Time elapsed: 0.014 sec - in com.graphhopper.coll.CompressedArrayTest
Running com.graphhopper.coll.GHTBitSetTest
Tests run: 5, Failures: 0, Errors: 0, Skipped: 0, Time elapsed: 0 sec - in com.graphhopper.coll.GHTBitSetTest
Running com.graphhopper.coll.GHTreeMapComposedTest
Tests run: 1, Failures: 0, Errors: 0, Skipped: 0, Time elapsed: 0 sec - in com.graphhopper.coll.GHTreeMapComposedTest
Running com.graphhopper.coll.GHIntArrayListTest
Tests run: 3, Failures: 0, Errors: 0, Skipped: 0, Time elapsed: 0 sec - in com.graphhopper.coll.GHIntArrayListTest
Running com.graphhopper.coll.GHLongIntBTreeTest
Tests run: 6, Failures: 0, Errors: 0, Skipped: 0, Time elapsed: 0.009 sec - in com.graphhopper.coll.GHLongIntBTreeTest
Running com.graphhopper.coll.GHSortedCollectionTest
Tests run: 3, Failures: 0, Errors: 0, Skipped: 0, Time elapsed: 0.001 sec - in com.graphhopper.coll.GHSortedCollectionTest
Running com.graphhopper.coll.BitSetImplTest
Tests run: 5, Failures: 0, Errors: 0, Skipped: 0, Time elapsed: 0.001 sec - in com.graphhopper.coll.BitSetImplTest
Running com.graphhopper.geohash.SpatialKeyAlgoTest
Tests run: 10, Failures: 0, Errors: 0, Skipped: 0, Time elapsed: 0.002 sec - in com.graphhopper.geohash.SpatialKeyAlgoTest
Running com.graphhopper.geohash.LinearKeyAlgoTest
Tests run: 3, Failures: 0, Errors: 0, Skipped: 0, Time elapsed: 0 sec - in com.graphhopper.geohash.LinearKeyAlgoTest
Running com.graphhopper.apache.commons.collections.IntDoubleBinaryHeapTest
Tests run: 6, Failures: 0, Errors: 0, Skipped: 0, Time elapsed: 0.002 sec - in com.graphhopper.apache.commons.collections.IntDoubleBinaryHeapTest
Running com.graphhopper.apache.commons.lang3.StringUtilsTest
Tests run: 3, Failures: 0, Errors: 0, Skipped: 0, Time elapsed: 0.001 sec - in com.graphhopper.apache.commons.lang3.StringUtilsTest
Running com.graphhopper.GHResponseTest
Tests run: 2, Failures: 0, Errors: 0, Skipped: 0, Time elapsed: 0 sec - in com.graphhopper.GHResponseTest
Running com.graphhopper.search.NameIndexTest
Tests run: 5, Failures: 0, Errors: 0, Skipped: 0, Time elapsed: 0.004 sec - in com.graphhopper.search.NameIndexTest
Running com.graphhopper.GHRequestTest
Tests run: 2, Failures: 0, Errors: 0, Skipped: 0, Time elapsed: 0.002 sec - in com.graphhopper.GHRequestTest
Running com.graphhopper.GraphHopperAPITest
Tests run: 4, Failures: 0, Errors: 0, Skipped: 0, Time elapsed: 0.562 sec - in com.graphhopper.GraphHopperAPITest

Results :

Tests run: 1316, Failures: 0, Errors: 0, Skipped: 0

[INFO] 
[INFO] --- maven-resources-plugin:2.6:resources (default-resources) @ graphhopper-core ---
[INFO] Using 'UTF-8' encoding to copy filtered resources.
[INFO] Copying 2 resources
[INFO] Copying 46 resources
[INFO] 
[INFO] --- maven-compiler-plugin:3.5.1:compile (default-compile) @ graphhopper-core ---
[INFO] Nothing to compile - all classes are up to date
[INFO] 
[INFO] --- maven-resources-plugin:2.6:testResources (default-testResources) @ graphhopper-core ---
[INFO] Using 'UTF-8' encoding to copy filtered resources.
[INFO] Copying 11 resources
[INFO] 
[INFO] --- maven-compiler-plugin:3.5.1:testCompile (default-testCompile) @ graphhopper-core ---
[INFO] Nothing to compile - all classes are up to date
[INFO] 
[INFO] --- maven-surefire-plugin:2.19.1:test (default-test) @ graphhopper-core ---
[INFO] Skipping execution of surefire because it has already been run for this configuration
[INFO] 
[INFO] --- maven-jar-plugin:3.0.2:jar (default-jar) @ graphhopper-core ---
[INFO] Building jar: /home/travis/build/graphhopper/graphhopper/core/target/graphhopper-core-0.9-SNAPSHOT.jar
[INFO] 
[INFO] --- maven-jar-plugin:3.0.2:test-jar (default) @ graphhopper-core ---
[INFO] Building jar: /home/travis/build/graphhopper/graphhopper/core/target/graphhopper-core-0.9-SNAPSHOT-tests.jar
[INFO] 
[INFO] --- maven-failsafe-plugin:2.19.1:integration-test (default) @ graphhopper-core ---

-------------------------------------------------------
 T E S T S
-------------------------------------------------------
Running com.graphhopper.routing.RoutingAlgorithmIT
# RoutingAlgorithmIT algoEntry(astar):0.11571378, per run:0.014464223
# RoutingAlgorithmIT algoEntry(dijkstra):0.11992249, per run:0.014990311
# RoutingAlgorithmIT algoEntry(astarbi):0.057908934, per run:0.0072386167
# RoutingAlgorithmIT algoEntry(dijkstrabi):0.06665617, per run:0.008332022
Tests run: 1, Failures: 0, Errors: 0, Skipped: 0, Time elapsed: 1.134 sec - in com.graphhopper.routing.RoutingAlgorithmIT

Results :

Tests run: 1, Failures: 0, Errors: 0, Skipped: 0

[INFO] 
[INFO] --- maven-failsafe-plugin:2.19.1:verify (default) @ graphhopper-core ---
[INFO]                                                                         
[INFO] ------------------------------------------------------------------------
[INFO] Building GraphHopper Reader for OpenStreetMap Data 0.9-SNAPSHOT
[INFO] ------------------------------------------------------------------------
[INFO] 
[INFO] --- maven-clean-plugin:2.5:clean (default-clean) @ graphhopper-reader-osm ---
[INFO] 
[INFO] --- maven-resources-plugin:2.6:resources (default-resources) @ graphhopper-reader-osm ---
[INFO] Using 'UTF-8' encoding to copy filtered resources.
[INFO] skip non existing resourceDirectory /home/travis/build/graphhopper/graphhopper/reader-osm/src/main/resources
[INFO] 
[INFO] --- maven-compiler-plugin:3.5.1:compile (default-compile) @ graphhopper-reader-osm ---
[INFO] Changes detected - recompiling the module!
[INFO] Compiling 17 source files to /home/travis/build/graphhopper/graphhopper/reader-osm/target/classes
[INFO] 
[INFO] --- maven-resources-plugin:2.6:testResources (default-testResources) @ graphhopper-reader-osm ---
[INFO] Using 'UTF-8' encoding to copy filtered resources.
[INFO] Copying 14 resources
[INFO] 
[INFO] --- maven-compiler-plugin:3.5.1:testCompile (default-testCompile) @ graphhopper-reader-osm ---
[INFO] Changes detected - recompiling the module!
[INFO] Compiling 6 source files to /home/travis/build/graphhopper/graphhopper/reader-osm/target/test-classes
[INFO] 
[INFO] --- maven-surefire-plugin:2.19.1:test (default-test) @ graphhopper-reader-osm ---

-------------------------------------------------------
 T E S T S
-------------------------------------------------------
Running com.graphhopper.reader.osm.GraphHopperOSMTest
Tests run: 25, Failures: 0, Errors: 0, Skipped: 0, Time elapsed: 3.121 sec - in com.graphhopper.reader.osm.GraphHopperOSMTest
Running com.graphhopper.reader.osm.OSMTurnRelationTest
Tests run: 1, Failures: 0, Errors: 0, Skipped: 0, Time elapsed: 0.011 sec - in com.graphhopper.reader.osm.OSMTurnRelationTest
Running com.graphhopper.reader.osm.OSMTagParserTest
Tests run: 2, Failures: 0, Errors: 0, Skipped: 0, Time elapsed: 0.209 sec - in com.graphhopper.reader.osm.OSMTagParserTest
Running com.graphhopper.reader.osm.OSMReaderTest
2017-04-13 18:50:45,524 [main] WARN  com.graphhopper.reader.osm.OSMReader - Parsing error in way with OSMID=17 : Cannot parse duration tag value: P01:10
2017-04-13 18:50:45,526 [main] WARN  com.graphhopper.routing.util.AbstractFlagEncoder - Unrealistic long duration ignored in way with way ID=18 : Duration tag value=P1M (=44640 minutes)
2017-04-13 18:50:45,526 [main] WARN  com.graphhopper.routing.util.AbstractFlagEncoder - Unrealistic long duration ignored in way with way ID=18 : Duration tag value=P1M (=44640 minutes)
2017-04-13 18:50:45,526 [main] WARN  com.graphhopper.routing.util.AbstractFlagEncoder - Unrealistic long duration ignored in way with way ID=18 : Duration tag value=P1M (=44640 minutes)
2017-04-13 18:50:46,590 [main] WARN  com.graphhopper.reader.osm.OSMReader - Parsing error in way with OSMID=17 : Cannot parse duration tag value: P01:10
2017-04-13 18:50:46,592 [main] WARN  com.graphhopper.routing.util.AbstractFlagEncoder - Unrealistic long duration ignored in way with way ID=18 : Duration tag value=P1M (=44640 minutes)
2017-04-13 18:50:46,592 [main] WARN  com.graphhopper.routing.util.AbstractFlagEncoder - Unrealistic long duration ignored in way with way ID=18 : Duration tag value=P1M (=44640 minutes)
2017-04-13 18:50:46,592 [main] WARN  com.graphhopper.routing.util.AbstractFlagEncoder - Unrealistic long duration ignored in way with way ID=18 : Duration tag value=P1M (=44640 minutes)
2017-04-13 18:50:46,696 [main] WARN  com.graphhopper.reader.osm.OSMReader - Parsing error in way with OSMID=17 : Cannot parse duration tag value: P01:10
2017-04-13 18:50:46,697 [main] WARN  com.graphhopper.routing.util.AbstractFlagEncoder - Unrealistic long duration ignored in way with way ID=18 : Duration tag value=P1M (=44640 minutes)
2017-04-13 18:50:46,697 [main] WARN  com.graphhopper.routing.util.AbstractFlagEncoder - Unrealistic long duration ignored in way with way ID=18 : Duration tag value=P1M (=44640 minutes)
2017-04-13 18:50:46,697 [main] WARN  com.graphhopper.routing.util.AbstractFlagEncoder - Unrealistic long duration ignored in way with way ID=18 : Duration tag value=P1M (=44640 minutes)
Tests run: 22, Failures: 0, Errors: 0, Skipped: 0, Time elapsed: 1.527 sec - in com.graphhopper.reader.osm.OSMReaderTest

Results :

Tests run: 50, Failures: 0, Errors: 0, Skipped: 0

[INFO] 
[INFO] --- maven-resources-plugin:2.6:resources (default-resources) @ graphhopper-reader-osm ---
[INFO] Using 'UTF-8' encoding to copy filtered resources.
[INFO] skip non existing resourceDirectory /home/travis/build/graphhopper/graphhopper/reader-osm/src/main/resources
[INFO] 
[INFO] --- maven-compiler-plugin:3.5.1:compile (default-compile) @ graphhopper-reader-osm ---
[INFO] Nothing to compile - all classes are up to date
[INFO] 
[INFO] --- maven-resources-plugin:2.6:testResources (default-testResources) @ graphhopper-reader-osm ---
[INFO] Using 'UTF-8' encoding to copy filtered resources.
[INFO] Copying 14 resources
[INFO] 
[INFO] --- maven-compiler-plugin:3.5.1:testCompile (default-testCompile) @ graphhopper-reader-osm ---
[INFO] Nothing to compile - all classes are up to date
[INFO] 
[INFO] --- maven-surefire-plugin:2.19.1:test (default-test) @ graphhopper-reader-osm ---
[INFO] Skipping execution of surefire because it has already been run for this configuration
[INFO] 
[INFO] --- maven-jar-plugin:3.0.2:jar (default-jar) @ graphhopper-reader-osm ---
[INFO] Building jar: /home/travis/build/graphhopper/graphhopper/reader-osm/target/graphhopper-reader-osm-0.9-SNAPSHOT.jar
[INFO] 
[INFO] --- maven-failsafe-plugin:2.19.1:integration-test (default) @ graphhopper-reader-osm ---

-------------------------------------------------------
 T E S T S
-------------------------------------------------------
Running com.graphhopper.GraphHopperIT
Tests run: 23, Failures: 0, Errors: 0, Skipped: 0, Time elapsed: 7.123 sec - in com.graphhopper.GraphHopperIT
Running com.graphhopper.routing.RoutingAlgorithmWithOSMIT
testMonacoParallel takes a bit time...
Tests run: 27, Failures: 0, Errors: 0, Skipped: 0, Time elapsed: 17.377 sec - in com.graphhopper.routing.RoutingAlgorithmWithOSMIT

Results :

Tests run: 50, Failures: 0, Errors: 0, Skipped: 0

[INFO] 
[INFO] --- maven-failsafe-plugin:2.19.1:verify (default) @ graphhopper-reader-osm ---
[INFO]                                                                         
[INFO] ------------------------------------------------------------------------
[INFO] Building GraphHopper Reader for Gtfs Data 0.9-SNAPSHOT
[INFO] ------------------------------------------------------------------------
[INFO] 
[INFO] --- maven-clean-plugin:2.5:clean (default-clean) @ graphhopper-reader-gtfs ---
[INFO] 
[INFO] --- maven-resources-plugin:2.6:resources (default-resources) @ graphhopper-reader-gtfs ---
[INFO] Using 'UTF-8' encoding to copy filtered resources.
[INFO] skip non existing resourceDirectory /home/travis/build/graphhopper/graphhopper/reader-gtfs/src/main/resources
[INFO] 
[INFO] --- maven-compiler-plugin:3.5.1:compile (default-compile) @ graphhopper-reader-gtfs ---
[INFO] Changes detected - recompiling the module!
[INFO] Compiling 26 source files to /home/travis/build/graphhopper/graphhopper/reader-gtfs/target/classes
[INFO] 
[INFO] --- maven-resources-plugin:2.6:testResources (default-testResources) @ graphhopper-reader-gtfs ---
[INFO] Using 'UTF-8' encoding to copy filtered resources.
[INFO] skip non existing resourceDirectory /home/travis/build/graphhopper/graphhopper/reader-gtfs/src/test/resources
[INFO] 
[INFO] --- maven-compiler-plugin:3.5.1:testCompile (default-testCompile) @ graphhopper-reader-gtfs ---
[INFO] Changes detected - recompiling the module!
[INFO] Compiling 3 source files to /home/travis/build/graphhopper/graphhopper/reader-gtfs/target/test-classes
[INFO] 
[INFO] --- maven-surefire-plugin:2.19.1:test (default-test) @ graphhopper-reader-gtfs ---

-------------------------------------------------------
 T E S T S
-------------------------------------------------------
Running com.graphhopper.gtfs.fare.FareTest
Tests run: 5, Failures: 0, Errors: 0, Skipped: 0, Time elapsed: 2.045 sec - in com.graphhopper.gtfs.fare.FareTest

Results :

Tests run: 5, Failures: 0, Errors: 0, Skipped: 0

[INFO] 
[INFO] --- maven-resources-plugin:2.6:resources (default-resources) @ graphhopper-reader-gtfs ---
[INFO] Using 'UTF-8' encoding to copy filtered resources.
[INFO] skip non existing resourceDirectory /home/travis/build/graphhopper/graphhopper/reader-gtfs/src/main/resources
[INFO] 
[INFO] --- maven-compiler-plugin:3.5.1:compile (default-compile) @ graphhopper-reader-gtfs ---
[INFO] Nothing to compile - all classes are up to date
[INFO] 
[INFO] --- maven-resources-plugin:2.6:testResources (default-testResources) @ graphhopper-reader-gtfs ---
[INFO] Using 'UTF-8' encoding to copy filtered resources.
[INFO] skip non existing resourceDirectory /home/travis/build/graphhopper/graphhopper/reader-gtfs/src/test/resources
[INFO] 
[INFO] --- maven-compiler-plugin:3.5.1:testCompile (default-testCompile) @ graphhopper-reader-gtfs ---
[INFO] Nothing to compile - all classes are up to date
[INFO] 
[INFO] --- maven-surefire-plugin:2.19.1:test (default-test) @ graphhopper-reader-gtfs ---
[INFO] Skipping execution of surefire because it has already been run for this configuration
[INFO] 
[INFO] --- maven-jar-plugin:3.0.2:jar (default-jar) @ graphhopper-reader-gtfs ---
[INFO] Building jar: /home/travis/build/graphhopper/graphhopper/reader-gtfs/target/graphhopper-reader-gtfs-0.9-SNAPSHOT.jar
[INFO] 
[INFO] --- maven-failsafe-plugin:2.19.1:integration-test (default) @ graphhopper-reader-gtfs ---

-------------------------------------------------------
 T E S T S
-------------------------------------------------------
Running com.graphhopper.RealtimeIT
Tests run: 4, Failures: 0, Errors: 0, Skipped: 0, Time elapsed: 1.874 sec - in com.graphhopper.RealtimeIT
Running com.graphhopper.GraphHopperGtfsIT
Tests run: 15, Failures: 0, Errors: 0, Skipped: 0, Time elapsed: 1.167 sec - in com.graphhopper.GraphHopperGtfsIT

Results :

Tests run: 19, Failures: 0, Errors: 0, Skipped: 0

[INFO] 
[INFO] --- maven-failsafe-plugin:2.19.1:verify (default) @ graphhopper-reader-gtfs ---
[INFO]                                                                         
[INFO] ------------------------------------------------------------------------
[INFO] Building GraphHopper Reader JSON 0.9-SNAPSHOT
[INFO] ------------------------------------------------------------------------
[INFO] 
[INFO] --- maven-clean-plugin:2.5:clean (default-clean) @ graphhopper-reader-json ---
[INFO] 
[INFO] --- maven-resources-plugin:2.6:resources (default-resources) @ graphhopper-reader-json ---
[INFO] Using 'UTF-8' encoding to copy filtered resources.
[INFO] skip non existing resourceDirectory /home/travis/build/graphhopper/graphhopper/reader-json/src/main/resources
[INFO] 
[INFO] --- maven-compiler-plugin:3.5.1:compile (default-compile) @ graphhopper-reader-json ---
[INFO] Changes detected - recompiling the module!
[INFO] Compiling 4 source files to /home/travis/build/graphhopper/graphhopper/reader-json/target/classes
[INFO] 
[INFO] --- maven-resources-plugin:2.6:testResources (default-testResources) @ graphhopper-reader-json ---
[INFO] Using 'UTF-8' encoding to copy filtered resources.
[INFO] Copying 2 resources
[INFO] 
[INFO] --- maven-compiler-plugin:3.5.1:testCompile (default-testCompile) @ graphhopper-reader-json ---
[INFO] Changes detected - recompiling the module!
[INFO] Compiling 2 source files to /home/travis/build/graphhopper/graphhopper/reader-json/target/test-classes
[INFO] 
[INFO] --- maven-surefire-plugin:2.19.1:test (default-test) @ graphhopper-reader-json ---

-------------------------------------------------------
 T E S T S
-------------------------------------------------------
Running com.graphhopper.json.geo.JsonFeatureCollectionTest
Tests run: 1, Failures: 0, Errors: 0, Skipped: 0, Time elapsed: 0.239 sec - in com.graphhopper.json.geo.JsonFeatureCollectionTest
Running com.graphhopper.storage.change.ChangeGraphHelperTest
Tests run: 1, Failures: 0, Errors: 0, Skipped: 0, Time elapsed: 0.086 sec - in com.graphhopper.storage.change.ChangeGraphHelperTest

Results :

Tests run: 2, Failures: 0, Errors: 0, Skipped: 0

[INFO] 
[INFO] --- maven-resources-plugin:2.6:resources (default-resources) @ graphhopper-reader-json ---
[INFO] Using 'UTF-8' encoding to copy filtered resources.
[INFO] skip non existing resourceDirectory /home/travis/build/graphhopper/graphhopper/reader-json/src/main/resources
[INFO] 
[INFO] --- maven-compiler-plugin:3.5.1:compile (default-compile) @ graphhopper-reader-json ---
[INFO] Nothing to compile - all classes are up to date
[INFO] 
[INFO] --- maven-resources-plugin:2.6:testResources (default-testResources) @ graphhopper-reader-json ---
[INFO] Using 'UTF-8' encoding to copy filtered resources.
[INFO] Copying 2 resources
[INFO] 
[INFO] --- maven-compiler-plugin:3.5.1:testCompile (default-testCompile) @ graphhopper-reader-json ---
[INFO] Nothing to compile - all classes are up to date
[INFO] 
[INFO] --- maven-surefire-plugin:2.19.1:test (default-test) @ graphhopper-reader-json ---
[INFO] Skipping execution of surefire because it has already been run for this configuration
[INFO] 
[INFO] --- maven-jar-plugin:3.0.2:jar (default-jar) @ graphhopper-reader-json ---
[INFO] Building jar: /home/travis/build/graphhopper/graphhopper/reader-json/target/graphhopper-reader-json-0.9-SNAPSHOT.jar
[INFO] 
[INFO] --- maven-failsafe-plugin:2.19.1:integration-test (default) @ graphhopper-reader-json ---
[INFO] 
[INFO] --- maven-failsafe-plugin:2.19.1:verify (default) @ graphhopper-reader-json ---
[INFO]                                                                         
[INFO] ------------------------------------------------------------------------
[INFO] Building GraphHopper Tools 0.9-SNAPSHOT
[INFO] ------------------------------------------------------------------------
[INFO] 
[INFO] --- maven-clean-plugin:2.5:clean (default-clean) @ graphhopper-tools ---
[INFO] 
[INFO] --- maven-resources-plugin:2.6:resources (default-resources) @ graphhopper-tools ---
[INFO] Using 'UTF-8' encoding to copy filtered resources.
[INFO] Copying 1 resource
[INFO] 
[INFO] --- maven-compiler-plugin:3.5.1:compile (default-compile) @ graphhopper-tools ---
[INFO] Changes detected - recompiling the module!
[INFO] Compiling 14 source files to /home/travis/build/graphhopper/graphhopper/tools/target/classes
[INFO] 
[INFO] --- maven-resources-plugin:2.6:testResources (default-testResources) @ graphhopper-tools ---
[INFO] Using 'UTF-8' encoding to copy filtered resources.
[INFO] skip non existing resourceDirectory /home/travis/build/graphhopper/graphhopper/tools/src/test/resources
[INFO] 
[INFO] --- maven-compiler-plugin:3.5.1:testCompile (default-testCompile) @ graphhopper-tools ---
[INFO] Changes detected - recompiling the module!
[INFO] Compiling 1 source file to /home/travis/build/graphhopper/graphhopper/tools/target/test-classes
[INFO] 
[INFO] --- maven-surefire-plugin:2.19.1:test (default-test) @ graphhopper-tools ---

-------------------------------------------------------
 T E S T S
-------------------------------------------------------
Running com.graphhopper.tools.QueryTortureTest
Tests run: 1, Failures: 0, Errors: 0, Skipped: 0, Time elapsed: 0.048 sec - in com.graphhopper.tools.QueryTortureTest

Results :

Tests run: 1, Failures: 0, Errors: 0, Skipped: 0

[INFO] 
[INFO] --- maven-resources-plugin:2.6:resources (default-resources) @ graphhopper-tools ---
[INFO] Using 'UTF-8' encoding to copy filtered resources.
[INFO] Copying 1 resource
[INFO] 
[INFO] --- maven-compiler-plugin:3.5.1:compile (default-compile) @ graphhopper-tools ---
[INFO] Nothing to compile - all classes are up to date
[INFO] 
[INFO] --- maven-resources-plugin:2.6:testResources (default-testResources) @ graphhopper-tools ---
[INFO] Using 'UTF-8' encoding to copy filtered resources.
[INFO] skip non existing resourceDirectory /home/travis/build/graphhopper/graphhopper/tools/src/test/resources
[INFO] 
[INFO] --- maven-compiler-plugin:3.5.1:testCompile (default-testCompile) @ graphhopper-tools ---
[INFO] Nothing to compile - all classes are up to date
[INFO] 
[INFO] --- maven-surefire-plugin:2.19.1:test (default-test) @ graphhopper-tools ---
[INFO] Skipping execution of surefire because it has already been run for this configuration
[INFO] 
[INFO] --- maven-jar-plugin:3.0.2:jar (default-jar) @ graphhopper-tools ---
[INFO] Building jar: /home/travis/build/graphhopper/graphhopper/tools/target/graphhopper-tools-0.9-SNAPSHOT.jar
[INFO] 
[INFO] --- maven-failsafe-plugin:2.19.1:integration-test (default) @ graphhopper-tools ---
[INFO] 
[INFO] --- maven-failsafe-plugin:2.19.1:verify (default) @ graphhopper-tools ---
[INFO]                                                                         
[INFO] ------------------------------------------------------------------------
[INFO] Building GraphHopper Web 0.9-SNAPSHOT
[INFO] ------------------------------------------------------------------------
[INFO] 
[INFO] --- maven-clean-plugin:2.5:clean (default-clean) @ graphhopper-web ---
[INFO] 
[INFO] --- maven-resources-plugin:2.6:resources (default-resources) @ graphhopper-web ---
[INFO] Using 'UTF-8' encoding to copy filtered resources.
[INFO] Copying 3 resources
[INFO] 
[INFO] --- maven-compiler-plugin:3.5.1:compile (default-compile) @ graphhopper-web ---
[INFO] Changes detected - recompiling the module!
[INFO] Compiling 21 source files to /home/travis/build/graphhopper/graphhopper/web/target/classes
[INFO] 
[INFO] --- maven-resources-plugin:2.6:testResources (default-testResources) @ graphhopper-web ---
[INFO] Using 'UTF-8' encoding to copy filtered resources.
[INFO] Copying 1 resource
[INFO] 
[INFO] --- maven-compiler-plugin:3.5.1:testCompile (default-testCompile) @ graphhopper-web ---
[INFO] Changes detected - recompiling the module!
[INFO] Compiling 10 source files to /home/travis/build/graphhopper/graphhopper/web/target/test-classes
[INFO] 
[INFO] --- maven-surefire-plugin:2.19.1:test (default-test) @ graphhopper-web ---

-------------------------------------------------------
 T E S T S
-------------------------------------------------------
Running com.graphhopper.http.GraphHopperWebTest
Tests run: 3, Failures: 0, Errors: 0, Skipped: 0, Time elapsed: 0.441 sec - in com.graphhopper.http.GraphHopperWebTest
Running com.graphhopper.http.SpatialRuleLookupBuilderTest
Tests run: 4, Failures: 0, Errors: 0, Skipped: 0, Time elapsed: 0.779 sec - in com.graphhopper.http.SpatialRuleLookupBuilderTest
Running com.graphhopper.http.WebHelperTest
Tests run: 5, Failures: 0, Errors: 0, Skipped: 0, Time elapsed: 0.008 sec - in com.graphhopper.http.WebHelperTest
Running com.graphhopper.http.IPFilterTest
Tests run: 3, Failures: 0, Errors: 0, Skipped: 0, Time elapsed: 0.006 sec - in com.graphhopper.http.IPFilterTest

Results :

Tests run: 15, Failures: 0, Errors: 0, Skipped: 0

[INFO] 
[INFO] --- maven-resources-plugin:2.6:resources (default-resources) @ graphhopper-web ---
[INFO] Using 'UTF-8' encoding to copy filtered resources.
[INFO] Copying 3 resources
[INFO] 
[INFO] --- maven-compiler-plugin:3.5.1:compile (default-compile) @ graphhopper-web ---
[INFO] Nothing to compile - all classes are up to date
[INFO] 
[INFO] --- maven-resources-plugin:2.6:testResources (default-testResources) @ graphhopper-web ---
[INFO] Using 'UTF-8' encoding to copy filtered resources.
[INFO] Copying 1 resource
[INFO] 
[INFO] --- maven-compiler-plugin:3.5.1:testCompile (default-testCompile) @ graphhopper-web ---
[INFO] Nothing to compile - all classes are up to date
[INFO] 
[INFO] --- maven-surefire-plugin:2.19.1:test (default-test) @ graphhopper-web ---
[INFO] Skipping execution of surefire because it has already been run for this configuration
[INFO] 
[INFO] --- maven-jar-plugin:3.0.2:jar (default-jar) @ graphhopper-web ---
[INFO] Building jar: /home/travis/build/graphhopper/graphhopper/web/target/graphhopper-web-0.9-SNAPSHOT.jar
[INFO] 
[INFO] --- maven-failsafe-plugin:2.19.1:integration-test (default) @ graphhopper-web ---

-------------------------------------------------------
 T E S T S
-------------------------------------------------------
Running com.graphhopper.http.NearestServletIT
2017-04-13 18:51:35,196 [main] INFO  com.graphhopper.http.BaseServletTester - Trying to start jetty at port 18080
2017-04-13 18:51:35,328 [main] INFO  com.graphhopper.http.CmdArgsModule - jsonp disabled
2017-04-13 18:51:35,422 [main] INFO  com.graphhopper.http.DefaultModule$1 - version 0.9|2017-04-13T18:49:45Z (5,14,4,3,3,2)
2017-04-13 18:51:35,425 [main] INFO  com.graphhopper.http.DefaultModule$1 - graph CH|car|RAM_STORE|2D|NoExt|,,,,, details:edges:0(0MB), nodes:0(0MB), name:(0MB), geo:0(0MB), bounds:1.7976931348623157E308,-1.7976931348623157E308,1.7976931348623157E308,-1.7976931348623157E308, CHGraph|fastest|car, shortcuts:0, nodesCH:(0MB)
2017-04-13 18:51:35,446 [main] INFO  com.graphhopper.http.DefaultModule$1 - start creating graph from ../core/files/andorra.osm.pbf
2017-04-13 18:51:35,446 [main] INFO  com.graphhopper.http.DefaultModule$1 - using CH|car|RAM_STORE|2D|NoExt|,,,,, memory:totalMB:905, usedMB:128
2017-04-13 18:51:35,694 [main] INFO  com.graphhopper.reader.osm.OSMReader - creating graph. Found nodes (pillar+tower):20 917, totalMB:905, usedMB:204
2017-04-13 18:51:36,075 [main] INFO  com.graphhopper.reader.osm.OSMReader - 69 646, now parsing ways
2017-04-13 18:51:36,233 [main] INFO  com.graphhopper.reader.osm.OSMReader - 72 371, now parsing relations
2017-04-13 18:51:36,238 [main] INFO  com.graphhopper.reader.osm.OSMReader - finished way processing. nodes: 1933, osmIdMap.size:20919, osmIdMap:0MB, nodeFlagsMap.size:2, relFlagsMap.size:0, zeroCounter:2 totalMB:905, usedMB:90
2017-04-13 18:51:36,239 [main] INFO  com.graphhopper.reader.osm.OSMReader - time pass1:0s, pass2:0s, total:0s
2017-04-13 18:51:36,253 [main] INFO  com.graphhopper.routing.subnetwork.PrepareRoutingSubnetworks - start finding subnetworks (min:200, min one way:200) totalMB:905, usedMB:90
2017-04-13 18:51:36,275 [main] INFO  com.graphhopper.routing.subnetwork.PrepareRoutingSubnetworks - car findComponents time:0.020887684, size:30
2017-04-13 18:51:36,285 [main] INFO  com.graphhopper.routing.subnetwork.PrepareRoutingSubnetworks - 59 subnetworks found for car, totalMB:905, usedMB:90
2017-04-13 18:51:36,288 [main] INFO  com.graphhopper.routing.subnetwork.PrepareRoutingSubnetworks - optimize to remove subnetworks (59), unvisited-dead-end-nodes (48), maxEdges/node (4)
2017-04-13 18:51:36,329 [main] INFO  com.graphhopper.http.DefaultModule$1 - edges: 2261, nodes 1875, there were 59 subnetworks. removed them => 58 less nodes
2017-04-13 18:51:36,403 [main] INFO  com.graphhopper.storage.index.LocationIndexTree - location index created in 0.06945938s, size:2 475, leafs:748, precision:300, depth:3, checksum:1875, entries:[64, 16, 4], entriesPerLeaf:3.3088236
2017-04-13 18:51:36,414 [main] INFO  com.graphhopper.routing.ch.CHAlgoFactoryDecorator - 1/1 calling CH prepare.doWork for fastest|car ... (totalMB:905, usedMB:98)
2017-04-13 18:51:36,457 [fastest_car] INFO  com.graphhopper.routing.ch.PrepareContractionHierarchies - 0, updates:0, nodes: 1 875, shortcuts:0, dijkstras:5 636, t(dijk):0.01, t(period):0.0, t(lazy):0.0, t(neighbor):0.0, meanDegree:1, algo:0MB, totalMB:905, usedMB:99
2017-04-13 18:51:36,479 [fastest_car] INFO  com.graphhopper.routing.ch.PrepareContractionHierarchies - 360, updates:0, nodes: 1 515, shortcuts:1, dijkstras:5 738, t(dijk):0.01, t(period):0.0, t(lazy):0.0, t(neighbor):0.0, meanDegree:1, algo:0MB, totalMB:905, usedMB:99
2017-04-13 18:51:36,530 [fastest_car] INFO  com.graphhopper.routing.ch.PrepareContractionHierarchies - 720, updates:1, nodes: 1 155, shortcuts:129, dijkstras:10 487, t(dijk):0.05, t(period):0.04, t(lazy):0.0, t(neighbor):0.01, meanDegree:1, algo:0MB, totalMB:905, usedMB:99
2017-04-13 18:51:36,566 [fastest_car] INFO  com.graphhopper.routing.ch.PrepareContractionHierarchies - 1 080, updates:2, nodes: 795, shortcuts:583, dijkstras:14 900, t(dijk):0.06, t(period):0.05, t(lazy):0.0, t(neighbor):0.01, meanDegree:1, algo:0MB, totalMB:905, usedMB:99
2017-04-13 18:51:36,593 [fastest_car] INFO  com.graphhopper.routing.ch.PrepareContractionHierarchies - 1 440, updates:3, nodes: 435, shortcuts:899, dijkstras:18 402, t(dijk):0.08, t(period):0.07, t(lazy):0.0, t(neighbor):0.02, meanDegree:1, algo:0MB, totalMB:905, usedMB:99
2017-04-13 18:51:36,624 [fastest_car] INFO  com.graphhopper.routing.ch.PrepareContractionHierarchies - 1 800, updates:4, nodes: 121, shortcuts:1 291, dijkstras:21 683, t(dijk):0.1, t(period):0.08, t(lazy):0.0, t(neighbor):0.02, meanDegree:1, algo:0MB, totalMB:905, usedMB:100
2017-04-13 18:51:36,643 [fastest_car] INFO  com.graphhopper.routing.ch.PrepareContractionHierarchies - took:0, new shortcuts: 1 471, prepare|fastest, dijkstras:23920, t(dijk):0.11, t(period):0.08, t(lazy):0.01, t(neighbor):0.03, meanDegree:0, initSize:1875, periodic:20, lazy:10, neighbor:20, totalMB:905, usedMB:100
2017-04-13 18:51:36,644 [main] INFO  com.graphhopper.http.DefaultModule$1 - flushing graph CH|car|RAM_STORE|2D|NoExt|5,14,4,3,3, details:edges:2 261(1MB), nodes:1 875(1MB), name:(1MB), geo:31 061(1MB), bounds:1.419350909129178,1.7338322863094275,42.433747107544846,42.6330408, CHGraph|fastest|car, shortcuts:1 471, nodesCH:(1MB), totalMB:905, usedMB:100)
2017-04-13 18:51:36,657 [main] INFO  com.graphhopper.http.DefaultModule$1 - flushed graph totalMB:905, usedMB:106)
2017-04-13 18:51:36,658 [main] INFO  com.graphhopper.http.DefaultModule - loaded graph at:./target/andorra-gh/, data_reader_file:../core/files/andorra.osm.pbf, flag_encoders:car, edges:2 261(1MB), nodes:1 875(1MB), name:(1MB), geo:31 061(1MB), bounds:1.419350909129178,1.7338322863094275,42.433747107544846,42.6330408, CHGraph|fastest|car, shortcuts:1 471, nodesCH:(1MB)
2017-04-13 18:51:36,985 [main] INFO  com.graphhopper.http.GHServer - Started server at HTTP :18080
Tests run: 1, Failures: 0, Errors: 0, Skipped: 0, Time elapsed: 2.748 sec - in com.graphhopper.http.NearestServletIT
Running com.graphhopper.http.NearestServletWithEleIT
2017-04-13 18:51:37,227 [main] INFO  com.graphhopper.http.BaseServletTester - Trying to start jetty at port 18080
2017-04-13 18:51:37,234 [main] INFO  com.graphhopper.http.CmdArgsModule - jsonp disabled
2017-04-13 18:51:37,316 [main] INFO  com.graphhopper.http.DefaultModule$1 - version 0.9|2017-04-13T18:49:45Z (5,14,4,3,3,2)
2017-04-13 18:51:37,318 [main] INFO  com.graphhopper.http.DefaultModule$1 - graph car|RAM_STORE|3D|NoExt|,,,,, details:edges:0(0MB), nodes:0(0MB), name:(0MB), geo:0(0MB), bounds:1.7976931348623157E308,-1.7976931348623157E308,1.7976931348623157E308,-1.7976931348623157E308,1.7976931348623157E308,-1.7976931348623157E308
2017-04-13 18:51:37,319 [main] INFO  com.graphhopper.http.DefaultModule$1 - start creating graph from ../core/files/monaco.osm.gz
2017-04-13 18:51:37,319 [main] INFO  com.graphhopper.http.DefaultModule$1 - using car|RAM_STORE|3D|NoExt|,,,,, memory:totalMB:850, usedMB:153
2017-04-13 18:51:37,633 [main] INFO  com.graphhopper.reader.osm.OSMReader - creating graph. Found nodes (pillar+tower):3 020, totalMB:850, usedMB:159
2017-04-13 18:51:37,637 [main] INFO  com.graphhopper.reader.dem.SRTMProvider - SRTM Elevation Provider, from: https://srtm.kurviger.de/SRTM3/, to: /home/travis/build/graphhopper/graphhopper/core/files, as: MMAP_STORE
2017-04-13 18:51:37,791 [main] INFO  com.graphhopper.reader.osm.OSMReader - 13 740, now parsing ways
2017-04-13 18:51:37,870 [main] INFO  com.graphhopper.reader.osm.OSMReader - 15 684, now parsing relations
2017-04-13 18:51:37,878 [main] INFO  com.graphhopper.reader.osm.OSMReader - finished way processing. nodes: 576, osmIdMap.size:3021, osmIdMap:0MB, nodeFlagsMap.size:1, relFlagsMap.size:0, zeroCounter:1 totalMB:850, usedMB:185
2017-04-13 18:51:38,010 [main] INFO  com.graphhopper.reader.osm.OSMReader - time pass1:0s, pass2:0s, total:0s
2017-04-13 18:51:38,010 [main] INFO  com.graphhopper.routing.subnetwork.PrepareRoutingSubnetworks - start finding subnetworks (min:200, min one way:0) totalMB:850, usedMB:27
2017-04-13 18:51:38,011 [main] INFO  com.graphhopper.routing.subnetwork.PrepareRoutingSubnetworks - 5 subnetworks found for car, totalMB:850, usedMB:27
2017-04-13 18:51:38,011 [main] INFO  com.graphhopper.routing.subnetwork.PrepareRoutingSubnetworks - optimize to remove subnetworks (5), unvisited-dead-end-nodes (0), maxEdges/node (5)
2017-04-13 18:51:38,016 [main] INFO  com.graphhopper.http.DefaultModule$1 - edges: 724, nodes 567, there were 5 subnetworks. removed them => 9 less nodes
2017-04-13 18:51:38,021 [main] INFO  com.graphhopper.storage.index.LocationIndexTree - location index created in 0.005089756s, size:562, leafs:35, precision:300, depth:2, checksum:567, entries:[16, 4], entriesPerLeaf:16.057142
2017-04-13 18:51:38,021 [main] INFO  com.graphhopper.http.DefaultModule$1 - flushing graph car|RAM_STORE|3D|NoExt|5,14,4,3,3, details:edges:724(1MB), nodes:567(1MB), name:(1MB), geo:5 993(1MB), bounds:7.404341341652155,7.439277859910082,43.72177128616954,43.75196271580374,-2.0,189.0, totalMB:850, usedMB:27)
2017-04-13 18:51:38,029 [main] INFO  com.graphhopper.http.DefaultModule$1 - flushed graph totalMB:850, usedMB:27)
2017-04-13 18:51:38,030 [main] INFO  com.graphhopper.http.DefaultModule - loaded graph at:./target/monaco-gh/, data_reader_file:../core/files/monaco.osm.gz, flag_encoders:car, edges:724(1MB), nodes:567(1MB), name:(1MB), geo:5 993(1MB), bounds:7.404341341652155,7.439277859910082,43.72177128616954,43.75196271580374,-2.0,189.0
2017-04-13 18:51:38,032 [main] INFO  com.graphhopper.http.GHServer - Started server at HTTP :18080
Tests run: 2, Failures: 0, Errors: 0, Skipped: 0, Time elapsed: 0.881 sec - in com.graphhopper.http.NearestServletWithEleIT
Running com.graphhopper.http.ChangeGraphServletIT
2017-04-13 18:51:38,088 [main] INFO  com.graphhopper.http.BaseServletTester - Trying to start jetty at port 18080
2017-04-13 18:51:38,091 [main] INFO  com.graphhopper.http.CmdArgsModule - jsonp disabled
2017-04-13 18:51:38,115 [main] INFO  com.graphhopper.http.DefaultModule$1 - version 0.9|2017-04-13T18:49:45Z (5,14,4,3,3,2)
2017-04-13 18:51:38,116 [main] INFO  com.graphhopper.http.DefaultModule$1 - graph car|RAM_STORE|2D|NoExt|,,,,, details:edges:0(0MB), nodes:0(0MB), name:(0MB), geo:0(0MB), bounds:1.7976931348623157E308,-1.7976931348623157E308,1.7976931348623157E308,-1.7976931348623157E308
2017-04-13 18:51:38,116 [main] INFO  com.graphhopper.http.DefaultModule$1 - start creating graph from ../core/files/andorra.osm.pbf
2017-04-13 18:51:38,116 [main] INFO  com.graphhopper.http.DefaultModule$1 - using car|RAM_STORE|2D|NoExt|,,,,, memory:totalMB:850, usedMB:82
2017-04-13 18:51:38,232 [main] INFO  com.graphhopper.reader.osm.OSMReader - creating graph. Found nodes (pillar+tower):20 917, totalMB:850, usedMB:141
2017-04-13 18:51:38,297 [main] INFO  com.graphhopper.reader.osm.OSMReader - 69 646, now parsing ways
2017-04-13 18:51:38,345 [main] INFO  com.graphhopper.reader.osm.OSMReader - 72 371, now parsing relations
2017-04-13 18:51:38,346 [main] INFO  com.graphhopper.reader.osm.OSMReader - finished way processing. nodes: 1933, osmIdMap.size:20919, osmIdMap:0MB, nodeFlagsMap.size:2, relFlagsMap.size:0, zeroCounter:2 totalMB:850, usedMB:209
2017-04-13 18:51:38,346 [main] INFO  com.graphhopper.reader.osm.OSMReader - time pass1:0s, pass2:0s, total:0s
2017-04-13 18:51:38,346 [main] INFO  com.graphhopper.routing.subnetwork.PrepareRoutingSubnetworks - start finding subnetworks (min:200, min one way:0) totalMB:850, usedMB:209
2017-04-13 18:51:38,348 [main] INFO  com.graphhopper.routing.subnetwork.PrepareRoutingSubnetworks - 16 subnetworks found for car, totalMB:850, usedMB:209
2017-04-13 18:51:38,348 [main] INFO  com.graphhopper.routing.subnetwork.PrepareRoutingSubnetworks - optimize to remove subnetworks (16), unvisited-dead-end-nodes (0), maxEdges/node (4)
2017-04-13 18:51:38,368 [main] INFO  com.graphhopper.http.DefaultModule$1 - edges: 2261, nodes 1889, there were 16 subnetworks. removed them => 44 less nodes
2017-04-13 18:51:38,381 [main] INFO  com.graphhopper.storage.index.LocationIndexTree - location index created in 0.012383002s, size:2 485, leafs:748, precision:300, depth:3, checksum:1889, entries:[64, 16, 4], entriesPerLeaf:3.3221924
2017-04-13 18:51:38,382 [main] INFO  com.graphhopper.http.DefaultModule$1 - flushing graph car|RAM_STORE|2D|NoExt|5,14,4,3,3, details:edges:2 261(1MB), nodes:1 889(1MB), name:(1MB), geo:31 061(1MB), bounds:1.419350909129178,1.7338322863094275,42.433747107544846,42.6330408, totalMB:850, usedMB:215)
2017-04-13 18:51:38,426 [main] INFO  com.graphhopper.http.DefaultModule$1 - flushed graph totalMB:850, usedMB:215)
2017-04-13 18:51:38,427 [main] INFO  com.graphhopper.http.DefaultModule - loaded graph at:./target/andorra-gh/, data_reader_file:../core/files/andorra.osm.pbf, flag_encoders:car, edges:2 261(1MB), nodes:1 889(1MB), name:(1MB), geo:31 061(1MB), bounds:1.419350909129178,1.7338322863094275,42.433747107544846,42.6330408
2017-04-13 18:51:38,442 [main] INFO  com.graphhopper.http.GHServer - Started server at HTTP :18080
2017-04-13 18:51:38,546 [qtp1104422581-58] INFO  com.graphhopper.http.GHBaseServlet - point=42.531453%2C1.518946&point=42.511178%2C1.54006& 127.0.0.1 en_US web integration tester [42.531453,1.518946, 42.511178,1.54006], took:0.06922077, , fastest, car, alternatives: 1, distance0: 3179.891259948685, time0: 3min, points0: 86, debugInfo: idLookup:0.009518244s; tmode:NODE_BASED; , algoInit:0.005729894s, astarbi|beeline-routing:0.003972811s, extract time:2.35155E-4;, algoInit:0.005729894s, astarbi|beeline-routing:0.003972811s, extract time:2.35155E-4, simplify (105->86)
2017-04-13 18:51:38,760 [qtp1104422581-75] INFO  com.graphhopper.http.GHBaseServlet - 127.0.0.1 null null 0.023573907
2017-04-13 18:51:38,782 [qtp1104422581-73] INFO  com.graphhopper.http.GHBaseServlet - point=42.531453%2C1.518946&point=42.511178%2C1.54006& 127.0.0.1 en_US web integration tester [42.531453,1.518946, 42.511178,1.54006], took:0.008813573, , fastest, car, alternatives: 1, distance0: 5532.769259948686, time0: 6min, points0: 85, debugInfo: idLookup:0.001292315s; tmode:NODE_BASED; , algoInit:2.61104E-4s, astarbi|beeline-routing:0.005372791s, extract time:8.8458E-5;, algoInit:2.61104E-4s, astarbi|beeline-routing:0.005372791s, extract time:8.8458E-5, simplify (105->85)
Tests run: 1, Failures: 0, Errors: 0, Skipped: 0, Time elapsed: 0.736 sec - in com.graphhopper.http.ChangeGraphServletIT
Running com.graphhopper.http.GraphHopperServletIT
2017-04-13 18:51:38,821 [main] INFO  com.graphhopper.http.BaseServletTester - Trying to start jetty at port 18080
2017-04-13 18:51:38,824 [main] INFO  com.graphhopper.http.CmdArgsModule - jsonp disabled
2017-04-13 18:51:38,844 [main] INFO  com.graphhopper.http.DefaultModule$1 - version 0.9|2017-04-13T18:49:45Z (5,14,4,3,3,2)
2017-04-13 18:51:38,845 [main] INFO  com.graphhopper.http.DefaultModule$1 - graph CH|car|RAM_STORE|2D|NoExt|,,,,, details:edges:0(0MB), nodes:0(0MB), name:(0MB), geo:0(0MB), bounds:1.7976931348623157E308,-1.7976931348623157E308,1.7976931348623157E308,-1.7976931348623157E308, CHGraph|fastest|car, shortcuts:0, nodesCH:(0MB)
2017-04-13 18:51:38,846 [main] INFO  com.graphhopper.http.DefaultModule$1 - start creating graph from ../core/files/andorra.osm.pbf
2017-04-13 18:51:38,846 [main] INFO  com.graphhopper.http.DefaultModule$1 - using CH|car|RAM_STORE|2D|NoExt|,,,,, memory:totalMB:850, usedMB:243
2017-04-13 18:51:38,925 [main] INFO  com.graphhopper.reader.osm.OSMReader - creating graph. Found nodes (pillar+tower):20 917, totalMB:850, usedMB:301
2017-04-13 18:51:38,986 [main] INFO  com.graphhopper.reader.osm.OSMReader - 69 646, now parsing ways
2017-04-13 18:51:39,053 [main] INFO  com.graphhopper.reader.osm.OSMReader - 72 371, now parsing relations
2017-04-13 18:51:39,054 [main] INFO  com.graphhopper.reader.osm.OSMReader - finished way processing. nodes: 1933, osmIdMap.size:20919, osmIdMap:0MB, nodeFlagsMap.size:2, relFlagsMap.size:0, zeroCounter:2 totalMB:850, usedMB:372
2017-04-13 18:51:39,054 [main] INFO  com.graphhopper.reader.osm.OSMReader - time pass1:0s, pass2:0s, total:0s
2017-04-13 18:51:39,054 [main] INFO  com.graphhopper.routing.subnetwork.PrepareRoutingSubnetworks - start finding subnetworks (min:200, min one way:200) totalMB:850, usedMB:372
2017-04-13 18:51:39,061 [main] INFO  com.graphhopper.routing.subnetwork.PrepareRoutingSubnetworks - car findComponents time:0.005840635, size:30
2017-04-13 18:51:39,064 [main] INFO  com.graphhopper.routing.subnetwork.PrepareRoutingSubnetworks - 59 subnetworks found for car, totalMB:850, usedMB:372
2017-04-13 18:51:39,066 [main] INFO  com.graphhopper.routing.subnetwork.PrepareRoutingSubnetworks - optimize to remove subnetworks (59), unvisited-dead-end-nodes (48), maxEdges/node (4)
2017-04-13 18:51:39,072 [main] INFO  com.graphhopper.http.DefaultModule$1 - edges: 2261, nodes 1875, there were 59 subnetworks. removed them => 58 less nodes
2017-04-13 18:51:39,082 [main] INFO  com.graphhopper.storage.index.LocationIndexTree - location index created in 0.009832339s, size:2 475, leafs:748, precision:300, depth:3, checksum:1875, entries:[64, 16, 4], entriesPerLeaf:3.3088236
2017-04-13 18:51:39,083 [main] INFO  com.graphhopper.routing.ch.CHAlgoFactoryDecorator - 1/1 calling CH prepare.doWork for fastest|car ... (totalMB:850, usedMB:378)
2017-04-13 18:51:39,116 [fastest_car] INFO  com.graphhopper.routing.ch.PrepareContractionHierarchies - 0, updates:0, nodes: 1 875, shortcuts:0, dijkstras:5 636, t(dijk):0.01, t(period):0.0, t(lazy):0.0, t(neighbor):0.0, meanDegree:1, algo:0MB, totalMB:850, usedMB:379
2017-04-13 18:51:39,120 [fastest_car] INFO  com.graphhopper.routing.ch.PrepareContractionHierarchies - 360, updates:0, nodes: 1 515, shortcuts:1, dijkstras:5 738, t(dijk):0.01, t(period):0.0, t(lazy):0.0, t(neighbor):0.0, meanDegree:1, algo:0MB, totalMB:850, usedMB:379
2017-04-13 18:51:39,171 [fastest_car] INFO  com.graphhopper.routing.ch.PrepareContractionHierarchies - 720, updates:1, nodes: 1 155, shortcuts:129, dijkstras:10 487, t(dijk):0.04, t(period):0.04, t(lazy):0.0, t(neighbor):0.0, meanDegree:1, algo:0MB, totalMB:850, usedMB:379
2017-04-13 18:51:39,228 [fastest_car] INFO  com.graphhopper.routing.ch.PrepareContractionHierarchies - 1 080, updates:2, nodes: 795, shortcuts:583, dijkstras:14 900, t(dijk):0.07, t(period):0.08, t(lazy):0.0, t(neighbor):0.01, meanDegree:1, algo:0MB, totalMB:850, usedMB:379
2017-04-13 18:51:39,288 [fastest_car] INFO  com.graphhopper.routing.ch.PrepareContractionHierarchies - 1 440, updates:3, nodes: 435, shortcuts:899, dijkstras:18 402, t(dijk):0.12, t(period):0.11, t(lazy):0.0, t(neighbor):0.02, meanDegree:1, algo:0MB, totalMB:850, usedMB:379
2017-04-13 18:51:39,349 [fastest_car] INFO  com.graphhopper.routing.ch.PrepareContractionHierarchies - 1 800, updates:4, nodes: 121, shortcuts:1 291, dijkstras:21 683, t(dijk):0.16, t(period):0.13, t(lazy):0.0, t(neighbor):0.04, meanDegree:1, algo:0MB, totalMB:850, usedMB:380
2017-04-13 18:51:39,363 [fastest_car] INFO  com.graphhopper.routing.ch.PrepareContractionHierarchies - took:0, new shortcuts: 1 471, prepare|fastest, dijkstras:23920, t(dijk):0.17, t(period):0.13, t(lazy):0.01, t(neighbor):0.04, meanDegree:0, initSize:1875, periodic:20, lazy:10, neighbor:20, totalMB:850, usedMB:380
2017-04-13 18:51:39,364 [main] INFO  com.graphhopper.http.DefaultModule$1 - flushing graph CH|car|RAM_STORE|2D|NoExt|5,14,4,3,3, details:edges:2 261(1MB), nodes:1 875(1MB), name:(1MB), geo:31 061(1MB), bounds:1.419350909129178,1.7338322863094275,42.433747107544846,42.6330408, CHGraph|fastest|car, shortcuts:1 471, nodesCH:(1MB), totalMB:850, usedMB:380)
2017-04-13 18:51:39,376 [main] INFO  com.graphhopper.http.DefaultModule$1 - flushed graph totalMB:850, usedMB:381)
2017-04-13 18:51:39,376 [main] INFO  com.graphhopper.http.DefaultModule - loaded graph at:./target/andorra-gh/, data_reader_file:../core/files/andorra.osm.pbf, flag_encoders:car, edges:2 261(1MB), nodes:1 875(1MB), name:(1MB), geo:31 061(1MB), bounds:1.419350909129178,1.7338322863094275,42.433747107544846,42.6330408, CHGraph|fastest|car, shortcuts:1 471, nodesCH:(1MB)
2017-04-13 18:51:39,379 [main] INFO  com.graphhopper.http.GHServer - Started server at HTTP :18080
2017-04-13 18:51:39,387 [qtp1155769010-94] ERROR com.graphhopper.http.GHBaseServlet - point=42.554851%2C1.536198&type=gpx& 127.0.0.1 en_US web integration tester [42.554851,1.536198], took:2.88721E-4, , fastest, car, errors:[java.lang.IllegalArgumentException: At least 2 points have to be specified, but was:1]
2017-04-13 18:51:39,480 [qtp1155769010-95] INFO  com.graphhopper.http.GHBaseServlet - point=42.554851%2C1.536198&point=42.510071%2C1.548128& 127.0.0.1 en_US web integration tester [42.554851,1.536198, 42.510071,1.548128], took:0.014824328, , fastest, car, alternatives: 1, distance0: 9204.566083971124, time0: 9min, points0: 201, debugInfo: idLookup:0.001110194s; , algoInit:0.006176362s, dijkstrabi|ch-routing:0.002559263s, extract time:5.97886E-4;, algoInit:0.006176362s, dijkstrabi|ch-routing:0.002559263s, extract time:5.97886E-4, simplify (247->201)
2017-04-13 18:51:39,504 [qtp1155769010-78] INFO  com.graphhopper.http.GHBaseServlet - point=42.554851,1.536198&point=42.510071,1.548128&&type=json&instructions=true&points_encoded=true&calc_points=true&algorithm=&locale=en_US&elevation=false 127.0.0.1 en_US GraphHopper Java Client [42.554851,1.536198, 42.510071,1.548128], took:0.008706467, , fastest, car, alternatives: 1, distance0: 9204.566083971124, time0: 9min, points0: 201, debugInfo: idLookup:9.33416E-4s; , algoInit:1.50316E-4s, dijkstrabi|ch-routing:0.004390208s, extract time:0.001784763;, algoInit:1.50316E-4s, dijkstrabi|ch-routing:0.004390208s, extract time:0.001784763, simplify (247->201)
2017-04-13 18:51:39,525 [qtp1155769010-78] INFO  com.graphhopper.http.GHBaseServlet - point=42.554851,1.536198&point=42.510071,1.548128&&type=json&instructions=true&points_encoded=true&calc_points=true&algorithm=&locale=en_US&elevation=false&turn_description=false 127.0.0.1 en_US GraphHopper Java Client [42.554851,1.536198, 42.510071,1.548128], took:0.005328543, , fastest, car, alternatives: 1, distance0: 9204.566083971124, time0: 9min, points0: 201, debugInfo: idLookup:0.001093377s; , algoInit:2.37018E-4s, dijkstrabi|ch-routing:0.001002853s, extract time:5.12449E-4;, algoInit:2.37018E-4s, dijkstrabi|ch-routing:0.001002853s, extract time:5.12449E-4, simplify (247->201)
2017-04-13 18:51:39,545 [qtp1155769010-94] INFO  com.graphhopper.http.GHBaseServlet - point=42.554851%2C1.536198&point=42.510071%2C1.548128&type=gpx& 127.0.0.1 en_US web integration tester [42.554851,1.536198, 42.510071,1.548128], took:0.005196639, , fastest, car, alternatives: 1, distance0: 9204.566083971124, time0: 9min, points0: 201, debugInfo: idLookup:9.52776E-4s; , algoInit:1.61619E-4s, dijkstrabi|ch-routing:5.65731E-4s, extract time:2.26877E-4;, algoInit:1.61619E-4s, dijkstrabi|ch-routing:5.65731E-4s, extract time:2.26877E-4, simplify (247->201)
2017-04-13 18:51:39,564 [qtp1155769010-95] ERROR com.graphhopper.http.GHBaseServlet - point=42.554851234%2C1.536198&point=42.510071%2C1.548128&points_encoded=false&elevation=true& 127.0.0.1 en_US web integration tester [42.554851234,1.536198, 42.510071,1.548128], took:6.9607E-5, , fastest, car, errors:[java.lang.IllegalArgumentException: Elevation not supported!]
2017-04-13 18:51:39,577 [qtp1155769010-78] INFO  com.graphhopper.http.GHBaseServlet - point=42.554851,1.536198&point=42.510071,1.548128&&type=json&instructions=true&points_encoded=true&calc_points=true&algorithm=&locale=en_US&elevation=false 127.0.0.1 en_US GraphHopper Java Client [42.554851,1.536198, 42.510071,1.548128], took:0.003193942, , fastest, car, alternatives: 1, distance0: 9204.566083971124, time0: 9min, points0: 201, debugInfo: idLookup:8.24723E-4s; , algoInit:1.14823E-4s, dijkstrabi|ch-routing:4.97608E-4s, extract time:1.23117E-4;, algoInit:1.14823E-4s, dijkstrabi|ch-routing:4.97608E-4s, extract time:1.23117E-4, simplify (247->201)
2017-04-13 18:51:39,588 [qtp1155769010-94] INFO  com.graphhopper.http.GHBaseServlet - point=42.554851,1.536198&point=42.531896,1.553278&point=42.510071,1.548128&&type=json&instructions=true&points_encoded=true&calc_points=true&algorithm=&locale=en_US&elevation=false 127.0.0.1 en_US GraphHopper Java Client [42.554851,1.536198, 42.531896,1.553278, 42.510071,1.548128], took:0.005633846, , fastest, car, alternatives: 1, distance0: 20232.202884241837, time0: 20min, points0: 688, debugInfo: idLookup:0.001312272s; , algoInit:1.33157E-4s, dijkstrabi|ch-routing:5.38978E-4s, extract time:1.47899E-4;, algoInit:1.15812E-4s, dijkstrabi|ch-routing:2.52284E-4s, extract time:4.0267E-5;, algoInit:1.33157E-4s, dijkstrabi|ch-routing:5.38978E-4s, extract time:1.47899E-4;, algoInit:1.15812E-4s, dijkstrabi|ch-routing:2.52284E-4s, extract time:4.0267E-5, simplify (736->688)
2017-04-13 18:51:39,601 [qtp1155769010-94] INFO  com.graphhopper.http.GHBaseServlet - point=42.554851234%2C1.536198&point=42.510071%2C1.548128&points_encoded=false& 127.0.0.1 en_US web integration tester [42.554851234,1.536198, 42.510071,1.548128], took:0.002610294, , fastest, car, alternatives: 1, distance0: 9204.540173426134, time0: 9min, points0: 201, debugInfo: idLookup:8.38727E-4s; , algoInit:9.5537E-5s, dijkstrabi|ch-routing:3.25119E-4s, extract time:8.984E-5;, algoInit:9.5537E-5s, dijkstrabi|ch-routing:3.25119E-4s, extract time:8.984E-5, simplify (247->201)
2017-04-13 18:51:39,618 [qtp1155769010-78] INFO  com.graphhopper.http.GHBaseServlet - point=42.496696%2C1.499323&point=42.497257%2C1.501501&heading=240&heading=240&ch.force_heading=true& 127.0.0.1 en_US web integration tester [42.496696,1.499323, 42.497257,1.501501], took:0.001978651, , fastest, car, alternatives: 1, distance0: 964.5028937166437, time0: 1min, points0: 32, debugInfo: idLookup:5.35276E-4s; , algoInit:1.19129E-4s, dijkstrabi|ch-routing:2.36933E-4s, extract time:4.3684E-5;, algoInit:1.19129E-4s, dijkstrabi|ch-routing:2.36933E-4s, extract time:4.3684E-5, simplify (38->32)
2017-04-13 18:51:39,627 [qtp1155769010-95] ERROR com.graphhopper.http.GHBaseServlet - &type=json&instructions=true&points_encoded=true&calc_points=true&algorithm=&locale=en_US&elevation=false 127.0.0.1 en_US GraphHopper Java Client [], took:2.54885E-4, , fastest, car, errors:[java.lang.IllegalArgumentException: At least 2 points have to be specified, but was:0]
2017-04-13 18:51:39,630 [qtp1155769010-94] ERROR com.graphhopper.http.GHBaseServlet - point=0.0,0.0&point=0.0,0.0&&type=json&instructions=true&points_encoded=true&calc_points=true&algorithm=&locale=en_US&elevation=false 127.0.0.1 en_US GraphHopper Java Client [0.0,0.0, 0.0,0.0], took:2.99385E-4, , fastest, car, errors:[com.graphhopper.util.exceptions.PointOutOfBoundsException: Point 0 is ouf of bounds: 0.0,0.0]
2017-04-13 18:51:39,634 [qtp1155769010-78] ERROR com.graphhopper.http.GHBaseServlet - point=42.554851,1.536198&point=42.510071,1.548128&&type=json&instructions=true&points_encoded=true&calc_points=true&algorithm=&locale=en_US&elevation=false&vehicle=space-shuttle 127.0.0.1 en_US GraphHopper Java Client [42.554851,1.536198, 42.510071,1.548128], took:4.0523E-5, , fastest, space-shuttle, errors:[java.lang.IllegalArgumentException: Vehicle not supported: space-shuttle]
2017-04-13 18:51:39,646 [qtp1155769010-95] INFO  com.graphhopper.http.GHBaseServlet - point=42.534133%2C1.581473&point=42.534781%2C1.582149&point=42.535042%2C1.582514&pass_through=true& 127.0.0.1 en_US web integration tester [42.534133,1.581473, 42.534781,1.582149, 42.535042,1.582514], took:0.004335646, , fastest, car, alternatives: 1, distance0: 320.9521855338318, time0: 1min, points0: 12, debugInfo: idLookup:0.001516108s; , algoInit:1.74439E-4s, dijkstrabi|ch-routing:0.001405555s, extract time:6.8107E-5;, algoInit:1.63818E-4s, dijkstrabi|ch-routing:2.2362E-4s, extract time:1.4065E-5;, algoInit:1.74439E-4s, dijkstrabi|ch-routing:0.001405555s, extract time:6.8107E-5;, algoInit:1.63818E-4s, dijkstrabi|ch-routing:2.2362E-4s, extract time:1.4065E-5, simplify (13->12)
2017-04-13 18:51:39,658 [qtp1155769010-94] INFO  com.graphhopper.http.GHBaseServlet - point=42.554851%2C1.536198&point=42.510071%2C1.548128&type=gpx&gpx.route=false&gpx.waypoints=false& 127.0.0.1 en_US web integration tester [42.554851,1.536198, 42.510071,1.548128], took:0.00263884, , fastest, car, alternatives: 1, distance0: 9204.566083971124, time0: 9min, points0: 201, debugInfo: idLookup:7.73807E-4s; , algoInit:2.06569E-4s, dijkstrabi|ch-routing:3.45703E-4s, extract time:8.9686E-5;, algoInit:2.06569E-4s, dijkstrabi|ch-routing:3.45703E-4s, extract time:8.9686E-5, simplify (247->201)
2017-04-13 18:51:39,671 [qtp1155769010-78] INFO  com.graphhopper.http.GHBaseServlet - point=42.554851%2C1.536198&point=42.510071%2C1.548128&type=gpx&gpx.track=true&gpx.route=false&gpx.waypoints=true& 127.0.0.1 en_US web integration tester [42.554851,1.536198, 42.510071,1.548128], took:0.002246796, , fastest, car, alternatives: 1, distance0: 9204.566083971124, time0: 9min, points0: 201, debugInfo: idLookup:6.46037E-4s; , algoInit:1.08645E-4s, dijkstrabi|ch-routing:2.88882E-4s, extract time:8.4764E-5;, algoInit:1.08645E-4s, dijkstrabi|ch-routing:2.88882E-4s, extract time:8.4764E-5, simplify (247->201)
Tests run: 12, Failures: 0, Errors: 0, Skipped: 0, Time elapsed: 0.885 sec - in com.graphhopper.http.GraphHopperServletIT
Running com.graphhopper.http.GraphHopperServletWithEleIT
2017-04-13 18:51:39,707 [main] INFO  com.graphhopper.http.BaseServletTester - Trying to start jetty at port 18080
2017-04-13 18:51:39,711 [main] INFO  com.graphhopper.http.CmdArgsModule - jsonp disabled
2017-04-13 18:51:39,743 [main] INFO  com.graphhopper.http.DefaultModule$1 - version 0.9|2017-04-13T18:49:45Z (5,14,4,3,3,2)
2017-04-13 18:51:39,743 [main] INFO  com.graphhopper.http.DefaultModule$1 - graph car|RAM_STORE|3D|NoExt|,,,,, details:edges:0(0MB), nodes:0(0MB), name:(0MB), geo:0(0MB), bounds:1.7976931348623157E308,-1.7976931348623157E308,1.7976931348623157E308,-1.7976931348623157E308,1.7976931348623157E308,-1.7976931348623157E308
2017-04-13 18:51:39,744 [main] INFO  com.graphhopper.http.DefaultModule$1 - start creating graph from ../core/files/monaco.osm.gz
2017-04-13 18:51:39,744 [main] INFO  com.graphhopper.http.DefaultModule$1 - using car|RAM_STORE|3D|NoExt|,,,,, memory:totalMB:850, usedMB:429
2017-04-13 18:51:39,819 [main] INFO  com.graphhopper.reader.osm.OSMReader - creating graph. Found nodes (pillar+tower):3 020, totalMB:850, usedMB:436
2017-04-13 18:51:39,822 [main] INFO  com.graphhopper.reader.dem.SRTMProvider - SRTM Elevation Provider, from: https://srtm.kurviger.de/SRTM3/, to: /home/travis/build/graphhopper/graphhopper/core/files, as: MMAP_STORE
2017-04-13 18:51:39,915 [main] INFO  com.graphhopper.reader.osm.OSMReader - 13 740, now parsing ways
2017-04-13 18:51:39,944 [main] INFO  com.graphhopper.reader.osm.OSMReader - 15 684, now parsing relations
2017-04-13 18:51:39,949 [main] INFO  com.graphhopper.reader.osm.OSMReader - finished way processing. nodes: 576, osmIdMap.size:3021, osmIdMap:0MB, nodeFlagsMap.size:1, relFlagsMap.size:0, zeroCounter:1 totalMB:850, usedMB:464
2017-04-13 18:51:40,066 [main] INFO  com.graphhopper.reader.osm.OSMReader - time pass1:0s, pass2:0s, total:0s
2017-04-13 18:51:40,066 [main] INFO  com.graphhopper.routing.subnetwork.PrepareRoutingSubnetworks - start finding subnetworks (min:200, min one way:0) totalMB:1152, usedMB:28
2017-04-13 18:51:40,067 [main] INFO  com.graphhopper.routing.subnetwork.PrepareRoutingSubnetworks - 5 subnetworks found for car, totalMB:1152, usedMB:28
2017-04-13 18:51:40,067 [main] INFO  com.graphhopper.routing.subnetwork.PrepareRoutingSubnetworks - optimize to remove subnetworks (5), unvisited-dead-end-nodes (0), maxEdges/node (5)
2017-04-13 18:51:40,068 [main] INFO  com.graphhopper.http.DefaultModule$1 - edges: 724, nodes 567, there were 5 subnetworks. removed them => 9 less nodes
2017-04-13 18:51:40,072 [main] INFO  com.graphhopper.storage.index.LocationIndexTree - location index created in 0.003600258s, size:562, leafs:35, precision:300, depth:2, checksum:567, entries:[16, 4], entriesPerLeaf:16.057142
2017-04-13 18:51:40,072 [main] INFO  com.graphhopper.http.DefaultModule$1 - flushing graph car|RAM_STORE|3D|NoExt|5,14,4,3,3, details:edges:724(1MB), nodes:567(1MB), name:(1MB), geo:5 993(1MB), bounds:7.404341341652155,7.439277859910082,43.72177128616954,43.75196271580374,-2.0,189.0, totalMB:1152, usedMB:33)
2017-04-13 18:51:40,079 [main] INFO  com.graphhopper.http.DefaultModule$1 - flushed graph totalMB:1152, usedMB:38)
2017-04-13 18:51:40,080 [main] INFO  com.graphhopper.http.DefaultModule - loaded graph at:./target/monaco-gh/, data_reader_file:../core/files/monaco.osm.gz, flag_encoders:car, edges:724(1MB), nodes:567(1MB), name:(1MB), geo:5 993(1MB), bounds:7.404341341652155,7.439277859910082,43.72177128616954,43.75196271580374,-2.0,189.0
2017-04-13 18:51:40,081 [main] INFO  com.graphhopper.http.GHServer - Started server at HTTP :18080
2017-04-13 18:51:40,099 [qtp1957078537-106] INFO  com.graphhopper.http.GHBaseServlet - point=43.730864%2C7.420771&point=43.727687%2C7.418737&points_encoded=false&elevation=true& 127.0.0.1 en_US web integration tester [43.730864,7.420771, 43.727687,7.418737], took:0.005871635, , fastest, car, alternatives: 1, distance0: 2651.202585806163, time0: 5min, points0: 79, debugInfo: idLookup:0.00291409s; tmode:NODE_BASED; , algoInit:1.82596E-4s, astarbi|beeline-routing:0.001215787s, extract time:4.6715E-5;, algoInit:1.82596E-4s, astarbi|beeline-routing:0.001215787s, extract time:4.6715E-5, simplify (93->79)
2017-04-13 18:51:40,112 [qtp1957078537-97] INFO  com.graphhopper.http.GHBaseServlet - point=43.730864%2C7.420771&point=43.727687%2C7.418737&points_encoded=false& 127.0.0.1 en_US web integration tester [43.730864,7.420771, 43.727687,7.418737], took:0.002751506, , fastest, car, alternatives: 1, distance0: 2651.202585806163, time0: 5min, points0: 79, debugInfo: idLookup:0.001335618s; tmode:NODE_BASED; , algoInit:7.9465E-5s, astarbi|beeline-routing:4.74249E-4s, extract time:1.16453E-4;, algoInit:7.9465E-5s, astarbi|beeline-routing:4.74249E-4s, extract time:1.16453E-4, simplify (93->79)
2017-04-13 18:51:40,118 [qtp1957078537-107] INFO  com.graphhopper.http.GHBaseServlet - point=43.730864%2C7.420771&point=43.727687%2C7.418737&points_encoded=false&elevation=false& 127.0.0.1 en_US web integration tester [43.730864,7.420771, 43.727687,7.418737], took:0.002155206, , fastest, car, alternatives: 1, distance0: 2651.202585806163, time0: 5min, points0: 79, debugInfo: idLookup:0.001231578s; tmode:NODE_BASED; , algoInit:5.989E-5s, astarbi|beeline-routing:2.92547E-4s, extract time:5.7841E-5;, algoInit:5.989E-5s, astarbi|beeline-routing:2.92547E-4s, extract time:5.7841E-5, simplify (93->79)
Tests run: 2, Failures: 0, Errors: 0, Skipped: 0, Time elapsed: 0.444 sec - in com.graphhopper.http.GraphHopperServletWithEleIT

Results :

Tests run: 18, Failures: 0, Errors: 0, Skipped: 0

[INFO] 
[INFO] --- maven-assembly-plugin:2.4.1:single (make-assembly) @ graphhopper-web ---
[INFO] Reading assembly descriptor: src/main/assembly/jar.xml
[INFO] Reading assembly descriptor: src/main/assembly/zip.xml
[INFO] Downloading: https://oss.sonatype.org/content/repositories/releases/com/github/graphhopper/gtfs-lib/f955eec/gtfs-lib-f955eec.pom
[INFO] Downloading: https://repository.apache.org/releases/com/github/graphhopper/gtfs-lib/f955eec/gtfs-lib-f955eec.pom
[INFO] Downloading: https://oss.sonatype.org/content/repositories/releases/org/geotools/gt-api/14.0/gt-api-14.0.pom
[INFO] Downloading: https://repository.apache.org/releases/org/geotools/gt-api/14.0/gt-api-14.0.pom
[INFO] Downloading: https://oss.sonatype.org/content/repositories/releases/org/geotools/gt-referencing/14.0/gt-referencing-14.0.pom
[INFO] Downloading: https://repository.apache.org/releases/org/geotools/gt-referencing/14.0/gt-referencing-14.0.pom
[INFO] Downloading: https://oss.sonatype.org/content/repositories/releases/org/geotools/gt-metadata/14.0/gt-metadata-14.0.pom
[INFO] Downloading: https://repository.apache.org/releases/org/geotools/gt-metadata/14.0/gt-metadata-14.0.pom
[INFO] Downloading: https://oss.sonatype.org/content/repositories/releases/org/geotools/gt-opengis/14.0/gt-opengis-14.0.pom
[INFO] Downloading: https://repository.apache.org/releases/org/geotools/gt-opengis/14.0/gt-opengis-14.0.pom
[INFO] Downloading: https://oss.sonatype.org/content/repositories/releases/jgridshift/jgridshift/1.0/jgridshift-1.0.pom
[INFO] Downloading: https://repository.apache.org/releases/jgridshift/jgridshift/1.0/jgridshift-1.0.pom
[INFO] Downloading: https://oss.sonatype.org/content/repositories/releases/org/geotools/gt-epsg-hsql/11-beta/gt-epsg-hsql-11-beta.pom
[INFO] Downloading: https://repository.apache.org/releases/org/geotools/gt-epsg-hsql/11-beta/gt-epsg-hsql-11-beta.pom
[INFO] Building jar: /home/travis/build/graphhopper/graphhopper/web/target/graphhopper-web-0.9-SNAPSHOT-with-dep.jar
[INFO] Building zip: /home/travis/build/graphhopper/graphhopper/web/target/graphhopper-web-0.9-SNAPSHOT-bin.zip
[INFO] 
[INFO] --- maven-failsafe-plugin:2.19.1:verify (default) @ graphhopper-web ---
[INFO]                                                                         
[INFO] ------------------------------------------------------------------------
[INFO] Building GraphHopper Reader for Shapefile Data 0.9-SNAPSHOT
[INFO] ------------------------------------------------------------------------
[INFO] 
[INFO] --- maven-clean-plugin:2.5:clean (default-clean) @ graphhopper-reader-shp ---
[INFO] 
[INFO] --- maven-resources-plugin:2.6:resources (default-resources) @ graphhopper-reader-shp ---
[INFO] Using 'UTF-8' encoding to copy filtered resources.
[INFO] skip non existing resourceDirectory /home/travis/build/graphhopper/graphhopper/reader-shp/src/main/resources
[INFO] 
[INFO] --- maven-compiler-plugin:3.5.1:compile (default-compile) @ graphhopper-reader-shp ---
[INFO] Changes detected - recompiling the module!
[INFO] Compiling 4 source files to /home/travis/build/graphhopper/graphhopper/reader-shp/target/classes
[INFO] 
[INFO] --- maven-resources-plugin:2.6:testResources (default-testResources) @ graphhopper-reader-shp ---
[INFO] Using 'UTF-8' encoding to copy filtered resources.
[INFO] Copying 7 resources
[INFO] 
[INFO] --- maven-compiler-plugin:3.5.1:testCompile (default-testCompile) @ graphhopper-reader-shp ---
[INFO] Changes detected - recompiling the module!
[INFO] Compiling 1 source file to /home/travis/build/graphhopper/graphhopper/reader-shp/target/test-classes
[INFO] 
[INFO] --- maven-surefire-plugin:2.19.1:test (default-test) @ graphhopper-reader-shp ---

-------------------------------------------------------
 T E S T S
-------------------------------------------------------
Running com.graphhopper.reader.shp.ShapeFileReaderTest
Tests run: 4, Failures: 0, Errors: 0, Skipped: 0, Time elapsed: 6.825 sec - in com.graphhopper.reader.shp.ShapeFileReaderTest

Results :

Tests run: 4, Failures: 0, Errors: 0, Skipped: 0

[INFO] 
[INFO] --- maven-resources-plugin:2.6:resources (default-resources) @ graphhopper-reader-shp ---
[INFO] Using 'UTF-8' encoding to copy filtered resources.
[INFO] skip non existing resourceDirectory /home/travis/build/graphhopper/graphhopper/reader-shp/src/main/resources
[INFO] 
[INFO] --- maven-compiler-plugin:3.5.1:compile (default-compile) @ graphhopper-reader-shp ---
[INFO] Nothing to compile - all classes are up to date
[INFO] 
[INFO] --- maven-resources-plugin:2.6:testResources (default-testResources) @ graphhopper-reader-shp ---
[INFO] Using 'UTF-8' encoding to copy filtered resources.
[INFO] Copying 7 resources
[INFO] 
[INFO] --- maven-compiler-plugin:3.5.1:testCompile (default-testCompile) @ graphhopper-reader-shp ---
[INFO] Nothing to compile - all classes are up to date
[INFO] 
[INFO] --- maven-surefire-plugin:2.19.1:test (default-test) @ graphhopper-reader-shp ---
[INFO] Skipping execution of surefire because it has already been run for this configuration
[INFO] 
[INFO] --- maven-jar-plugin:3.0.2:jar (default-jar) @ graphhopper-reader-shp ---
[INFO] Building jar: /home/travis/build/graphhopper/graphhopper/reader-shp/target/graphhopper-reader-shp-0.9-SNAPSHOT.jar
[INFO] 
[INFO] --- maven-failsafe-plugin:2.19.1:integration-test (default) @ graphhopper-reader-shp ---
[INFO] 
[INFO] --- maven-failsafe-plugin:2.19.1:verify (default) @ graphhopper-reader-shp ---
[INFO] ------------------------------------------------------------------------
[INFO] Reactor Summary:
[INFO] 
[INFO] GraphHopper Parent Project ......................... SUCCESS [  0.663 s]
[INFO] GraphHopper Core ................................... SUCCESS [ 51.426 s]
[INFO] GraphHopper Reader for OpenStreetMap Data .......... SUCCESS [ 34.590 s]
[INFO] GraphHopper Reader for Gtfs Data ................... SUCCESS [ 10.687 s]
[INFO] GraphHopper Reader JSON ............................ SUCCESS [  2.691 s]
[INFO] GraphHopper Tools .................................. SUCCESS [  3.068 s]
[INFO] GraphHopper Web .................................... SUCCESS [ 30.399 s]
[INFO] GraphHopper Reader for Shapefile Data .............. SUCCESS [ 11.202 s]
[INFO] ------------------------------------------------------------------------
[INFO] BUILD SUCCESS
[INFO] ------------------------------------------------------------------------
[INFO] Total time: 02:24 min
[INFO] Finished at: 2017-04-13T18:52:10+00:00
[INFO] Final Memory: 20M/309M
[INFO] ------------------------------------------------------------------------

travis_time:end:02642e16:start=1492109383941073080,finish=1492109530544186370,duration=146603113290[0K
[32;1mThe command "mvn clean test verify -B" exited with 0.[0m
travis_fold:start:cache.2[0Kstore build cache
travis_time:start:0014faf8[0K
travis_time:end:0014faf8:start=1492109530549823556,finish=1492109530554127656,duration=4304100[0Ktravis_time:start:1801016e[0K[32;1mchange detected (content changed, file is created, or file is deleted):
/home/travis/.m2/repository/com/github/graphhopper/gtfs-lib/f955eec/gtfs-lib-f955eec.pom.lastUpdated
/home/travis/.m2/repository/jgridshift/jgridshift/1.0/jgridshift-1.0.pom.lastUpdated
/home/travis/.m2/repository/org/geotools/gt-api/14.0/gt-api-14.0.pom.lastUpdated
/home/travis/.m2/repository/org/geotools/gt-epsg-hsql/11-beta/gt-epsg-hsql-11-beta.pom.lastUpdated
/home/travis/.m2/repository/org/geotools/gt-metadata/14.0/gt-metadata-14.0.pom.lastUpdated
/home/travis/.m2/repository/org/geotools/gt-opengis/14.0/gt-opengis-14.0.pom.lastUpdated
/home/travis/.m2/repository/org/geotools/gt-referencing/14.0/gt-referencing-14.0.pom.lastUpdated

[0m
[32;1mchanges detected, packing new archive[0m
[32;1muploading archive[0m

travis_time:end:1801016e:start=1492109530559247294,finish=1492109534628551319,duration=4069304025[0Ktravis_fold:end:cache.2[0Ktravis_fold:start:after_success[0Ktravis_time:start:095d9b6e[0K$ if [ "$TRAVIS_JDK_VERSION" == "oraclejdk8" ] && [ "$TRAVIS_BRANCH" == "master" ] && [ "$TRAVIS_PULL_REQUEST" == "false" ]; then travis_wait mvn deploy --settings core/files/settings.xml -DskipTests=true -B; else echo "Not deploying snapshot artifact for $TRAVIS_BRANCH"; fi
Not deploying snapshot artifact for pt-merge

travis_time:end:095d9b6e:start=1492109534634239376,finish=1492109534638570170,duration=4330794[0Ktravis_fold:end:after_success[0K
Done. Your build exited with 0.
