travis_fold:start:worker_info[0K[33;1mWorker information[0m
hostname: 1a44c54b-7d89-4587-921e-ad2eacc42ec4@1.i-0b8a523-production-2-worker-org-ec2.travisci.net
version: v3.6.0 https://github.com/travis-ci/worker/tree/170b2a0bb43234479fd1911ba9e4dbcc36dadfad
instance: 5bc7a15 travisci/ci-garnet:packer-1512502276-986baf0 (via amqp)
startup: 555.373958ms
travis_fold:end:worker_info[0Kmode of â€˜/usr/local/clang-5.0.0/binâ€™ changed from 0777 (rwxrwxrwx) to 0775 (rwxrwxr-x)
travis_fold:start:system_info[0K[33;1mBuild system information[0m
Build language: java
Build group: stable
Build dist: trusty
Build id: 351658731
Job id: 351658744
Runtime kernel version: 4.14.12-041412-generic
travis-build version: e153ad7eb
[34m[1mBuild image provisioning date and time[0m
Tue Dec  5 20:11:19 UTC 2017
[34m[1mOperating System Details[0m
Distributor ID:	Ubuntu
Description:	Ubuntu 14.04.5 LTS
Release:	14.04
Codename:	trusty
[34m[1mCookbooks Version[0m
7c2c6a6 https://github.com/travis-ci/travis-cookbooks/tree/7c2c6a6
[34m[1mgit version[0m
git version 2.15.1
[34m[1mbash version[0m
GNU bash, version 4.3.11(1)-release (x86_64-pc-linux-gnu)
[34m[1mgcc version[0m
gcc (Ubuntu 4.8.4-2ubuntu1~14.04.3) 4.8.4
Copyright (C) 2013 Free Software Foundation, Inc.
This is free software; see the source for copying conditions.  There is NO
warranty; not even for MERCHANTABILITY or FITNESS FOR A PARTICULAR PURPOSE.

[34m[1mdocker version[0m
Client:
 Version:      17.09.0-ce
 API version:  1.32
 Go version:   go1.8.3
 Git commit:   afdb6d4
 Built:        Tue Sep 26 22:39:28 2017
 OS/Arch:      linux/amd64
[34m[1mclang version[0m
clang version 5.0.0 (tags/RELEASE_500/final)
Target: x86_64-unknown-linux-gnu
Thread model: posix
InstalledDir: /usr/local/clang-5.0.0/bin
[34m[1mjq version[0m
jq-1.5
[34m[1mbats version[0m
Bats 0.4.0
[34m[1mshellcheck version[0m
0.4.6
[34m[1mshfmt version[0m
v2.0.0
[34m[1mccache version[0m
ccache version 3.1.9

Copyright (C) 2002-2007 Andrew Tridgell
Copyright (C) 2009-2011 Joel Rosdahl

This program is free software; you can redistribute it and/or modify it under
the terms of the GNU General Public License as published by the Free Software
Foundation; either version 3 of the License, or (at your option) any later
version.
[34m[1mcmake version[0m
cmake version 3.9.2

CMake suite maintained and supported by Kitware (kitware.com/cmake).
[34m[1mheroku version[0m
heroku-cli/6.14.39-addc925 (linux-x64) node-v9.2.0
[34m[1mimagemagick version[0m
Version: ImageMagick 6.7.7-10 2017-07-31 Q16 http://www.imagemagick.org
[34m[1mmd5deep version[0m
4.2
[34m[1mmercurial version[0m
Mercurial Distributed SCM (version 4.2.2)
(see https://mercurial-scm.org for more information)

Copyright (C) 2005-2017 Matt Mackall and others
This is free software; see the source for copying conditions. There is NO
warranty; not even for MERCHANTABILITY or FITNESS FOR A PARTICULAR PURPOSE.
[34m[1mmysql version[0m
mysql  Ver 14.14 Distrib 5.6.33, for debian-linux-gnu (x86_64) using  EditLine wrapper
[34m[1mopenssl version[0m
OpenSSL 1.0.1f 6 Jan 2014
[34m[1mpacker version[0m
Packer v1.0.2

Your version of Packer is out of date! The latest version
is 1.1.2. You can update by downloading from www.packer.io
[34m[1mpostgresql client version[0m
psql (PostgreSQL) 9.6.6
[34m[1mragel version[0m
Ragel State Machine Compiler version 6.8 Feb 2013
Copyright (c) 2001-2009 by Adrian Thurston
[34m[1msubversion version[0m
svn, version 1.8.8 (r1568071)
   compiled Aug 10 2017, 17:20:39 on x86_64-pc-linux-gnu

Copyright (C) 2013 The Apache Software Foundation.
This software consists of contributions made by many people;
see the NOTICE file for more information.
Subversion is open source software, see http://subversion.apache.org/

The following repository access (RA) modules are available:

* ra_svn : Module for accessing a repository using the svn network protocol.
  - with Cyrus SASL authentication
  - handles 'svn' scheme
* ra_local : Module for accessing a repository on local disk.
  - handles 'file' scheme
* ra_serf : Module for accessing a repository via WebDAV protocol using serf.
  - using serf 1.3.3
  - handles 'http' scheme
  - handles 'https' scheme

[34m[1msudo version[0m
Sudo version 1.8.9p5
Configure options: --prefix=/usr -v --with-all-insults --with-pam --with-fqdn --with-logging=syslog --with-logfac=authpriv --with-env-editor --with-editor=/usr/bin/editor --with-timeout=15 --with-password-timeout=0 --with-passprompt=[sudo] password for %p:  --without-lecture --with-tty-tickets --disable-root-mailer --enable-admin-flag --with-sendmail=/usr/sbin/sendmail --with-timedir=/var/lib/sudo --mandir=/usr/share/man --libexecdir=/usr/lib/sudo --with-sssd --with-sssd-lib=/usr/lib/x86_64-linux-gnu --with-selinux
Sudoers policy plugin version 1.8.9p5
Sudoers file grammar version 43

Sudoers path: /etc/sudoers
Authentication methods: 'pam'
Syslog facility if syslog is being used for logging: authpriv
Syslog priority to use when user authenticates successfully: notice
Syslog priority to use when user authenticates unsuccessfully: alert
Send mail if the user is not in sudoers
Use a separate timestamp for each user/tty combo
Lecture user the first time they run sudo
Root may run sudo
Allow some information gathering to give useful error messages
Require fully-qualified hostnames in the sudoers file
Visudo will honor the EDITOR environment variable
Set the LOGNAME and USER environment variables
Length at which to wrap log file lines (0 for no wrap): 80
Authentication timestamp timeout: 15.0 minutes
Password prompt timeout: 0.0 minutes
Number of tries to enter a password: 3
Umask to use or 0777 to use user's: 022
Path to mail program: /usr/sbin/sendmail
Flags for mail program: -t
Address to send mail to: root
Subject line for mail messages: *** SECURITY information for %h ***
Incorrect password message: Sorry, try again.
Path to authentication timestamp dir: /var/lib/sudo
Default password prompt: [sudo] password for %p: 
Default user to run commands as: root
Value to override user's $PATH with: /usr/local/sbin:/usr/local/bin:/usr/sbin:/usr/bin:/sbin:/bin:/snap/bin
Path to the editor for use by visudo: /usr/bin/editor
When to require a password for 'list' pseudocommand: any
When to require a password for 'verify' pseudocommand: all
File descriptors >= 3 will be closed before executing a command
Environment variables to check for sanity:
	TZ
	TERM
	LINGUAS
	LC_*
	LANGUAGE
	LANG
	COLORTERM
Environment variables to remove:
	RUBYOPT
	RUBYLIB
	PYTHONUSERBASE
	PYTHONINSPECT
	PYTHONPATH
	PYTHONHOME
	TMPPREFIX
	ZDOTDIR
	READNULLCMD
	NULLCMD
	FPATH
	PERL5DB
	PERL5OPT
	PERL5LIB
	PERLLIB
	PERLIO_DEBUG 
	JAVA_TOOL_OPTIONS
	SHELLOPTS
	GLOBIGNORE
	PS4
	BASH_ENV
	ENV
	TERMCAP
	TERMPATH
	TERMINFO_DIRS
	TERMINFO
	_RLD*
	LD_*
	PATH_LOCALE
	NLSPATH
	HOSTALIASES
	RES_OPTIONS
	LOCALDOMAIN
	CDPATH
	IFS
Environment variables to preserve:
	JAVA_HOME
	TRAVIS
	CI
	DEBIAN_FRONTEND
	XAUTHORIZATION
	XAUTHORITY
	PS2
	PS1
	PATH
	LS_COLORS
	KRB5CCNAME
	HOSTNAME
	HOME
	DISPLAY
	COLORS
Locale to use while parsing sudoers: C
Directory in which to store input/output logs: /var/log/sudo-io
File in which to store the input/output log: %{seq}
Add an entry to the utmp/utmpx file when allocating a pty
PAM service name to use
PAM service name to use for login shells
Create a new PAM session for the command to run in
Maximum I/O log sequence number: 0

Local IP address and netmask pairs:
	172.17.0.2/255.255.0.0

Sudoers I/O plugin version 1.8.9p5
[34m[1mgzip version[0m
gzip 1.6
Copyright (C) 2007, 2010, 2011 Free Software Foundation, Inc.
Copyright (C) 1993 Jean-loup Gailly.
This is free software.  You may redistribute copies of it under the terms of
the GNU General Public License <http://www.gnu.org/licenses/gpl.html>.
There is NO WARRANTY, to the extent permitted by law.

Written by Jean-loup Gailly.
[34m[1mzip version[0m
Copyright (c) 1990-2008 Info-ZIP - Type 'zip "-L"' for software license.
This is Zip 3.0 (July 5th 2008), by Info-ZIP.
Currently maintained by E. Gordon.  Please send bug reports to
the authors using the web page at www.info-zip.org; see README for details.

Latest sources and executables are at ftp://ftp.info-zip.org/pub/infozip,
as of above date; see http://www.info-zip.org/ for other sites.

Compiled with gcc 4.8.2 for Unix (Linux ELF) on Oct 21 2013.

Zip special compilation options:
	USE_EF_UT_TIME       (store Universal Time)
	BZIP2_SUPPORT        (bzip2 library version 1.0.6, 6-Sept-2010)
	    bzip2 code and library copyright (c) Julian R Seward
	    (See the bzip2 license for terms of use)
	SYMLINK_SUPPORT      (symbolic links supported)
	LARGE_FILE_SUPPORT   (can read and write large files on file system)
	ZIP64_SUPPORT        (use Zip64 to store large files in archives)
	UNICODE_SUPPORT      (store and read UTF-8 Unicode paths)
	STORE_UNIX_UIDs_GIDs (store UID/GID sizes/values using new extra field)
	UIDGID_NOT_16BIT     (old Unix 16-bit UID/GID extra field not used)
	[encryption, version 2.91 of 05 Jan 2007] (modified for Zip 3)

Encryption notice:
	The encryption code of this program is not copyrighted and is
	put in the public domain.  It was originally written in Europe
	and, to the best of our knowledge, can be freely distributed
	in both source and object forms from any country, including
	the USA under License Exception TSU of the U.S. Export
	Administration Regulations (section 740.13(e)) of 6 June 2002.

Zip environment options:
             ZIP:  [none]
          ZIPOPT:  [none]
[34m[1mvim version[0m
VIM - Vi IMproved 7.4 (2013 Aug 10, compiled Nov 24 2016 16:43:18)
Included patches: 1-52
Extra patches: 8.0.0056
Modified by pkg-vim-maintainers@lists.alioth.debian.org
Compiled by buildd@
Huge version without GUI.  Features included (+) or not (-):
+acl             +farsi           +mouse_netterm   +syntax
+arabic          +file_in_path    +mouse_sgr       +tag_binary
+autocmd         +find_in_path    -mouse_sysmouse  +tag_old_static
-balloon_eval    +float           +mouse_urxvt     -tag_any_white
-browse          +folding         +mouse_xterm     -tcl
++builtin_terms  -footer          +multi_byte      +terminfo
+byte_offset     +fork()          +multi_lang      +termresponse
+cindent         +gettext         -mzscheme        +textobjects
-clientserver    -hangul_input    +netbeans_intg   +title
-clipboard       +iconv           +path_extra      -toolbar
+cmdline_compl   +insert_expand   -perl            +user_commands
+cmdline_hist    +jumplist        +persistent_undo +vertsplit
+cmdline_info    +keymap          +postscript      +virtualedit
+comments        +langmap         +printer         +visual
+conceal         +libcall         +profile         +visualextra
+cryptv          +linebreak       +python          +viminfo
+cscope          +lispindent      -python3         +vreplace
+cursorbind      +listcmds        +quickfix        +wildignore
+cursorshape     +localmap        +reltime         +wildmenu
+dialog_con      -lua             +rightleft       +windows
+diff            +menu            -ruby            +writebackup
+digraphs        +mksession       +scrollbind      -X11
-dnd             +modify_fname    +signs           -xfontset
-ebcdic          +mouse           +smartindent     -xim
+emacs_tags      -mouseshape      -sniff           -xsmp
+eval            +mouse_dec       +startuptime     -xterm_clipboard
+ex_extra        +mouse_gpm       +statusline      -xterm_save
+extra_search    -mouse_jsbterm   -sun_workshop    -xpm
   system vimrc file: "$VIM/vimrc"
     user vimrc file: "$HOME/.vimrc"
 2nd user vimrc file: "~/.vim/vimrc"
      user exrc file: "$HOME/.exrc"
  fall-back for $VIM: "/usr/share/vim"
Compilation: gcc -c -I. -Iproto -DHAVE_CONFIG_H     -g -O2 -fstack-protector --param=ssp-buffer-size=4 -Wformat -Werror=format-security -U_FORTIFY_SOURCE -D_FORTIFY_SOURCE=1      
Linking: gcc   -Wl,-Bsymbolic-functions -Wl,-z,relro -Wl,--as-needed -o vim        -lm -ltinfo -lnsl  -lselinux  -lacl -lattr -lgpm -ldl    -L/usr/lib/python2.7/config-x86_64-linux-gnu -lpython2.7 -lpthread -ldl -lutil -lm -Xlinker -export-dynamic -Wl,-O1 -Wl,-Bsymbolic-functions      
[34m[1miptables version[0m
iptables v1.4.21
[34m[1mcurl version[0m
curl 7.35.0 (x86_64-pc-linux-gnu) libcurl/7.35.0 OpenSSL/1.0.1f zlib/1.2.8 libidn/1.28 librtmp/2.3
[34m[1mwget version[0m
GNU Wget 1.15 built on linux-gnu.
[34m[1mrsync version[0m
rsync  version 3.1.0  protocol version 31
[34m[1mgimme version[0m
v1.2.0
[34m[1mnvm version[0m
0.33.6
[34m[1mperlbrew version[0m
/home/travis/perl5/perlbrew/bin/perlbrew  - App::perlbrew/0.80
[34m[1mphpenv version[0m
rbenv 1.1.1-25-g6aa70b6
[34m[1mrvm version[0m
rvm 1.29.3 (latest) by Michal Papis, Piotr Kuczynski, Wayne E. Seguin [https://rvm.io]
[34m[1mdefault ruby version[0m
ruby 2.4.1p111 (2017-03-22 revision 58053) [x86_64-linux]
[34m[1mCouchDB version[0m
couchdb 1.6.1
[34m[1mElasticSearch version[0m
5.5.0
[34m[1mInstalled Firefox version[0m
firefox 56.0.2
[34m[1mMongoDB version[0m
MongoDB 3.4.10
[34m[1mPhantomJS version[0m
2.1.1
[34m[1mPre-installed PostgreSQL versions[0m
9.2.24
9.3.20
9.4.15
9.5.10
9.6.6
[34m[1mRabbitMQ Version[0m
3.6.14
[34m[1mRedis version[0m
redis-server 4.0.6
[34m[1mriak version[0m
2.2.3
[34m[1mPre-installed Go versions[0m
1.7.4
[34m[1mant version[0m
Apache Ant(TM) version 1.9.3 compiled on April 8 2014
[34m[1mmvn version[0m
Apache Maven 3.5.2 (138edd61fd100ec658bfa2d307c43b76940a5d7d; 2017-10-18T07:58:13Z)
Maven home: /usr/local/maven-3.5.2
Java version: 1.8.0_151, vendor: Oracle Corporation
Java home: /usr/lib/jvm/java-8-oracle/jre
Default locale: en_US, platform encoding: UTF-8
OS name: "linux", version: "4.4.0-101-generic", arch: "amd64", family: "unix"
[34m[1mgradle version[0m

------------------------------------------------------------
Gradle 4.0.1
------------------------------------------------------------

Build time:   2017-07-07 14:02:41 UTC
Revision:     38e5dc0f772daecca1d2681885d3d85414eb6826

Groovy:       2.4.11
Ant:          Apache Ant(TM) version 1.9.6 compiled on June 29 2015
JVM:          1.8.0_151 (Oracle Corporation 25.151-b12)
OS:           Linux 4.4.0-101-generic amd64

[34m[1mlein version[0m
Leiningen 2.8.1 on Java 1.8.0_151 Java HotSpot(TM) 64-Bit Server VM
[34m[1mPre-installed Node.js versions[0m
v4.8.6
v6.12.0
v6.12.1
v8.9
v8.9.1
[34m[1mphpenv versions[0m
  system
  5.6
* 5.6.32 (set by /home/travis/.phpenv/version)
  7.0
  7.0.25
  7.1
  7.1.11
  hhvm
  hhvm-stable
[34m[1mcomposer --version[0m
Composer version 1.5.2 2017-09-11 16:59:25
[34m[1mPre-installed Ruby versions[0m
ruby-2.2.7
ruby-2.3.4
ruby-2.4.1
travis_fold:end:system_info[0K
removed â€˜/etc/apt/sources.list.d/basho_riak.listâ€™
[32;1mNetwork availability confirmed.[0m
127.0.0.1	localhost
::1	 ip6-localhost ip6-loopback
fe00::0	ip6-localnet
ff00::0	ip6-mcastprefix
ff02::1	ip6-allnodes
ff02::2	ip6-allrouters
172.17.0.11	travis-job-pgjdbc-pgjdbc-351658744.travisci.net travis-job-pgjdbc-pgjdbc-351658744
W: http://ppa.launchpad.net/couchdb/stable/ubuntu/dists/trusty/Release.gpg: Signature by key 15866BAFD9BCC4F3C1E0DFC7D69548E1C17EAB57 uses weak digest algorithm (SHA1)
$ jdk_switcher use oraclejdk8
Switching to Oracle JDK8 (java-8-oracle), JAVA_HOME will be set to /usr/lib/jvm/java-8-oracle
travis_fold:start:git.checkout[0Ktravis_time:start:20d2a000[0K$ git clone --depth=50 https://github.com/pgjdbc/pgjdbc.git pgjdbc/pgjdbc
Cloning into 'pgjdbc/pgjdbc'...
remote: Counting objects: 1280, done.[K
remote: Compressing objects:   0% (1/922)   [Kremote: Compressing objects:   1% (10/922)   [Kremote: Compressing objects:   2% (19/922)   [Kremote: Compressing objects:   3% (28/922)   [Kremote: Compressing objects:   4% (37/922)   [Kremote: Compressing objects:   5% (47/922)   [Kremote: Compressing objects:   6% (56/922)   [Kremote: Compressing objects:   7% (65/922)   [Kremote: Compressing objects:   8% (74/922)   [Kremote: Compressing objects:   9% (83/922)   [Kremote: Compressing objects:  10% (93/922)   [Kremote: Compressing objects:  11% (102/922)   [Kremote: Compressing objects:  12% (111/922)   [Kremote: Compressing objects:  13% (120/922)   [Kremote: Compressing objects:  14% (130/922)   [Kremote: Compressing objects:  15% (139/922)   [Kremote: Compressing objects:  16% (148/922)   [Kremote: Compressing objects:  17% (157/922)   [Kremote: Compressing objects:  18% (166/922)   [Kremote: Compressing objects:  19% (176/922)   [Kremote: Compressing objects:  20% (185/922)   [Kremote: Compressing objects:  21% (194/922)   [Kremote: Compressing objects:  22% (203/922)   [Kremote: Compressing objects:  23% (213/922)   [Kremote: Compressing objects:  24% (222/922)   [Kremote: Compressing objects:  25% (231/922)   [Kremote: Compressing objects:  26% (240/922)   [Kremote: Compressing objects:  27% (249/922)   [Kremote: Compressing objects:  28% (259/922)   [Kremote: Compressing objects:  29% (268/922)   [Kremote: Compressing objects:  30% (277/922)   [Kremote: Compressing objects:  31% (286/922)   [Kremote: Compressing objects:  32% (296/922)   [Kremote: Compressing objects:  33% (305/922)   [Kremote: Compressing objects:  34% (314/922)   [Kremote: Compressing objects:  35% (323/922)   [Kremote: Compressing objects:  36% (332/922)   [Kremote: Compressing objects:  37% (342/922)   [Kremote: Compressing objects:  38% (351/922)   [Kremote: Compressing objects:  39% (360/922)   [Kremote: Compressing objects:  40% (369/922)   [Kremote: Compressing objects:  41% (379/922)   [Kremote: Compressing objects:  42% (388/922)   [Kremote: Compressing objects:  43% (397/922)   [Kremote: Compressing objects:  44% (406/922)   [Kremote: Compressing objects:  45% (415/922)   [Kremote: Compressing objects:  46% (425/922)   [Kremote: Compressing objects:  47% (434/922)   [Kremote: Compressing objects:  48% (443/922)   [Kremote: Compressing objects:  49% (452/922)   [Kremote: Compressing objects:  50% (461/922)   [Kremote: Compressing objects:  51% (471/922)   [Kremote: Compressing objects:  52% (480/922)   [Kremote: Compressing objects:  53% (489/922)   [Kremote: Compressing objects:  54% (498/922)   [Kremote: Compressing objects:  55% (508/922)   [Kremote: Compressing objects:  56% (517/922)   [Kremote: Compressing objects:  57% (526/922)   [Kremote: Compressing objects:  58% (535/922)   [Kremote: Compressing objects:  59% (544/922)   [Kremote: Compressing objects:  60% (554/922)   [Kremote: Compressing objects:  61% (563/922)   [Kremote: Compressing objects:  62% (572/922)   [Kremote: Compressing objects:  63% (581/922)   [Kremote: Compressing objects:  64% (591/922)   [Kremote: Compressing objects:  65% (600/922)   [Kremote: Compressing objects:  66% (609/922)   [Kremote: Compressing objects:  67% (618/922)   [Kremote: Compressing objects:  68% (627/922)   [Kremote: Compressing objects:  69% (637/922)   [Kremote: Compressing objects:  70% (646/922)   [Kremote: Compressing objects:  71% (655/922)   [Kremote: Compressing objects:  72% (664/922)   [Kremote: Compressing objects:  73% (674/922)   [Kremote: Compressing objects:  74% (683/922)   [Kremote: Compressing objects:  75% (692/922)   [Kremote: Compressing objects:  76% (701/922)   [Kremote: Compressing objects:  77% (710/922)   [Kremote: Compressing objects:  78% (720/922)   [Kremote: Compressing objects:  79% (729/922)   [Kremote: Compressing objects:  80% (738/922)   [Kremote: Compressing objects:  81% (747/922)   [Kremote: Compressing objects:  82% (757/922)   [Kremote: Compressing objects:  83% (766/922)   [Kremote: Compressing objects:  84% (775/922)   [Kremote: Compressing objects:  85% (784/922)   [Kremote: Compressing objects:  86% (793/922)   [Kremote: Compressing objects:  87% (803/922)   [Kremote: Compressing objects:  88% (812/922)   [Kremote: Compressing objects:  89% (821/922)   [Kremote: Compressing objects:  90% (830/922)   [Kremote: Compressing objects:  91% (840/922)   [Kremote: Compressing objects:  92% (849/922)   [Kremote: Compressing objects:  93% (858/922)   [Kremote: Compressing objects:  94% (867/922)   [Kremote: Compressing objects:  95% (876/922)   [Kremote: Compressing objects:  96% (886/922)   [Kremote: Compressing objects:  97% (895/922)   [Kremote: Compressing objects:  98% (904/922)   [Kremote: Compressing objects:  99% (913/922)   [Kremote: Compressing objects: 100% (922/922)   [Kremote: Compressing objects: 100% (922/922), done.[K
Receiving objects:   0% (1/1280)   Receiving objects:   1% (13/1280)   Receiving objects:   2% (26/1280)   Receiving objects:   3% (39/1280)   Receiving objects:   4% (52/1280)   Receiving objects:   5% (64/1280)   Receiving objects:   6% (77/1280)   Receiving objects:   7% (90/1280)   Receiving objects:   8% (103/1280)   Receiving objects:   9% (116/1280)   Receiving objects:  10% (128/1280)   Receiving objects:  11% (141/1280)   Receiving objects:  12% (154/1280)   Receiving objects:  13% (167/1280)   Receiving objects:  14% (180/1280)   Receiving objects:  15% (192/1280)   Receiving objects:  16% (205/1280)   Receiving objects:  17% (218/1280)   Receiving objects:  18% (231/1280)   Receiving objects:  19% (244/1280)   Receiving objects:  20% (256/1280)   Receiving objects:  21% (269/1280)   Receiving objects:  22% (282/1280)   Receiving objects:  23% (295/1280)   Receiving objects:  24% (308/1280)   Receiving objects:  25% (320/1280)   Receiving objects:  26% (333/1280)   Receiving objects:  27% (346/1280)   Receiving objects:  28% (359/1280)   Receiving objects:  29% (372/1280)   Receiving objects:  30% (384/1280)   Receiving objects:  31% (397/1280)   Receiving objects:  32% (410/1280)   Receiving objects:  33% (423/1280)   Receiving objects:  34% (436/1280)   Receiving objects:  35% (448/1280)   Receiving objects:  36% (461/1280)   Receiving objects:  37% (474/1280)   Receiving objects:  38% (487/1280)   Receiving objects:  39% (500/1280)   Receiving objects:  40% (512/1280)   Receiving objects:  41% (525/1280)   Receiving objects:  42% (538/1280)   Receiving objects:  43% (551/1280)   Receiving objects:  44% (564/1280)   Receiving objects:  45% (576/1280)   Receiving objects:  46% (589/1280)   Receiving objects:  47% (602/1280)   Receiving objects:  48% (615/1280)   Receiving objects:  49% (628/1280)   Receiving objects:  50% (640/1280)   Receiving objects:  51% (653/1280)   Receiving objects:  52% (666/1280)   Receiving objects:  53% (679/1280)   Receiving objects:  54% (692/1280)   Receiving objects:  55% (704/1280)   Receiving objects:  56% (717/1280)   Receiving objects:  57% (730/1280)   Receiving objects:  58% (743/1280)   Receiving objects:  59% (756/1280)   Receiving objects:  60% (768/1280)   Receiving objects:  61% (781/1280)   Receiving objects:  62% (794/1280)   Receiving objects:  63% (807/1280)   Receiving objects:  64% (820/1280)   Receiving objects:  65% (832/1280)   Receiving objects:  66% (845/1280)   Receiving objects:  67% (858/1280)   Receiving objects:  68% (871/1280)   Receiving objects:  69% (884/1280)   Receiving objects:  70% (896/1280)   Receiving objects:  71% (909/1280)   Receiving objects:  72% (922/1280)   Receiving objects:  73% (935/1280)   Receiving objects:  74% (948/1280)   Receiving objects:  75% (960/1280)   Receiving objects:  76% (973/1280)   Receiving objects:  77% (986/1280)   Receiving objects:  78% (999/1280)   Receiving objects:  79% (1012/1280)   Receiving objects:  80% (1024/1280)   Receiving objects:  81% (1037/1280)   Receiving objects:  82% (1050/1280)   Receiving objects:  83% (1063/1280)   Receiving objects:  84% (1076/1280)   Receiving objects:  85% (1088/1280)   Receiving objects:  86% (1101/1280)   Receiving objects:  87% (1114/1280)   Receiving objects:  88% (1127/1280)   Receiving objects:  89% (1140/1280)   Receiving objects:  90% (1152/1280)   Receiving objects:  91% (1165/1280)   Receiving objects:  92% (1178/1280)   Receiving objects:  93% (1191/1280)   Receiving objects:  94% (1204/1280)   Receiving objects:  95% (1216/1280)   Receiving objects:  96% (1229/1280)   Receiving objects:  97% (1242/1280)   Receiving objects:  98% (1255/1280)   Receiving objects:  99% (1268/1280)   remote: Total 1280 (delta 388), reused 798 (delta 262), pack-reused 0[K
Receiving objects: 100% (1280/1280)   Receiving objects: 100% (1280/1280), 1.39 MiB | 13.26 MiB/s, done.
Resolving deltas:   0% (0/388)   Resolving deltas:   1% (4/388)   Resolving deltas:   2% (9/388)   Resolving deltas:   3% (15/388)   Resolving deltas:   4% (16/388)   Resolving deltas:   6% (26/388)   Resolving deltas:   7% (31/388)   Resolving deltas:   9% (38/388)   Resolving deltas:  10% (39/388)   Resolving deltas:  11% (44/388)   Resolving deltas:  15% (59/388)   Resolving deltas:  16% (65/388)   Resolving deltas:  25% (97/388)   Resolving deltas:  26% (102/388)   Resolving deltas:  36% (143/388)   Resolving deltas:  39% (154/388)   Resolving deltas:  40% (157/388)   Resolving deltas:  42% (165/388)   Resolving deltas:  43% (167/388)   Resolving deltas:  44% (171/388)   Resolving deltas:  45% (175/388)   Resolving deltas:  46% (181/388)   Resolving deltas:  47% (184/388)   Resolving deltas:  48% (188/388)   Resolving deltas:  50% (195/388)   Resolving deltas:  51% (199/388)   Resolving deltas:  52% (202/388)   Resolving deltas:  53% (206/388)   Resolving deltas:  54% (210/388)   Resolving deltas:  55% (214/388)   Resolving deltas:  56% (219/388)   Resolving deltas:  57% (225/388)   Resolving deltas:  58% (226/388)   Resolving deltas:  59% (229/388)   Resolving deltas:  60% (233/388)   Resolving deltas:  61% (237/388)   Resolving deltas:  62% (241/388)   Resolving deltas:  63% (245/388)   Resolving deltas:  64% (249/388)   Resolving deltas:  65% (253/388)   Resolving deltas:  66% (257/388)   Resolving deltas:  67% (260/388)   Resolving deltas:  68% (265/388)   Resolving deltas:  70% (272/388)   Resolving deltas:  71% (278/388)   Resolving deltas:  72% (282/388)   Resolving deltas:  73% (284/388)   Resolving deltas:  74% (288/388)   Resolving deltas:  75% (293/388)   Resolving deltas:  77% (299/388)   Resolving deltas:  78% (304/388)   Resolving deltas:  79% (308/388)   Resolving deltas:  80% (312/388)   Resolving deltas:  81% (315/388)   Resolving deltas:  82% (319/388)   Resolving deltas:  85% (331/388)   Resolving deltas:  86% (335/388)   Resolving deltas:  87% (339/388)   Resolving deltas:  88% (342/388)   Resolving deltas:  89% (346/388)   Resolving deltas:  90% (353/388)   Resolving deltas:  91% (354/388)   Resolving deltas:  92% (357/388)   Resolving deltas:  93% (362/388)   Resolving deltas:  94% (367/388)   Resolving deltas:  95% (370/388)   Resolving deltas:  96% (373/388)   Resolving deltas:  97% (377/388)   Resolving deltas:  98% (382/388)   Resolving deltas:  99% (385/388)   Resolving deltas: 100% (388/388)   Resolving deltas: 100% (388/388), done.

travis_time:end:20d2a000:start=1520682227644298890,finish=1520682228597376351,duration=953077461[0K$ cd pgjdbc/pgjdbc
travis_time:start:0bbee4e6[0K$ git fetch origin +refs/pull/1138/merge:
remote: Counting objects: 31, done.[K
remote: Compressing objects:   6% (1/16)   [Kremote: Compressing objects:  12% (2/16)   [Kremote: Compressing objects:  18% (3/16)   [Kremote: Compressing objects:  25% (4/16)   [Kremote: Compressing objects:  31% (5/16)   [Kremote: Compressing objects:  37% (6/16)   [Kremote: Compressing objects:  43% (7/16)   [Kremote: Compressing objects:  50% (8/16)   [Kremote: Compressing objects:  56% (9/16)   [Kremote: Compressing objects:  62% (10/16)   [Kremote: Compressing objects:  68% (11/16)   [Kremote: Compressing objects:  75% (12/16)   [Kremote: Compressing objects:  81% (13/16)   [Kremote: Compressing objects:  87% (14/16)   [Kremote: Compressing objects:  93% (15/16)   [Kremote: Compressing objects: 100% (16/16)   [Kremote: Compressing objects: 100% (16/16), done.[K
remote: Total 31 (delta 14), reused 25 (delta 9), pack-reused 0[K
Unpacking objects:   3% (1/31)   Unpacking objects:   6% (2/31)   Unpacking objects:   9% (3/31)   Unpacking objects:  12% (4/31)   Unpacking objects:  16% (5/31)   Unpacking objects:  19% (6/31)   Unpacking objects:  22% (7/31)   Unpacking objects:  25% (8/31)   Unpacking objects:  29% (9/31)   Unpacking objects:  32% (10/31)   Unpacking objects:  35% (11/31)   Unpacking objects:  38% (12/31)   Unpacking objects:  41% (13/31)   Unpacking objects:  45% (14/31)   Unpacking objects:  48% (15/31)   Unpacking objects:  51% (16/31)   Unpacking objects:  54% (17/31)   Unpacking objects:  58% (18/31)   Unpacking objects:  61% (19/31)   Unpacking objects:  64% (20/31)   Unpacking objects:  67% (21/31)   Unpacking objects:  70% (22/31)   Unpacking objects:  74% (23/31)   Unpacking objects:  77% (24/31)   Unpacking objects:  80% (25/31)   Unpacking objects:  83% (26/31)   Unpacking objects:  87% (27/31)   Unpacking objects:  90% (28/31)   Unpacking objects:  93% (29/31)   Unpacking objects:  96% (30/31)   Unpacking objects: 100% (31/31)   Unpacking objects: 100% (31/31), done.
From https://github.com/pgjdbc/pgjdbc
 * branch            refs/pull/1138/merge -> FETCH_HEAD

travis_time:end:0bbee4e6:start=1520682228606632601,finish=1520682228975815468,duration=369182867[0K$ git checkout -qf FETCH_HEAD
travis_fold:end:git.checkout[0Ktravis_fold:start:postgresql[0K[33;1mStarting PostgreSQL v9.6[0m
travis_time:start:1017fd8a[0K$ sudo service postgresql stop
 * Stopping PostgreSQL 9.2 database server       [80G [74G[ OK ]
 * Stopping PostgreSQL 9.3 database server       [80G [74G[ OK ]
 * Stopping PostgreSQL 9.4 database server       [80G [74G[ OK ]
 * Stopping PostgreSQL 9.5 database server       [80G [74G[ OK ]
 * Stopping PostgreSQL 9.6 database server       [80G [74G[ OK ]

travis_time:end:1017fd8a:start=1520682229112500842,finish=1520682230708053255,duration=1595552413[0Ktravis_time:start:10849a79[0K$ sudo service postgresql start 9.6
 * Starting PostgreSQL 9.6 database server       [80G [74G[ OK ]

travis_time:end:10849a79:start=1520682230715508462,finish=1520682233733643820,duration=3018135358[0Ktravis_time:start:05b8f396[0K$ sudo -u postgres createuser -s -p 5432 travis &>/dev/null

travis_time:end:05b8f396:start=1520682233741189865,finish=1520682239856302760,duration=6115112895[0Ktravis_time:start:0fc1a184[0K$ sudo -u postgres createdb -O travis -p 5432 travis &>/dev/null

travis_time:end:0fc1a184:start=1520682239863799883,finish=1520682245492370965,duration=5628571082[0Ktravis_time:start:16bc3380[0K$ sudo -u postgres createuser -s -p 5433 travis &>/dev/null

travis_time:end:16bc3380:start=1520682245499684000,finish=1520682245575647223,duration=75963223[0Ktravis_time:start:016584ec[0K$ sudo -u postgres createdb -O travis -p 5433 travis &>/dev/null

travis_time:end:016584ec:start=1520682245583174919,finish=1520682245646100208,duration=62925289[0Ktravis_fold:end:postgresql[0K
[33;1mEncrypted environment variables have been removed for security reasons.[0m
[33;1mSee https://docs.travis-ci.com/user/pull-requests/#Pull-Requests-and-Security-Restrictions[0m

[33;1mSetting environment variables from .travis.yml[0m
$ export PG_VERSION=9.6
$ export QUERY_MODE=simple
$ export COVERAGE=Y
$ export TEST_CLIENTS=Y

[33;1mDisabling Gradle daemon[0m
travis_time:start:0b118153[0K$ mkdir -p ~/.gradle && echo "org.gradle.daemon=false" >> ~/.gradle/gradle.properties

travis_time:end:0b118153:start=1520682251680756458,finish=1520682251688608716,duration=7852258[0K$ export PATH=$JAVA_HOME/bin:$PATH
travis_fold:start:cache.1[0KSetting up build cache
$ export CASHER_DIR=$HOME/.casher
travis_time:start:1ee06a84[0K$ Installing caching utilities

travis_time:end:1ee06a84:start=1520682257857631361,finish=1520682257914133960,duration=56502599[0Ktravis_time:start:1dad09d5[0K
travis_time:end:1dad09d5:start=1520682257923786453,finish=1520682257930838392,duration=7051939[0Ktravis_time:start:016bc6ae[0K[32;1mattempting to download cache archive[0m
[32;1mfetching PR.1138/cache-linux-trusty-ca455d789b80082b937b81d25585d81cfcd4c7dfb83467b63a00d1f5eadf3c1c--jdk-oraclejdk8.tgz[0m
[32;1mfetching PR.1138/cache--jdk-oraclejdk8.tgz[0m
[32;1mfetching master/cache-linux-trusty-ca455d789b80082b937b81d25585d81cfcd4c7dfb83467b63a00d1f5eadf3c1c--jdk-oraclejdk8.tgz[0m
[32;1mfound cache[0m

travis_time:end:016bc6ae:start=1520682257939144676,finish=1520682268468122261,duration=10528977585[0Ktravis_time:start:0646a5a6[0K
travis_time:end:0646a5a6:start=1520682268475873430,finish=1520682268482728648,duration=6855218[0Ktravis_time:start:019038c2[0K[32;1madding /home/travis/.m2/repository to cache[0m
[32;1mcreating directory /home/travis/.m2/repository[0m
[32;1madding /home/travis/.ivy2/cache to cache[0m
[32;1mcreating directory /home/travis/.ivy2/cache[0m
[32;1madding /home/travis/.sbt/boot to cache[0m
[32;1mcreating directory /home/travis/.sbt/boot[0m

travis_time:end:019038c2:start=1520682268490762070,finish=1520682276496664782,duration=8005902712[0Ktravis_fold:end:cache.1[0K$ java -Xmx32m -version
Picked up _JAVA_OPTIONS: -Xmx2048m -Xms512m
java version "1.8.0_151"
Java(TM) SE Runtime Environment (build 1.8.0_151-b12)
Java HotSpot(TM) 64-Bit Server VM (build 25.151-b12, mixed mode)
$ javac -J-Xmx32m -version
Picked up _JAVA_OPTIONS: -Xmx2048m -Xms512m
javac 1.8.0_151
travis_fold:start:before_install.1[0Ktravis_time:start:0c54aa13[0K$ ./.travis/travis_install_zulu.sh
+[[ false == \t\r\u\e ]]

travis_time:end:0c54aa13:start=1520682279174503648,finish=1520682279184132911,duration=9629263[0Ktravis_fold:end:before_install.1[0Ktravis_fold:start:before_install.2[0Ktravis_time:start:10d50c80[0K$ test -z "${ZULU_JDK}" || export JDK${ZULU_JDK}_HOME=/usr/lib/jvm/zulu-${ZULU_JDK}-amd64

travis_time:end:10d50c80:start=1520682279192275787,finish=1520682279198455628,duration=6179841[0Ktravis_fold:end:before_install.2[0Ktravis_fold:start:before_install.3[0Ktravis_time:start:092fb204[0K$ ./.travis/travis_install_openj9.sh
+[[ false == \t\r\u\e ]]

travis_time:end:092fb204:start=1520682279206906165,finish=1520682279216706177,duration=9800012[0Ktravis_fold:end:before_install.3[0Ktravis_fold:start:before_install.4[0Ktravis_time:start:02b9c21f[0K$ test -z "${OPENJ9}" || export JDK${JDK}_HOME=${HOME}/jdk-9+${OPENJ9}

travis_time:end:02b9c21f:start=1520682279224708265,finish=1520682279230838538,duration=6130273[0Ktravis_fold:end:before_install.4[0Ktravis_fold:start:install[0Ktravis_time:start:076afb38[0K$ true

travis_time:end:076afb38:start=1520682279238872629,finish=1520682279245064230,duration=6191601[0Ktravis_fold:end:install[0Ktravis_fold:start:before_script.1[0Ktravis_time:start:01fdddfa[0K$ test $(grep "after_n_builds" codecov.yml | tr -d '[:space:]' | cut -d":" -f2) -eq $(grep -e "COVERAGE=Y$" .travis.yml | wc -l) || exit 1

travis_time:end:01fdddfa:start=1520682279252930726,finish=1520682279267519380,duration=14588654[0Ktravis_fold:end:before_script.1[0Ktravis_fold:start:before_script.2[0Ktravis_time:start:12438ee8[0K$ export PG_DATADIR="/etc/postgresql/${PG_VERSION}/main"

travis_time:end:12438ee8:start=1520682279275564935,finish=1520682279281814544,duration=6249609[0Ktravis_fold:end:before_script.2[0Ktravis_fold:start:before_script.3[0Ktravis_time:start:215dcd68[0K$ export PG_SLAVE1_DATADIR="/etc/postgresql/${PG_VERSION}/slave1"

travis_time:end:215dcd68:start=1520682279289663656,finish=1520682279295908958,duration=6245302[0Ktravis_fold:end:before_script.3[0Ktravis_fold:start:before_script.4[0Ktravis_time:start:0877c234[0K$ export PG_SLAVE2_DATADIR="/etc/postgresql/${PG_VERSION}/slave2"

travis_time:end:0877c234:start=1520682279303867390,finish=1520682279310477124,duration=6609734[0Ktravis_fold:end:before_script.4[0Ktravis_fold:start:before_script.5[0Ktravis_time:start:1efaf3b2[0K$ ./.travis/travis_install_postgres.sh
+'[' -z 9.6 ']'
+'[' 9.6 = HEAD ']'
+'[' '!' -d /etc/postgresql/9.6/main ']'

travis_time:end:1efaf3b2:start=1520682279318469735,finish=1520682279328067439,duration=9597704[0Ktravis_fold:end:before_script.5[0Ktravis_fold:start:before_script.6[0Ktravis_time:start:08901fd8[0K$ test "x$XA" == 'x' || ./.travis/travis_configure_xa.sh

travis_time:end:08901fd8:start=1520682279336105828,finish=1520682279342256519,duration=6150691[0Ktravis_fold:end:before_script.6[0Ktravis_fold:start:before_script.7[0Ktravis_time:start:013ac094[0K$ test "x$REPLICATION" == 'x' || ./.travis/travis_configure_replication.sh

travis_time:end:013ac094:start=1520682279350287802,finish=1520682279356523130,duration=6235328[0Ktravis_fold:end:before_script.7[0Ktravis_fold:start:before_script.8[0Ktravis_time:start:042bc512[0K$ ./.travis/travis_start_postgres.sh
+'[' -z 9.6 ']'
+'[' x9.6 = xHEAD ']'
+'[' '' = true ']'
+'[' '' = Y ']'

travis_time:end:042bc512:start=1520682279364577976,finish=1520682279374068249,duration=9490273[0Ktravis_fold:end:before_script.8[0Ktravis_fold:start:before_script.9[0Ktravis_time:start:0839aee8[0K$ test "x$PG_VERSION" != 'xHEAD' || psql -U postgres -c "set password_encryption='scram-sha-256'; create user test with password 'test';"

travis_time:end:0839aee8:start=1520682279382236355,finish=1520682279388430269,duration=6193914[0Ktravis_fold:end:before_script.9[0Ktravis_fold:start:before_script.10[0Ktravis_time:start:001264ec[0K$ test "x$PG_VERSION" = 'xHEAD' || psql -U postgres -c "create user test with password 'test';"
CREATE ROLE

travis_time:end:001264ec:start=1520682279396631861,finish=1520682279415108566,duration=18476705[0Ktravis_fold:end:before_script.10[0Ktravis_fold:start:before_script.11[0Ktravis_time:start:0d207608[0K$ test "x$REPLICATION" == 'x' || psql -U postgres -c "alter user test with replication;"

travis_time:end:0d207608:start=1520682279423525541,finish=1520682279430115408,duration=6589867[0Ktravis_fold:end:before_script.11[0Ktravis_fold:start:before_script.12[0Ktravis_time:start:0e0423e9[0K$ psql -c 'create database test owner test;' -U postgres
CREATE DATABASE

travis_time:end:0e0423e9:start=1520682279438418367,finish=1520682279679482716,duration=241064349[0Ktravis_fold:end:before_script.12[0Ktravis_fold:start:before_script.13[0Ktravis_time:start:03b7918d[0K$ test "x$REPLICATION" == 'x' || ./.travis/travis_create_slaves.sh

travis_time:end:03b7918d:start=1520682279687493572,finish=1520682279693860054,duration=6366482[0Ktravis_fold:end:before_script.13[0Ktravis_fold:start:before_script.14[0Ktravis_time:start:32ce2cae[0K$ if [[ $TRAVIS_BRANCH == release/* ]]; then echo "MAVEN_OPTS='-Xmx1g'" > ~/.mavenrc; else echo "MAVEN_OPTS='-Xmx1g -Dgpg.skip=true'" > ~/.mavenrc; fi

travis_time:end:32ce2cae:start=1520682279701795591,finish=1520682279708182123,duration=6386532[0Ktravis_fold:end:before_script.14[0Ktravis_fold:start:before_script.15[0Ktravis_time:start:03fdb05e[0K$ test "x$PG_VERSION" == 'x' || test "x$NO_HSTORE" == 'xY' || psql test -c 'CREATE EXTENSION hstore;' -U postgres
CREATE EXTENSION

travis_time:end:03fdb05e:start=1520682279716181024,finish=1520682279766840599,duration=50659575[0Ktravis_fold:end:before_script.15[0Ktravis_fold:start:before_script.16[0Ktravis_time:start:15fac5ba[0K$ test "x$PG_VERSION" == 'x' || test "x$CREATE_PLPGSQL" == 'x' || createlang -U postgres plpgsql test

travis_time:end:15fac5ba:start=1520682279774969729,finish=1520682279781317663,duration=6347934[0Ktravis_fold:end:before_script.16[0Ktravis_time:start:2657a924[0K$ rm -rf $HOME/.m2/repository/org/postgresql || true

travis_time:end:2657a924:start=1520682279789503933,finish=1520682279797430176,duration=7926243[0K
[32;1mThe command "rm -rf $HOME/.m2/repository/org/postgresql || true" exited with 0.[0m
travis_time:start:0b1a51e8[0K$ test -d "${JDK6_HOME}" || export JDK6_HOME=$(jdk_switcher home openjdk6)

travis_time:end:0b1a51e8:start=1520682279805661573,finish=1520682279814170387,duration=8508814[0K
[32;1mThe command "test -d "${JDK6_HOME}" || export JDK6_HOME=$(jdk_switcher home openjdk6)" exited with 0.[0m
travis_time:start:023c0ee2[0K$ test -d "${JDK7_HOME}" || export JDK7_HOME=$(jdk_switcher home openjdk7)

travis_time:end:023c0ee2:start=1520682279822678821,finish=1520682279831059958,duration=8381137[0K
[32;1mThe command "test -d "${JDK7_HOME}" || export JDK7_HOME=$(jdk_switcher home openjdk7)" exited with 0.[0m
travis_time:start:01ef41ac[0K$ test -d "${JDK8_HOME}" || export JDK8_HOME=$(jdk_switcher home oraclejdk8)

travis_time:end:01ef41ac:start=1520682279839002347,finish=1520682279851579956,duration=12577609[0K
[32;1mThe command "test -d "${JDK8_HOME}" || export JDK8_HOME=$(jdk_switcher home oraclejdk8)" exited with 0.[0m
travis_time:start:012ff0d8[0K$ test -d "${JDK9_HOME}" || export JDK9_HOME=$(jdk_switcher home oraclejdk9)

travis_time:end:012ff0d8:start=1520682279859721054,finish=1520682279868229909,duration=8508855[0K
[32;1mThe command "test -d "${JDK9_HOME}" || export JDK9_HOME=$(jdk_switcher home oraclejdk9)" exited with 0.[0m
travis_time:start:2f8cc52a[0K$ test -d "${JDK9_HOME}" || export JDK9_HOME=$(jdk_switcher home oraclejdk8)

travis_time:end:2f8cc52a:start=1520682279876424011,finish=1520682279882707142,duration=6283131[0K
[32;1mThe command "test -d "${JDK9_HOME}" || export JDK9_HOME=$(jdk_switcher home oraclejdk8)" exited with 0.[0m
travis_time:start:14754f90[0K$ envsubst < toolchains.xml > ~/.m2/toolchains.xml

travis_time:end:14754f90:start=1520682279890831532,finish=1520682279899991632,duration=9160100[0K
[32;1mThe command "envsubst < toolchains.xml > ~/.m2/toolchains.xml" exited with 0.[0m
travis_time:start:0662b075[0K$ test ${JDK} -eq 9 || jdk_switcher use oraclejdk8
/home/travis/.travis/job_stages: line 57: test: -eq: unary operator expected
Switching to Oracle JDK8 (java-8-oracle), JAVA_HOME will be set to /usr/lib/jvm/java-8-oracle

travis_time:end:0662b075:start=1520682279908025762,finish=1520682279917451109,duration=9425347[0K
[32;1mThe command "test ${JDK} -eq 9 || jdk_switcher use oraclejdk8" exited with 0.[0m
travis_time:start:0be3d381[0K$ test -z "${ZULU_JDK}" || export TRAVIS_JDK_VERSION=zulujdk${ZULU_JDK}

travis_time:end:0be3d381:start=1520682279925565545,finish=1520682279931856592,duration=6291047[0K
[32;1mThe command "test -z "${ZULU_JDK}" || export TRAVIS_JDK_VERSION=zulujdk${ZULU_JDK}" exited with 0.[0m
travis_time:start:0255f508[0K$ if [[ $TRAVIS_BRANCH == release/* ]]; then .travis/travis_release.sh; else ./.travis/travis_build.sh; fi
+[[ '' == *\Y ]]
+MVN_ARGS='clean package -B -V '
+MVN_PROFILES=release
+[[ '' == *\Y* ]]
+[[ xsimple == *\x* ]]
+MVN_ARGS='clean package -B -V  -DpreferQueryMode=simple'
+[[ Y == *\Y* ]]
+MVN_PROFILES=release,coverage
+[[ '' == *\9* ]]
+[[ '' == *\Y* ]]
+[[ oraclejdk8 == *\j\d\k\6* ]]
+[[ oraclejdk8 == *\j\d\k\7* ]]
+mvn clean package -B -V -DpreferQueryMode=simple -P release,coverage
Picked up _JAVA_OPTIONS: -Xmx2048m -Xms512m
Apache Maven 3.5.2 (138edd61fd100ec658bfa2d307c43b76940a5d7d; 2017-10-18T07:58:13Z)
Maven home: /usr/local/maven-3.5.2
Java version: 1.8.0_151, vendor: Oracle Corporation
Java home: /usr/lib/jvm/java-8-oracle/jre
Default locale: en_US, platform encoding: UTF-8
OS name: "linux", version: "4.14.12-041412-generic", arch: "amd64", family: "unix"
[INFO] Scanning for projects...
[INFO] Downloading from central: http://repo.maven.apache.org/maven2/org/postgresql/pgjdbc-versions/1.1.3/pgjdbc-versions-1.1.3.pom
[INFO] Downloaded from central: http://repo.maven.apache.org/maven2/org/postgresql/pgjdbc-versions/1.1.3/pgjdbc-versions-1.1.3.pom (23 kB at 120 kB/s)
[INFO] Downloading from central: http://repo.maven.apache.org/maven2/org/postgresql/pgjdbc-core-parent/1.1.3/pgjdbc-core-parent-1.1.3.pom
[INFO] Downloaded from central: http://repo.maven.apache.org/maven2/org/postgresql/pgjdbc-core-parent/1.1.3/pgjdbc-core-parent-1.1.3.pom (18 kB at 1.1 MB/s)
[INFO] ------------------------------------------------------------------------
[INFO] Reactor Build Order:
[INFO] 
[INFO] PostgreSQL JDBC Driver - JDBC 4.2
[INFO] PostgreSQL JDBC Driver - benchmarks
[INFO] PostgreSQL JDBC Driver aggregate
[INFO] 
[INFO] ------------------------------------------------------------------------
[INFO] Building PostgreSQL JDBC Driver - JDBC 4.2 42.2.2-SNAPSHOT
[INFO] ------------------------------------------------------------------------
[INFO] 
[INFO] --- maven-clean-plugin:2.5:clean (default-clean) @ postgresql ---
[INFO] 
[INFO] --- maven-enforcer-plugin:1.3.1:enforce (enforce-java) @ postgresql ---
[INFO] Skipping Rule Enforcement.
[INFO] 
[INFO] --- maven-toolchains-plugin:1.1:toolchain (default) @ postgresql ---
[INFO] Required toolchain: jdk [ version='1.8' ]
[INFO] Found matching toolchain for type jdk: JDK[/usr/lib/jvm/java-8-oracle]
[INFO] 
[INFO] --- jacoco-maven-plugin:0.7.5.201505241946:prepare-agent (default) @ postgresql ---
[INFO] argLine set to -javaagent:/home/travis/.m2/repository/org/jacoco/org.jacoco.agent/0.7.5.201505241946/org.jacoco.agent-0.7.5.201505241946-runtime.jar=destfile=/home/travis/build/pgjdbc/pgjdbc/pgjdbc/target/jacoco.exec -Xmx512m
[INFO] 
[INFO] --- build-helper-maven-plugin:1.5:parse-version (parse-version) @ postgresql ---
[INFO] 
[INFO] --- properties-maven-plugin:1.0-alpha-2:read-project-properties (default) @ postgresql ---
[WARNING] Ignoring missing properties file: /home/travis/build/pgjdbc/pgjdbc/pgjdbc/../build.local.properties
[INFO] 
[INFO] --- maven-antrun-plugin:1.7:run (create-unzipjdkant.xml) @ postgresql ---
[INFO] Executing tasks

main:
     [echo] Generating /home/travis/build/pgjdbc/pgjdbc/pgjdbc/target/unzip-jdk-ant.xml
[INFO] Executed tasks
[INFO] 
[INFO] --- exec-maven-plugin:1.4.0:exec (unzip-jdk-src) @ postgresql ---
[INFO] skipping execute as per configuraion
[INFO] 
[INFO] --- jcp:6.0.1:preprocess (preprocessSources) @ postgresql ---
[INFO] Added MAVEN property mvn.project.name=PostgreSQL JDBC Driver - JDBC 4.2
[INFO] Added MAVEN property mvn.project.version=42.2.2-SNAPSHOT
[INFO] Added MAVEN property mvn.project.url=https://github.com/pgjdbc/pgjdbc
[INFO] Added MAVEN property mvn.project.packaging=bundle
[INFO] Added MAVEN property mvn.project.modelversion=4.0.0
[INFO] Added MAVEN property mvn.project.inceptionyear=
[INFO] Added MAVEN property mvn.project.id=org.postgresql:postgresql:bundle:42.2.2-SNAPSHOT
[INFO] Added MAVEN property mvn.project.groupid=org.postgresql
[INFO] Added MAVEN property mvn.project.description=Java JDBC 4.2 (JRE 8+) driver for PostgreSQL database
[INFO] Added MAVEN property mvn.project.artifact.id=org.postgresql:postgresql:bundle:42.2.2-SNAPSHOT
[INFO] Added MAVEN property mvn.project.artifact.artifactid=postgresql
[INFO] Added MAVEN property mvn.project.artifact.baseversion=42.2.2-SNAPSHOT
[INFO] Added MAVEN property mvn.project.artifact.dependencyconflictid=org.postgresql:postgresql:bundle
[INFO] Added MAVEN property mvn.project.artifact.downloadurl=
[INFO] Added MAVEN property mvn.project.artifact.groupid=org.postgresql
[INFO] Added MAVEN property mvn.project.artifact.scope=
[INFO] Added MAVEN property mvn.project.artifact.type=bundle
[INFO] Added MAVEN property mvn.project.artifact.version=42.2.2-SNAPSHOT
[INFO] Added MAVEN property mvn.project.build.directory=/home/travis/build/pgjdbc/pgjdbc/pgjdbc/target
[INFO] Added MAVEN property mvn.project.build.defaultgoal=
[INFO] Added MAVEN property mvn.project.build.outputdirectory=/home/travis/build/pgjdbc/pgjdbc/pgjdbc/target/classes
[INFO] Added MAVEN property mvn.project.build.scriptsourcedirectory=/home/travis/build/pgjdbc/pgjdbc/pgjdbc/src/main/scripts
[INFO] Added MAVEN property mvn.project.build.sourcedirectory=/home/travis/build/pgjdbc/pgjdbc/pgjdbc/src/main/java
[INFO] Added MAVEN property mvn.project.build.testoutputdirectory=/home/travis/build/pgjdbc/pgjdbc/pgjdbc/target/test-classes
[INFO] Added MAVEN property mvn.project.build.testsourcedirectory=/home/travis/build/pgjdbc/pgjdbc/pgjdbc/src/test/java
[INFO] Added MAVEN property mvn.project.organization.name=PostgreSQL Global Development Group
[INFO] Added MAVEN property mvn.project.organization.url=https://jdbc.postgresql.org/
[INFO] Added MAVEN property mvn.project.activeprofiles=standard-with-extra-repos
[INFO] Added MAVEN property mvn.project.property.postgresql.enforce.jdk.version=1.8
[INFO] Added MAVEN property mvn.project.property.postgresql.preprocessed.test.sources.directory=/home/travis/build/pgjdbc/pgjdbc/pgjdbc/target/gen-test-src
[INFO] Added MAVEN property mvn.project.property.loggerlevel=OFF
[INFO] Added MAVEN property mvn.project.property.javac.target=1.8
[INFO] Added MAVEN property mvn.project.property.postgresql.driver.fullversion=PostgreSQL JDBC4.2
[INFO] Added MAVEN property mvn.project.property.jdbc.specification.version=4.2
[INFO] Added MAVEN property mvn.project.property.unzip.jdk.ant.build.xml=/home/travis/build/pgjdbc/pgjdbc/pgjdbc/target/unzip-jdk-ant.xml
[INFO] Added MAVEN property mvn.project.property.loggerfile=target/pgjdbc-tests.log
[INFO] Added MAVEN property mvn.project.property.parsedversion.minorversion=2
[INFO] Added MAVEN property mvn.project.property.secondaryserverport2=5434
[INFO] Added MAVEN property mvn.project.property.project.build.sourceencoding=UTF-8
[INFO] Added MAVEN property mvn.project.property.build.properties.relative.path=/home/travis/build/pgjdbc/pgjdbc/pgjdbc/..
[INFO] Added MAVEN property mvn.project.property.privilegedpassword=***** [hidden because may contain private info]
[INFO] Added MAVEN property mvn.project.property.waffleenabled=true
[INFO] Added MAVEN property mvn.project.property.skip.assembly=false
[INFO] Added MAVEN property mvn.project.property.secondaryport=5433
[INFO] Added MAVEN property mvn.project.property.protocolversion=0
[INFO] Added MAVEN property mvn.project.property.postgresql.preprocessed.sources.directory=/home/travis/build/pgjdbc/pgjdbc/pgjdbc/target/gen-src
[INFO] Added MAVEN property mvn.project.property.osgienabled=true
[INFO] Added MAVEN property mvn.project.property.preparethreshold=5
[INFO] Added MAVEN property mvn.project.property.secondaryserver2=localhost
[INFO] Added MAVEN property mvn.project.property.password=***** [hidden because may contain private info]
[INFO] Added MAVEN property mvn.project.property.jdbc.specification.version.nodot=42
[INFO] Added MAVEN property mvn.project.property.username=test
[INFO] Added MAVEN property mvn.project.property.parsedversion.buildnumber=0
[INFO] Added MAVEN property mvn.project.property.server=localhost
[INFO] Added MAVEN property mvn.project.property.port=5432
[INFO] Added MAVEN property mvn.project.property.secondaryserver=localhost
[INFO] Added MAVEN property mvn.project.property.template.default.pg.port=5432
[INFO] Added MAVEN property mvn.project.property.parsedversion.qualifier=SNAPSHOT
[INFO] Added MAVEN property mvn.project.property.waffle-jna.version=1.7.5
[INFO] Added MAVEN property mvn.project.property.skip.unzip-jdk-src=true
[INFO] Added MAVEN property mvn.project.property.database=test
[INFO] Added MAVEN property mvn.project.property.parsedversion.incrementalversion=2
[INFO] Added MAVEN property mvn.project.property.sspiusername=testsspi
[INFO] Added MAVEN property mvn.project.property.privilegeduser=postgres
[INFO] Added MAVEN property mvn.project.property.checkstyle.version=8.5
[INFO] Added MAVEN property mvn.project.property.parsedversion.majorversion=42
[INFO] Added MAVEN property mvn.project.property.parsedversion.osgiversion=42.2.2.SNAPSHOT
[INFO] Added MAVEN property mvn.project.property.postgresql.jdbc.spec=JDBC4.2
[INFO] Added MAVEN property mvn.project.property.argline=-javaagent:/home/travis/.m2/repository/org/jacoco/org.jacoco.agent/0.7.5.201505241946/org.jacoco.agent-0.7.5.201505241946-runtime.jar=destfile=/home/travis/build/pgjdbc/pgjdbc/pgjdbc/target/jacoco.exec -Xmx512m
[INFO] Preprocess sources : /home/travis/build/pgjdbc/pgjdbc/pgjdbc/src/main/java
[INFO] Preprocess destination : /home/travis/build/pgjdbc/pgjdbc/pgjdbc/target/gen-src
[INFO] -----------------------------------------------------------------
[INFO] Completed, preprocessed 212 files, copied 16 files, elapsed time 695ms
[INFO] A Compile source root has been removed from the root list [/home/travis/build/pgjdbc/pgjdbc/pgjdbc/src/main/java]
[INFO] The New compile source root has been added into the list [/home/travis/build/pgjdbc/pgjdbc/pgjdbc/target/gen-src]
[INFO] 
[INFO] --- maven-clean-plugin:2.5:clean (remove-future-jre-sources) @ postgresql ---
[INFO] 
[INFO] --- maven-resources-plugin:2.6:resources (default-resources) @ postgresql ---
[INFO] Using 'UTF-8' encoding to copy filtered resources.
[INFO] Copying 17 resources
[INFO] 
[INFO] --- maven-compiler-plugin:3.3:compile (default-compile) @ postgresql ---
[INFO] Toolchain in maven-compiler-plugin: JDK[/usr/lib/jvm/java-8-oracle]
[INFO] Changes detected - recompiling the module!
[INFO] Compiling 212 source files to /home/travis/build/pgjdbc/pgjdbc/pgjdbc/target/classes
[INFO] 
[INFO] --- jcp:6.0.1:preprocess (preprocessTestSources) @ postgresql ---
[INFO] Added MAVEN property mvn.project.name=PostgreSQL JDBC Driver - JDBC 4.2
[INFO] Added MAVEN property mvn.project.version=42.2.2-SNAPSHOT
[INFO] Added MAVEN property mvn.project.url=https://github.com/pgjdbc/pgjdbc
[INFO] Added MAVEN property mvn.project.packaging=bundle
[INFO] Added MAVEN property mvn.project.modelversion=4.0.0
[INFO] Added MAVEN property mvn.project.inceptionyear=
[INFO] Added MAVEN property mvn.project.id=org.postgresql:postgresql:bundle:42.2.2-SNAPSHOT
[INFO] Added MAVEN property mvn.project.groupid=org.postgresql
[INFO] Added MAVEN property mvn.project.description=Java JDBC 4.2 (JRE 8+) driver for PostgreSQL database
[INFO] Added MAVEN property mvn.project.artifact.id=org.postgresql:postgresql:bundle:42.2.2-SNAPSHOT
[INFO] Added MAVEN property mvn.project.artifact.artifactid=postgresql
[INFO] Added MAVEN property mvn.project.artifact.baseversion=42.2.2-SNAPSHOT
[INFO] Added MAVEN property mvn.project.artifact.dependencyconflictid=org.postgresql:postgresql:bundle
[INFO] Added MAVEN property mvn.project.artifact.downloadurl=
[INFO] Added MAVEN property mvn.project.artifact.groupid=org.postgresql
[INFO] Added MAVEN property mvn.project.artifact.scope=
[INFO] Added MAVEN property mvn.project.artifact.type=bundle
[INFO] Added MAVEN property mvn.project.artifact.version=42.2.2-SNAPSHOT
[INFO] Added MAVEN property mvn.project.build.directory=/home/travis/build/pgjdbc/pgjdbc/pgjdbc/target
[INFO] Added MAVEN property mvn.project.build.defaultgoal=
[INFO] Added MAVEN property mvn.project.build.outputdirectory=/home/travis/build/pgjdbc/pgjdbc/pgjdbc/target/classes
[INFO] Added MAVEN property mvn.project.build.scriptsourcedirectory=/home/travis/build/pgjdbc/pgjdbc/pgjdbc/src/main/scripts
[INFO] Added MAVEN property mvn.project.build.sourcedirectory=/home/travis/build/pgjdbc/pgjdbc/pgjdbc/src/main/java
[INFO] Added MAVEN property mvn.project.build.testoutputdirectory=/home/travis/build/pgjdbc/pgjdbc/pgjdbc/target/test-classes
[INFO] Added MAVEN property mvn.project.build.testsourcedirectory=/home/travis/build/pgjdbc/pgjdbc/pgjdbc/src/test/java
[INFO] Added MAVEN property mvn.project.organization.name=PostgreSQL Global Development Group
[INFO] Added MAVEN property mvn.project.organization.url=https://jdbc.postgresql.org/
[INFO] Added MAVEN property mvn.project.activeprofiles=standard-with-extra-repos
[INFO] Added MAVEN property mvn.project.property.postgresql.enforce.jdk.version=1.8
[INFO] Added MAVEN property mvn.project.property.postgresql.preprocessed.test.sources.directory=/home/travis/build/pgjdbc/pgjdbc/pgjdbc/target/gen-test-src
[INFO] Added MAVEN property mvn.project.property.loggerlevel=OFF
[INFO] Added MAVEN property mvn.project.property.javac.target=1.8
[INFO] Added MAVEN property mvn.project.property.postgresql.driver.fullversion=PostgreSQL JDBC4.2
[INFO] Added MAVEN property mvn.project.property.jdbc.specification.version=4.2
[INFO] Added MAVEN property mvn.project.property.unzip.jdk.ant.build.xml=/home/travis/build/pgjdbc/pgjdbc/pgjdbc/target/unzip-jdk-ant.xml
[INFO] Added MAVEN property mvn.project.property.loggerfile=target/pgjdbc-tests.log
[INFO] Added MAVEN property mvn.project.property.parsedversion.minorversion=2
[INFO] Added MAVEN property mvn.project.property.secondaryserverport2=5434
[INFO] Added MAVEN property mvn.project.property.project.build.sourceencoding=UTF-8
[INFO] Added MAVEN property mvn.project.property.build.properties.relative.path=/home/travis/build/pgjdbc/pgjdbc/pgjdbc/..
[INFO] Added MAVEN property mvn.project.property.privilegedpassword=***** [hidden because may contain private info]
[INFO] Added MAVEN property mvn.project.property.waffleenabled=true
[INFO] Added MAVEN property mvn.project.property.skip.assembly=false
[INFO] Added MAVEN property mvn.project.property.secondaryport=5433
[INFO] Added MAVEN property mvn.project.property.protocolversion=0
[INFO] Added MAVEN property mvn.project.property.postgresql.preprocessed.sources.directory=/home/travis/build/pgjdbc/pgjdbc/pgjdbc/target/gen-src
[INFO] Added MAVEN property mvn.project.property.osgienabled=true
[INFO] Added MAVEN property mvn.project.property.preparethreshold=5
[INFO] Added MAVEN property mvn.project.property.secondaryserver2=localhost
[INFO] Added MAVEN property mvn.project.property.password=***** [hidden because may contain private info]
[INFO] Added MAVEN property mvn.project.property.jdbc.specification.version.nodot=42
[INFO] Added MAVEN property mvn.project.property.username=test
[INFO] Added MAVEN property mvn.project.property.parsedversion.buildnumber=0
[INFO] Added MAVEN property mvn.project.property.server=localhost
[INFO] Added MAVEN property mvn.project.property.port=5432
[INFO] Added MAVEN property mvn.project.property.secondaryserver=localhost
[INFO] Added MAVEN property mvn.project.property.template.default.pg.port=5432
[INFO] Added MAVEN property mvn.project.property.parsedversion.qualifier=SNAPSHOT
[INFO] Added MAVEN property mvn.project.property.waffle-jna.version=1.7.5
[INFO] Added MAVEN property mvn.project.property.skip.unzip-jdk-src=true
[INFO] Added MAVEN property mvn.project.property.database=test
[INFO] Added MAVEN property mvn.project.property.parsedversion.incrementalversion=2
[INFO] Added MAVEN property mvn.project.property.sspiusername=testsspi
[INFO] Added MAVEN property mvn.project.property.privilegeduser=postgres
[INFO] Added MAVEN property mvn.project.property.checkstyle.version=8.5
[INFO] Added MAVEN property mvn.project.property.parsedversion.majorversion=42
[INFO] Added MAVEN property mvn.project.property.parsedversion.osgiversion=42.2.2.SNAPSHOT
[INFO] Added MAVEN property mvn.project.property.postgresql.jdbc.spec=JDBC4.2
[INFO] Added MAVEN property mvn.project.property.argline=-javaagent:/home/travis/.m2/repository/org/jacoco/org.jacoco.agent/0.7.5.201505241946/org.jacoco.agent-0.7.5.201505241946-runtime.jar=destfile=/home/travis/build/pgjdbc/pgjdbc/pgjdbc/target/jacoco.exec -Xmx512m
[INFO] Preprocess sources : /home/travis/build/pgjdbc/pgjdbc/pgjdbc/src/test/java
[INFO] Preprocess destination : /home/travis/build/pgjdbc/pgjdbc/pgjdbc/target/gen-test-src
[INFO] -----------------------------------------------------------------
[INFO] Completed, preprocessed 157 files, copied 2 files, elapsed time 150ms
[INFO] A Compile source root has been removed from the root list [/home/travis/build/pgjdbc/pgjdbc/pgjdbc/src/test/java]
[INFO] The New compile source root has been added into the list [/home/travis/build/pgjdbc/pgjdbc/pgjdbc/target/gen-test-src]
[INFO] 
[INFO] --- maven-clean-plugin:2.5:clean (remove-future-jre-test-sources) @ postgresql ---
[INFO] 
[INFO] --- maven-resources-plugin:2.6:testResources (default-testResources) @ postgresql ---
[INFO] Using 'UTF-8' encoding to copy filtered resources.
[INFO] Copying 1 resource
[INFO] 
[INFO] --- maven-compiler-plugin:3.3:testCompile (default-testCompile) @ postgresql ---
[INFO] Toolchain in maven-compiler-plugin: JDK[/usr/lib/jvm/java-8-oracle]
[INFO] Changes detected - recompiling the module!
[INFO] Compiling 157 source files to /home/travis/build/pgjdbc/pgjdbc/pgjdbc/target/test-classes
[INFO] 
[INFO] --- maven-surefire-plugin:2.18.1:test (default-test) @ postgresql ---
[INFO] Toolchain in maven-surefire-plugin: JDK[/usr/lib/jvm/java-8-oracle]
[INFO] Surefire report directory: /home/travis/build/pgjdbc/pgjdbc/pgjdbc/target/surefire-reports

-------------------------------------------------------
 T E S T S
-------------------------------------------------------
Picked up _JAVA_OPTIONS: -Xmx2048m -Xms512m
Configuration file /home/travis/build/pgjdbc/pgjdbc/pgjdbc/../build.local.properties does not exist. Consider adding it to specify test db host and login
Skipping SingleCertSocketFactoryTests. To enable set the property testsinglecertfactory=true in the ssltest.properties file.
Configuration file /home/travis/build/pgjdbc/pgjdbc/pgjdbc/../ssltest.local.properties does not exist. Consider adding it to specify test db host and login
Skipping ssloff8.
Skipping sslhostnossl8.
Skipping ssloff9.
Skipping sslhostnossl9.
Skipping sslhostgh8.
Skipping sslhostgh9.
Skipping sslhostbh8.
Skipping sslhostbh9.
Skipping sslhostsslgh8.
Skipping sslhostsslgh9.
Skipping sslhostsslbh8.
Skipping sslhostsslbh9.
Skipping sslhostsslcertgh8.
Skipping sslhostsslcertgh9.
Skipping sslhostsslcertbh8.
Skipping sslhostsslcertbh9.
Skipping sslcertgh8.
Skipping sslcertgh9.
Skipping sslcertbh8.
Skipping sslcertbh9.
Configuration file /home/travis/build/pgjdbc/pgjdbc/pgjdbc/../build.local.properties does not exist. Consider adding it to specify test db host and login
Running org.postgresql.test.jdbc2.optional.OptionalTestSuite
Tests run: 58, Failures: 0, Errors: 0, Skipped: 1, Time elapsed: 2.272 sec - in org.postgresql.test.jdbc2.optional.OptionalTestSuite
Running org.postgresql.test.jdbc2.Jdbc2TestSuite
java.version = 1.8.0_151, JavaVersion.getRuntimeVersion() = v1_8
[testFastCloses] total counts for each sql state: {0=392, 55000=608}
Using seed = 1520682418038 for StrangeInputStream. Set -DStrangeInputStream.seed=1520682418038 to reproduce the test
Using seed = 1520682418620 for StrangeInputStream. Set -DStrangeInputStream.seed=1520682418620 to reproduce the test
Using seed = 1520682419139 for StrangeInputStream. Set -DStrangeInputStream.seed=1520682419139 to reproduce the test
Using seed = 1520682419678 for StrangeInputStream. Set -DStrangeInputStream.seed=1520682419678 to reproduce the test
Using seed = 1520682420188 for StrangeInputStream. Set -DStrangeInputStream.seed=1520682420188 to reproduce the test
Using seed = 1520682420716 for StrangeInputStream. Set -DStrangeInputStream.seed=1520682420716 to reproduce the test
Using seed = 1520682421282 for StrangeInputStream. Set -DStrangeInputStream.seed=1520682421282 to reproduce the test
Using seed = 1520682421805 for StrangeInputStream. Set -DStrangeInputStream.seed=1520682421805 to reproduce the test
Using seed = 1520682422340 for StrangeInputStream. Set -DStrangeInputStream.seed=1520682422340 to reproduce the test
Using seed = 1520682422839 for StrangeInputStream. Set -DStrangeInputStream.seed=1520682422839 to reproduce the test
Tests run: 4211, Failures: 0, Errors: 0, Skipped: 53, Time elapsed: 109.53 sec - in org.postgresql.test.jdbc2.Jdbc2TestSuite
Running org.postgresql.test.jdbc2.AutoRollbackTestSuite
Tests run: 96, Failures: 0, Errors: 0, Skipped: 0, Time elapsed: 0.827 sec - in org.postgresql.test.jdbc2.AutoRollbackTestSuite
Running org.postgresql.test.jdbc4.jdbc41.Jdbc41TestSuite
JUnit used sun.misc.Launcher$AppClassLoader@18b4aac2
SeparateClassLoaderInvokeMethod used sun.misc.Launcher$AppClassLoader@18b4aac2
se.jiderhamn.classloader.RedefiningClassLoader[org.postgresql.test.jdbc4.jdbc41.SharedTimerClassLoaderLeakTest.sharedTimerDoesNotCauseLeak]@f8cf9c0 is being finalized
Tests run: 58, Failures: 0, Errors: 0, Skipped: 1, Time elapsed: 2.25 sec - in org.postgresql.test.jdbc4.jdbc41.Jdbc41TestSuite
Running org.postgresql.test.jdbc4.Jdbc4TestSuite
Tests run: 148, Failures: 0, Errors: 0, Skipped: 17, Time elapsed: 3.304 sec - in org.postgresql.test.jdbc4.Jdbc4TestSuite
Running org.postgresql.test.jdbc42.Jdbc42TestSuite
Tests run: 45, Failures: 0, Errors: 0, Skipped: 2, Time elapsed: 10.306 sec - in org.postgresql.test.jdbc42.Jdbc42TestSuite
Running org.postgresql.test.jdbc3.Jdbc3TestSuite
Tests run: 239, Failures: 0, Errors: 0, Skipped: 34, Time elapsed: 2.64 sec - in org.postgresql.test.jdbc3.Jdbc3TestSuite
Running org.postgresql.test.ssl.SingleCertValidatingFactoryTestSuite
Skipping SingleCertSocketFactoryTests. To enable set the property testsinglecertfactory=true in the ssltest.properties file.
Tests run: 0, Failures: 0, Errors: 0, Skipped: 0, Time elapsed: 0 sec - in org.postgresql.test.ssl.SingleCertValidatingFactoryTestSuite
Running org.postgresql.test.ssl.SslTestSuite
Configuration file /home/travis/build/pgjdbc/pgjdbc/pgjdbc/../ssltest.local.properties does not exist. Consider adding it to specify test db host and login
Skipping ssloff8.
Skipping sslhostnossl8.
Skipping ssloff9.
Skipping sslhostnossl9.
Skipping sslhostgh8.
Skipping sslhostgh9.
Skipping sslhostbh8.
Skipping sslhostbh9.
Skipping sslhostsslgh8.
Skipping sslhostsslgh9.
Skipping sslhostsslbh8.
Skipping sslhostsslbh9.
Skipping sslhostsslcertgh8.
Skipping sslhostsslcertgh9.
Skipping sslhostsslcertbh8.
Skipping sslhostsslcertbh9.
Skipping sslcertgh8.
Skipping sslcertgh9.
Skipping sslcertbh8.
Skipping sslcertbh9.
Tests run: 0, Failures: 0, Errors: 0, Skipped: 0, Time elapsed: 0.001 sec - in org.postgresql.test.ssl.SslTestSuite
Running org.postgresql.test.extensions.ExtensionsTestSuite
Tests run: 5, Failures: 0, Errors: 0, Skipped: 5, Time elapsed: 0.036 sec - in org.postgresql.test.extensions.ExtensionsTestSuite
Running org.postgresql.test.hostchooser.MultiHostTestSuite
Tests run: 1, Failures: 0, Errors: 0, Skipped: 0, Time elapsed: 0.002 sec - in org.postgresql.test.hostchooser.MultiHostTestSuite
Running org.postgresql.test.socketfactory.SocketFactoryTestSuite
Tests run: 1, Failures: 0, Errors: 0, Skipped: 0, Time elapsed: 0 sec - in org.postgresql.test.socketfactory.SocketFactoryTestSuite
Running org.postgresql.test.xa.XATestSuite
Tests run: 12, Failures: 0, Errors: 0, Skipped: 12, Time elapsed: 0.123 sec - in org.postgresql.test.xa.XATestSuite
Running org.postgresql.test.jre8.core.Jre8TestSuite
Tests run: 1, Failures: 0, Errors: 0, Skipped: 0, Time elapsed: 0.011 sec - in org.postgresql.test.jre8.core.Jre8TestSuite
Running org.postgresql.test.osgi.OsgiTestSuite
Tests run: 8, Failures: 0, Errors: 0, Skipped: 0, Time elapsed: 0 sec - in org.postgresql.test.osgi.OsgiTestSuite
Running org.postgresql.replication.ReplicationTestSuite
Tests run: 1, Failures: 0, Errors: 0, Skipped: 1, Time elapsed: 0.008 sec - in org.postgresql.replication.ReplicationTestSuite

Results :

Tests run: 4884, Failures: 0, Errors: 0, Skipped: 126

[INFO] 
[INFO] --- jacoco-maven-plugin:0.7.5.201505241946:report (report) @ postgresql ---
[INFO] Analyzed bundle 'PostgreSQL JDBC Driver - JDBC 4.2' with 249 classes
[INFO] 
[INFO] --- maven-bundle-plugin:2.5.3:bundle (default-bundle) @ postgresql ---
[INFO] 
[INFO] --- maven-shade-plugin:3.1.0:shade (default) @ postgresql ---
[INFO] Including com.ongres.scram:client:jar:1.0.0-beta.2 in the shaded jar.
[INFO] Including com.ongres.scram:common:jar:1.0.0-beta.2 in the shaded jar.
[INFO] Including com.github.dblock.waffle:waffle-jna:jar:1.7.5 in the shaded jar.
[INFO] Including net.java.dev.jna:jna:jar:4.2.1 in the shaded jar.
[INFO] Including net.java.dev.jna:jna-platform:jar:4.2.1 in the shaded jar.
[INFO] Including org.slf4j:jcl-over-slf4j:jar:1.7.12 in the shaded jar.
[INFO] Minimizing jar org.postgresql:postgresql:bundle:42.2.2-SNAPSHOT
[INFO] Minimized 353 -> 353 (100%)
[INFO] Replacing original artifact with shaded artifact.
[INFO] Replacing /home/travis/build/pgjdbc/pgjdbc/pgjdbc/target/postgresql-42.2.2-SNAPSHOT.jar with /home/travis/build/pgjdbc/pgjdbc/pgjdbc/target/postgresql-42.2.2-SNAPSHOT-shaded.jar
[INFO] Dependency-reduced POM written at: /home/travis/build/pgjdbc/pgjdbc/pgjdbc/dependency-reduced-pom.xml
[INFO] 
[INFO] ------------------------------------------------------------------------
[INFO] Building PostgreSQL JDBC Driver - benchmarks 42.2.2-SNAPSHOT
[INFO] ------------------------------------------------------------------------
[INFO] 
[INFO] --- maven-clean-plugin:2.5:clean (default-clean) @ pgjdbc-benchmark ---
[INFO] 
[INFO] --- jacoco-maven-plugin:0.7.5.201505241946:prepare-agent (default) @ pgjdbc-benchmark ---
[INFO] argLine set to -javaagent:/home/travis/.m2/repository/org/jacoco/org.jacoco.agent/0.7.5.201505241946/org.jacoco.agent-0.7.5.201505241946-runtime.jar=destfile=/home/travis/build/pgjdbc/pgjdbc/ubenchmark/target/jacoco.exec -Xmx512m
[INFO] 
[INFO] --- maven-antrun-plugin:1.7:run (create-unzipjdkant.xml) @ pgjdbc-benchmark ---
[INFO] Executing tasks

main:
     [echo] Generating /home/travis/build/pgjdbc/pgjdbc/ubenchmark/target/unzip-jdk-ant.xml
[INFO] Executed tasks
[INFO] 
[INFO] --- jcp:6.0.1:preprocess (preprocessSources) @ pgjdbc-benchmark ---
[INFO] Added MAVEN property mvn.project.name=PostgreSQL JDBC Driver - benchmarks
[INFO] Added MAVEN property mvn.project.version=42.2.2-SNAPSHOT
[INFO] Added MAVEN property mvn.project.url=https://github.com/pgjdbc/pgjdbc
[INFO] Added MAVEN property mvn.project.packaging=jar
[INFO] Added MAVEN property mvn.project.modelversion=4.0.0
[INFO] Added MAVEN property mvn.project.inceptionyear=
[INFO] Added MAVEN property mvn.project.id=org.postgresql:pgjdbc-benchmark:jar:42.2.2-SNAPSHOT
[INFO] Added MAVEN property mvn.project.groupid=org.postgresql
[INFO] Added MAVEN property mvn.project.description=PostgreSQL JDBC Driver - benchmarks
[INFO] Added MAVEN property mvn.project.artifact.id=org.postgresql:pgjdbc-benchmark:jar:42.2.2-SNAPSHOT
[INFO] Added MAVEN property mvn.project.artifact.artifactid=pgjdbc-benchmark
[INFO] Added MAVEN property mvn.project.artifact.baseversion=42.2.2-SNAPSHOT
[INFO] Added MAVEN property mvn.project.artifact.dependencyconflictid=org.postgresql:pgjdbc-benchmark:jar
[INFO] Added MAVEN property mvn.project.artifact.downloadurl=
[INFO] Added MAVEN property mvn.project.artifact.groupid=org.postgresql
[INFO] Added MAVEN property mvn.project.artifact.scope=
[INFO] Added MAVEN property mvn.project.artifact.type=jar
[INFO] Added MAVEN property mvn.project.artifact.version=42.2.2-SNAPSHOT
[INFO] Added MAVEN property mvn.project.build.directory=/home/travis/build/pgjdbc/pgjdbc/ubenchmark/target
[INFO] Added MAVEN property mvn.project.build.defaultgoal=
[INFO] Added MAVEN property mvn.project.build.outputdirectory=/home/travis/build/pgjdbc/pgjdbc/ubenchmark/target/classes
[INFO] Added MAVEN property mvn.project.build.scriptsourcedirectory=/home/travis/build/pgjdbc/pgjdbc/ubenchmark/src/main/scripts
[INFO] Added MAVEN property mvn.project.build.sourcedirectory=/home/travis/build/pgjdbc/pgjdbc/ubenchmark/src/main/java
[INFO] Added MAVEN property mvn.project.build.testoutputdirectory=/home/travis/build/pgjdbc/pgjdbc/ubenchmark/target/test-classes
[INFO] Added MAVEN property mvn.project.build.testsourcedirectory=/home/travis/build/pgjdbc/pgjdbc/ubenchmark/src/test/java
[INFO] Added MAVEN property mvn.project.organization.name=PostgreSQL Global Development Group
[INFO] Added MAVEN property mvn.project.organization.url=http://jdbc.postgresql.org/
[INFO] Added MAVEN property mvn.project.activeprofiles=standard-with-extra-repos
[INFO] Added MAVEN property mvn.project.property.current.jdk=1.8
[INFO] Added MAVEN property mvn.project.property.postgresql.driver.fullversion=PostgreSQL JDBC${jdbc.specification.version}
[INFO] Added MAVEN property mvn.project.property.waffle-jna.version=1.7.5
[INFO] Added MAVEN property mvn.project.property.template.default.pg.port=5432
[INFO] Added MAVEN property mvn.project.property.skip.unzip-jdk-src=true
[INFO] Added MAVEN property mvn.project.property.jmh.version=1.17.4
[INFO] Added MAVEN property mvn.project.property.uberjar.name=benchmarks
[INFO] Added MAVEN property mvn.project.property.postgresql.jdbc.spec=JDBC${jdbc.specification.version}
[INFO] Added MAVEN property mvn.project.property.postgresql.preprocessed.test.sources.directory=/home/travis/build/pgjdbc/pgjdbc/ubenchmark/target/gen-test-src
[INFO] Added MAVEN property mvn.project.property.javac.target=1.8
[INFO] Added MAVEN property mvn.project.property.project.build.sourceencoding=UTF-8
[INFO] Added MAVEN property mvn.project.property.postgresql.preprocessed.sources.directory=/home/travis/build/pgjdbc/pgjdbc/ubenchmark/target/gen-src
[INFO] Added MAVEN property mvn.project.property.unzip.jdk.ant.build.xml=/home/travis/build/pgjdbc/pgjdbc/ubenchmark/target/unzip-jdk-ant.xml
[INFO] Added MAVEN property mvn.project.property.argline=-javaagent:/home/travis/.m2/repository/org/jacoco/org.jacoco.agent/0.7.5.201505241946/org.jacoco.agent-0.7.5.201505241946-runtime.jar=destfile=/home/travis/build/pgjdbc/pgjdbc/ubenchmark/target/jacoco.exec -Xmx512m
[INFO] Preprocess sources : /home/travis/build/pgjdbc/pgjdbc/ubenchmark/src/main/java
[INFO] Preprocess destination : /home/travis/build/pgjdbc/pgjdbc/ubenchmark/target/gen-src
[INFO] -----------------------------------------------------------------
[INFO] Completed, preprocessed 17 files, copied 0 files, elapsed time 110ms
[INFO] A Compile source root has been removed from the root list [/home/travis/build/pgjdbc/pgjdbc/ubenchmark/src/main/java]
[INFO] The New compile source root has been added into the list [/home/travis/build/pgjdbc/pgjdbc/ubenchmark/target/gen-src]
[INFO] 
[INFO] --- maven-resources-plugin:2.6:resources (default-resources) @ pgjdbc-benchmark ---
[INFO] Using 'UTF-8' encoding to copy filtered resources.
[INFO] skip non existing resourceDirectory /home/travis/build/pgjdbc/pgjdbc/ubenchmark/src/main/resources
[INFO] 
[INFO] --- maven-compiler-plugin:3.3:compile (default-compile) @ pgjdbc-benchmark ---
[INFO] Compiling 17 source files to /home/travis/build/pgjdbc/pgjdbc/ubenchmark/target/classes
[INFO] 
[INFO] --- jcp:6.0.1:preprocess (preprocessTestSources) @ pgjdbc-benchmark ---
[INFO] Added MAVEN property mvn.project.name=PostgreSQL JDBC Driver - benchmarks
[INFO] Added MAVEN property mvn.project.version=42.2.2-SNAPSHOT
[INFO] Added MAVEN property mvn.project.url=https://github.com/pgjdbc/pgjdbc
[INFO] Added MAVEN property mvn.project.packaging=jar
[INFO] Added MAVEN property mvn.project.modelversion=4.0.0
[INFO] Added MAVEN property mvn.project.inceptionyear=
[INFO] Added MAVEN property mvn.project.id=org.postgresql:pgjdbc-benchmark:jar:42.2.2-SNAPSHOT
[INFO] Added MAVEN property mvn.project.groupid=org.postgresql
[INFO] Added MAVEN property mvn.project.description=PostgreSQL JDBC Driver - benchmarks
[INFO] Added MAVEN property mvn.project.artifact.id=org.postgresql:pgjdbc-benchmark:jar:42.2.2-SNAPSHOT
[INFO] Added MAVEN property mvn.project.artifact.artifactid=pgjdbc-benchmark
[INFO] Added MAVEN property mvn.project.artifact.baseversion=42.2.2-SNAPSHOT
[INFO] Added MAVEN property mvn.project.artifact.dependencyconflictid=org.postgresql:pgjdbc-benchmark:jar
[INFO] Added MAVEN property mvn.project.artifact.downloadurl=
[INFO] Added MAVEN property mvn.project.artifact.groupid=org.postgresql
[INFO] Added MAVEN property mvn.project.artifact.scope=
[INFO] Added MAVEN property mvn.project.artifact.type=jar
[INFO] Added MAVEN property mvn.project.artifact.version=42.2.2-SNAPSHOT
[INFO] Added MAVEN property mvn.project.build.directory=/home/travis/build/pgjdbc/pgjdbc/ubenchmark/target
[INFO] Added MAVEN property mvn.project.build.defaultgoal=
[INFO] Added MAVEN property mvn.project.build.outputdirectory=/home/travis/build/pgjdbc/pgjdbc/ubenchmark/target/classes
[INFO] Added MAVEN property mvn.project.build.scriptsourcedirectory=/home/travis/build/pgjdbc/pgjdbc/ubenchmark/src/main/scripts
[INFO] Added MAVEN property mvn.project.build.sourcedirectory=/home/travis/build/pgjdbc/pgjdbc/ubenchmark/src/main/java
[INFO] Added MAVEN property mvn.project.build.testoutputdirectory=/home/travis/build/pgjdbc/pgjdbc/ubenchmark/target/test-classes
[INFO] Added MAVEN property mvn.project.build.testsourcedirectory=/home/travis/build/pgjdbc/pgjdbc/ubenchmark/src/test/java
[INFO] Added MAVEN property mvn.project.organization.name=PostgreSQL Global Development Group
[INFO] Added MAVEN property mvn.project.organization.url=http://jdbc.postgresql.org/
[INFO] Added MAVEN property mvn.project.activeprofiles=standard-with-extra-repos
[INFO] Added MAVEN property mvn.project.property.current.jdk=1.8
[INFO] Added MAVEN property mvn.project.property.postgresql.driver.fullversion=PostgreSQL JDBC${jdbc.specification.version}
[INFO] Added MAVEN property mvn.project.property.waffle-jna.version=1.7.5
[INFO] Added MAVEN property mvn.project.property.template.default.pg.port=5432
[INFO] Added MAVEN property mvn.project.property.skip.unzip-jdk-src=true
[INFO] Added MAVEN property mvn.project.property.jmh.version=1.17.4
[INFO] Added MAVEN property mvn.project.property.uberjar.name=benchmarks
[INFO] Added MAVEN property mvn.project.property.postgresql.jdbc.spec=JDBC${jdbc.specification.version}
[INFO] Added MAVEN property mvn.project.property.postgresql.preprocessed.test.sources.directory=/home/travis/build/pgjdbc/pgjdbc/ubenchmark/target/gen-test-src
[INFO] Added MAVEN property mvn.project.property.javac.target=1.8
[INFO] Added MAVEN property mvn.project.property.project.build.sourceencoding=UTF-8
[INFO] Added MAVEN property mvn.project.property.postgresql.preprocessed.sources.directory=/home/travis/build/pgjdbc/pgjdbc/ubenchmark/target/gen-src
[INFO] Added MAVEN property mvn.project.property.unzip.jdk.ant.build.xml=/home/travis/build/pgjdbc/pgjdbc/ubenchmark/target/unzip-jdk-ant.xml
[INFO] Added MAVEN property mvn.project.property.argline=-javaagent:/home/travis/.m2/repository/org/jacoco/org.jacoco.agent/0.7.5.201505241946/org.jacoco.agent-0.7.5.201505241946-runtime.jar=destfile=/home/travis/build/pgjdbc/pgjdbc/ubenchmark/target/jacoco.exec -Xmx512m
[INFO] Preprocess sources : /home/travis/build/pgjdbc/pgjdbc/ubenchmark/src/test/java
[INFO] Preprocess destination : /home/travis/build/pgjdbc/pgjdbc/ubenchmark/target/gen-test-src
[INFO] -----------------------------------------------------------------
[INFO] Completed, preprocessed 1 files, copied 0 files, elapsed time 1ms
[INFO] A Compile source root has been removed from the root list [/home/travis/build/pgjdbc/pgjdbc/ubenchmark/src/test/java]
[INFO] The New compile source root has been added into the list [/home/travis/build/pgjdbc/pgjdbc/ubenchmark/target/gen-test-src]
[INFO] 
[INFO] --- maven-resources-plugin:2.6:testResources (default-testResources) @ pgjdbc-benchmark ---
[INFO] Using 'UTF-8' encoding to copy filtered resources.
[INFO] skip non existing resourceDirectory /home/travis/build/pgjdbc/pgjdbc/ubenchmark/src/test/resources
[INFO] 
[INFO] --- maven-compiler-plugin:3.3:testCompile (default-testCompile) @ pgjdbc-benchmark ---
[INFO] Nothing to compile - all classes are up to date
[INFO] 
[INFO] --- maven-surefire-plugin:2.18.1:test (default-test) @ pgjdbc-benchmark ---
[INFO] No tests to run.
[INFO] 
[INFO] --- jacoco-maven-plugin:0.7.5.201505241946:report (report) @ pgjdbc-benchmark ---
[INFO] Skipping JaCoCo execution due to missing execution data file:/home/travis/build/pgjdbc/pgjdbc/ubenchmark/target/jacoco.exec
[INFO] 
[INFO] --- maven-jar-plugin:2.6:jar (default-jar) @ pgjdbc-benchmark ---
[INFO] Building jar: /home/travis/build/pgjdbc/pgjdbc/ubenchmark/target/pgjdbc-benchmark-42.2.2-SNAPSHOT.jar
[INFO] 
[INFO] --- maven-shade-plugin:2.2:shade (default) @ pgjdbc-benchmark ---
[INFO] Including org.openjdk.jmh:jmh-core:jar:1.17.4 in the shaded jar.
[INFO] Including net.sf.jopt-simple:jopt-simple:jar:4.6 in the shaded jar.
[INFO] Including org.apache.commons:commons-math3:jar:3.2 in the shaded jar.
[INFO] Including org.postgresql:postgresql:jar:42.2.2-SNAPSHOT in the shaded jar.
[INFO] Including com.ongres.scram:client:jar:1.0.0-beta.2 in the shaded jar.
[INFO] Including com.ongres.scram:common:jar:1.0.0-beta.2 in the shaded jar.
[INFO] Replacing /home/travis/build/pgjdbc/pgjdbc/ubenchmark/target/benchmarks.jar with /home/travis/build/pgjdbc/pgjdbc/ubenchmark/target/pgjdbc-benchmark-42.2.2-SNAPSHOT-shaded.jar
[INFO] 
[INFO] ------------------------------------------------------------------------
[INFO] Building PostgreSQL JDBC Driver aggregate 42.2.2-SNAPSHOT
[INFO] ------------------------------------------------------------------------
[INFO] 
[INFO] --- maven-clean-plugin:2.5:clean (default-clean) @ pgjdbc-aggregate ---
[INFO] 
[INFO] --- jacoco-maven-plugin:0.7.5.201505241946:prepare-agent (default) @ pgjdbc-aggregate ---
[INFO] argLine set to -javaagent:/home/travis/.m2/repository/org/jacoco/org.jacoco.agent/0.7.5.201505241946/org.jacoco.agent-0.7.5.201505241946-runtime.jar=destfile=/home/travis/build/pgjdbc/pgjdbc/target/jacoco.exec -Xmx512m
[INFO] 
[INFO] --- maven-antrun-plugin:1.7:run (create-unzipjdkant.xml) @ pgjdbc-aggregate ---
[INFO] Executing tasks

main:
     [echo] Generating /home/travis/build/pgjdbc/pgjdbc/target/unzip-jdk-ant.xml
[INFO] Executed tasks
[INFO] 
[INFO] --- jacoco-maven-plugin:0.7.5.201505241946:report (report) @ pgjdbc-aggregate ---
[INFO] Skipping JaCoCo execution due to missing execution data file:/home/travis/build/pgjdbc/pgjdbc/target/jacoco.exec
[INFO] ------------------------------------------------------------------------
[INFO] Reactor Summary:
[INFO] 
[INFO] PostgreSQL JDBC Driver - JDBC 4.2 .................. SUCCESS [02:43 min]
[INFO] PostgreSQL JDBC Driver - benchmarks ................ SUCCESS [  7.610 s]
[INFO] PostgreSQL JDBC Driver aggregate ................... SUCCESS [  0.085 s]
[INFO] ------------------------------------------------------------------------
[INFO] BUILD SUCCESS
[INFO] ------------------------------------------------------------------------
[INFO] Total time: 02:54 min
[INFO] Finished at: 2018-03-10T11:47:38Z
[INFO] Final Memory: 61M/991M
[INFO] ------------------------------------------------------------------------
+[[ Y == \Y ]]
+pip install --user codecov
Collecting codecov
/usr/local/lib/python2.7/dist-packages/pip/_vendor/requests/packages/urllib3/util/ssl_.py:318: SNIMissingWarning: An HTTPS request has been made, but the SNI (Subject Name Indication) extension to TLS is not available on this platform. This may cause the server to present an incorrect TLS certificate, which can cause validation failures. You can upgrade to a newer version of Python to solve this. For more information, see https://urllib3.readthedocs.io/en/latest/security.html#snimissingwarning.
  SNIMissingWarning
/usr/local/lib/python2.7/dist-packages/pip/_vendor/requests/packages/urllib3/util/ssl_.py:122: InsecurePlatformWarning: A true SSLContext object is not available. This prevents urllib3 from configuring SSL appropriately and may cause certain SSL connections to fail. You can upgrade to a newer version of Python to solve this. For more information, see https://urllib3.readthedocs.io/en/latest/security.html#insecureplatformwarning.
  InsecurePlatformWarning
  Downloading codecov-2.0.15-py2.py3-none-any.whl
Collecting requests>=2.7.9 (from codecov)
  Downloading requests-2.18.4-py2.py3-none-any.whl (88kB)
[?25l[K    11% |â–ˆâ–ˆâ–ˆâ–Š                            | 10kB 30.0MB/s eta 0:00:01[K    23% |â–ˆâ–ˆâ–ˆâ–ˆâ–ˆâ–ˆâ–ˆâ–                        | 20kB 21.5MB/s eta 0:00:01[K    34% |â–ˆâ–ˆâ–ˆâ–ˆâ–ˆâ–ˆâ–ˆâ–ˆâ–ˆâ–ˆâ–ˆ                     | 30kB 14.6MB/s eta 0:00:01[K    46% |â–ˆâ–ˆâ–ˆâ–ˆâ–ˆâ–ˆâ–ˆâ–ˆâ–ˆâ–ˆâ–ˆâ–ˆâ–ˆâ–ˆâ–Š                 | 40kB 13.4MB/s eta 0:00:01[K    57% |â–ˆâ–ˆâ–ˆâ–ˆâ–ˆâ–ˆâ–ˆâ–ˆâ–ˆâ–ˆâ–ˆâ–ˆâ–ˆâ–ˆâ–ˆâ–ˆâ–ˆâ–ˆâ–Œ             | 51kB 10.1MB/s eta 0:00:01[K    69% |â–ˆâ–ˆâ–ˆâ–ˆâ–ˆâ–ˆâ–ˆâ–ˆâ–ˆâ–ˆâ–ˆâ–ˆâ–ˆâ–ˆâ–ˆâ–ˆâ–ˆâ–ˆâ–ˆâ–ˆâ–ˆâ–ˆâ–         | 61kB 11.5MB/s eta 0:00:01[K    80% |â–ˆâ–ˆâ–ˆâ–ˆâ–ˆâ–ˆâ–ˆâ–ˆâ–ˆâ–ˆâ–ˆâ–ˆâ–ˆâ–ˆâ–ˆâ–ˆâ–ˆâ–ˆâ–ˆâ–ˆâ–ˆâ–ˆâ–ˆâ–ˆâ–ˆâ–‰      | 71kB 12.1MB/s eta 0:00:01[K    92% |â–ˆâ–ˆâ–ˆâ–ˆâ–ˆâ–ˆâ–ˆâ–ˆâ–ˆâ–ˆâ–ˆâ–ˆâ–ˆâ–ˆâ–ˆâ–ˆâ–ˆâ–ˆâ–ˆâ–ˆâ–ˆâ–ˆâ–ˆâ–ˆâ–ˆâ–ˆâ–ˆâ–ˆâ–ˆâ–Œ  | 81kB 13.3MB/s eta 0:00:01[K    100% |â–ˆâ–ˆâ–ˆâ–ˆâ–ˆâ–ˆâ–ˆâ–ˆâ–ˆâ–ˆâ–ˆâ–ˆâ–ˆâ–ˆâ–ˆâ–ˆâ–ˆâ–ˆâ–ˆâ–ˆâ–ˆâ–ˆâ–ˆâ–ˆâ–ˆâ–ˆâ–ˆâ–ˆâ–ˆâ–ˆâ–ˆâ–ˆ| 92kB 5.0MB/s 
[?25hCollecting coverage (from codecov)
  Downloading coverage-4.5.1-cp27-cp27mu-manylinux1_x86_64.whl (199kB)
[?25l[K    5% |â–ˆâ–‹                              | 10kB 38.8MB/s eta 0:00:01[K    10% |â–ˆâ–ˆâ–ˆâ–Ž                            | 20kB 35.0MB/s eta 0:00:01[K    15% |â–ˆâ–ˆâ–ˆâ–ˆâ–ˆ                           | 30kB 36.3MB/s eta 0:00:01[K    20% |â–ˆâ–ˆâ–ˆâ–ˆâ–ˆâ–ˆâ–‹                         | 40kB 35.8MB/s eta 0:00:01[K    25% |â–ˆâ–ˆâ–ˆâ–ˆâ–ˆâ–ˆâ–ˆâ–ˆâ–                       | 51kB 35.3MB/s eta 0:00:01[K    30% |â–ˆâ–ˆâ–ˆâ–ˆâ–ˆâ–ˆâ–ˆâ–ˆâ–ˆâ–‰                      | 61kB 36.5MB/s eta 0:00:01[K    35% |â–ˆâ–ˆâ–ˆâ–ˆâ–ˆâ–ˆâ–ˆâ–ˆâ–ˆâ–ˆâ–ˆâ–Œ                    | 71kB 35.2MB/s eta 0:00:01[K    41% |â–ˆâ–ˆâ–ˆâ–ˆâ–ˆâ–ˆâ–ˆâ–ˆâ–ˆâ–ˆâ–ˆâ–ˆâ–ˆâ–                  | 81kB 34.2MB/s eta 0:00:01[K    46% |â–ˆâ–ˆâ–ˆâ–ˆâ–ˆâ–ˆâ–ˆâ–ˆâ–ˆâ–ˆâ–ˆâ–ˆâ–ˆâ–ˆâ–Š                 | 92kB 35.0MB/s eta 0:00:01[K    51% |â–ˆâ–ˆâ–ˆâ–ˆâ–ˆâ–ˆâ–ˆâ–ˆâ–ˆâ–ˆâ–ˆâ–ˆâ–ˆâ–ˆâ–ˆâ–ˆâ–               | 102kB 35.1MB/s eta 0:00:01[K    56% |â–ˆâ–ˆâ–ˆâ–ˆâ–ˆâ–ˆâ–ˆâ–ˆâ–ˆâ–ˆâ–ˆâ–ˆâ–ˆâ–ˆâ–ˆâ–ˆâ–ˆâ–ˆ              | 112kB 35.5MB/s eta 0:00:01[K    61% |â–ˆâ–ˆâ–ˆâ–ˆâ–ˆâ–ˆâ–ˆâ–ˆâ–ˆâ–ˆâ–ˆâ–ˆâ–ˆâ–ˆâ–ˆâ–ˆâ–ˆâ–ˆâ–ˆâ–Š            | 122kB 35.9MB/s eta 0:00:01[K    66% |â–ˆâ–ˆâ–ˆâ–ˆâ–ˆâ–ˆâ–ˆâ–ˆâ–ˆâ–ˆâ–ˆâ–ˆâ–ˆâ–ˆâ–ˆâ–ˆâ–ˆâ–ˆâ–ˆâ–ˆâ–ˆâ–          | 133kB 35.4MB/s eta 0:00:01[K    71% |â–ˆâ–ˆâ–ˆâ–ˆâ–ˆâ–ˆâ–ˆâ–ˆâ–ˆâ–ˆâ–ˆâ–ˆâ–ˆâ–ˆâ–ˆâ–ˆâ–ˆâ–ˆâ–ˆâ–ˆâ–ˆâ–ˆâ–ˆ         | 143kB 36.2MB/s eta 0:00:01[K    76% |â–ˆâ–ˆâ–ˆâ–ˆâ–ˆâ–ˆâ–ˆâ–ˆâ–ˆâ–ˆâ–ˆâ–ˆâ–ˆâ–ˆâ–ˆâ–ˆâ–ˆâ–ˆâ–ˆâ–ˆâ–ˆâ–ˆâ–ˆâ–ˆâ–‹       | 153kB 36.4MB/s eta 0:00:01[K    82% |â–ˆâ–ˆâ–ˆâ–ˆâ–ˆâ–ˆâ–ˆâ–ˆâ–ˆâ–ˆâ–ˆâ–ˆâ–ˆâ–ˆâ–ˆâ–ˆâ–ˆâ–ˆâ–ˆâ–ˆâ–ˆâ–ˆâ–ˆï¿½ï¿½ï¿½â–ˆâ–ˆâ–Ž     | 163kB 35.8MB/s eta 0:00:01[K    87% |â–ˆâ–ˆâ–ˆâ–ˆâ–ˆâ–ˆâ–ˆâ–ˆâ–ˆâ–ˆâ–ˆâ–ˆâ–ˆâ–ˆâ–ˆâ–ˆâ–ˆâ–ˆâ–ˆâ–ˆâ–ˆâ–ˆâ–ˆâ–ˆâ–ˆâ–ˆâ–ˆâ–ˆ    | 174kB 37.3MB/s eta 0:00:01[K    92% |â–ˆâ–ˆâ–ˆâ–ˆâ–ˆâ–ˆâ–ˆâ–ˆâ–ˆâ–ˆâ–ˆâ–ˆâ–ˆâ–ˆâ–ˆâ–ˆâ–ˆâ–ˆâ–ˆâ–ˆâ–ˆâ–ˆâ–ˆâ–ˆâ–ˆâ–ˆâ–ˆâ–ˆâ–ˆâ–Œ  | 184kB 38.3MB/s eta 0:00:01[K    97% |â–ˆâ–ˆâ–ˆâ–ˆâ–ˆâ–ˆâ–ˆâ–ˆâ–ˆâ–ˆâ–ˆâ–ˆâ–ˆâ–ˆâ–ˆâ–ˆâ–ˆâ–ˆâ–ˆâ–ˆâ–ˆâ–ˆâ–ˆâ–ˆâ–ˆâ–ˆâ–ˆâ–ˆâ–ˆâ–ˆâ–ˆâ–| 194kB 38.4MB/s eta 0:00:01[K    100% |â–ˆâ–ˆâ–ˆâ–ˆâ–ˆâ–ˆâ–ˆâ–ˆâ–ˆâ–ˆâ–ˆâ–ˆâ–ˆâ–ˆâ–ˆâ–ˆâ–ˆâ–ˆâ–ˆâ–ˆâ–ˆâ–ˆâ–ˆâ–ˆâ–ˆâ–ˆâ–ˆâ–ˆâ–ˆâ–ˆâ–ˆâ–ˆ| 204kB 3.9MB/s 
[?25hCollecting urllib3<1.23,>=1.21.1 (from requests>=2.7.9->codecov)
  Downloading urllib3-1.22-py2.py3-none-any.whl (132kB)
[?25l[K    7% |â–ˆâ–ˆâ–Œ                             | 10kB 33.1MB/s eta 0:00:01[K    15% |â–ˆâ–ˆâ–ˆâ–ˆâ–ˆ                           | 20kB 30.9MB/s eta 0:00:01[K    23% |â–ˆâ–ˆâ–ˆâ–ˆâ–ˆâ–ˆâ–ˆâ–                        | 30kB 34.4MB/s eta 0:00:01[K    30% |â–ˆâ–ˆâ–ˆâ–ˆâ–ˆâ–ˆâ–ˆâ–ˆâ–ˆâ–ˆ                      | 40kB 34.7MB/s eta 0:00:01[K    38% |â–ˆâ–ˆâ–ˆâ–ˆâ–ˆâ–ˆâ–ˆâ–ˆâ–ˆâ–ˆâ–ˆâ–ˆâ–                   | 51kB 35.0MB/s eta 0:00:01[K    46% |â–ˆâ–ˆâ–ˆâ–ˆâ–ˆâ–ˆâ–ˆâ–ˆâ–ˆâ–ˆâ–ˆâ–ˆâ–ˆâ–ˆâ–‰                 | 61kB 36.3MB/s eta 0:00:01[K    54% |â–ˆâ–ˆâ–ˆâ–ˆâ–ˆâ–ˆâ–ˆâ–ˆâ–ˆâ–ˆâ–ˆâ–ˆâ–ˆâ–ˆâ–ˆâ–ˆâ–ˆâ–              | 71kB 36.1MB/s eta 0:00:01[K    61% |â–ˆâ–ˆâ–ˆâ–ˆâ–ˆâ–ˆâ–ˆâ–ˆâ–ˆâ–ˆâ–ˆâ–ˆâ–ˆâ–ˆâ–ˆâ–ˆâ–ˆâ–ˆâ–ˆâ–‰            | 81kB 35.7MB/s eta 0:00:01[K    69% |â–ˆâ–ˆâ–ˆâ–ˆâ–ˆâ–ˆâ–ˆâ–ˆâ–ˆâ–ˆâ–ˆâ–ˆâ–ˆâ–ˆâ–ˆâ–ˆâ–ˆâ–ˆâ–ˆâ–ˆâ–ˆâ–ˆâ–Ž         | 92kB 36.7MB/s eta 0:00:01[K    77% |â–ˆâ–ˆâ–ˆâ–ˆâ–ˆâ–ˆâ–ˆâ–ˆâ–ˆâ–ˆâ–ˆâ–ˆâ–ˆâ–ˆâ–ˆâ–ˆâ–ˆâ–ˆâ–ˆâ–ˆâ–ˆâ–ˆâ–ˆâ–ˆâ–Š       | 102kB 36.7MB/s eta 0:00:01[K    85% |â–ˆâ–ˆâ–ˆâ–ˆâ–ˆâ–ˆâ–ˆâ–ˆâ–ˆâ–ˆâ–ˆâ–ˆâ–ˆâ–ˆâ–ˆâ–ˆâ–ˆâ–ˆâ–ˆâ–ˆâ–ˆâ–ˆâ–ˆâ–ˆâ–ˆâ–ˆâ–ˆâ–Ž    | 112kB 37.9MB/s eta 0:00:01[K    92% |â–ˆâ–ˆâ–ˆâ–ˆâ–ˆâ–ˆâ–ˆâ–ˆâ–ˆâ–ˆâ–ˆâ–ˆâ–ˆâ–ˆâ–ˆâ–ˆâ–ˆâ–ˆâ–ˆâ–ˆâ–ˆâ–ˆâ–ˆâ–ˆâ–ˆâ–ˆâ–ˆâ–ˆâ–ˆâ–Š  | 122kB 39.0MB/s eta 0:00:01[K    100% |â–ˆâ–ˆâ–ˆâ–ˆâ–ˆâ–ˆâ–ˆâ–ˆâ–ˆâ–ˆâ–ˆâ–ˆâ–ˆâ–ˆâ–ˆâ–ˆâ–ˆâ–ˆâ–ˆâ–ˆâ–ˆâ–ˆâ–ˆâ–ˆâ–ˆâ–ˆâ–ˆâ–ˆâ–ˆâ–ˆâ–ˆâ–ˆ| 133kB 5.7MB/s 
[?25hCollecting idna<2.7,>=2.5 (from requests>=2.7.9->codecov)
  Downloading idna-2.6-py2.py3-none-any.whl (56kB)
[?25l[K    18% |â–ˆâ–ˆâ–ˆâ–ˆâ–ˆâ–‰                          | 10kB 28.5MB/s eta 0:00:01[K    36% |â–ˆâ–ˆâ–ˆâ–ˆâ–ˆâ–ˆâ–ˆâ–ˆâ–ˆâ–ˆâ–ˆâ–‹                    | 20kB 28.4MB/s eta 0:00:01[K    54% |â–ˆâ–ˆâ–ˆâ–ˆâ–ˆâ–ˆâ–ˆâ–ˆâ–ˆâ–ˆâ–ˆâ–ˆâ–ˆâ–ˆâ–ˆâ–ˆâ–ˆâ–              | 30kB 28.1MB/s eta 0:00:01[K    72% |â–ˆâ–ˆâ–ˆâ–ˆâ–ˆâ–ˆâ–ˆâ–ˆâ–ˆâ–ˆâ–ˆâ–ˆâ–ˆâ–ˆâ–ˆâ–ˆâ–ˆâ–ˆâ–ˆâ–ˆâ–ˆâ–ˆâ–ˆâ–        | 40kB 29.5MB/s eta 0:00:01[K    90% |â–ˆâ–ˆâ–ˆâ–ˆâ–ˆâ–ˆâ–ˆâ–ˆâ–ˆâ–ˆâ–ˆâ–ˆâ–ˆâ–ˆâ–ˆâ–ˆâ–ˆâ–ˆâ–ˆâ–ˆâ–ˆâ–ˆâ–ˆâ–ˆâ–ˆâ–ˆâ–ˆâ–ˆâ–ˆ   | 51kB 31.0MB/s eta 0:00:01[K    100% |â–ˆâ–ˆâ–ˆâ–ˆâ–ˆâ–ˆâ–ˆâ–ˆâ–ˆâ–ˆâ–ˆâ–ˆâ–ˆâ–ˆâ–ˆâ–ˆâ–ˆâ–ˆâ–ˆâ–ˆâ–ˆâ–ˆâ–ˆâ–ˆâ–ˆâ–ˆâ–ˆâ–ˆâ–ˆâ–ˆâ–ˆâ–ˆ| 61kB 7.0MB/s 
[?25hCollecting chardet<3.1.0,>=3.0.2 (from requests>=2.7.9->codecov)
  Downloading chardet-3.0.4-py2.py3-none-any.whl (133kB)
[?25l[K    7% |â–ˆâ–ˆâ–Œ                             | 10kB 37.1MB/s eta 0:00:01[K    15% |â–ˆâ–ˆâ–ˆâ–ˆâ–ˆ                           | 20kB 33.7MB/s eta 0:00:01[K    23% |â–ˆâ–ˆâ–ˆâ–ˆâ–ˆâ–ˆâ–ˆâ–                        | 30kB 37.1MB/s eta 0:00:01[K    30% |â–ˆâ–ˆâ–ˆâ–ˆâ–ˆâ–ˆâ–ˆâ–ˆâ–ˆâ–‰                      | 40kB 37.2MB/s eta 0:00:01[K    38% |â–ˆâ–ˆâ–ˆâ–ˆâ–ˆâ–ˆâ–ˆâ–ˆâ–ˆâ–ˆâ–ˆâ–ˆâ–Ž                   | 51kB 36.7MB/s eta 0:00:01[K    46% |â–ˆâ–ˆâ–ˆâ–ˆâ–ˆâ–ˆâ–ˆâ–ˆâ–ˆâ–ˆâ–ˆâ–ˆâ–ˆâ–ˆâ–Š                 | 61kB 38.1MB/s eta 0:00:01[K    53% |â–ˆâ–ˆâ–ˆâ–ˆâ–ˆâ–ˆâ–ˆâ–ˆâ–ˆâ–ˆâ–ˆâ–ˆâ–ˆâ–ˆâ–ˆâ–ˆâ–ˆâ–              | 71kB 38.2MB/s eta 0:00:01[K    61% |â–ˆâ–ˆâ–ˆâ–ˆâ–ˆâ–ˆâ–ˆâ–ˆâ–ˆâ–ˆâ–ˆâ–ˆâ–ˆâ–ˆâ–ˆâ–ˆâ–ˆâ–ˆâ–ˆâ–‹            | 81kB 37.8MB/s eta 0:00:01[K    69% |â–ˆâ–ˆâ–ˆâ–ˆâ–ˆâ–ˆâ–ˆâ–ˆâ–ˆâ–ˆâ–ˆâ–ˆâ–ˆâ–ˆâ–ˆâ–ˆâ–ˆâ–ˆâ–ˆâ–ˆâ–ˆâ–ˆâ–         | 92kB 38.6MB/s eta 0:00:01[K    76% |â–ˆâ–ˆâ–ˆâ–ˆâ–ˆâ–ˆâ–ˆâ–ˆâ–ˆâ–ˆâ–ˆâ–ˆâ–ˆâ–ˆâ–ˆâ–ˆâ–ˆâ–ˆâ–ˆâ–ˆâ–ˆâ–ˆâ–ˆâ–ˆâ–‹       | 102kB 38.5MB/s eta 0:00:01[K    84% |â–ˆâ–ˆâ–ˆâ–ˆâ–ˆâ–ˆâ–ˆâ–ˆâ–ˆâ–ˆâ–ˆâ–ˆâ–ˆâ–ˆâ–ˆâ–ˆâ–ˆâ–ˆâ–ˆâ–ˆâ–ˆâ–ˆâ–ˆâ–ˆâ–ˆâ–ˆâ–ˆ     | 112kB 39.4MB/s eta 0:00:01[K    92% |â–ˆâ–ˆâ–ˆâ–ˆâ–ˆâ–ˆâ–ˆâ–ˆâ–ˆâ–ˆâ–ˆâ–ˆâ–ˆâ–ˆâ–ˆâ–ˆâ–ˆâ–ˆâ–ˆâ–ˆâ–ˆâ–ˆâ–ˆâ–ˆâ–ˆâ–ˆâ–ˆâ–ˆâ–ˆâ–Œ  | 122kB 40.2MB/s eta 0:00:01[K    99% |â–ˆâ–ˆâ–ˆâ–ˆâ–ˆâ–ˆâ–ˆâ–ˆâ–ˆâ–ˆâ–ˆâ–ˆâ–ˆâ–ˆâ–ˆâ–ˆâ–ˆâ–ˆâ–ˆâ–ˆâ–ˆâ–ˆâ–ˆâ–ˆâ–ˆâ–ˆâ–ˆâ–ˆâ–ˆâ–ˆâ–ˆâ–ˆ| 133kB 39.8MB/s eta 0:00:01[K    100% |â–ˆâ–ˆâ–ˆâ–ˆâ–ˆâ–ˆâ–ˆâ–ˆâ–ˆâ–ˆâ–ˆâ–ˆâ–ˆâ–ˆâ–ˆâ–ˆâ–ˆâ–ˆâ–ˆâ–ˆâ–ˆâ–ˆâ–ˆâ–ˆâ–ˆâ–ˆâ–ˆâ–ˆâ–ˆâ–ˆâ–ˆâ–ˆ| 143kB 5.8MB/s 
[?25hCollecting certifi>=2017.4.17 (from requests>=2.7.9->codecov)
  Downloading certifi-2018.1.18-py2.py3-none-any.whl (151kB)
[?25l[K    6% |â–ˆâ–ˆâ–                             | 10kB 23.5MB/s eta 0:00:01[K    13% |â–ˆâ–ˆâ–ˆâ–ˆâ–Ž                           | 20kB 25.7MB/s eta 0:00:01[K    20% |â–ˆâ–ˆâ–ˆâ–ˆâ–ˆâ–ˆâ–Œ                         | 30kB 27.1MB/s eta 0:00:01[K    27% |â–ˆâ–ˆâ–ˆâ–ˆâ–ˆâ–ˆâ–ˆâ–ˆâ–‹                       | 40kB 29.1MB/s eta 0:00:01[K    33% |â–ˆâ–ˆâ–ˆâ–ˆâ–ˆâ–ˆâ–ˆâ–ˆâ–ˆâ–ˆâ–‰                     | 51kB 30.3MB/s eta 0:00:01[K    40% |â–ˆâ–ˆâ–ˆâ–ˆâ–ˆâ–ˆâ–ˆâ–ˆâ–ˆâ–ˆâ–ˆâ–ˆâ–ˆ                   | 61kB 32.0MB/s eta 0:00:01[K    47% |â–ˆâ–ˆâ–ˆâ–ˆâ–ˆâ–ˆâ–ˆâ–ˆâ–ˆâ–ˆâ–ˆâ–ˆâ–ˆâ–ˆâ–ˆâ–                | 71kB 32.7MB/s eta 0:00:01[K    54% |â–ˆâ–ˆâ–ˆâ–ˆâ–ˆâ–ˆâ–ˆâ–ˆâ–ˆâ–ˆâ–ˆâ–ˆâ–ˆâ–ˆâ–ˆâ–ˆâ–ˆâ–Ž              | 81kB 34.0MB/s eta 0:00:01[K    60% |â–ˆâ–ˆâ–ˆâ–ˆâ–ˆâ–ˆâ–ˆâ–ˆâ–ˆâ–ˆâ–ˆâ–ˆâ–ˆâ–ˆâ–ˆâ–ˆâ–ˆâ–ˆâ–ˆâ–Œ            | 92kB 34.5MB/s eta 0:00:01[K    67% |â–ˆâ–ˆâ–ˆâ–ˆâ–ˆâ–ˆâ–ˆâ–ˆâ–ˆâ–ˆâ–ˆâ–ˆâ–ˆâ–ˆâ–ˆâ–ˆâ–ˆâ–ˆï¿½ï¿½ï¿½â–ˆâ–ˆâ–‹          | 102kB 34.8MB/s eta 0:00:01[K    74% |â–ˆâ–ˆâ–ˆâ–ˆâ–ˆâ–ˆâ–ˆâ–ˆâ–ˆâ–ˆâ–ˆâ–ˆâ–ˆâ–ˆâ–ˆâ–ˆâ–ˆâ–ˆâ–ˆâ–ˆâ–ˆâ–ˆâ–ˆâ–Š        | 112kB 37.6MB/s eta 0:00:01[K    81% |â–ˆâ–ˆâ–ˆâ–ˆâ–ˆâ–ˆâ–ˆâ–ˆâ–ˆâ–ˆâ–ˆâ–ˆâ–ˆâ–ˆâ–ˆâ–ˆâ–ˆâ–ˆâ–ˆâ–ˆâ–ˆâ–ˆâ–ˆâ–ˆâ–ˆâ–ˆ      | 122kB 38.8MB/s eta 0:00:01[K    87% |â–ˆâ–ˆâ–ˆâ–ˆâ–ˆâ–ˆâ–ˆâ–ˆâ–ˆâ–ˆâ–ˆâ–ˆâ–ˆâ–ˆâ–ˆâ–ˆâ–ˆâ–ˆâ–ˆâ–ˆâ–ˆâ–ˆâ–ˆâ–ˆâ–ˆâ–ˆâ–ˆâ–ˆ    | 133kB 39.6MB/s eta 0:00:01[K    94% |â–ˆâ–ˆâ–ˆâ–ˆâ–ˆâ–ˆâ–ˆâ–ˆâ–ˆâ–ˆâ–ˆâ–ˆâ–ˆâ–ˆâ–ˆâ–ˆâ–ˆâ–ˆâ–ˆâ–ˆâ–ˆâ–ˆâ–ˆâ–ˆâ–ˆâ–ˆâ–ˆâ–ˆâ–ˆâ–ˆâ–Ž | 143kB 40.4MB/s eta 0:00:01[K    100% |â–ˆâ–ˆâ–ˆâ–ˆâ–ˆâ–ˆâ–ˆâ–ˆâ–ˆâ–ˆâ–ˆâ–ˆâ–ˆâ–ˆâ–ˆâ–ˆâ–ˆâ–ˆâ–ˆâ–ˆâ–ˆâ–ˆâ–ˆâ–ˆâ–ˆâ–ˆâ–ˆâ–ˆâ–ˆâ–ˆâ–ˆâ–ˆ| 153kB 5.1MB/s 
[?25hInstalling collected packages: urllib3, idna, chardet, certifi, requests, coverage, codecov
Successfully installed certifi-2018.1.18 chardet-3.0.4 codecov-2.0.15 coverage-4.5.1 idna-2.6 requests-2.18.4 urllib3-1.22
/usr/local/lib/python2.7/dist-packages/pip/_vendor/requests/packages/urllib3/util/ssl_.py:122: InsecurePlatformWarning: A true SSLContext object is not available. This prevents urllib3 from configuring SSL appropriately and may cause certain SSL connections to fail. You can upgrade to a newer version of Python to solve this. For more information, see https://urllib3.readthedocs.io/en/latest/security.html#insecureplatformwarning.
  InsecurePlatformWarning
+codecov

      _____          _
     / ____|        | |
    | |     ___   __| | ___  ___ _____   __
    | |    / _ \ / _  |/ _ \/ __/ _ \ \ / /
    | |___| (_) | (_| |  __/ (_| (_) \ V /
     \_____\___/ \____|\___|\___\___/ \_/
                                    v2.0.15

[90m==>[0m Detecting CI provider
    Travis Detected
    Fixing merge commit SHA
[90m==>[0m Preparing upload
[90m==>[0m Processing gcov (disable by -X gcov)
    Executing gcov (find /home/travis/build/pgjdbc/pgjdbc -not -path './bower_components/**' -not -path './node_modules/**' -not -path './vendor/**' -type f -name '*.gcno'  -exec gcov -pb  {} +)
[90m==>[0m Collecting reports
    [32m+[0m /home/travis/build/pgjdbc/pgjdbc/pgjdbc/target/site/jacoco/jacoco.xml bytes=1878076
[90m==>[0m Appending environment variables
    [32m+[0m TRAVIS_JDK_VERSION
    [32m+[0m TRAVIS_OS_NAME
[90m==>[0m Uploading
    .url https://codecov.io
    .query pr=1138&service=travis&package=py2.0.15&yaml=codecov.yml&job=351658744&build=3019.13&branch=master&commit=51344f044b697a1ac1b07981a7a622c488d70798&slug=pgjdbc%2Fpgjdbc
    Pinging Codecov...
    Uploading to S3...
[92m    https://codecov.io/github/pgjdbc/pgjdbc/commit/51344f044b697a1ac1b07981a7a622c488d70798[0m
+[[ Y == *\Y ]]
+mvn -DskipTests install
Picked up _JAVA_OPTIONS: -Xmx2048m -Xms512m
[[1;34mINFO[m] Scanning for projects...
[[1;34mINFO[m] [1m------------------------------------------------------------------------[m
[[1;34mINFO[m] [1mReactor Build Order:[m
[[1;34mINFO[m] 
[[1;34mINFO[m] PostgreSQL JDBC Driver - JDBC 4.2
[[1;34mINFO[m] PostgreSQL JDBC Driver - benchmarks
[[1;34mINFO[m] PostgreSQL JDBC Driver aggregate
[[1;34mINFO[m] 
[[1;34mINFO[m] [1m------------------------------------------------------------------------[m
[[1;34mINFO[m] [1mBuilding PostgreSQL JDBC Driver - JDBC 4.2 42.2.2-SNAPSHOT[m
[[1;34mINFO[m] [1m------------------------------------------------------------------------[m
[[1;34mINFO[m] 
[[1;34mINFO[m] [1m--- [0;32mmaven-enforcer-plugin:1.3.1:enforce[m [1m(enforce-java)[m @ [36mpostgresql[0;1m ---[m
[[1;34mINFO[m] 
[[1;34mINFO[m] [1m--- [0;32mbuild-helper-maven-plugin:1.5:parse-version[m [1m(parse-version)[m @ [36mpostgresql[0;1m ---[m
[[1;34mINFO[m] 
[[1;34mINFO[m] [1m--- [0;32mproperties-maven-plugin:1.0-alpha-2:read-project-properties[m [1m(default)[m @ [36mpostgresql[0;1m ---[m
[[1;33mWARNING[m] Ignoring missing properties file: /home/travis/build/pgjdbc/pgjdbc/pgjdbc/../build.local.properties
[[1;34mINFO[m] 
[[1;34mINFO[m] [1m--- [0;32mjcp:6.0.1:preprocess[m [1m(preprocessSources)[m @ [36mpostgresql[0;1m ---[m
[[1;34mINFO[m] Added MAVEN property mvn.project.name=PostgreSQL JDBC Driver - JDBC 4.2
[[1;34mINFO[m] Added MAVEN property mvn.project.version=42.2.2-SNAPSHOT
[[1;34mINFO[m] Added MAVEN property mvn.project.url=https://github.com/pgjdbc/pgjdbc
[[1;34mINFO[m] Added MAVEN property mvn.project.packaging=bundle
[[1;34mINFO[m] Added MAVEN property mvn.project.modelversion=4.0.0
[[1;34mINFO[m] Added MAVEN property mvn.project.inceptionyear=
[[1;34mINFO[m] Added MAVEN property mvn.project.id=org.postgresql:postgresql:bundle:42.2.2-SNAPSHOT
[[1;34mINFO[m] Added MAVEN property mvn.project.groupid=org.postgresql
[[1;34mINFO[m] Added MAVEN property mvn.project.description=Java JDBC 4.2 (JRE 8+) driver for PostgreSQL database
[[1;34mINFO[m] Added MAVEN property mvn.project.artifact.id=org.postgresql:postgresql:bundle:42.2.2-SNAPSHOT
[[1;34mINFO[m] Added MAVEN property mvn.project.artifact.artifactid=postgresql
[[1;34mINFO[m] Added MAVEN property mvn.project.artifact.baseversion=42.2.2-SNAPSHOT
[[1;34mINFO[m] Added MAVEN property mvn.project.artifact.dependencyconflictid=org.postgresql:postgresql:bundle
[[1;34mINFO[m] Added MAVEN property mvn.project.artifact.downloadurl=
[[1;34mINFO[m] Added MAVEN property mvn.project.artifact.groupid=org.postgresql
[[1;34mINFO[m] Added MAVEN property mvn.project.artifact.scope=
[[1;34mINFO[m] Added MAVEN property mvn.project.artifact.type=bundle
[[1;34mINFO[m] Added MAVEN property mvn.project.artifact.version=42.2.2-SNAPSHOT
[[1;34mINFO[m] Added MAVEN property mvn.project.build.directory=/home/travis/build/pgjdbc/pgjdbc/pgjdbc/target
[[1;34mINFO[m] Added MAVEN property mvn.project.build.defaultgoal=
[[1;34mINFO[m] Added MAVEN property mvn.project.build.outputdirectory=/home/travis/build/pgjdbc/pgjdbc/pgjdbc/target/classes
[[1;34mINFO[m] Added MAVEN property mvn.project.build.scriptsourcedirectory=/home/travis/build/pgjdbc/pgjdbc/pgjdbc/src/main/scripts
[[1;34mINFO[m] Added MAVEN property mvn.project.build.sourcedirectory=/home/travis/build/pgjdbc/pgjdbc/pgjdbc/src/main/java
[[1;34mINFO[m] Added MAVEN property mvn.project.build.testoutputdirectory=/home/travis/build/pgjdbc/pgjdbc/pgjdbc/target/test-classes
[[1;34mINFO[m] Added MAVEN property mvn.project.build.testsourcedirectory=/home/travis/build/pgjdbc/pgjdbc/pgjdbc/src/test/java
[[1;34mINFO[m] Added MAVEN property mvn.project.organization.name=PostgreSQL Global Development Group
[[1;34mINFO[m] Added MAVEN property mvn.project.organization.url=https://jdbc.postgresql.org/
[[1;34mINFO[m] Added MAVEN property mvn.project.activeprofiles=standard-with-extra-repos
[[1;34mINFO[m] Added MAVEN property mvn.project.property.postgresql.enforce.jdk.version=1.8
[[1;34mINFO[m] Added MAVEN property mvn.project.property.postgresql.preprocessed.test.sources.directory=/home/travis/build/pgjdbc/pgjdbc/pgjdbc/target/gen-test-src
[[1;34mINFO[m] Added MAVEN property mvn.project.property.loggerlevel=OFF
[[1;34mINFO[m] Added MAVEN property mvn.project.property.javac.target=1.8
[[1;34mINFO[m] Added MAVEN property mvn.project.property.postgresql.driver.fullversion=PostgreSQL JDBC4.2
[[1;34mINFO[m] Added MAVEN property mvn.project.property.jdbc.specification.version=4.2
[[1;34mINFO[m] Added MAVEN property mvn.project.property.unzip.jdk.ant.build.xml=/home/travis/build/pgjdbc/pgjdbc/pgjdbc/target/unzip-jdk-ant.xml
[[1;34mINFO[m] Added MAVEN property mvn.project.property.loggerfile=target/pgjdbc-tests.log
[[1;34mINFO[m] Added MAVEN property mvn.project.property.parsedversion.minorversion=2
[[1;34mINFO[m] Added MAVEN property mvn.project.property.secondaryserverport2=5434
[[1;34mINFO[m] Added MAVEN property mvn.project.property.project.build.sourceencoding=UTF-8
[[1;34mINFO[m] Added MAVEN property mvn.project.property.build.properties.relative.path=/home/travis/build/pgjdbc/pgjdbc/pgjdbc/..
[[1;34mINFO[m] Added MAVEN property mvn.project.property.privilegedpassword=***** [hidden because may contain private info]
[[1;34mINFO[m] Added MAVEN property mvn.project.property.waffleenabled=true
[[1;34mINFO[m] Added MAVEN property mvn.project.property.skip.assembly=false
[[1;34mINFO[m] Added MAVEN property mvn.project.property.secondaryport=5433
[[1;34mINFO[m] Added MAVEN property mvn.project.property.protocolversion=0
[[1;34mINFO[m] Added MAVEN property mvn.project.property.postgresql.preprocessed.sources.directory=/home/travis/build/pgjdbc/pgjdbc/pgjdbc/target/gen-src
[[1;34mINFO[m] Added MAVEN property mvn.project.property.osgienabled=true
[[1;34mINFO[m] Added MAVEN property mvn.project.property.preparethreshold=5
[[1;34mINFO[m] Added MAVEN property mvn.project.property.secondaryserver2=localhost
[[1;34mINFO[m] Added MAVEN property mvn.project.property.password=***** [hidden because may contain private info]
[[1;34mINFO[m] Added MAVEN property mvn.project.property.jdbc.specification.version.nodot=42
[[1;34mINFO[m] Added MAVEN property mvn.project.property.username=test
[[1;34mINFO[m] Added MAVEN property mvn.project.property.parsedversion.buildnumber=0
[[1;34mINFO[m] Added MAVEN property mvn.project.property.server=localhost
[[1;34mINFO[m] Added MAVEN property mvn.project.property.port=5432
[[1;34mINFO[m] Added MAVEN property mvn.project.property.secondaryserver=localhost
[[1;34mINFO[m] Added MAVEN property mvn.project.property.template.default.pg.port=5432
[[1;34mINFO[m] Added MAVEN property mvn.project.property.parsedversion.qualifier=SNAPSHOT
[[1;34mINFO[m] Added MAVEN property mvn.project.property.waffle-jna.version=1.7.5
[[1;34mINFO[m] Added MAVEN property mvn.project.property.skip.unzip-jdk-src=true
[[1;34mINFO[m] Added MAVEN property mvn.project.property.database=test
[[1;34mINFO[m] Added MAVEN property mvn.project.property.parsedversion.incrementalversion=2
[[1;34mINFO[m] Added MAVEN property mvn.project.property.sspiusername=testsspi
[[1;34mINFO[m] Added MAVEN property mvn.project.property.privilegeduser=postgres
[[1;34mINFO[m] Added MAVEN property mvn.project.property.checkstyle.version=8.5
[[1;34mINFO[m] Added MAVEN property mvn.project.property.parsedversion.majorversion=42
[[1;34mINFO[m] Added MAVEN property mvn.project.property.parsedversion.osgiversion=42.2.2.SNAPSHOT
[[1;34mINFO[m] Added MAVEN property mvn.project.property.postgresql.jdbc.spec=JDBC4.2
[[1;34mINFO[m] Added MAVEN property mvn.project.property.argline=-Xmx512m
[[1;34mINFO[m] Preprocess sources : /home/travis/build/pgjdbc/pgjdbc/pgjdbc/src/main/java
[[1;34mINFO[m] Preprocess destination : /home/travis/build/pgjdbc/pgjdbc/pgjdbc/target/gen-src
[[1;34mINFO[m] -----------------------------------------------------------------
[[1;34mINFO[m] Completed, preprocessed 212 files, copied 0 files, elapsed time 604ms
[[1;34mINFO[m] A Compile source root has been removed from the root list [/home/travis/build/pgjdbc/pgjdbc/pgjdbc/src/main/java]
[[1;34mINFO[m] The New compile source root has been added into the list [/home/travis/build/pgjdbc/pgjdbc/pgjdbc/target/gen-src]
[[1;34mINFO[m] 
[[1;34mINFO[m] [1m--- [0;32mmaven-clean-plugin:2.5:clean[m [1m(remove-future-jre-sources)[m @ [36mpostgresql[0;1m ---[m
[[1;34mINFO[m] 
[[1;34mINFO[m] [1m--- [0;32mmaven-resources-plugin:2.6:resources[m [1m(default-resources)[m @ [36mpostgresql[0;1m ---[m
[[1;34mINFO[m] Using 'UTF-8' encoding to copy filtered resources.
[[1;34mINFO[m] Copying 17 resources
[[1;34mINFO[m] 
[[1;34mINFO[m] [1m--- [0;32mmaven-compiler-plugin:3.3:compile[m [1m(default-compile)[m @ [36mpostgresql[0;1m ---[m
[[1;34mINFO[m] Nothing to compile - all classes are up to date
[[1;34mINFO[m] 
[[1;34mINFO[m] [1m--- [0;32mjcp:6.0.1:preprocess[m [1m(preprocessTestSources)[m @ [36mpostgresql[0;1m ---[m
[[1;34mINFO[m] Added MAVEN property mvn.project.name=PostgreSQL JDBC Driver - JDBC 4.2
[[1;34mINFO[m] Added MAVEN property mvn.project.version=42.2.2-SNAPSHOT
[[1;34mINFO[m] Added MAVEN property mvn.project.url=https://github.com/pgjdbc/pgjdbc
[[1;34mINFO[m] Added MAVEN property mvn.project.packaging=bundle
[[1;34mINFO[m] Added MAVEN property mvn.project.modelversion=4.0.0
[[1;34mINFO[m] Added MAVEN property mvn.project.inceptionyear=
[[1;34mINFO[m] Added MAVEN property mvn.project.id=org.postgresql:postgresql:bundle:42.2.2-SNAPSHOT
[[1;34mINFO[m] Added MAVEN property mvn.project.groupid=org.postgresql
[[1;34mINFO[m] Added MAVEN property mvn.project.description=Java JDBC 4.2 (JRE 8+) driver for PostgreSQL database
[[1;34mINFO[m] Added MAVEN property mvn.project.artifact.id=org.postgresql:postgresql:bundle:42.2.2-SNAPSHOT
[[1;34mINFO[m] Added MAVEN property mvn.project.artifact.artifactid=postgresql
[[1;34mINFO[m] Added MAVEN property mvn.project.artifact.baseversion=42.2.2-SNAPSHOT
[[1;34mINFO[m] Added MAVEN property mvn.project.artifact.dependencyconflictid=org.postgresql:postgresql:bundle
[[1;34mINFO[m] Added MAVEN property mvn.project.artifact.downloadurl=
[[1;34mINFO[m] Added MAVEN property mvn.project.artifact.groupid=org.postgresql
[[1;34mINFO[m] Added MAVEN property mvn.project.artifact.scope=
[[1;34mINFO[m] Added MAVEN property mvn.project.artifact.type=bundle
[[1;34mINFO[m] Added MAVEN property mvn.project.artifact.version=42.2.2-SNAPSHOT
[[1;34mINFO[m] Added MAVEN property mvn.project.build.directory=/home/travis/build/pgjdbc/pgjdbc/pgjdbc/target
[[1;34mINFO[m] Added MAVEN property mvn.project.build.defaultgoal=
[[1;34mINFO[m] Added MAVEN property mvn.project.build.outputdirectory=/home/travis/build/pgjdbc/pgjdbc/pgjdbc/target/classes
[[1;34mINFO[m] Added MAVEN property mvn.project.build.scriptsourcedirectory=/home/travis/build/pgjdbc/pgjdbc/pgjdbc/src/main/scripts
[[1;34mINFO[m] Added MAVEN property mvn.project.build.sourcedirectory=/home/travis/build/pgjdbc/pgjdbc/pgjdbc/src/main/java
[[1;34mINFO[m] Added MAVEN property mvn.project.build.testoutputdirectory=/home/travis/build/pgjdbc/pgjdbc/pgjdbc/target/test-classes
[[1;34mINFO[m] Added MAVEN property mvn.project.build.testsourcedirectory=/home/travis/build/pgjdbc/pgjdbc/pgjdbc/src/test/java
[[1;34mINFO[m] Added MAVEN property mvn.project.organization.name=PostgreSQL Global Development Group
[[1;34mINFO[m] Added MAVEN property mvn.project.organization.url=https://jdbc.postgresql.org/
[[1;34mINFO[m] Added MAVEN property mvn.project.activeprofiles=standard-with-extra-repos
[[1;34mINFO[m] Added MAVEN property mvn.project.property.postgresql.enforce.jdk.version=1.8
[[1;34mINFO[m] Added MAVEN property mvn.project.property.postgresql.preprocessed.test.sources.directory=/home/travis/build/pgjdbc/pgjdbc/pgjdbc/target/gen-test-src
[[1;34mINFO[m] Added MAVEN property mvn.project.property.loggerlevel=OFF
[[1;34mINFO[m] Added MAVEN property mvn.project.property.javac.target=1.8
[[1;34mINFO[m] Added MAVEN property mvn.project.property.postgresql.driver.fullversion=PostgreSQL JDBC4.2
[[1;34mINFO[m] Added MAVEN property mvn.project.property.jdbc.specification.version=4.2
[[1;34mINFO[m] Added MAVEN property mvn.project.property.unzip.jdk.ant.build.xml=/home/travis/build/pgjdbc/pgjdbc/pgjdbc/target/unzip-jdk-ant.xml
[[1;34mINFO[m] Added MAVEN property mvn.project.property.loggerfile=target/pgjdbc-tests.log
[[1;34mINFO[m] Added MAVEN property mvn.project.property.parsedversion.minorversion=2
[[1;34mINFO[m] Added MAVEN property mvn.project.property.secondaryserverport2=5434
[[1;34mINFO[m] Added MAVEN property mvn.project.property.project.build.sourceencoding=UTF-8
[[1;34mINFO[m] Added MAVEN property mvn.project.property.build.properties.relative.path=/home/travis/build/pgjdbc/pgjdbc/pgjdbc/..
[[1;34mINFO[m] Added MAVEN property mvn.project.property.privilegedpassword=***** [hidden because may contain private info]
[[1;34mINFO[m] Added MAVEN property mvn.project.property.waffleenabled=true
[[1;34mINFO[m] Added MAVEN property mvn.project.property.skip.assembly=false
[[1;34mINFO[m] Added MAVEN property mvn.project.property.secondaryport=5433
[[1;34mINFO[m] Added MAVEN property mvn.project.property.protocolversion=0
[[1;34mINFO[m] Added MAVEN property mvn.project.property.postgresql.preprocessed.sources.directory=/home/travis/build/pgjdbc/pgjdbc/pgjdbc/target/gen-src
[[1;34mINFO[m] Added MAVEN property mvn.project.property.osgienabled=true
[[1;34mINFO[m] Added MAVEN property mvn.project.property.preparethreshold=5
[[1;34mINFO[m] Added MAVEN property mvn.project.property.secondaryserver2=localhost
[[1;34mINFO[m] Added MAVEN property mvn.project.property.password=***** [hidden because may contain private info]
[[1;34mINFO[m] Added MAVEN property mvn.project.property.jdbc.specification.version.nodot=42
[[1;34mINFO[m] Added MAVEN property mvn.project.property.username=test
[[1;34mINFO[m] Added MAVEN property mvn.project.property.parsedversion.buildnumber=0
[[1;34mINFO[m] Added MAVEN property mvn.project.property.server=localhost
[[1;34mINFO[m] Added MAVEN property mvn.project.property.port=5432
[[1;34mINFO[m] Added MAVEN property mvn.project.property.secondaryserver=localhost
[[1;34mINFO[m] Added MAVEN property mvn.project.property.template.default.pg.port=5432
[[1;34mINFO[m] Added MAVEN property mvn.project.property.parsedversion.qualifier=SNAPSHOT
[[1;34mINFO[m] Added MAVEN property mvn.project.property.waffle-jna.version=1.7.5
[[1;34mINFO[m] Added MAVEN property mvn.project.property.skip.unzip-jdk-src=true
[[1;34mINFO[m] Added MAVEN property mvn.project.property.database=test
[[1;34mINFO[m] Added MAVEN property mvn.project.property.parsedversion.incrementalversion=2
[[1;34mINFO[m] Added MAVEN property mvn.project.property.sspiusername=testsspi
[[1;34mINFO[m] Added MAVEN property mvn.project.property.privilegeduser=postgres
[[1;34mINFO[m] Added MAVEN property mvn.project.property.checkstyle.version=8.5
[[1;34mINFO[m] Added MAVEN property mvn.project.property.parsedversion.majorversion=42
[[1;34mINFO[m] Added MAVEN property mvn.project.property.parsedversion.osgiversion=42.2.2.SNAPSHOT
[[1;34mINFO[m] Added MAVEN property mvn.project.property.postgresql.jdbc.spec=JDBC4.2
[[1;34mINFO[m] Added MAVEN property mvn.project.property.argline=-Xmx512m
[[1;34mINFO[m] Preprocess sources : /home/travis/build/pgjdbc/pgjdbc/pgjdbc/src/test/java
[[1;34mINFO[m] Preprocess destination : /home/travis/build/pgjdbc/pgjdbc/pgjdbc/target/gen-test-src
[[1;34mINFO[m] -----------------------------------------------------------------
[[1;34mINFO[m] Completed, preprocessed 157 files, copied 0 files, elapsed time 175ms
[[1;34mINFO[m] A Compile source root has been removed from the root list [/home/travis/build/pgjdbc/pgjdbc/pgjdbc/src/test/java]
[[1;34mINFO[m] The New compile source root has been added into the list [/home/travis/build/pgjdbc/pgjdbc/pgjdbc/target/gen-test-src]
[[1;34mINFO[m] 
[[1;34mINFO[m] [1m--- [0;32mmaven-clean-plugin:2.5:clean[m [1m(remove-future-jre-test-sources)[m @ [36mpostgresql[0;1m ---[m
[[1;34mINFO[m] 
[[1;34mINFO[m] [1m--- [0;32mmaven-resources-plugin:2.6:testResources[m [1m(default-testResources)[m @ [36mpostgresql[0;1m ---[m
[[1;34mINFO[m] Using 'UTF-8' encoding to copy filtered resources.
[[1;34mINFO[m] Copying 1 resource
[[1;34mINFO[m] 
[[1;34mINFO[m] [1m--- [0;32mmaven-compiler-plugin:3.3:testCompile[m [1m(default-testCompile)[m @ [36mpostgresql[0;1m ---[m
[[1;34mINFO[m] Nothing to compile - all classes are up to date
[[1;34mINFO[m] 
[[1;34mINFO[m] [1m--- [0;32mmaven-surefire-plugin:2.18.1:test[m [1m(default-test)[m @ [36mpostgresql[0;1m ---[m
[[1;34mINFO[m] Tests are skipped.
[[1;34mINFO[m] 
[[1;34mINFO[m] [1m--- [0;32mmaven-bundle-plugin:2.5.3:bundle[m [1m(default-bundle)[m @ [36mpostgresql[0;1m ---[m
[[1;34mINFO[m] 
[[1;34mINFO[m] [1m--- [0;32mmaven-shade-plugin:3.1.0:shade[m [1m(default)[m @ [36mpostgresql[0;1m ---[m
[[1;34mINFO[m] Including com.ongres.scram:client:jar:1.0.0-beta.2 in the shaded jar.
[[1;34mINFO[m] Including com.ongres.scram:common:jar:1.0.0-beta.2 in the shaded jar.
[[1;34mINFO[m] Including com.github.dblock.waffle:waffle-jna:jar:1.7.5 in the shaded jar.
[[1;34mINFO[m] Including net.java.dev.jna:jna:jar:4.2.1 in the shaded jar.
[[1;34mINFO[m] Including net.java.dev.jna:jna-platform:jar:4.2.1 in the shaded jar.
[[1;34mINFO[m] Including org.slf4j:jcl-over-slf4j:jar:1.7.12 in the shaded jar.
[[1;34mINFO[m] Minimizing jar org.postgresql:postgresql:bundle:42.2.2-SNAPSHOT
[[1;34mINFO[m] Minimized 353 -> 353 (100%)
[[1;34mINFO[m] Replacing original artifact with shaded artifact.
[[1;34mINFO[m] Replacing /home/travis/build/pgjdbc/pgjdbc/pgjdbc/target/postgresql-42.2.2-SNAPSHOT.jar with /home/travis/build/pgjdbc/pgjdbc/pgjdbc/target/postgresql-42.2.2-SNAPSHOT-shaded.jar
[[1;34mINFO[m] Dependency-reduced POM written at: /home/travis/build/pgjdbc/pgjdbc/pgjdbc/dependency-reduced-pom.xml
[[1;34mINFO[m] 
[[1;34mINFO[m] [1m--- [0;32mmaven-install-plugin:2.5.1:install[m [1m(default-install)[m @ [36mpostgresql[0;1m ---[m
[[1;34mINFO[m] Installing /home/travis/build/pgjdbc/pgjdbc/pgjdbc/target/postgresql-42.2.2-SNAPSHOT.jar to /home/travis/.m2/repository/org/postgresql/postgresql/42.2.2-SNAPSHOT/postgresql-42.2.2-SNAPSHOT.jar
[[1;34mINFO[m] Installing /home/travis/build/pgjdbc/pgjdbc/pgjdbc/dependency-reduced-pom.xml to /home/travis/.m2/repository/org/postgresql/postgresql/42.2.2-SNAPSHOT/postgresql-42.2.2-SNAPSHOT.pom
[[1;34mINFO[m] 
[[1;34mINFO[m] [1m--- [0;32mmaven-bundle-plugin:2.5.3:install[m [1m(default-install)[m @ [36mpostgresql[0;1m ---[m
[[1;34mINFO[m] Installing org/postgresql/postgresql/42.2.2-SNAPSHOT/postgresql-42.2.2-SNAPSHOT.jar
[[1;34mINFO[m] Writing OBR metadata
[[1;34mINFO[m] 
[[1;34mINFO[m] [1m------------------------------------------------------------------------[m
[[1;34mINFO[m] [1mBuilding PostgreSQL JDBC Driver - benchmarks 42.2.2-SNAPSHOT[m
[[1;34mINFO[m] [1m------------------------------------------------------------------------[m
[[1;34mINFO[m] 
[[1;34mINFO[m] [1m--- [0;32mjcp:6.0.1:preprocess[m [1m(preprocessSources)[m @ [36mpgjdbc-benchmark[0;1m ---[m
[[1;34mINFO[m] Added MAVEN property mvn.project.name=PostgreSQL JDBC Driver - benchmarks
[[1;34mINFO[m] Added MAVEN property mvn.project.version=42.2.2-SNAPSHOT
[[1;34mINFO[m] Added MAVEN property mvn.project.url=https://github.com/pgjdbc/pgjdbc
[[1;34mINFO[m] Added MAVEN property mvn.project.packaging=jar
[[1;34mINFO[m] Added MAVEN property mvn.project.modelversion=4.0.0
[[1;34mINFO[m] Added MAVEN property mvn.project.inceptionyear=
[[1;34mINFO[m] Added MAVEN property mvn.project.id=org.postgresql:pgjdbc-benchmark:jar:42.2.2-SNAPSHOT
[[1;34mINFO[m] Added MAVEN property mvn.project.groupid=org.postgresql
[[1;34mINFO[m] Added MAVEN property mvn.project.description=PostgreSQL JDBC Driver - benchmarks
[[1;34mINFO[m] Added MAVEN property mvn.project.artifact.id=org.postgresql:pgjdbc-benchmark:jar:42.2.2-SNAPSHOT
[[1;34mINFO[m] Added MAVEN property mvn.project.artifact.artifactid=pgjdbc-benchmark
[[1;34mINFO[m] Added MAVEN property mvn.project.artifact.baseversion=42.2.2-SNAPSHOT
[[1;34mINFO[m] Added MAVEN property mvn.project.artifact.dependencyconflictid=org.postgresql:pgjdbc-benchmark:jar
[[1;34mINFO[m] Added MAVEN property mvn.project.artifact.downloadurl=
[[1;34mINFO[m] Added MAVEN property mvn.project.artifact.groupid=org.postgresql
[[1;34mINFO[m] Added MAVEN property mvn.project.artifact.scope=
[[1;34mINFO[m] Added MAVEN property mvn.project.artifact.type=jar
[[1;34mINFO[m] Added MAVEN property mvn.project.artifact.version=42.2.2-SNAPSHOT
[[1;34mINFO[m] Added MAVEN property mvn.project.build.directory=/home/travis/build/pgjdbc/pgjdbc/ubenchmark/target
[[1;34mINFO[m] Added MAVEN property mvn.project.build.defaultgoal=
[[1;34mINFO[m] Added MAVEN property mvn.project.build.outputdirectory=/home/travis/build/pgjdbc/pgjdbc/ubenchmark/target/classes
[[1;34mINFO[m] Added MAVEN property mvn.project.build.scriptsourcedirectory=/home/travis/build/pgjdbc/pgjdbc/ubenchmark/src/main/scripts
[[1;34mINFO[m] Added MAVEN property mvn.project.build.sourcedirectory=/home/travis/build/pgjdbc/pgjdbc/ubenchmark/src/main/java
[[1;34mINFO[m] Added MAVEN property mvn.project.build.testoutputdirectory=/home/travis/build/pgjdbc/pgjdbc/ubenchmark/target/test-classes
[[1;34mINFO[m] Added MAVEN property mvn.project.build.testsourcedirectory=/home/travis/build/pgjdbc/pgjdbc/ubenchmark/src/test/java
[[1;34mINFO[m] Added MAVEN property mvn.project.organization.name=PostgreSQL Global Development Group
[[1;34mINFO[m] Added MAVEN property mvn.project.organization.url=http://jdbc.postgresql.org/
[[1;34mINFO[m] Added MAVEN property mvn.project.activeprofiles=standard-with-extra-repos
[[1;34mINFO[m] Added MAVEN property mvn.project.property.current.jdk=1.8
[[1;34mINFO[m] Added MAVEN property mvn.project.property.postgresql.driver.fullversion=PostgreSQL JDBC${jdbc.specification.version}
[[1;34mINFO[m] Added MAVEN property mvn.project.property.waffle-jna.version=1.7.5
[[1;34mINFO[m] Added MAVEN property mvn.project.property.template.default.pg.port=5432
[[1;34mINFO[m] Added MAVEN property mvn.project.property.skip.unzip-jdk-src=true
[[1;34mINFO[m] Added MAVEN property mvn.project.property.jmh.version=1.17.4
[[1;34mINFO[m] Added MAVEN property mvn.project.property.uberjar.name=benchmarks
[[1;34mINFO[m] Added MAVEN property mvn.project.property.postgresql.jdbc.spec=JDBC${jdbc.specification.version}
[[1;34mINFO[m] Added MAVEN property mvn.project.property.postgresql.preprocessed.test.sources.directory=/home/travis/build/pgjdbc/pgjdbc/ubenchmark/target/gen-test-src
[[1;34mINFO[m] Added MAVEN property mvn.project.property.javac.target=1.8
[[1;34mINFO[m] Added MAVEN property mvn.project.property.project.build.sourceencoding=UTF-8
[[1;34mINFO[m] Added MAVEN property mvn.project.property.postgresql.preprocessed.sources.directory=/home/travis/build/pgjdbc/pgjdbc/ubenchmark/target/gen-src
[[1;34mINFO[m] Added MAVEN property mvn.project.property.unzip.jdk.ant.build.xml=/home/travis/build/pgjdbc/pgjdbc/ubenchmark/target/unzip-jdk-ant.xml
[[1;34mINFO[m] Added MAVEN property mvn.project.property.argline=-Xmx512m
[[1;34mINFO[m] Preprocess sources : /home/travis/build/pgjdbc/pgjdbc/ubenchmark/src/main/java
[[1;34mINFO[m] Preprocess destination : /home/travis/build/pgjdbc/pgjdbc/ubenchmark/target/gen-src
[[1;34mINFO[m] -----------------------------------------------------------------
[[1;34mINFO[m] Completed, preprocessed 17 files, copied 0 files, elapsed time 125ms
[[1;34mINFO[m] A Compile source root has been removed from the root list [/home/travis/build/pgjdbc/pgjdbc/ubenchmark/src/main/java]
[[1;34mINFO[m] The New compile source root has been added into the list [/home/travis/build/pgjdbc/pgjdbc/ubenchmark/target/gen-src]
[[1;34mINFO[m] 
[[1;34mINFO[m] [1m--- [0;32mmaven-resources-plugin:2.6:resources[m [1m(default-resources)[m @ [36mpgjdbc-benchmark[0;1m ---[m
[[1;34mINFO[m] Using 'UTF-8' encoding to copy filtered resources.
[[1;34mINFO[m] skip non existing resourceDirectory /home/travis/build/pgjdbc/pgjdbc/ubenchmark/src/main/resources
[[1;34mINFO[m] 
[[1;34mINFO[m] [1m--- [0;32mmaven-compiler-plugin:3.3:compile[m [1m(default-compile)[m @ [36mpgjdbc-benchmark[0;1m ---[m
[[1;34mINFO[m] Nothing to compile - all classes are up to date
[[1;34mINFO[m] 
[[1;34mINFO[m] [1m--- [0;32mjcp:6.0.1:preprocess[m [1m(preprocessTestSources)[m @ [36mpgjdbc-benchmark[0;1m ---[m
[[1;34mINFO[m] Added MAVEN property mvn.project.name=PostgreSQL JDBC Driver - benchmarks
[[1;34mINFO[m] Added MAVEN property mvn.project.version=42.2.2-SNAPSHOT
[[1;34mINFO[m] Added MAVEN property mvn.project.url=https://github.com/pgjdbc/pgjdbc
[[1;34mINFO[m] Added MAVEN property mvn.project.packaging=jar
[[1;34mINFO[m] Added MAVEN property mvn.project.modelversion=4.0.0
[[1;34mINFO[m] Added MAVEN property mvn.project.inceptionyear=
[[1;34mINFO[m] Added MAVEN property mvn.project.id=org.postgresql:pgjdbc-benchmark:jar:42.2.2-SNAPSHOT
[[1;34mINFO[m] Added MAVEN property mvn.project.groupid=org.postgresql
[[1;34mINFO[m] Added MAVEN property mvn.project.description=PostgreSQL JDBC Driver - benchmarks
[[1;34mINFO[m] Added MAVEN property mvn.project.artifact.id=org.postgresql:pgjdbc-benchmark:jar:42.2.2-SNAPSHOT
[[1;34mINFO[m] Added MAVEN property mvn.project.artifact.artifactid=pgjdbc-benchmark
[[1;34mINFO[m] Added MAVEN property mvn.project.artifact.baseversion=42.2.2-SNAPSHOT
[[1;34mINFO[m] Added MAVEN property mvn.project.artifact.dependencyconflictid=org.postgresql:pgjdbc-benchmark:jar
[[1;34mINFO[m] Added MAVEN property mvn.project.artifact.downloadurl=
[[1;34mINFO[m] Added MAVEN property mvn.project.artifact.groupid=org.postgresql
[[1;34mINFO[m] Added MAVEN property mvn.project.artifact.scope=
[[1;34mINFO[m] Added MAVEN property mvn.project.artifact.type=jar
[[1;34mINFO[m] Added MAVEN property mvn.project.artifact.version=42.2.2-SNAPSHOT
[[1;34mINFO[m] Added MAVEN property mvn.project.build.directory=/home/travis/build/pgjdbc/pgjdbc/ubenchmark/target
[[1;34mINFO[m] Added MAVEN property mvn.project.build.defaultgoal=
[[1;34mINFO[m] Added MAVEN property mvn.project.build.outputdirectory=/home/travis/build/pgjdbc/pgjdbc/ubenchmark/target/classes
[[1;34mINFO[m] Added MAVEN property mvn.project.build.scriptsourcedirectory=/home/travis/build/pgjdbc/pgjdbc/ubenchmark/src/main/scripts
[[1;34mINFO[m] Added MAVEN property mvn.project.build.sourcedirectory=/home/travis/build/pgjdbc/pgjdbc/ubenchmark/src/main/java
[[1;34mINFO[m] Added MAVEN property mvn.project.build.testoutputdirectory=/home/travis/build/pgjdbc/pgjdbc/ubenchmark/target/test-classes
[[1;34mINFO[m] Added MAVEN property mvn.project.build.testsourcedirectory=/home/travis/build/pgjdbc/pgjdbc/ubenchmark/src/test/java
[[1;34mINFO[m] Added MAVEN property mvn.project.organization.name=PostgreSQL Global Development Group
[[1;34mINFO[m] Added MAVEN property mvn.project.organization.url=http://jdbc.postgresql.org/
[[1;34mINFO[m] Added MAVEN property mvn.project.activeprofiles=standard-with-extra-repos
[[1;34mINFO[m] Added MAVEN property mvn.project.property.current.jdk=1.8
[[1;34mINFO[m] Added MAVEN property mvn.project.property.postgresql.driver.fullversion=PostgreSQL JDBC${jdbc.specification.version}
[[1;34mINFO[m] Added MAVEN property mvn.project.property.waffle-jna.version=1.7.5
[[1;34mINFO[m] Added MAVEN property mvn.project.property.template.default.pg.port=5432
[[1;34mINFO[m] Added MAVEN property mvn.project.property.skip.unzip-jdk-src=true
[[1;34mINFO[m] Added MAVEN property mvn.project.property.jmh.version=1.17.4
[[1;34mINFO[m] Added MAVEN property mvn.project.property.uberjar.name=benchmarks
[[1;34mINFO[m] Added MAVEN property mvn.project.property.postgresql.jdbc.spec=JDBC${jdbc.specification.version}
[[1;34mINFO[m] Added MAVEN property mvn.project.property.postgresql.preprocessed.test.sources.directory=/home/travis/build/pgjdbc/pgjdbc/ubenchmark/target/gen-test-src
[[1;34mINFO[m] Added MAVEN property mvn.project.property.javac.target=1.8
[[1;34mINFO[m] Added MAVEN property mvn.project.property.project.build.sourceencoding=UTF-8
[[1;34mINFO[m] Added MAVEN property mvn.project.property.postgresql.preprocessed.sources.directory=/home/travis/build/pgjdbc/pgjdbc/ubenchmark/target/gen-src
[[1;34mINFO[m] Added MAVEN property mvn.project.property.unzip.jdk.ant.build.xml=/home/travis/build/pgjdbc/pgjdbc/ubenchmark/target/unzip-jdk-ant.xml
[[1;34mINFO[m] Added MAVEN property mvn.project.property.argline=-Xmx512m
[[1;34mINFO[m] Preprocess sources : /home/travis/build/pgjdbc/pgjdbc/ubenchmark/src/test/java
[[1;34mINFO[m] Preprocess destination : /home/travis/build/pgjdbc/pgjdbc/ubenchmark/target/gen-test-src
[[1;34mINFO[m] -----------------------------------------------------------------
[[1;34mINFO[m] Completed, preprocessed 1 files, copied 0 files, elapsed time 1ms
[[1;34mINFO[m] A Compile source root has been removed from the root list [/home/travis/build/pgjdbc/pgjdbc/ubenchmark/src/test/java]
[[1;34mINFO[m] The New compile source root has been added into the list [/home/travis/build/pgjdbc/pgjdbc/ubenchmark/target/gen-test-src]
[[1;34mINFO[m] 
[[1;34mINFO[m] [1m--- [0;32mmaven-resources-plugin:2.6:testResources[m [1m(default-testResources)[m @ [36mpgjdbc-benchmark[0;1m ---[m
[[1;34mINFO[m] Using 'UTF-8' encoding to copy filtered resources.
[[1;34mINFO[m] skip non existing resourceDirectory /home/travis/build/pgjdbc/pgjdbc/ubenchmark/src/test/resources
[[1;34mINFO[m] 
[[1;34mINFO[m] [1m--- [0;32mmaven-compiler-plugin:3.3:testCompile[m [1m(default-testCompile)[m @ [36mpgjdbc-benchmark[0;1m ---[m
[[1;34mINFO[m] Nothing to compile - all classes are up to date
[[1;34mINFO[m] 
[[1;34mINFO[m] [1m--- [0;32mmaven-surefire-plugin:2.18.1:test[m [1m(default-test)[m @ [36mpgjdbc-benchmark[0;1m ---[m
[[1;34mINFO[m] Tests are skipped.
[[1;34mINFO[m] 
[[1;34mINFO[m] [1m--- [0;32mmaven-jar-plugin:2.6:jar[m [1m(default-jar)[m @ [36mpgjdbc-benchmark[0;1m ---[m
[[1;34mINFO[m] 
[[1;34mINFO[m] [1m--- [0;32mmaven-shade-plugin:2.2:shade[m [1m(default)[m @ [36mpgjdbc-benchmark[0;1m ---[m
[[1;34mINFO[m] Including org.openjdk.jmh:jmh-core:jar:1.17.4 in the shaded jar.
[[1;34mINFO[m] Including net.sf.jopt-simple:jopt-simple:jar:4.6 in the shaded jar.
[[1;34mINFO[m] Including org.apache.commons:commons-math3:jar:3.2 in the shaded jar.
[[1;34mINFO[m] Including org.postgresql:postgresql:jar:42.2.2-SNAPSHOT in the shaded jar.
[[1;34mINFO[m] Including com.ongres.scram:client:jar:1.0.0-beta.2 in the shaded jar.
[[1;34mINFO[m] Including com.ongres.scram:common:jar:1.0.0-beta.2 in the shaded jar.
[[1;34mINFO[m] Replacing /home/travis/build/pgjdbc/pgjdbc/ubenchmark/target/benchmarks.jar with /home/travis/build/pgjdbc/pgjdbc/ubenchmark/target/pgjdbc-benchmark-42.2.2-SNAPSHOT-shaded.jar
[[1;34mINFO[m] 
[[1;34mINFO[m] [1m--- [0;32mmaven-install-plugin:2.5.1:install[m [1m(default-install)[m @ [36mpgjdbc-benchmark[0;1m ---[m
[[1;34mINFO[m] Installing /home/travis/build/pgjdbc/pgjdbc/ubenchmark/target/pgjdbc-benchmark-42.2.2-SNAPSHOT.jar to /home/travis/.m2/repository/org/postgresql/pgjdbc-benchmark/42.2.2-SNAPSHOT/pgjdbc-benchmark-42.2.2-SNAPSHOT.jar
[[1;34mINFO[m] Installing /home/travis/build/pgjdbc/pgjdbc/ubenchmark/pom.xml to /home/travis/.m2/repository/org/postgresql/pgjdbc-benchmark/42.2.2-SNAPSHOT/pgjdbc-benchmark-42.2.2-SNAPSHOT.pom
[[1;34mINFO[m] 
[[1;34mINFO[m] [1m------------------------------------------------------------------------[m
[[1;34mINFO[m] [1mBuilding PostgreSQL JDBC Driver aggregate 42.2.2-SNAPSHOT[m
[[1;34mINFO[m] [1m------------------------------------------------------------------------[m
[[1;34mINFO[m] 
[[1;34mINFO[m] [1m--- [0;32mmaven-install-plugin:2.5.1:install[m [1m(default-install)[m @ [36mpgjdbc-aggregate[0;1m ---[m
[[1;34mINFO[m] Installing /home/travis/build/pgjdbc/pgjdbc/pom.xml to /home/travis/.m2/repository/org/postgresql/pgjdbc-aggregate/42.2.2-SNAPSHOT/pgjdbc-aggregate-42.2.2-SNAPSHOT.pom
[[1;34mINFO[m] [1m------------------------------------------------------------------------[m
[[1;34mINFO[m] [1mReactor Summary:[m
[[1;34mINFO[m] 
[[1;34mINFO[m] PostgreSQL JDBC Driver - JDBC 4.2 .................. [1;32mSUCCESS[m [  7.791 s]
[[1;34mINFO[m] PostgreSQL JDBC Driver - benchmarks ................ [1;32mSUCCESS[m [  2.039 s]
[[1;34mINFO[m] PostgreSQL JDBC Driver aggregate ................... [1;32mSUCCESS[m [  0.006 s]
[[1;34mINFO[m] [1m------------------------------------------------------------------------[m
[[1;34mINFO[m] [1;32mBUILD SUCCESS[m
[[1;34mINFO[m] [1m------------------------------------------------------------------------[m
[[1;34mINFO[m] Total time: 11.524 s
[[1;34mINFO[m] Finished at: 2018-03-10T11:47:58Z
[[1;34mINFO[m] Final Memory: 40M/800M
[[1;34mINFO[m] [1m------------------------------------------------------------------------[m
+mkdir -p /home/travis/.sbt/launchers/0.13.12
+curl -L -o /home/travis/.sbt/launchers/0.13.12/sbt-launch.jar http://dl.bintray.com/typesafe/ivy-releases/org.scala-sbt/sbt-launch/0.13.12/sbt-launch.jar
  % Total    % Received % Xferd  Average Speed   Time    Time     Time  Current
                                 Dload  Upload   Total   Spent    Left  Speed
  0     0    0     0    0     0      0      0 --:--:-- --:--:-- --:--:--     0  0     0    0     0    0     0      0      0 --:--:-- --:--:-- --:--:--     0
100 1181k  100 1181k    0     0  4305k      0 --:--:-- --:--:-- --:--:-- 4305k
++grep -v '\['
++mvn -B -N org.apache.maven.plugins:maven-help-plugin:2.1.1:evaluate -Dexpression=project.version
Picked up _JAVA_OPTIONS: -Xmx2048m -Xms512m
+PROJECT_VERSION=42.2.2-SNAPSHOT
+cd test-anorm-sbt
+sed -i 's/"org.postgresql" % "postgresql" % "[^"]*"/"org.postgresql" % "postgresql" % "42.2.2-SNAPSHOT"/' build.sbt
+sbt test
Picked up _JAVA_OPTIONS: -Xmx2048m -Xms512m
[0m[[0minfo[0m] [0mLoading project definition from /home/travis/build/pgjdbc/pgjdbc/test-anorm-sbt/project[0m
[0m[[0minfo[0m] [0mSet current project to pgbug (in build file:/home/travis/build/pgjdbc/pgjdbc/test-anorm-sbt/)[0m
[0m[[0minfo[0m] [0mUpdating {file:/home/travis/build/pgjdbc/pgjdbc/test-anorm-sbt/}root...[0m
[0m[[0minfo[0m] [0mResolving org.scala-lang#scala-library;2.11.8 ...[0m
[A[2K[0m[[0minfo[0m] [0mResolving com.typesafe.play#twirl-api_2.11;1.1.1 ...[0m
[A[2K[0m[[0minfo[0m] [0mResolving org.apache.commons#commons-lang3;3.4 ...[0m
[A[2K[0m[[0minfo[0m] [0mResolving org.scala-lang.modules#scala-xml_2.11;1.0.1 ...[0m
[A[2K[0m[[0minfo[0m] [0mResolving com.typesafe.play#play-server_2.11;2.4.3 ...[0m
[A[2K[0m[[0minfo[0m] [0mResolving com.typesafe.play#play_2.11;2.4.3 ...[0m
[A[2K[0m[[0minfo[0m] [0mResolving com.typesafe.play#build-link;2.4.3 ...[0m
[A[2K[0m[[0minfo[0m] [0mResolving com.typesafe.play#play-exceptions;2.4.3 ...[0m
[A[2K[0m[[0minfo[0m] [0mResolving org.javassist#javassist;3.19.0-GA ...[0m
[A[2K[0m[[0minfo[0m] [0mResolving com.typesafe.play#play-iteratees_2.11;2.4.3 ...[0m
[A[2K[0m[[0minfo[0m] [0mResolving org.scala-stm#scala-stm_2.11;0.7 ...[0m
[A[2K[0m[[0minfo[0m] [0mResolving com.typesafe#config;1.3.0 ...[0m
[A[2K[0m[[0minfo[0m] [0mResolving com.typesafe.play#play-json_2.11;2.4.3 ...[0m
[A[2K[0m[[0minfo[0m] [0mResolving com.typesafe.play#play-functional_2.11;2.4.3 ...[0m
[A[2K[0m[[0minfo[0m] [0mResolving com.typesafe.play#play-datacommons_2.11;2.4.3 ...[0m
[A[2K[0m[[0minfo[0m] [0mResolving joda-time#joda-time;2.8.1 ...[0m
[A[2K[0m[[0minfo[0m] [0mResolving org.joda#joda-convert;1.7 ...[0m
[A[2K[0m[[0minfo[0m] [0mResolving org.scala-lang#scala-reflect;2.11.8 ...[0m
[A[2K[0m[[0minfo[0m] [0mResolving com.fasterxml.jackson.core#jackson-core;2.5.4 ...[0m
[A[2K[0m[[0minfo[0m] [0mResolving com.fasterxml.jackson.core#jackson-annotations;2.5.4 ...[0m
[A[2K[0m[[0minfo[0m] [0mResolving com.fasterxml.jackson.core#jackson-databind;2.5.4 ...[0m
[A[2K[0m[[0minfo[0m] [0mResolving com.fasterxml.jackson.datatype#jackson-datatype-jdk8;2.5.4 ...[0m
[A[2K[0m[[0minfo[0m] [0mResolving com.fasterxml.jackson.datatype#jackson-datatype-jsr310;2.5.4 ...[0m
[A[2K[0m[[0minfo[0m] [0mResolving com.typesafe.play#play-netty-utils;2.4.3 ...[0m
[A[2K[0m[[0minfo[0m] [0mResolving org.slf4j#slf4j-api;1.7.12 ...[0m
[A[2K[0m[[0minfo[0m] [0mResolving org.slf4j#jul-to-slf4j;1.7.12 ...[0m
[A[2K[0m[[0minfo[0m] [0mResolving org.slf4j#jcl-over-slf4j;1.7.12 ...[0m
[A[2K[0m[[0minfo[0m] [0mResolving org.scala-lang.modules#scala-parser-combinators_2.11;1.0.1 ...[0m
[A[2K[0m[[0minfo[0m] [0mResolving ch.qos.logback#logback-core;1.1.3 ...[0m
[A[2K[0m[[0minfo[0m] [0mResolving ch.qos.logback#logback-classic;1.1.3 ...[0m
[A[2K[0m[[0minfo[0m] [0mResolving com.typesafe.akka#akka-actor_2.11;2.3.13 ...[0m
[A[2K[0m[[0minfo[0m] [0mResolving com.typesafe.akka#akka-slf4j_2.11;2.3.13 ...[0m
[A[2K[0m[[0minfo[0m] [0mResolving commons-codec#commons-codec;1.10 ...[0m
[A[2K[0m[[0minfo[0m] [0mResolving xerces#xercesImpl;2.11.0 ...[0m
[A[2K[0m[[0minfo[0m] [0mResolving xml-apis#xml-apis;1.4.01 ...[0m
[A[2K[0m[[0minfo[0m] [0mResolving javax.transaction#jta;1.1 ...[0m
[A[2K[0m[[0minfo[0m] [0mResolving com.google.inject#guice;4.0 ...[0m
[A[2K[0m[[0minfo[0m] [0mResolving javax.inject#javax.inject;1 ...[0m
[A[2K[0m[[0minfo[0m] [0mResolving aopalliance#aopalliance;1.0 ...[0m
[A[2K[0m[[0minfo[0m] [0mResolving com.google.guava#guava;16.0.1 ...[0m
[A[2K[0m[[0minfo[0m] [0mResolving com.google.inject.extensions#guice-assistedinject;4.0 ...[0m
[A[2K[0m[[0minfo[0m] [0mResolving com.typesafe.play#play-netty-server_2.11;2.4.3 ...[0m
[A[2K[0m[[0minfo[0m] [0mResolving io.netty#netty;3.10.4.Final ...[0m
[A[2K[0m[[0minfo[0m] [0mResolving com.typesafe.netty#netty-http-pipelining;1.1.4 ...[0m
[A[2K[0m[[0minfo[0m] [0mResolving com.typesafe.play#play-jdbc_2.11;2.4.3 ...[0m
[A[2K[0m[[0minfo[0m] [0mResolving com.typesafe.play#play-jdbc-api_2.11;2.4.3 ...[0m
[A[2K[0m[[0minfo[0m] [0mResolving com.jolbox#bonecp;0.8.0.RELEASE ...[0m
[A[2K[0m[[0minfo[0m] [0mResolving com.zaxxer#HikariCP;2.3.7 ...[0m
[A[2K[0m[[0minfo[0m] [0mResolving com.h2database#h2;1.4.187 ...[0m
[A[2K[0m[[0minfo[0m] [0mResolving tyrex#tyrex;1.0.1 ...[0m
[A[2K[0m[[0minfo[0m] [0mResolving com.typesafe.play#anorm_2.11;2.5.2 ...[0m
[A[2K[0m[[0minfo[0m] [0mResolving com.typesafe.play#anorm-tokenizer_2.11;2.5.2 ...[0m
[A[2K[0m[[0minfo[0m] [0mResolving com.jsuereth#scala-arm_2.11;1.4 ...[0m
[A[2K[0m[[0minfo[0m] [0mResolving org.scala-lang.plugins#scala-continuations-library_2.11;1.0.1 ...[0m
[A[2K[0m[[0minfo[0m] [0mResolving joda-time#joda-time;2.9.2 ...[0m
[A[2K[0m[[0minfo[0m] [0mResolving org.joda#joda-convert;1.8.1 ...[0m
[A[2K[0m[[0minfo[0m] [0mResolving org.scala-lang.modules#scala-parser-combinators_2.11;1.0.4 ...[0m
[A[2K[0m[[0minfo[0m] [0mResolving org.postgresql#postgresql;42.2.2-SNAPSHOT ...[0m
[A[2K[0m[[0minfo[0m] [0mResolving org.postgresql#postgresql;42.2.2-SNAPSHOT ...[0m
[A[2K[0m[[0minfo[0m] [0mResolving org.postgresql#pgjdbc-core-parent;1.1.3 ...[0m
[A[2K[0m[[0minfo[0m] [0mResolving org.postgresql#pgjdbc-core-parent;1.1.3 ...[0m
[A[2K[0m[[0minfo[0m] [0mResolving com.typesafe.play#play-test_2.11;2.4.3 ...[0m
[A[2K[0m[[0minfo[0m] [0mResolving junit#junit;4.12 ...[0m
[A[2K[0m[[0minfo[0m] [0mResolving org.hamcrest#hamcrest-core;1.3 ...[0m
[A[2K[0m[[0minfo[0m] [0mResolving com.novocode#junit-interface;0.11 ...[0m
[A[2K[0m[[0minfo[0m] [0mResolving org.scala-sbt#test-interface;1.0 ...[0m
[A[2K[0m[[0minfo[0m] [0mResolving com.google.guava#guava;18.0 ...[0m
[A[2K[0m[[0minfo[0m] [0mResolving com.google.code.findbugs#jsr305;2.0.3 ...[0m
[A[2K[0m[[0minfo[0m] [0mResolving org.fluentlenium#fluentlenium-core;0.10.3 ...[0m
[A[2K[0m[[0minfo[0m] [0mResolving org.seleniumhq.selenium#selenium-java;2.44.0 ...[0m
[A[2K[0m[[0minfo[0m] [0mResolving org.seleniumhq.selenium#selenium-chrome-driver;2.44.0 ...[0m
[A[2K[0m[[0minfo[0m] [0mResolving org.seleniumhq.selenium#selenium-remote-driver;2.44.0 ...[0m
[A[2K[0m[[0minfo[0m] [0mResolving cglib#cglib-nodep;2.1_3 ...[0m
[A[2K[0m[[0minfo[0m] [0mResolving com.google.code.gson#gson;2.3 ...[0m
[A[2K[0m[[0minfo[0m] [0mResolving org.seleniumhq.selenium#selenium-api;2.44.0 ...[0m
[A[2K[0m[[0minfo[0m] [0mResolving org.apache.httpcomponents#httpclient;4.3.4 ...[0m
[A[2K[0m[[0minfo[0m] [0mResolving org.apache.httpcomponents#httpcore;4.3.2 ...[0m
[A[2K[0m[[0minfo[0m] [0mResolving commons-logging#commons-logging;1.1.3 ...[0m
[A[2K[0m[[0minfo[0m] [0mResolving org.apache.commons#commons-exec;1.1 ...[0m
[A[2K[0m[[0minfo[0m] [0mResolving net.java.dev.jna#jna;3.4.0 ...[0m
[A[2K[0m[[0minfo[0m] [0mResolving net.java.dev.jna#platform;3.4.0 ...[0m
[A[2K[0m[[0minfo[0m] [0mResolving org.seleniumhq.selenium#selenium-htmlunit-driver;2.44.0 ...[0m
[A[2K[0m[[0minfo[0m] [0mResolving net.sourceforge.htmlunit#htmlunit;2.15 ...[0m
[A[2K[0m[[0minfo[0m] [0mResolving xalan#xalan;2.7.1 ...[0m
[A[2K[0m[[0minfo[0m] [0mResolving xalan#serializer;2.7.1 ...[0m
[A[2K[0m[[0minfo[0m] [0mResolving commons-collections#commons-collections;3.2.1 ...[0m
[A[2K[0m[[0minfo[0m] [0mResolving org.apache.httpcomponents#httpmime;4.3.3 ...[0m
[A[2K[0m[[0minfo[0m] [0mResolving net.sourceforge.htmlunit#htmlunit-core-js;2.15 ...[0m
[A[2K[0m[[0minfo[0m] [0mResolving net.sourceforge.nekohtml#nekohtml;1.9.21 ...[0m
[A[2K[0m[[0minfo[0m] [0mResolving net.sourceforge.cssparser#cssparser;0.9.14 ...[0m
[A[2K[0m[[0minfo[0m] [0mResolving org.w3c.css#sac;1.3 ...[0m
[A[2K[0m[[0minfo[0m] [0mResolving commons-io#commons-io;2.4 ...[0m
[A[2K[0m[[0minfo[0m] [0mResolving org.eclipse.jetty#jetty-websocket;8.1.15.v20140411 ...[0m
[A[2K[0m[[0minfo[0m] [0mResolving org.eclipse.jetty#jetty-util;8.1.15.v20140411 ...[0m
[A[2K[0m[[0minfo[0m] [0mResolving org.eclipse.jetty#jetty-io;8.1.15.v20140411 ...[0m
[A[2K[0m[[0minfo[0m] [0mResolving org.eclipse.jetty#jetty-http;8.1.15.v20140411 ...[0m
[A[2K[0m[[0minfo[0m] [0mResolving org.seleniumhq.selenium#selenium-firefox-driver;2.44.0 ...[0m
[A[2K[0m[[0minfo[0m] [0mResolving org.seleniumhq.selenium#selenium-ie-driver;2.44.0 ...[0m
[A[2K[0m[[0minfo[0m] [0mResolving org.seleniumhq.selenium#selenium-safari-driver;2.44.0 ...[0m
[A[2K[0m[[0minfo[0m] [0mResolving org.webbitserver#webbit;0.4.14 ...[0m
[A[2K[0m[[0minfo[0m] [0mResolving org.seleniumhq.selenium#selenium-support;2.44.0 ...[0m
[A[2K[0m[[0minfo[0m] [0mResolving org.scalatestplus#play_2.11;1.4.0 ...[0m
[A[2K[0m[[0minfo[0m] [0mResolving org.scalatest#scalatest_2.11;2.2.6 ...[0m
[A[2K[0m[[0minfo[0m] [0mResolving org.scala-lang.modules#scala-xml_2.11;1.0.2 ...[0m
[A[2K[0m[[0minfo[0m] [0mResolving com.typesafe.play#play-test_2.11;2.4.6 ...[0m
[A[2K[0m[[0minfo[0m] [0mResolving com.typesafe.play#play-netty-server_2.11;2.4.6 ...[0m
[A[2K[0m[[0minfo[0m] [0mResolving com.typesafe.play#play-server_2.11;2.4.6 ...[0m
[A[2K[0m[[0minfo[0m] [0mResolving com.typesafe.play#play_2.11;2.4.6 ...[0m
[A[2K[0m[[0minfo[0m] [0mResolving com.typesafe.play#build-link;2.4.6 ...[0m
[A[2K[0m[[0minfo[0m] [0mResolving com.typesafe.play#play-exceptions;2.4.6 ...[0m
[A[2K[0m[[0minfo[0m] [0mResolving com.typesafe.play#play-iteratees_2.11;2.4.6 ...[0m
[A[2K[0m[[0minfo[0m] [0mResolving com.typesafe.play#play-json_2.11;2.4.6 ...[0m
[A[2K[0m[[0minfo[0m] [0mResolving com.typesafe.play#play-functional_2.11;2.4.6 ...[0m
[A[2K[0m[[0minfo[0m] [0mResolving com.typesafe.play#play-datacommons_2.11;2.4.6 ...[0m
[A[2K[0m[[0minfo[0m] [0mResolving com.typesafe.play#play-netty-utils;2.4.6 ...[0m
[A[2K[0m[[0minfo[0m] [0mResolving org.seleniumhq.selenium#selenium-java;2.48.2 ...[0m
[A[2K[0m[[0minfo[0m] [0mResolving org.seleniumhq.selenium#selenium-chrome-driver;2.48.2 ...[0m
[A[2K[0m[[0minfo[0m] [0mResolving org.seleniumhq.selenium#selenium-remote-driver;2.48.2 ...[0m
[A[2K[0m[[0minfo[0m] [0mResolving com.google.code.gson#gson;2.3.1 ...[0m
[A[2K[0m[[0minfo[0m] [0mResolving org.seleniumhq.selenium#selenium-api;2.48.2 ...[0m
[A[2K[0m[[0minfo[0m] [0mResolving org.apache.httpcomponents#httpclient;4.5.1 ...[0m
[A[2K[0m[[0minfo[0m] [0mResolving org.apache.httpcomponents#httpcore;4.4.3 ...[0m
[A[2K[0m[[0minfo[0m] [0mResolving commons-logging#commons-logging;1.2 ...[0m
[A[2K[0m[[0minfo[0m] [0mResolving org.apache.commons#commons-exec;1.3 ...[0m
[A[2K[0m[[0minfo[0m] [0mResolving net.java.dev.jna#jna;4.1.0 ...[0m
[A[2K[0m[[0minfo[0m] [0mResolving net.java.dev.jna#jna-platform;4.1.0 ...[0m
[A[2K[0m[[0minfo[0m] [0mResolving org.seleniumhq.selenium#selenium-edge-driver;2.48.2 ...[0m
[A[2K[0m[[0minfo[0m] [0mResolving org.seleniumhq.selenium#selenium-htmlunit-driver;2.48.2 ...[0m
[A[2K[0m[[0minfo[0m] [0mResolving org.seleniumhq.selenium#selenium-support;2.48.2 ...[0m
[A[2K[0m[[0minfo[0m] [0mResolving net.sourceforge.htmlunit#htmlunit;2.18 ...[0m
[A[2K[0m[[0minfo[0m] [0mResolving xalan#xalan;2.7.2 ...[0m
[A[2K[0m[[0minfo[0m] [0mResolving xalan#serializer;2.7.2 ...[0m
[A[2K[0m[[0minfo[0m] [0mResolving org.apache.httpcomponents#httpmime;4.5 ...[0m
[A[2K[0m[[0minfo[0m] [0mResolving net.sourceforge.htmlunit#htmlunit-core-js;2.17 ...[0m
[A[2K[0m[[0minfo[0m] [0mResolving net.sourceforge.nekohtml#nekohtml;1.9.22 ...[0m
[A[2K[0m[[0minfo[0m] [0mResolving net.sourceforge.cssparser#cssparser;0.9.16 ...[0m
[A[2K[0m[[0minfo[0m] [0mResolving org.eclipse.jetty.websocket#websocket-client;9.2.12.v20150709 ...[0m
[A[2K[0m[[0minfo[0m] [0mResolving org.eclipse.jetty#jetty-util;9.2.12.v20150709 ...[0m
[A[2K[0m[[0minfo[0m] [0mResolving org.eclipse.jetty#jetty-io;9.2.12.v20150709 ...[0m
[A[2K[0m[[0minfo[0m] [0mResolving org.eclipse.jetty.websocket#websocket-common;9.2.12.v20150709 ...[0m
[A[2K[0m[[0minfo[0m] [0mResolving org.eclipse.jetty.websocket#websocket-api;9.2.12.v20150709 ...[0m
[A[2K[0m[[0minfo[0m] [0mResolving org.seleniumhq.selenium#selenium-firefox-driver;2.48.2 ...[0m
[A[2K[0m[[0minfo[0m] [0mResolving org.seleniumhq.selenium#selenium-ie-driver;2.48.2 ...[0m
[A[2K[0m[[0minfo[0m] [0mResolving org.seleniumhq.selenium#selenium-safari-driver;2.48.2 ...[0m
[A[2K[0m[[0minfo[0m] [0mResolving org.seleniumhq.selenium#selenium-leg-rc;2.48.2 ...[0m
[A[2K[0m[[0minfo[0m] [0mResolving com.typesafe.play#play-ws_2.11;2.4.6 ...[0m
[A[2K[0m[[0minfo[0m] [0mResolving com.ning#async-http-client;1.9.21 ...[0m
[A[2K[0m[[0minfo[0m] [0mResolving oauth.signpost#signpost-core;1.2.1.2 ...[0m
[A[2K[0m[[0minfo[0m] [0mResolving oauth.signpost#signpost-commonshttp4;1.2.1.2 ...[0m
[A[2K[0m[[0minfo[0m] [0mResolving com.typesafe.play#play-omnidoc_2.11;2.4.3 ...[0m
[A[2K[0m[[0minfo[0m] [0mResolving com.typesafe.play#play-docs_2.11;2.4.3 ...[0m
[A[2K[0m[[0minfo[0m] [0mResolving com.typesafe.play#play-doc_2.11;1.2.2 ...[0m
[A[2K[0m[[0minfo[0m] [0mResolving org.pegdown#pegdown;1.4.0 ...[0m
[A[2K[0m[[0minfo[0m] [0mResolving org.parboiled#parboiled-java;1.1.5 ...[0m
[A[2K[0m[[0minfo[0m] [0mResolving org.parboiled#parboiled-core;1.1.5 ...[0m
[A[2K[0m[[0minfo[0m] [0mResolving org.ow2.asm#asm;4.1 ...[0m
[A[2K[0m[[0minfo[0m] [0mResolving org.ow2.asm#asm-tree;4.1 ...[0m
[A[2K[0m[[0minfo[0m] [0mResolving org.ow2.asm#asm-analysis;4.1 ...[0m
[A[2K[0m[[0minfo[0m] [0mResolving org.ow2.asm#asm-util;4.1 ...[0m
[A[2K[0m[[0minfo[0m] [0mResolving org.scala-lang#scala-compiler;2.11.8 ...[0m
[A[2K[0m[[0minfo[0m] [0mResolving org.scala-lang.modules#scala-xml_2.11;1.0.4 ...[0m
[A[2K[0m[[0minfo[0m] [0mResolving jline#jline;2.12.1 ...[0m
[0m[[0minfo[0m] [0mDone updating.[0m
[0m[[0minfo[0m] [0mCompiling 1 Scala source to /home/travis/build/pgjdbc/pgjdbc/test-anorm-sbt/target/scala-2.11/test-classes...[0m
Picked up _JAVA_OPTIONS: -Xmx2048m -Xms512m
[0m[[0minfo[0m] [0m[32mExampleSpec:[0m[0m
[[37minfo[0m] application - Creating Pool for datasource 'default'
[0m[[0minfo[0m] [0m[32m- example[0m[0m
[[37minfo[0m] application - Shutting down connection pool.
[0m[[0minfo[0m] [0mScalaTest[0m
[0m[[0minfo[0m] [0m[36mRun completed in 5 seconds, 631 milliseconds.[0m[0m
[0m[[0minfo[0m] [0m[36mTotal number of tests run: 1[0m[0m
[0m[[0minfo[0m] [0m[36mSuites: completed 1, aborted 0[0m[0m
[0m[[0minfo[0m] [0m[36mTests: succeeded 1, failed 0, canceled 0, ignored 0, pending 0[0m[0m
[0m[[0minfo[0m] [0m[32mAll tests passed.[0m[0m
[0m[[0minfo[0m] [0mPassed: Total 1, Failed 0, Errors 0, Passed 1[0m
[0m[[32msuccess[0m] [0mTotal time: 25 s, completed Mar 10, 2018 11:48:56 AM[0m
+cd ..

travis_time:end:0255f508:start=1520682279940023944,finish=1520682536979912113,duration=257039888169[0K
[32;1mThe command "if [[ $TRAVIS_BRANCH == release/* ]]; then .travis/travis_release.sh; else ./.travis/travis_build.sh; fi" exited with 0.[0m
travis_time:start:0820e380[0K$ ./.travis/travis_check_postgres_health.sh

travis_time:end:0820e380:start=1520682536988499114,finish=1520682537001033463,duration=12534349[0K
[32;1mThe command "./.travis/travis_check_postgres_health.sh" exited with 0.[0m
travis_fold:start:before_cache.1[0Ktravis_time:start:006396f5[0K$ rm -rf $HOME/.m2/repository/org/postgresql

travis_time:end:006396f5:start=1520682537009404200,finish=1520682537019271986,duration=9867786[0Ktravis_fold:end:before_cache.1[0Ktravis_fold:start:before_cache.2[0Ktravis_time:start:14b808f0[0K$ find $HOME/.ivy2 -name "ivydata-*.properties" -delete

travis_time:end:14b808f0:start=1520682537027683492,finish=1520682537067560001,duration=39876509[0Ktravis_fold:end:before_cache.2[0Ktravis_fold:start:before_cache.3[0Ktravis_time:start:00cd4387[0K$ find $HOME/.sbt -name "*.lock" -delete

travis_time:end:00cd4387:start=1520682537075744862,finish=1520682537084771838,duration=9026976[0Ktravis_fold:end:before_cache.3[0Ktravis_fold:start:cache.2[0Kstore build cache
travis_time:start:0d67efb6[0K
travis_time:end:0d67efb6:start=1520682537093388967,finish=1520682537100173439,duration=6784472[0Ktravis_time:start:210027cc[0K[32;1mchange detected (content changed, file is created, or file is deleted):
/home/travis/.ivy2/cache/org.postgresql/postgresql/ivy-42.2.2-SNAPSHOT.xml
/home/travis/.m2/repository/repository.xml

[0m
[32;1mchanges detected, packing new archive[0m
.
.
.
[32;1muploading archive[0m

travis_time:end:210027cc:start=1520682537108260733,finish=1520682557584011011,duration=20475750278[0Ktravis_fold:end:cache.2[0Ktravis_fold:start:after_success[0Ktravis_time:start:006a5748[0K$ test $TRAVIS_PULL_REQUEST == 'false' && test $TRAVIS_BRANCH == 'master' && test $MCENTRAL == 'Y' && ./.travis/travis_deploy.sh

travis_time:end:006a5748:start=1520682557592484507,finish=1520682557598903271,duration=6418764[0Ktravis_fold:end:after_success[0K
Done. Your build exited with 0.
