Using worker: worker-linux-docker-0eafe9e7.prod.travis-ci.org:travis-linux-5

travis_fold:start:system_info[0K[33;1mBuild system information[0m
Build language: java
[34m[1mBuild image provisioning date and time[0m
Thu Feb  5 15:09:33 UTC 2015
[34m[1mOperating System Details[0m
Distributor ID:	Ubuntu
Description:	Ubuntu 12.04.5 LTS
Release:	12.04
Codename:	precise
[34m[1mLinux Version[0m
3.13.0-29-generic
[34m[1mCookbooks Version[0m
a68419e https://github.com/travis-ci/travis-cookbooks/tree/a68419e
[34m[1mGCC version[0m
gcc (Ubuntu/Linaro 4.6.3-1ubuntu5) 4.6.3
Copyright (C) 2011 Free Software Foundation, Inc.
This is free software; see the source for copying conditions.  There is NO
warranty; not even for MERCHANTABILITY or FITNESS FOR A PARTICULAR PURPOSE.

[34m[1mLLVM version[0m
clang version 3.4 (tags/RELEASE_34/final)
Target: x86_64-unknown-linux-gnu
Thread model: posix
[34m[1mPre-installed Ruby versions[0m
ruby-1.9.3-p551
[34m[1mPre-installed Node.js versions[0m
v0.10.36
[34m[1mPre-installed Go versions[0m
1.4.1
[34m[1mRedis version[0m
redis-server 2.8.19
[34m[1mriak version[0m
2.0.2
[34m[1mMongoDB version[0m
MongoDB 2.4.12
[34m[1mCouchDB version[0m
couchdb 1.6.1
[34m[1mNeo4j version[0m
1.9.4
[34m[1mRabbitMQ Version[0m
3.4.3
[34m[1mElasticSearch version[0m
1.4.0
[34m[1mInstalled Sphinx versions[0m
2.0.10
2.1.9
2.2.6
[34m[1mDefault Sphinx version[0m
2.2.6
[34m[1mInstalled Firefox version[0m
firefox 31.0esr
[34m[1mPhantomJS version[0m
1.9.8
[34m[1mant -version[0m
Apache Ant(TM) version 1.8.2 compiled on December 3 2011
[34m[1mmvn -version[0m
Apache Maven 3.2.5 (12a6b3acb947671f09b81f49094c53f426d8cea1; 2014-12-14T17:29:23+00:00)
Maven home: /usr/local/maven
Java version: 1.7.0_76, vendor: Oracle Corporation
Java home: /usr/lib/jvm/java-7-oracle/jre
Default locale: en_US, platform encoding: ANSI_X3.4-1968
OS name: "linux", version: "3.13.0-29-generic", arch: "amd64", family: "unix"
travis_fold:end:system_info[0K
travis_fold:start:git.checkout[0Ktravis_time:start:0f89ef68[0K$ git clone --depth=50 --branch=master https://github.com/rackerlabs/blueflood.git rackerlabs/blueflood
Cloning into 'rackerlabs/blueflood'...
remote: Counting objects: 7848, done.[K
remote: Compressing objects:   0% (1/2950)   [Kremote: Compressing objects:   1% (30/2950)   [Kremote: Compressing objects:   2% (59/2950)   [Kremote: Compressing objects:   3% (89/2950)   [Kremote: Compressing objects:   4% (118/2950)   [Kremote: Compressing objects:   5% (148/2950)   [Kremote: Compressing objects:   6% (177/2950)   [Kremote: Compressing objects:   7% (207/2950)   [Kremote: Compressing objects:   8% (236/2950)   [Kremote: Compressing objects:   9% (266/2950)   [Kremote: Compressing objects:  10% (295/2950)   [Kremote: Compressing objects:  11% (325/2950)   [Kremote: Compressing objects:  12% (354/2950)   [Kremote: Compressing objects:  13% (384/2950)   [Kremote: Compressing objects:  14% (413/2950)   [Kremote: Compressing objects:  15% (443/2950)   [Kremote: Compressing objects:  16% (472/2950)   [Kremote: Compressing objects:  17% (502/2950)   [Kremote: Compressing objects:  18% (531/2950)   [Kremote: Compressing objects:  19% (561/2950)   [Kremote: Compressing objects:  20% (590/2950)   [Kremote: Compressing objects:  21% (620/2950)   [Kremote: Compressing objects:  22% (649/2950)   [Kremote: Compressing objects:  23% (679/2950)   [Kremote: Compressing objects:  24% (708/2950)   [Kremote: Compressing objects:  25% (738/2950)   [Kremote: Compressing objects:  26% (767/2950)   [Kremote: Compressing objects:  27% (797/2950)   [Kremote: Compressing objects:  28% (826/2950)   [Kremote: Compressing objects:  29% (856/2950)   [Kremote: Compressing objects:  30% (885/2950)   [Kremote: Compressing objects:  31% (915/2950)   [Kremote: Compressing objects:  32% (944/2950)   [Kremote: Compressing objects:  33% (974/2950)   [Kremote: Compressing objects:  34% (1003/2950)   [Kremote: Compressing objects:  35% (1033/2950)   [Kremote: Compressing objects:  36% (1062/2950)   [Kremote: Compressing objects:  37% (1092/2950)   [Kremote: Compressing objects:  38% (1121/2950)   [Kremote: Compressing objects:  39% (1151/2950)   [Kremote: Compressing objects:  40% (1180/2950)   [Kremote: Compressing objects:  41% (1210/2950)   [Kremote: Compressing objects:  42% (1239/2950)   [Kremote: Compressing objects:  43% (1269/2950)   [Kremote: Compressing objects:  44% (1298/2950)   [Kremote: Compressing objects:  45% (1328/2950)   [Kremote: Compressing objects:  46% (1357/2950)   [Kremote: Compressing objects:  47% (1387/2950)   [Kremote: Compressing objects:  48% (1416/2950)   [Kremote: Compressing objects:  49% (1446/2950)   [Kremote: Compressing objects:  50% (1475/2950)   [Kremote: Compressing objects:  51% (1505/2950)   [Kremote: Compressing objects:  52% (1534/2950)   [Kremote: Compressing objects:  53% (1564/2950)   [Kremote: Compressing objects:  54% (1593/2950)   [Kremote: Compressing objects:  55% (1623/2950)   [Kremote: Compressing objects:  56% (1652/2950)   [Kremote: Compressing objects:  57% (1682/2950)   [Kremote: Compressing objects:  58% (1711/2950)   [Kremote: Compressing objects:  59% (1741/2950)   [Kremote: Compressing objects:  60% (1770/2950)   [Kremote: Compressing objects:  61% (1800/2950)   [Kremote: Compressing objects:  62% (1829/2950)   [Kremote: Compressing objects:  63% (1859/2950)   [Kremote: Compressing objects:  64% (1888/2950)   [Kremote: Compressing objects:  65% (1918/2950)   [Kremote: Compressing objects:  66% (1947/2950)   [Kremote: Compressing objects:  67% (1977/2950)   [Kremote: Compressing objects:  68% (2006/2950)   [Kremote: Compressing objects:  69% (2036/2950)   [Kremote: Compressing objects:  70% (2065/2950)   [Kremote: Compressing objects:  71% (2095/2950)   [Kremote: Compressing objects:  72% (2124/2950)   [Kremote: Compressing objects:  73% (2154/2950)   [Kremote: Compressing objects:  74% (2183/2950)   [Kremote: Compressing objects:  75% (2213/2950)   [Kremote: Compressing objects:  76% (2242/2950)   [Kremote: Compressing objects:  77% (2272/2950)   [Kremote: Compressing objects:  78% (2301/2950)   [Kremote: Compressing objects:  79% (2331/2950)   [Kremote: Compressing objects:  80% (2360/2950)   [Kremote: Compressing objects:  81% (2390/2950)   [Kremote: Compressing objects:  82% (2419/2950)   [Kremote: Compressing objects:  83% (2449/2950)   [Kremote: Compressing objects:  84% (2478/2950)   [Kremote: Compressing objects:  85% (2508/2950)   [Kremote: Compressing objects:  86% (2537/2950)   [Kremote: Compressing objects:  87% (2567/2950)   [Kremote: Compressing objects:  88% (2596/2950)   [Kremote: Compressing objects:  89% (2626/2950)   [Kremote: Compressing objects:  90% (2655/2950)   [Kremote: Compressing objects:  91% (2685/2950)   [Kremote: Compressing objects:  92% (2714/2950)   [Kremote: Compressing objects:  93% (2744/2950)   [Kremote: Compressing objects:  94% (2773/2950)   [Kremote: Compressing objects:  95% (2803/2950)   [Kremote: Compressing objects:  96% (2832/2950)   [Kremote: Compressing objects:  97% (2862/2950)   [Kremote: Compressing objects:  98% (2891/2950)   [Kremote: Compressing objects:  99% (2921/2950)   [Kremote: Compressing objects: 100% (2950/2950)   [Kremote: Compressing objects: 100% (2950/2950), done.[K
Receiving objects:   0% (1/7848)   Receiving objects:   1% (79/7848)   Receiving objects:   2% (157/7848)   Receiving objects:   3% (236/7848)   Receiving objects:   4% (314/7848)   Receiving objects:   5% (393/7848)   Receiving objects:   6% (471/7848)   Receiving objects:   7% (550/7848)   Receiving objects:   8% (628/7848)   Receiving objects:   9% (707/7848)   Receiving objects:  10% (785/7848)   Receiving objects:  11% (864/7848)   Receiving objects:  12% (942/7848)   Receiving objects:  13% (1021/7848)   Receiving objects:  14% (1099/7848)   Receiving objects:  15% (1178/7848)   Receiving objects:  16% (1256/7848)   Receiving objects:  17% (1335/7848)   Receiving objects:  18% (1413/7848)   Receiving objects:  19% (1492/7848)   Receiving objects:  20% (1570/7848)   Receiving objects:  21% (1649/7848)   Receiving objects:  22% (1727/7848)   Receiving objects:  23% (1806/7848)   Receiving objects:  24% (1884/7848)   Receiving objects:  25% (1962/7848)   Receiving objects:  26% (2041/7848)   Receiving objects:  27% (2119/7848)   Receiving objects:  28% (2198/7848)   Receiving objects:  29% (2276/7848)   Receiving objects:  30% (2355/7848)   Receiving objects:  31% (2433/7848)   Receiving objects:  32% (2512/7848)   Receiving objects:  33% (2590/7848)   Receiving objects:  34% (2669/7848)   Receiving objects:  35% (2747/7848)   Receiving objects:  36% (2826/7848)   Receiving objects:  37% (2904/7848)   Receiving objects:  38% (2983/7848)   Receiving objects:  39% (3061/7848)   Receiving objects:  40% (3140/7848)   Receiving objects:  41% (3218/7848)   Receiving objects:  42% (3297/7848)   Receiving objects:  43% (3375/7848)   Receiving objects:  44% (3454/7848)   Receiving objects:  45% (3532/7848)   Receiving objects:  46% (3611/7848)   Receiving objects:  47% (3689/7848)   Receiving objects:  48% (3768/7848)   Receiving objects:  49% (3846/7848)   Receiving objects:  50% (3924/7848)   Receiving objects:  51% (4003/7848)   Receiving objects:  52% (4081/7848)   Receiving objects:  53% (4160/7848)   Receiving objects:  54% (4238/7848)   Receiving objects:  55% (4317/7848)   Receiving objects:  56% (4395/7848)   Receiving objects:  57% (4474/7848)   Receiving objects:  58% (4552/7848)   Receiving objects:  59% (4631/7848)   Receiving objects:  60% (4709/7848)   Receiving objects:  61% (4788/7848)   Receiving objects:  62% (4866/7848)   Receiving objects:  63% (4945/7848)   Receiving objects:  64% (5023/7848)   Receiving objects:  65% (5102/7848)   Receiving objects:  66% (5180/7848)   Receiving objects:  67% (5259/7848)   Receiving objects:  68% (5337/7848)   Receiving objects:  69% (5416/7848)   Receiving objects:  70% (5494/7848)   Receiving objects:  71% (5573/7848)   Receiving objects:  72% (5651/7848)   Receiving objects:  73% (5730/7848)   Receiving objects:  74% (5808/7848)   Receiving objects:  75% (5886/7848)   Receiving objects:  76% (5965/7848)   Receiving objects:  77% (6043/7848)   Receiving objects:  78% (6122/7848)   Receiving objects:  79% (6200/7848)   Receiving objects:  80% (6279/7848)   Receiving objects:  81% (6357/7848)   Receiving objects:  82% (6436/7848)   Receiving objects:  83% (6514/7848)   Receiving objects:  84% (6593/7848)   Receiving objects:  85% (6671/7848)   Receiving objects:  86% (6750/7848)   Receiving objects:  87% (6828/7848)   remote: Total 7848 (delta 3108), reused 7250 (delta 2669), pack-reused 0[K
Receiving objects:  88% (6907/7848)   Receiving objects:  89% (6985/7848)   Receiving objects:  90% (7064/7848)   Receiving objects:  91% (7142/7848)   Receiving objects:  92% (7221/7848)   Receiving objects:  93% (7299/7848)   Receiving objects:  94% (7378/7848)   Receiving objects:  95% (7456/7848)   Receiving objects:  96% (7535/7848)   Receiving objects:  97% (7613/7848)   Receiving objects:  98% (7692/7848)   Receiving objects:  99% (7770/7848)   Receiving objects: 100% (7848/7848)   Receiving objects: 100% (7848/7848), 1.49 MiB | 0 bytes/s, done.
Resolving deltas:   0% (0/3108)   Resolving deltas:   1% (57/3108)   Resolving deltas:   2% (63/3108)   Resolving deltas:   3% (94/3108)   Resolving deltas:   4% (126/3108)   Resolving deltas:   5% (156/3108)   Resolving deltas:   6% (188/3108)   Resolving deltas:   7% (220/3108)   Resolving deltas:   8% (267/3108)   Resolving deltas:   9% (285/3108)   Resolving deltas:  10% (312/3108)   Resolving deltas:  11% (342/3108)   Resolving deltas:  13% (413/3108)   Resolving deltas:  14% (438/3108)   Resolving deltas:  15% (473/3108)   Resolving deltas:  16% (500/3108)   Resolving deltas:  17% (534/3108)   Resolving deltas:  18% (560/3108)   Resolving deltas:  19% (600/3108)   Resolving deltas:  20% (625/3108)   Resolving deltas:  21% (673/3108)   Resolving deltas:  22% (684/3108)   Resolving deltas:  23% (721/3108)   Resolving deltas:  24% (760/3108)   Resolving deltas:  25% (778/3108)   Resolving deltas:  26% (813/3108)   Resolving deltas:  27% (840/3108)   Resolving deltas:  28% (872/3108)   Resolving deltas:  29% (908/3108)   Resolving deltas:  30% (934/3108)   Resolving deltas:  31% (964/3108)   Resolving deltas:  32% (995/3108)   Resolving deltas:  33% (1034/3108)   Resolving deltas:  34% (1065/3108)   Resolving deltas:  35% (1108/3108)   Resolving deltas:  36% (1126/3108)   Resolving deltas:  37% (1155/3108)   Resolving deltas:  38% (1184/3108)   Resolving deltas:  39% (1217/3108)   Resolving deltas:  40% (1244/3108)   Resolving deltas:  41% (1275/3108)   Resolving deltas:  42% (1307/3108)   Resolving deltas:  43% (1340/3108)   Resolving deltas:  44% (1373/3108)   Resolving deltas:  45% (1401/3108)   Resolving deltas:  46% (1438/3108)   Resolving deltas:  47% (1480/3108)   Resolving deltas:  48% (1495/3108)   Resolving deltas:  49% (1542/3108)   Resolving deltas:  50% (1558/3108)   Resolving deltas:  53% (1660/3108)   Resolving deltas:  54% (1683/3108)   Resolving deltas:  55% (1718/3108)   Resolving deltas:  56% (1757/3108)   Resolving deltas:  57% (1794/3108)   Resolving deltas:  58% (1810/3108)   Resolving deltas:  60% (1865/3108)   Resolving deltas:  61% (1896/3108)   Resolving deltas:  63% (1964/3108)   Resolving deltas:  65% (2032/3108)   Resolving deltas:  66% (2064/3108)   Resolving deltas:  67% (2096/3108)   Resolving deltas:  68% (2116/3108)   Resolving deltas:  69% (2152/3108)   Resolving deltas:  71% (2229/3108)   Resolving deltas:  72% (2241/3108)   Resolving deltas:  73% (2269/3108)   Resolving deltas:  74% (2300/3108)   Resolving deltas:  81% (2518/3108)   Resolving deltas:  82% (2550/3108)   Resolving deltas:  83% (2580/3108)   Resolving deltas:  84% (2612/3108)   Resolving deltas:  85% (2644/3108)   Resolving deltas:  86% (2680/3108)   Resolving deltas:  87% (2719/3108)   Resolving deltas:  88% (2736/3108)   Resolving deltas:  91% (2842/3108)   Resolving deltas:  92% (2861/3108)   Resolving deltas:  93% (2891/3108)   Resolving deltas:  95% (2976/3108)   Resolving deltas:  96% (2984/3108)   Resolving deltas:  97% (3036/3108)   Resolving deltas:  98% (3051/3108)   Resolving deltas:  99% (3086/3108)   Resolving deltas: 100% (3108/3108)   Resolving deltas: 100% (3108/3108), done.
Checking connectivity... done.
travis_time:end:0f89ef68:start=1442607919979501944,finish=1442607923033667469,duration=3054165525[0K$ cd rackerlabs/blueflood
$ git checkout -qf 613a7fc558cc405695e245a2a3079c300ca331e4
travis_fold:end:git.checkout[0K
[33;1mThis job is running on container-based infrastructure, which does not allow use of 'sudo', setuid and setguid executables.[0m
[33;1mIf you require sudo, add 'sudo: required' to your .travis.yml[0m
[33;1mSee http://docs.travis-ci.com/user/workers/container-based-infrastructure/ for details.[0m
travis_fold:start:cache.1[0KSetting up build cache
$ export CASHER_DIR=$HOME/.casher
travis_time:start:0afe73d4[0K$ Installing caching utilities
travis_time:end:0afe73d4:start=1442607927224154905,finish=1442607927246943090,duration=22788185[0Ktravis_time:start:03da8437[0Kattempting to download cache archive
fetching master/cache--jdk-openjdk7.tgz
found cache
travis_time:end:03da8437:start=1442607927251365466,finish=1442607929658918801,duration=2407553335[0Ktravis_time:start:029e77ba[0Kadding /home/travis/.m2 to cache
travis_time:end:029e77ba:start=1442607929662730648,finish=1442607932310562935,duration=2647832287[0Ktravis_fold:end:cache.1[0K$ jdk_switcher use openjdk7
Switching to OpenJDK7 (java-1.7.0-openjdk-amd64), JAVA_HOME will be set to /usr/lib/jvm/java-7-openjdk-amd64
$ java -Xmx32m -version
java version "1.7.0_75"
OpenJDK Runtime Environment (IcedTea 2.5.4) (7u75-2.5.4-1~precise1)
OpenJDK 64-Bit Server VM (build 24.75-b04, mixed mode)
$ javac -J-Xmx32m -version
javac 1.7.0_75
travis_fold:start:install[0Ktravis_time:start:0588c588[0K$ mvn install dependency:resolve -Dmaven.test.skip -Dmaven.javadoc.skip -Dcassandra.skip
[INFO] Scanning for projects...
[INFO] ------------------------------------------------------------------------
[INFO] Reactor Build Order:
[INFO] 
[INFO] Blueflood
[INFO] Blueflood Core Engine
[INFO] Blueflood UDP Ingestion
[INFO] Blueflood Elasticsearch Indexer and Discovery
[INFO] Blueflood HTTP Ingestion and Querying
[INFO] Blueflood Rollup Kafka Producer
[INFO] Blueflood Rollup Cloudfiles Exporter
[INFO] Blueflood IO Bindings for Datastax Java Driver
[INFO] Blueflood Out-of-band Rollup Tools
[INFO]                                                                         
[INFO] ------------------------------------------------------------------------
[INFO] Building Blueflood 2.0.0-SNAPSHOT
[INFO] ------------------------------------------------------------------------
[INFO] 
[INFO] --- maven-enforcer-plugin:1.0:enforce (enforce-maven) @ blueflood ---
[INFO] 
[INFO] --- jacoco-maven-plugin:0.7.2.201409121644:prepare-agent (prepare-agent) @ blueflood ---
[INFO] argLine set to -javaagent:/home/travis/.m2/repository/org/jacoco/org.jacoco.agent/0.7.2.201409121644/org.jacoco.agent-0.7.2.201409121644-runtime.jar=destfile=/home/travis/build/rackerlabs/blueflood/target/jacoco.exec
[INFO] 
[INFO] --- build-helper-maven-plugin:1.8:reserve-network-port (reserve-network-port) @ blueflood ---
[INFO] Reserved port 38019 for cassandra.rpcPort
[INFO] Reserved port 56038 for cassandra.jmxPort
[INFO] Reserved port 39963 for cassandra.storagePort
[INFO] Reserved port 57652 for cassandra.stopPort
[INFO] 
[INFO] --- maven-source-plugin:2.2.1:jar-no-fork (attach-sources) @ blueflood ---
[INFO] 
[INFO] --- maven-javadoc-plugin:2.9.1:jar (attach-javadocs) @ blueflood ---
[INFO] Skipping javadoc generation
[INFO] 
[INFO] --- maven-jar-plugin:2.2:test-jar (default) @ blueflood ---
[INFO] Skipping packaging of the test-jar
[INFO] 
[INFO] --- jacoco-maven-plugin:0.7.2.201409121644:prepare-agent-integration (prepare-it-agent) @ blueflood ---
[INFO] jacoco.agent.it.argLine set to -javaagent:/home/travis/.m2/repository/org/jacoco/org.jacoco.agent/0.7.2.201409121644/org.jacoco.agent-0.7.2.201409121644-runtime.jar=destfile=/home/travis/build/rackerlabs/blueflood/target/jacoco-it.exec
[INFO] 
[INFO] --- cassandra-maven-plugin:2.0.0-1:delete (delete-cassandra) @ blueflood ---
[INFO] Skipping cassandra: cassandra.skip==true
[INFO] 
[INFO] --- cassandra-maven-plugin:2.0.0-1:start (default) @ blueflood ---
[INFO] Skipping cassandra: cassandra.skip==true
[INFO] 
[INFO] --- cassandra-maven-plugin:2.0.0-1:stop (default) @ blueflood ---
[INFO] Skipping cassandra: cassandra.skip==true
[INFO] 
[INFO] --- maven-install-plugin:2.4:install (default-install) @ blueflood ---
[INFO] Installing /home/travis/build/rackerlabs/blueflood/pom.xml to /home/travis/.m2/repository/com/rackspacecloud/blueflood/2.0.0-SNAPSHOT/blueflood-2.0.0-SNAPSHOT.pom
[INFO] 
[INFO] --- maven-dependency-plugin:2.8:resolve (default-cli) @ blueflood ---
[INFO] 
[INFO] The following files have been resolved:
[INFO]    none
[INFO] 
[INFO]                                                                         
[INFO] ------------------------------------------------------------------------
[INFO] Building Blueflood Core Engine 2.0.0-SNAPSHOT
[INFO] ------------------------------------------------------------------------
[INFO] 
[INFO] --- maven-enforcer-plugin:1.0:enforce (enforce-maven) @ blueflood-core ---
[INFO] 
[INFO] --- jacoco-maven-plugin:0.7.2.201409121644:prepare-agent (prepare-agent) @ blueflood-core ---
[INFO] argLine set to -javaagent:/home/travis/.m2/repository/org/jacoco/org.jacoco.agent/0.7.2.201409121644/org.jacoco.agent-0.7.2.201409121644-runtime.jar=destfile=/home/travis/build/rackerlabs/blueflood/blueflood-core/target/jacoco.exec
[INFO] 
[INFO] --- maven-resources-plugin:2.6:resources (default-resources) @ blueflood-core ---
[INFO] Using 'UTF-8' encoding to copy filtered resources.
[INFO] Copying 1 resource
[INFO] 
[INFO] --- maven-compiler-plugin:3.1:compile (default-compile) @ blueflood-core ---
[INFO] Changes detected - recompiling the module!
[INFO] Compiling 143 source files to /home/travis/build/rackerlabs/blueflood/blueflood-core/target/classes
[WARNING] /home/travis/build/rackerlabs/blueflood/blueflood-core/src/main/java/com/rackspacecloud/blueflood/types/BasicRollup.java: Some input files use unchecked or unsafe operations.
[WARNING] /home/travis/build/rackerlabs/blueflood/blueflood-core/src/main/java/com/rackspacecloud/blueflood/types/BasicRollup.java: Recompile with -Xlint:unchecked for details.
[INFO] 
[INFO] --- build-helper-maven-plugin:1.8:add-test-source (add-integration-test-sources) @ blueflood-core ---
[INFO] Test Source directory: /home/travis/build/rackerlabs/blueflood/blueflood-core/src/integration-test/java added.
[INFO] 
[INFO] --- maven-resources-plugin:2.6:testResources (default-testResources) @ blueflood-core ---
[INFO] Not copying test resources
[INFO] 
[INFO] --- build-helper-maven-plugin:1.8:reserve-network-port (reserve-network-port) @ blueflood-core ---
[INFO] Reserved port 48602 for cassandra.rpcPort
[INFO] Reserved port 37093 for cassandra.jmxPort
[INFO] Reserved port 48340 for cassandra.storagePort
[INFO] Reserved port 51779 for cassandra.stopPort
[INFO] 
[INFO] --- maven-compiler-plugin:3.1:testCompile (default-testCompile) @ blueflood-core ---
[INFO] Not compiling test sources
[INFO] 
[INFO] --- maven-surefire-plugin:2.14.1:test (default-test) @ blueflood-core ---
[INFO] Tests are skipped.
[INFO] 
[INFO] --- maven-jar-plugin:2.2:jar (default-jar) @ blueflood-core ---
[INFO] Building jar: /home/travis/build/rackerlabs/blueflood/blueflood-core/target/blueflood-core-2.0.0-SNAPSHOT.jar
[INFO] 
[INFO] --- maven-source-plugin:2.2.1:jar-no-fork (attach-sources) @ blueflood-core ---
[INFO] Building jar: /home/travis/build/rackerlabs/blueflood/blueflood-core/target/blueflood-core-2.0.0-SNAPSHOT-sources.jar
[INFO] 
[INFO] --- maven-javadoc-plugin:2.9.1:jar (attach-javadocs) @ blueflood-core ---
[INFO] Skipping javadoc generation
[INFO] 
[INFO] --- maven-jar-plugin:2.2:test-jar (default) @ blueflood-core ---
[INFO] Skipping packaging of the test-jar
[INFO] 
[INFO] --- jacoco-maven-plugin:0.7.2.201409121644:prepare-agent-integration (prepare-it-agent) @ blueflood-core ---
[INFO] jacoco.agent.it.argLine set to -javaagent:/home/travis/.m2/repository/org/jacoco/org.jacoco.agent/0.7.2.201409121644/org.jacoco.agent-0.7.2.201409121644-runtime.jar=destfile=/home/travis/build/rackerlabs/blueflood/blueflood-core/target/jacoco-it.exec
[INFO] 
[INFO] --- cassandra-maven-plugin:2.0.0-1:delete (delete-cassandra) @ blueflood-core ---
[INFO] Skipping cassandra: cassandra.skip==true
[INFO] 
[INFO] --- cassandra-maven-plugin:2.0.0-1:start (default) @ blueflood-core ---
[INFO] Skipping cassandra: cassandra.skip==true
[INFO] 
[INFO] --- maven-failsafe-plugin:2.15:integration-test (integration-tests) @ blueflood-core ---
[INFO] Tests are skipped.
[INFO] 
[INFO] --- cassandra-maven-plugin:2.0.0-1:stop (default) @ blueflood-core ---
[INFO] Skipping cassandra: cassandra.skip==true
[INFO] 
[INFO] --- maven-failsafe-plugin:2.15:verify (verify) @ blueflood-core ---
[INFO] Tests are skipped.
[INFO] 
[INFO] --- maven-install-plugin:2.4:install (default-install) @ blueflood-core ---
[INFO] Installing /home/travis/build/rackerlabs/blueflood/blueflood-core/target/blueflood-core-2.0.0-SNAPSHOT.jar to /home/travis/.m2/repository/com/rackspacecloud/blueflood-core/2.0.0-SNAPSHOT/blueflood-core-2.0.0-SNAPSHOT.jar
[INFO] Installing /home/travis/build/rackerlabs/blueflood/blueflood-core/pom.xml to /home/travis/.m2/repository/com/rackspacecloud/blueflood-core/2.0.0-SNAPSHOT/blueflood-core-2.0.0-SNAPSHOT.pom
[INFO] Installing /home/travis/build/rackerlabs/blueflood/blueflood-core/target/blueflood-core-2.0.0-SNAPSHOT-sources.jar to /home/travis/.m2/repository/com/rackspacecloud/blueflood-core/2.0.0-SNAPSHOT/blueflood-core-2.0.0-SNAPSHOT-sources.jar
[INFO] 
[INFO] --- maven-dependency-plugin:2.8:resolve (default-cli) @ blueflood-core ---
[INFO] 
[INFO] The following files have been resolved:
[INFO]    org.clojure:clojure:jar:1.5.1:compile
[INFO]    org.mortbay.jetty:servlet-api:jar:2.5-20081211:compile
[INFO]    com.google.protobuf:protobuf-java:jar:2.5.0:compile
[INFO]    com.codahale.metrics:metrics-core:jar:3.0.1:compile
[INFO]    org.antlr:antlr-runtime:jar:3.2:compile
[INFO]    org.hamcrest:hamcrest-core:jar:1.1:compile
[INFO]    bigml:histogram:jar:3.2.1:compile
[INFO]    stax:stax-api:jar:1.0.1:compile
[INFO]    com.googlecode.json-simple:json-simple:jar:1.1:compile
[INFO]    com.yammer.metrics:metrics-core:jar:2.1.2:compile
[INFO]    commons-logging:commons-logging:jar:1.1.1:compile
[INFO]    com.codahale.metrics:metrics-log4j:jar:3.0.1:compile
[INFO]    com.netflix.astyanax:astyanax-core:jar:1.56.34:compile
[INFO]    org.apache.zookeeper:zookeeper:jar:3.4.5:compile
[INFO]    org.apache.servicemix.bundles:org.apache.servicemix.bundles.commons-csv:jar:1.0-r706900_3:compile
[INFO]    org.apache.cassandra:cassandra-all:jar:1.2.2:compile
[INFO]    org.apache.thrift:libthrift:jar:0.7.0:compile
[INFO]    org.mortbay.jetty:jetty-util:jar:6.1.22:compile
[INFO]    joda-time:joda-time:jar:1.6.2:compile
[INFO]    org.apache.cassandra:cassandra-thrift:jar:1.2.2:compile
[INFO]    junit:junit:jar:4.10:compile
[INFO]    org.codehaus.jettison:jettison:jar:1.2:compile
[INFO]    org.mindrot:jbcrypt:jar:0.3m:compile
[INFO]    org.apache.httpcomponents:httpclient:jar:4.0.1:compile
[INFO]    com.google.code.gson:gson:jar:2.2:compile
[INFO]    com.googlecode.concurrentlinkedhashmap:concurrentlinkedhashmap-lru:jar:1.3:compile
[INFO]    antlr:antlr:jar:2.7.7:compile
[INFO]    org.apache.curator:curator-client:jar:2.3.0:compile
[INFO]    org.codehaus.jackson:jackson-core-asl:jar:1.9.2:compile
[INFO]    commons-cli:commons-cli:jar:1.2:compile
[INFO]    org.apache.curator:curator-framework:jar:2.3.0:compile
[INFO]    com.codahale.metrics:metrics-jvm:jar:3.0.1:compile
[INFO]    org.codehaus.jackson:jackson-mapper-asl:jar:1.9.2:compile
[INFO]    commons-codec:commons-codec:jar:1.5:compile
[INFO]    com.ning:compress-lzf:jar:0.8.4:compile
[INFO]    com.github.stephenc.high-scale-lib:high-scale-lib:jar:1.1.2:compile
[INFO]    log4j:log4j:jar:1.2.16:compile
[INFO]    org.apache.cassandra.deps:avro:jar:1.4.0-cassandra-1:compile
[INFO]    org.slf4j:slf4j-log4j12:jar:1.7.6:compile
[INFO]    com.netflix.astyanax:astyanax-recipes:jar:1.56.34:compile
[INFO]    org.slf4j:slf4j-api:jar:1.6.4:compile
[INFO]    org.antlr:antlr:jar:3.2:compile
[INFO]    commons-lang:commons-lang:jar:2.4:compile
[INFO]    org.jboss.netty:netty:jar:3.2.4.Final:compile
[INFO]    javax.servlet:servlet-api:jar:2.5:compile
[INFO]    org.apache.curator:curator-recipes:jar:2.3.0:compile
[INFO]    com.codahale.metrics:metrics-graphite:jar:3.0.1:compile
[INFO]    io.netty:netty:jar:3.6.1.Final:compile
[INFO]    com.netflix.astyanax:astyanax-thrift:jar:1.56.34:compile
[INFO]    org.apache.httpcomponents:httpcore:jar:4.0.1:compile
[INFO]    jline:jline:jar:1.0:compile
[INFO]    org.antlr:stringtemplate:jar:3.2:compile
[INFO]    edu.stanford.ppl:snaptree:jar:0.1:compile
[INFO]    com.netflix.astyanax:astyanax-cassandra:jar:1.56.34:compile
[INFO]    net.jpountz.lz4:lz4:jar:1.1.0:compile
[INFO]    com.aphyr:riemann-java-client:jar:0.2.9:compile
[INFO]    com.github.stephenc:jamm:jar:0.2.5:compile
[INFO]    com.google.guava:guava:jar:15.0:compile
[INFO]    org.mortbay.jetty:jetty:jar:6.1.22:compile
[INFO]    org.xerial.snappy:snappy-java:jar:1.0.4.1:compile
[INFO]    org.mockito:mockito-all:jar:1.8.5:compile
[INFO]    org.yaml:snakeyaml:jar:1.6:compile
[INFO]    com.eaio.uuid:uuid:jar:3.2:compile
[INFO] 
[INFO]                                                                         
[INFO] ------------------------------------------------------------------------
[INFO] Building Blueflood UDP Ingestion 2.0.0-SNAPSHOT
[INFO] ------------------------------------------------------------------------
[INFO] 
[INFO] --- maven-enforcer-plugin:1.0:enforce (enforce-maven) @ blueflood-udp ---
[INFO] 
[INFO] --- jacoco-maven-plugin:0.7.2.201409121644:prepare-agent (prepare-agent) @ blueflood-udp ---
[INFO] argLine set to -javaagent:/home/travis/.m2/repository/org/jacoco/org.jacoco.agent/0.7.2.201409121644/org.jacoco.agent-0.7.2.201409121644-runtime.jar=destfile=/home/travis/build/rackerlabs/blueflood/blueflood-udp/target/jacoco.exec
[INFO] 
[INFO] --- maven-resources-plugin:2.6:resources (default-resources) @ blueflood-udp ---
[INFO] Using 'UTF-8' encoding to copy filtered resources.
[INFO] skip non existing resourceDirectory /home/travis/build/rackerlabs/blueflood/blueflood-udp/src/main/resources
[INFO] 
[INFO] --- maven-compiler-plugin:3.1:compile (default-compile) @ blueflood-udp ---
[INFO] Changes detected - recompiling the module!
[INFO] Compiling 7 source files to /home/travis/build/rackerlabs/blueflood/blueflood-udp/target/classes
[WARNING] /home/travis/build/rackerlabs/blueflood/blueflood-udp/src/main/java/com/rackspacecloud/blueflood/service/udp/functions/SimpleMetricWriter.java: /home/travis/build/rackerlabs/blueflood/blueflood-udp/src/main/java/com/rackspacecloud/blueflood/service/udp/functions/SimpleMetricWriter.java uses unchecked or unsafe operations.
[WARNING] /home/travis/build/rackerlabs/blueflood/blueflood-udp/src/main/java/com/rackspacecloud/blueflood/service/udp/functions/SimpleMetricWriter.java: Recompile with -Xlint:unchecked for details.
[INFO] 
[INFO] --- maven-resources-plugin:2.6:testResources (default-testResources) @ blueflood-udp ---
[INFO] Not copying test resources
[INFO] 
[INFO] --- build-helper-maven-plugin:1.8:reserve-network-port (reserve-network-port) @ blueflood-udp ---
[INFO] Reserved port 46478 for cassandra.rpcPort
[INFO] Reserved port 33303 for cassandra.jmxPort
[INFO] Reserved port 46123 for cassandra.storagePort
[INFO] Reserved port 36572 for cassandra.stopPort
[INFO] 
[INFO] --- maven-compiler-plugin:3.1:testCompile (default-testCompile) @ blueflood-udp ---
[INFO] Not compiling test sources
[INFO] 
[INFO] --- maven-surefire-plugin:2.12.4:test (default-test) @ blueflood-udp ---
[INFO] Tests are skipped.
[INFO] 
[INFO] --- maven-jar-plugin:2.2:jar (default-jar) @ blueflood-udp ---
[INFO] Building jar: /home/travis/build/rackerlabs/blueflood/blueflood-udp/target/blueflood-udp-2.0.0-SNAPSHOT.jar
[INFO] 
[INFO] --- maven-source-plugin:2.2.1:jar-no-fork (attach-sources) @ blueflood-udp ---
[INFO] Building jar: /home/travis/build/rackerlabs/blueflood/blueflood-udp/target/blueflood-udp-2.0.0-SNAPSHOT-sources.jar
[INFO] 
[INFO] --- maven-javadoc-plugin:2.9.1:jar (attach-javadocs) @ blueflood-udp ---
[INFO] Skipping javadoc generation
[INFO] 
[INFO] --- maven-jar-plugin:2.2:test-jar (default) @ blueflood-udp ---
[INFO] Skipping packaging of the test-jar
[INFO] 
[INFO] --- jacoco-maven-plugin:0.7.2.201409121644:prepare-agent-integration (prepare-it-agent) @ blueflood-udp ---
[INFO] jacoco.agent.it.argLine set to -javaagent:/home/travis/.m2/repository/org/jacoco/org.jacoco.agent/0.7.2.201409121644/org.jacoco.agent-0.7.2.201409121644-runtime.jar=destfile=/home/travis/build/rackerlabs/blueflood/blueflood-udp/target/jacoco-it.exec
[INFO] 
[INFO] --- cassandra-maven-plugin:2.0.0-1:delete (delete-cassandra) @ blueflood-udp ---
[INFO] Skipping cassandra: cassandra.skip==true
[INFO] 
[INFO] --- cassandra-maven-plugin:2.0.0-1:start (default) @ blueflood-udp ---
[INFO] Skipping cassandra: cassandra.skip==true
[INFO] 
[INFO] --- cassandra-maven-plugin:2.0.0-1:stop (default) @ blueflood-udp ---
[INFO] Skipping cassandra: cassandra.skip==true
[INFO] 
[INFO] --- maven-install-plugin:2.4:install (default-install) @ blueflood-udp ---
[INFO] Installing /home/travis/build/rackerlabs/blueflood/blueflood-udp/target/blueflood-udp-2.0.0-SNAPSHOT.jar to /home/travis/.m2/repository/com/rackspacecloud/blueflood-udp/2.0.0-SNAPSHOT/blueflood-udp-2.0.0-SNAPSHOT.jar
[INFO] Installing /home/travis/build/rackerlabs/blueflood/blueflood-udp/pom.xml to /home/travis/.m2/repository/com/rackspacecloud/blueflood-udp/2.0.0-SNAPSHOT/blueflood-udp-2.0.0-SNAPSHOT.pom
[INFO] Installing /home/travis/build/rackerlabs/blueflood/blueflood-udp/target/blueflood-udp-2.0.0-SNAPSHOT-sources.jar to /home/travis/.m2/repository/com/rackspacecloud/blueflood-udp/2.0.0-SNAPSHOT/blueflood-udp-2.0.0-SNAPSHOT-sources.jar
[INFO] 
[INFO] --- maven-dependency-plugin:2.8:resolve (default-cli) @ blueflood-udp ---
[INFO] 
[INFO] The following files have been resolved:
[INFO]    org.clojure:clojure:jar:1.5.1:compile
[INFO]    org.mortbay.jetty:servlet-api:jar:2.5-20081211:compile
[INFO]    com.google.protobuf:protobuf-java:jar:2.5.0:compile
[INFO]    com.codahale.metrics:metrics-core:jar:3.0.1:compile
[INFO]    org.antlr:antlr-runtime:jar:3.2:compile
[INFO]    org.hamcrest:hamcrest-core:jar:1.1:compile
[INFO]    com.rackspacecloud:blueflood-core:jar:2.0.0-SNAPSHOT:compile
[INFO]    bigml:histogram:jar:3.2.1:compile
[INFO]    stax:stax-api:jar:1.0.1:compile
[INFO]    com.googlecode.json-simple:json-simple:jar:1.1:compile
[INFO]    com.yammer.metrics:metrics-core:jar:2.1.2:compile
[INFO]    commons-logging:commons-logging:jar:1.1.1:compile
[INFO]    com.codahale.metrics:metrics-log4j:jar:3.0.1:compile
[INFO]    com.netflix.astyanax:astyanax-core:jar:1.56.34:compile
[INFO]    org.apache.zookeeper:zookeeper:jar:3.4.5:compile
[INFO]    org.apache.servicemix.bundles:org.apache.servicemix.bundles.commons-csv:jar:1.0-r706900_3:compile
[INFO]    org.apache.cassandra:cassandra-all:jar:1.2.2:compile
[INFO]    org.apache.thrift:libthrift:jar:0.7.0:compile
[INFO]    org.mortbay.jetty:jetty-util:jar:6.1.22:compile
[INFO]    joda-time:joda-time:jar:1.6.2:compile
[INFO]    org.apache.cassandra:cassandra-thrift:jar:1.2.2:compile
[INFO]    junit:junit:jar:4.10:compile
[INFO]    org.codehaus.jettison:jettison:jar:1.2:compile
[INFO]    org.mindrot:jbcrypt:jar:0.3m:compile
[INFO]    org.apache.httpcomponents:httpclient:jar:4.0.1:compile
[INFO]    com.google.code.gson:gson:jar:2.2:compile
[INFO]    com.googlecode.concurrentlinkedhashmap:concurrentlinkedhashmap-lru:jar:1.3:compile
[INFO]    antlr:antlr:jar:2.7.7:compile
[INFO]    org.apache.curator:curator-client:jar:2.3.0:compile
[INFO]    org.codehaus.jackson:jackson-core-asl:jar:1.9.2:compile
[INFO]    commons-cli:commons-cli:jar:1.2:compile
[INFO]    org.apache.curator:curator-framework:jar:2.3.0:compile
[INFO]    com.codahale.metrics:metrics-jvm:jar:3.0.1:compile
[INFO]    org.codehaus.jackson:jackson-mapper-asl:jar:1.9.2:compile
[INFO]    io.netty:netty-all:jar:4.0.8.Final:compile
[INFO]    commons-codec:commons-codec:jar:1.5:compile
[INFO]    com.ning:compress-lzf:jar:0.8.4:compile
[INFO]    com.github.stephenc.high-scale-lib:high-scale-lib:jar:1.1.2:compile
[INFO]    log4j:log4j:jar:1.2.16:compile
[INFO]    org.apache.cassandra.deps:avro:jar:1.4.0-cassandra-1:compile
[INFO]    org.slf4j:slf4j-log4j12:jar:1.7.6:compile
[INFO]    com.netflix.astyanax:astyanax-recipes:jar:1.56.34:compile
[INFO]    org.slf4j:slf4j-api:jar:1.6.4:compile
[INFO]    org.antlr:antlr:jar:3.2:compile
[INFO]    commons-lang:commons-lang:jar:2.4:compile
[INFO]    org.jboss.netty:netty:jar:3.2.4.Final:compile
[INFO]    javax.servlet:servlet-api:jar:2.5:compile
[INFO]    org.apache.curator:curator-recipes:jar:2.3.0:compile
[INFO]    com.codahale.metrics:metrics-graphite:jar:3.0.1:compile
[INFO]    io.netty:netty:jar:3.6.1.Final:compile
[INFO]    com.netflix.astyanax:astyanax-thrift:jar:1.56.34:compile
[INFO]    org.apache.httpcomponents:httpcore:jar:4.0.1:compile
[INFO]    jline:jline:jar:1.0:compile
[INFO]    org.antlr:stringtemplate:jar:3.2:compile
[INFO]    edu.stanford.ppl:snaptree:jar:0.1:compile
[INFO]    com.netflix.astyanax:astyanax-cassandra:jar:1.56.34:compile
[INFO]    net.jpountz.lz4:lz4:jar:1.1.0:compile
[INFO]    com.aphyr:riemann-java-client:jar:0.2.9:compile
[INFO]    com.github.stephenc:jamm:jar:0.2.5:compile
[INFO]    com.google.guava:guava:jar:15.0:compile
[INFO]    org.mortbay.jetty:jetty:jar:6.1.22:compile
[INFO]    org.xerial.snappy:snappy-java:jar:1.0.4.1:compile
[INFO]    org.mockito:mockito-all:jar:1.8.5:compile
[INFO]    org.yaml:snakeyaml:jar:1.6:compile
[INFO]    com.eaio.uuid:uuid:jar:3.2:compile
[INFO] 
[INFO]                                                                         
[INFO] ------------------------------------------------------------------------
[INFO] Building Blueflood Elasticsearch Indexer and Discovery 2.0.0-SNAPSHOT
[INFO] ------------------------------------------------------------------------
Downloading: http://repo.maven.apache.org/maven2/com/github/tlrx/elasticsearch-test/1.2.1/elasticsearch-test-1.2.1.pom
4/4 KB   4/4 KB            Downloaded: http://repo.maven.apache.org/maven2/com/github/tlrx/elasticsearch-test/1.2.1/elasticsearch-test-1.2.1.pom (4 KB at 12.2 KB/sec)
Downloading: http://repo.maven.apache.org/maven2/org/elasticsearch/elasticsearch/1.2.1/elasticsearch-1.2.1.pom
2/48 KB   6/48 KB   10/48 KB   14/48 KB   14/48 KB   18/48 KB   22/48 KB   26/48 KB   30/48 KB   34/48 KB   38/48 KB   42/48 KB   43/48 KB   47/48 KB   48/48 KB              Downloaded: http://repo.maven.apache.org/maven2/org/elasticsearch/elasticsearch/1.2.1/elasticsearch-1.2.1.pom (48 KB at 697.1 KB/sec)
Downloading: http://repo.maven.apache.org/maven2/org/apache/lucene/lucene-core/4.8.1/lucene-core-4.8.1.pom
4/6 KB     6/6 KB            Downloaded: http://repo.maven.apache.org/maven2/org/apache/lucene/lucene-core/4.8.1/lucene-core-4.8.1.pom (6 KB at 150.8 KB/sec)
Downloading: http://repo.maven.apache.org/maven2/org/apache/lucene/lucene-parent/4.8.1/lucene-parent-4.8.1.pom
4/5 KB   5/5 KB            Downloaded: http://repo.maven.apache.org/maven2/org/apache/lucene/lucene-parent/4.8.1/lucene-parent-4.8.1.pom (5 KB at 110.1 KB/sec)
Downloading: http://repo.maven.apache.org/maven2/org/apache/lucene/lucene-solr-grandparent/4.8.1/lucene-solr-grandparent-4.8.1.pom
4/293 KB   8/293 KB   12/293 KB   16/293 KB   20/293 KB   24/293 KB   28/293 KB   32/293 KB   33/293 KB   37/293 KB   41/293 KB   45/293 KB   49/293 KB   53/293 KB   57/293 KB   61/293 KB   65/293 KB   69/293 KB   73/293 KB   77/293 KB   81/293 KB   85/293 KB   89/293 KB   93/293 KB   97/293 KB   100/293 KB   103/293 KB   107/293 KB   111/293 KB   115/293 KB   119/293 KB   123/293 KB   127/293 KB   131/293 KB   135/293 KB   139/293 KB   143/293 KB   147/293 KB   151/293 KB   155/293 KB   159/293 KB   163/293 KB   167/293 KB   171/293 KB   175/293 KB   179/293 KB   183/293 KB   187/293 KB   191/293 KB   195/293 KB   199/293 KB   203/293 KB   207/293 KB   211/293 KB   215/293 KB   219/293 KB   223/293 KB   227/293 KB   231/293 KB   235/293 KB   239/293 KB   243/293 KB   247/293 KB   251/293 KB   255/293 KB   259/293 KB   263/293 KB   267/293 KB   271/293 KB   275/293 KB   279/293 KB   283/293 KB   287/293 KB   291/293 KB   293/293 KB                Downloaded: http://repo.maven.apache.org/maven2/org/apache/lucene/lucene-solr-grandparent/4.8.1/lucene-solr-grandparent-4.8.1.pom (293 KB at 3318.3 KB/sec)
Downloading: http://repo.maven.apache.org/maven2/org/apache/lucene/lucene-analyzers-common/4.8.1/lucene-analyzers-common-4.8.1.pom
3/3 KB                Downloaded: http://repo.maven.apache.org/maven2/org/apache/lucene/lucene-analyzers-common/4.8.1/lucene-analyzers-common-4.8.1.pom (3 KB at 82.1 KB/sec)
Downloading: http://repo.maven.apache.org/maven2/org/apache/lucene/lucene-codecs/4.8.1/lucene-codecs-4.8.1.pom
2/4 KB   4/4 KB            Downloaded: http://repo.maven.apache.org/maven2/org/apache/lucene/lucene-codecs/4.8.1/lucene-codecs-4.8.1.pom (4 KB at 91.9 KB/sec)
Downloading: http://repo.maven.apache.org/maven2/org/apache/lucene/lucene-queries/4.8.1/lucene-queries-4.8.1.pom
3/3 KB            Downloaded: http://repo.maven.apache.org/maven2/org/apache/lucene/lucene-queries/4.8.1/lucene-queries-4.8.1.pom (3 KB at 79.8 KB/sec)
Downloading: http://repo.maven.apache.org/maven2/org/apache/lucene/lucene-memory/4.8.1/lucene-memory-4.8.1.pom
4/5 KB   5/5 KB            Downloaded: http://repo.maven.apache.org/maven2/org/apache/lucene/lucene-memory/4.8.1/lucene-memory-4.8.1.pom (5 KB at 129.5 KB/sec)
Downloading: http://repo.maven.apache.org/maven2/org/apache/lucene/lucene-highlighter/4.8.1/lucene-highlighter-4.8.1.pom
4/4 KB            Downloaded: http://repo.maven.apache.org/maven2/org/apache/lucene/lucene-highlighter/4.8.1/lucene-highlighter-4.8.1.pom (4 KB at 87.9 KB/sec)
Downloading: http://repo.maven.apache.org/maven2/org/apache/lucene/lucene-queryparser/4.8.1/lucene-queryparser-4.8.1.pom
4/6 KB   6/6 KB            Downloaded: http://repo.maven.apache.org/maven2/org/apache/lucene/lucene-queryparser/4.8.1/lucene-queryparser-4.8.1.pom (6 KB at 143.8 KB/sec)
Downloading: http://repo.maven.apache.org/maven2/org/apache/lucene/lucene-sandbox/4.8.1/lucene-sandbox-4.8.1.pom
3/3 KB            Downloaded: http://repo.maven.apache.org/maven2/org/apache/lucene/lucene-sandbox/4.8.1/lucene-sandbox-4.8.1.pom (3 KB at 78.4 KB/sec)
Downloading: http://repo.maven.apache.org/maven2/org/apache/lucene/lucene-suggest/4.8.1/lucene-suggest-4.8.1.pom
4/4 KB            Downloaded: http://repo.maven.apache.org/maven2/org/apache/lucene/lucene-suggest/4.8.1/lucene-suggest-4.8.1.pom (4 KB at 87.8 KB/sec)
Downloading: http://repo.maven.apache.org/maven2/org/apache/lucene/lucene-misc/4.8.1/lucene-misc-4.8.1.pom
3/5 KB   5/5 KB            Downloaded: http://repo.maven.apache.org/maven2/org/apache/lucene/lucene-misc/4.8.1/lucene-misc-4.8.1.pom (5 KB at 133.0 KB/sec)
Downloading: http://repo.maven.apache.org/maven2/org/apache/lucene/lucene-join/4.8.1/lucene-join-4.8.1.pom
3/3 KB            Downloaded: http://repo.maven.apache.org/maven2/org/apache/lucene/lucene-join/4.8.1/lucene-join-4.8.1.pom (3 KB at 78.4 KB/sec)
Downloading: http://repo.maven.apache.org/maven2/org/apache/lucene/lucene-grouping/4.8.1/lucene-grouping-4.8.1.pom
3/3 KB   3/3 KB            Downloaded: http://repo.maven.apache.org/maven2/org/apache/lucene/lucene-grouping/4.8.1/lucene-grouping-4.8.1.pom (3 KB at 83.3 KB/sec)
Downloading: http://repo.maven.apache.org/maven2/org/apache/lucene/lucene-spatial/4.8.1/lucene-spatial-4.8.1.pom
3/3 KB            Downloaded: http://repo.maven.apache.org/maven2/org/apache/lucene/lucene-spatial/4.8.1/lucene-spatial-4.8.1.pom (3 KB at 78.0 KB/sec)
Downloading: http://repo.maven.apache.org/maven2/com/github/tlrx/elasticsearch-test/1.2.1/elasticsearch-test-1.2.1.jar
1/67 KB   5/67 KB   9/67 KB   13/67 KB   17/67 KB   21/67 KB   25/67 KB   29/67 KB   33/67 KB   37/67 KB   41/67 KB   45/67 KB   49/67 KB   53/67 KB   57/67 KB   61/67 KB   65/67 KB   67/67 KB              Downloaded: http://repo.maven.apache.org/maven2/com/github/tlrx/elasticsearch-test/1.2.1/elasticsearch-test-1.2.1.jar (67 KB at 1439.6 KB/sec)
[INFO] 
[INFO] --- maven-enforcer-plugin:1.0:enforce (enforce-maven) @ blueflood-elasticsearch ---
[INFO] 
[INFO] --- jacoco-maven-plugin:0.7.2.201409121644:prepare-agent (prepare-agent) @ blueflood-elasticsearch ---
[INFO] argLine set to -javaagent:/home/travis/.m2/repository/org/jacoco/org.jacoco.agent/0.7.2.201409121644/org.jacoco.agent-0.7.2.201409121644-runtime.jar=destfile=/home/travis/build/rackerlabs/blueflood/blueflood-elasticsearch/target/jacoco.exec
[INFO] 
[INFO] --- maven-resources-plugin:2.6:resources (default-resources) @ blueflood-elasticsearch ---
[INFO] Using 'UTF-8' encoding to copy filtered resources.
[INFO] Copying 4 resources
[INFO] 
[INFO] --- maven-compiler-plugin:3.1:compile (default-compile) @ blueflood-elasticsearch ---
[INFO] Changes detected - recompiling the module!
[INFO] Compiling 5 source files to /home/travis/build/rackerlabs/blueflood/blueflood-elasticsearch/target/classes
[INFO] 
[INFO] --- maven-resources-plugin:2.6:testResources (default-testResources) @ blueflood-elasticsearch ---
[INFO] Not copying test resources
[INFO] 
[INFO] --- build-helper-maven-plugin:1.8:reserve-network-port (reserve-network-port) @ blueflood-elasticsearch ---
[INFO] Reserved port 37312 for cassandra.rpcPort
[INFO] Reserved port 57637 for cassandra.jmxPort
[INFO] Reserved port 49691 for cassandra.storagePort
[INFO] Reserved port 50775 for cassandra.stopPort
[INFO] 
[INFO] --- maven-compiler-plugin:3.1:testCompile (default-testCompile) @ blueflood-elasticsearch ---
[INFO] Not compiling test sources
[INFO] 
[INFO] --- maven-surefire-plugin:2.12.4:test (default-test) @ blueflood-elasticsearch ---
[INFO] Tests are skipped.
[INFO] 
[INFO] --- maven-jar-plugin:2.2:jar (default-jar) @ blueflood-elasticsearch ---
[INFO] Building jar: /home/travis/build/rackerlabs/blueflood/blueflood-elasticsearch/target/blueflood-elasticsearch-2.0.0-SNAPSHOT.jar
[INFO] 
[INFO] --- maven-source-plugin:2.2.1:jar-no-fork (attach-sources) @ blueflood-elasticsearch ---
[INFO] Building jar: /home/travis/build/rackerlabs/blueflood/blueflood-elasticsearch/target/blueflood-elasticsearch-2.0.0-SNAPSHOT-sources.jar
[INFO] 
[INFO] --- maven-javadoc-plugin:2.9.1:jar (attach-javadocs) @ blueflood-elasticsearch ---
[INFO] Skipping javadoc generation
[INFO] 
[INFO] --- maven-jar-plugin:2.2:test-jar (default) @ blueflood-elasticsearch ---
[INFO] Skipping packaging of the test-jar
[INFO] 
[INFO] --- jacoco-maven-plugin:0.7.2.201409121644:prepare-agent-integration (prepare-it-agent) @ blueflood-elasticsearch ---
[INFO] jacoco.agent.it.argLine set to -javaagent:/home/travis/.m2/repository/org/jacoco/org.jacoco.agent/0.7.2.201409121644/org.jacoco.agent-0.7.2.201409121644-runtime.jar=destfile=/home/travis/build/rackerlabs/blueflood/blueflood-elasticsearch/target/jacoco-it.exec
[INFO] 
[INFO] --- cassandra-maven-plugin:2.0.0-1:delete (delete-cassandra) @ blueflood-elasticsearch ---
[INFO] Skipping cassandra: cassandra.skip==true
[INFO] 
[INFO] --- cassandra-maven-plugin:2.0.0-1:start (default) @ blueflood-elasticsearch ---
[INFO] Skipping cassandra: cassandra.skip==true
[INFO] 
[INFO] --- cassandra-maven-plugin:2.0.0-1:stop (default) @ blueflood-elasticsearch ---
[INFO] Skipping cassandra: cassandra.skip==true
[INFO] 
[INFO] --- maven-install-plugin:2.4:install (default-install) @ blueflood-elasticsearch ---
[INFO] Installing /home/travis/build/rackerlabs/blueflood/blueflood-elasticsearch/target/blueflood-elasticsearch-2.0.0-SNAPSHOT.jar to /home/travis/.m2/repository/com/rackspacecloud/blueflood-elasticsearch/2.0.0-SNAPSHOT/blueflood-elasticsearch-2.0.0-SNAPSHOT.jar
[INFO] Installing /home/travis/build/rackerlabs/blueflood/blueflood-elasticsearch/pom.xml to /home/travis/.m2/repository/com/rackspacecloud/blueflood-elasticsearch/2.0.0-SNAPSHOT/blueflood-elasticsearch-2.0.0-SNAPSHOT.pom
[INFO] Installing /home/travis/build/rackerlabs/blueflood/blueflood-elasticsearch/target/blueflood-elasticsearch-2.0.0-SNAPSHOT-sources.jar to /home/travis/.m2/repository/com/rackspacecloud/blueflood-elasticsearch/2.0.0-SNAPSHOT/blueflood-elasticsearch-2.0.0-SNAPSHOT-sources.jar
[INFO] 
[INFO] --- maven-dependency-plugin:2.8:resolve (default-cli) @ blueflood-elasticsearch ---
[INFO] 
[INFO] The following files have been resolved:
[INFO]    org.clojure:clojure:jar:1.5.1:compile
[INFO]    org.mortbay.jetty:servlet-api:jar:2.5-20081211:compile
[INFO]    org.apache.lucene:lucene-queryparser:jar:4.10.4:compile
[INFO]    com.google.protobuf:protobuf-java:jar:2.5.0:compile
[INFO]    com.codahale.metrics:metrics-core:jar:3.0.1:compile
[INFO]    org.hamcrest:hamcrest-core:jar:1.1:test
[INFO]    com.rackspacecloud:blueflood-core:jar:2.0.0-SNAPSHOT:compile
[INFO]    bigml:histogram:jar:3.2.1:compile
[INFO]    stax:stax-api:jar:1.0.1:compile
[INFO]    org.yaml:snakeyaml:jar:1.12:compile
[INFO]    org.apache.lucene:lucene-highlighter:jar:4.10.4:compile
[INFO]    org.apache.lucene:lucene-queries:jar:4.10.4:compile
[INFO]    com.googlecode.json-simple:json-simple:jar:1.1:compile
[INFO]    com.yammer.metrics:metrics-core:jar:2.1.2:compile
[INFO]    commons-logging:commons-logging:jar:1.1.1:compile
[INFO]    org.elasticsearch:elasticsearch:jar:1.7.1:compile
[INFO]    com.codahale.metrics:metrics-log4j:jar:3.0.1:compile
[INFO]    com.netflix.astyanax:astyanax-core:jar:1.56.34:compile
[INFO]    org.apache.zookeeper:zookeeper:jar:3.4.5:compile
[INFO]    org.apache.servicemix.bundles:org.apache.servicemix.bundles.commons-csv:jar:1.0-r706900_3:compile
[INFO]    org.apache.lucene:lucene-join:jar:4.10.4:compile
[INFO]    org.apache.cassandra:cassandra-all:jar:1.2.2:compile
[INFO]    org.apache.lucene:lucene-memory:jar:4.10.4:compile
[INFO]    org.apache.thrift:libthrift:jar:0.7.0:compile
[INFO]    org.apache.lucene:lucene-analyzers-common:jar:4.10.4:compile
[INFO]    org.mortbay.jetty:jetty-util:jar:6.1.22:compile
[INFO]    joda-time:joda-time:jar:1.6.2:compile
[INFO]    org.apache.cassandra:cassandra-thrift:jar:1.2.2:compile
[INFO]    junit:junit:jar:4.10:test
[INFO]    org.codehaus.jettison:jettison:jar:1.2:compile
[INFO]    org.mindrot:jbcrypt:jar:0.3m:compile
[INFO]    org.apache.httpcomponents:httpclient:jar:4.0.1:compile
[INFO]    com.google.code.gson:gson:jar:2.2:compile
[INFO]    org.apache.lucene:lucene-sandbox:jar:4.10.4:compile
[INFO]    com.googlecode.concurrentlinkedhashmap:concurrentlinkedhashmap-lru:jar:1.3:compile
[INFO]    org.apache.curator:curator-client:jar:2.3.0:compile
[INFO]    org.apache.lucene:lucene-spatial:jar:4.10.4:compile
[INFO]    org.codehaus.jackson:jackson-core-asl:jar:1.9.2:compile
[INFO]    commons-cli:commons-cli:jar:1.2:compile
[INFO]    org.apache.curator:curator-framework:jar:2.3.0:compile
[INFO]    com.codahale.metrics:metrics-jvm:jar:3.0.1:compile
[INFO]    org.codehaus.jackson:jackson-mapper-asl:jar:1.9.2:compile
[INFO]    org.ow2.asm:asm-commons:jar:4.1:compile
[INFO]    commons-codec:commons-codec:jar:1.5:compile
[INFO]    org.slf4j:slf4j-api:jar:1.7.5:compile
[INFO]    com.ning:compress-lzf:jar:0.8.4:compile
[INFO]    com.github.stephenc.high-scale-lib:high-scale-lib:jar:1.1.2:compile
[INFO]    com.spatial4j:spatial4j:jar:0.4.1:compile
[INFO]    log4j:log4j:jar:1.2.16:compile
[INFO]    org.apache.cassandra.deps:avro:jar:1.4.0-cassandra-1:compile
[INFO]    org.slf4j:slf4j-log4j12:jar:1.7.6:compile
[INFO]    com.netflix.astyanax:astyanax-recipes:jar:1.56.34:compile
[INFO]    org.apache.lucene:lucene-suggest:jar:4.10.4:compile
[INFO]    org.antlr:antlr:jar:3.2:compile
[INFO]    commons-lang:commons-lang:jar:2.4:compile
[INFO]    org.jboss.netty:netty:jar:3.2.4.Final:compile
[INFO]    javax.servlet:servlet-api:jar:2.5:compile
[INFO]    org.apache.curator:curator-recipes:jar:2.3.0:compile
[INFO]    com.codahale.metrics:metrics-graphite:jar:3.0.1:compile
[INFO]    org.ow2.asm:asm:jar:4.1:compile
[INFO]    io.netty:netty:jar:3.6.1.Final:compile
[INFO]    com.netflix.astyanax:astyanax-thrift:jar:1.56.34:compile
[INFO]    org.apache.httpcomponents:httpcore:jar:4.0.1:compile
[INFO]    jline:jline:jar:1.0:compile
[INFO]    org.apache.lucene:lucene-core:jar:4.10.4:compile
[INFO]    edu.stanford.ppl:snaptree:jar:0.1:compile
[INFO]    com.netflix.astyanax:astyanax-cassandra:jar:1.56.34:compile
[INFO]    net.jpountz.lz4:lz4:jar:1.1.0:compile
[INFO]    com.aphyr:riemann-java-client:jar:0.2.9:compile
[INFO]    com.github.stephenc:jamm:jar:0.2.5:compile
[INFO]    com.google.guava:guava:jar:15.0:compile
[INFO]    com.github.tlrx:elasticsearch-test:jar:1.2.1:test
[INFO]    org.mortbay.jetty:jetty:jar:6.1.22:compile
[INFO]    org.apache.lucene:lucene-misc:jar:4.10.4:compile
[INFO]    org.xerial.snappy:snappy-java:jar:1.0.4.1:compile
[INFO]    org.antlr:antlr-runtime:jar:3.5:compile
[INFO]    org.mockito:mockito-all:jar:1.8.5:compile
[INFO]    org.apache.lucene:lucene-grouping:jar:4.10.4:compile
[INFO]    com.eaio.uuid:uuid:jar:3.2:compile
[INFO] 
[INFO]                                                                         
[INFO] ------------------------------------------------------------------------
[INFO] Building Blueflood HTTP Ingestion and Querying 2.0.0-SNAPSHOT
[INFO] ------------------------------------------------------------------------
[INFO] 
[INFO] --- maven-enforcer-plugin:1.0:enforce (enforce-maven) @ blueflood-http ---
[INFO] 
[INFO] --- jacoco-maven-plugin:0.7.2.201409121644:prepare-agent (prepare-agent) @ blueflood-http ---
[INFO] argLine set to -javaagent:/home/travis/.m2/repository/org/jacoco/org.jacoco.agent/0.7.2.201409121644/org.jacoco.agent-0.7.2.201409121644-runtime.jar=destfile=/home/travis/build/rackerlabs/blueflood/blueflood-http/target/jacoco.exec
[INFO] 
[INFO] --- maven-resources-plugin:2.6:resources (default-resources) @ blueflood-http ---
[INFO] Using 'UTF-8' encoding to copy filtered resources.
[INFO] skip non existing resourceDirectory /home/travis/build/rackerlabs/blueflood/blueflood-http/src/main/resources
[INFO] 
[INFO] --- maven-compiler-plugin:3.1:compile (default-compile) @ blueflood-http ---
[INFO] Changes detected - recompiling the module!
[INFO] Compiling 37 source files to /home/travis/build/rackerlabs/blueflood/blueflood-http/target/classes
[WARNING] /home/travis/build/rackerlabs/blueflood/blueflood-http/src/main/java/com/rackspacecloud/blueflood/outputs/serializers/JSONHistogramOutputSerializer.java: Some input files use unchecked or unsafe operations.
[WARNING] /home/travis/build/rackerlabs/blueflood/blueflood-http/src/main/java/com/rackspacecloud/blueflood/outputs/serializers/JSONHistogramOutputSerializer.java: Recompile with -Xlint:unchecked for details.
[INFO] 
[INFO] --- build-helper-maven-plugin:1.8:add-test-source (add-integration-test-sources) @ blueflood-http ---
[INFO] Test Source directory: /home/travis/build/rackerlabs/blueflood/blueflood-http/src/integration-test/java added.
[INFO] 
[INFO] --- maven-resources-plugin:2.6:testResources (default-testResources) @ blueflood-http ---
[INFO] Not copying test resources
[INFO] 
[INFO] --- build-helper-maven-plugin:1.8:reserve-network-port (reserve-network-port) @ blueflood-http ---
[INFO] Reserved port 56301 for cassandra.rpcPort
[INFO] Reserved port 51323 for cassandra.jmxPort
[INFO] Reserved port 39572 for cassandra.storagePort
[INFO] Reserved port 41671 for cassandra.stopPort
[INFO] 
[INFO] --- maven-compiler-plugin:3.1:testCompile (default-testCompile) @ blueflood-http ---
[INFO] Not compiling test sources
[INFO] 
[INFO] --- maven-surefire-plugin:2.14.1:test (default-test) @ blueflood-http ---
[INFO] Tests are skipped.
[INFO] 
[INFO] --- maven-jar-plugin:2.2:jar (default-jar) @ blueflood-http ---
[INFO] Building jar: /home/travis/build/rackerlabs/blueflood/blueflood-http/target/blueflood-http-2.0.0-SNAPSHOT.jar
[INFO] 
[INFO] --- maven-source-plugin:2.2.1:jar-no-fork (attach-sources) @ blueflood-http ---
[INFO] Building jar: /home/travis/build/rackerlabs/blueflood/blueflood-http/target/blueflood-http-2.0.0-SNAPSHOT-sources.jar
[INFO] 
[INFO] --- maven-javadoc-plugin:2.9.1:jar (attach-javadocs) @ blueflood-http ---
[INFO] Skipping javadoc generation
[INFO] 
[INFO] --- maven-jar-plugin:2.2:test-jar (default) @ blueflood-http ---
[INFO] Skipping packaging of the test-jar
[INFO] 
[INFO] --- jacoco-maven-plugin:0.7.2.201409121644:prepare-agent-integration (prepare-it-agent) @ blueflood-http ---
[INFO] jacoco.agent.it.argLine set to -javaagent:/home/travis/.m2/repository/org/jacoco/org.jacoco.agent/0.7.2.201409121644/org.jacoco.agent-0.7.2.201409121644-runtime.jar=destfile=/home/travis/build/rackerlabs/blueflood/blueflood-http/target/jacoco-it.exec
[INFO] 
[INFO] --- cassandra-maven-plugin:2.0.0-1:delete (delete-cassandra) @ blueflood-http ---
[INFO] Skipping cassandra: cassandra.skip==true
[INFO] 
[INFO] --- cassandra-maven-plugin:2.0.0-1:start (default) @ blueflood-http ---
[INFO] Skipping cassandra: cassandra.skip==true
[INFO] 
[INFO] --- maven-failsafe-plugin:2.15:integration-test (integration-tests) @ blueflood-http ---
[INFO] Tests are skipped.
[INFO] 
[INFO] --- cassandra-maven-plugin:2.0.0-1:stop (default) @ blueflood-http ---
[INFO] Skipping cassandra: cassandra.skip==true
[INFO] 
[INFO] --- maven-failsafe-plugin:2.15:verify (verify) @ blueflood-http ---
[INFO] Tests are skipped.
[INFO] 
[INFO] --- maven-install-plugin:2.4:install (default-install) @ blueflood-http ---
[INFO] Installing /home/travis/build/rackerlabs/blueflood/blueflood-http/target/blueflood-http-2.0.0-SNAPSHOT.jar to /home/travis/.m2/repository/com/rackspacecloud/blueflood-http/2.0.0-SNAPSHOT/blueflood-http-2.0.0-SNAPSHOT.jar
[INFO] Installing /home/travis/build/rackerlabs/blueflood/blueflood-http/pom.xml to /home/travis/.m2/repository/com/rackspacecloud/blueflood-http/2.0.0-SNAPSHOT/blueflood-http-2.0.0-SNAPSHOT.pom
[INFO] Installing /home/travis/build/rackerlabs/blueflood/blueflood-http/target/blueflood-http-2.0.0-SNAPSHOT-sources.jar to /home/travis/.m2/repository/com/rackspacecloud/blueflood-http/2.0.0-SNAPSHOT/blueflood-http-2.0.0-SNAPSHOT-sources.jar
[INFO] 
[INFO] --- maven-dependency-plugin:2.8:resolve (default-cli) @ blueflood-http ---
[INFO] 
[INFO] The following files have been resolved:
[INFO]    org.mortbay.jetty:servlet-api:jar:2.5-20081211:compile
[INFO]    org.clojure:clojure:jar:1.5.1:compile
[INFO]    org.apache.lucene:lucene-queryparser:jar:4.10.4:compile
[INFO]    com.google.protobuf:protobuf-java:jar:2.5.0:compile
[INFO]    com.codahale.metrics:metrics-core:jar:3.0.1:compile
[INFO]    org.apache.httpcomponents:httpclient:jar:4.3.3:compile
[INFO]    org.hamcrest:hamcrest-core:jar:1.1:test
[INFO]    com.rackspacecloud:blueflood-core:jar:2.0.0-SNAPSHOT:compile
[INFO]    stax:stax-api:jar:1.0.1:compile
[INFO]    bigml:histogram:jar:3.2.1:compile
[INFO]    org.yaml:snakeyaml:jar:1.12:compile
[INFO]    org.apache.lucene:lucene-highlighter:jar:4.10.4:compile
[INFO]    org.apache.lucene:lucene-queries:jar:4.10.4:compile
[INFO]    com.yammer.metrics:metrics-core:jar:2.1.2:compile
[INFO]    com.googlecode.json-simple:json-simple:jar:1.1:compile
[INFO]    org.mockito:mockito-all:jar:1.8.4:test
[INFO]    org.elasticsearch:elasticsearch:jar:1.7.1:compile
[INFO]    com.codahale.metrics:metrics-log4j:jar:3.0.1:compile
[INFO]    com.netflix.astyanax:astyanax-core:jar:1.56.34:compile
[INFO]    org.apache.zookeeper:zookeeper:jar:3.4.5:compile
[INFO]    org.apache.servicemix.bundles:org.apache.servicemix.bundles.commons-csv:jar:1.0-r706900_3:compile
[INFO]    org.apache.lucene:lucene-join:jar:4.10.4:compile
[INFO]    org.apache.cassandra:cassandra-all:jar:1.2.2:compile
[INFO]    org.apache.lucene:lucene-memory:jar:4.10.4:compile
[INFO]    org.apache.thrift:libthrift:jar:0.7.0:compile
[INFO]    org.apache.lucene:lucene-analyzers-common:jar:4.10.4:compile
[INFO]    org.mortbay.jetty:jetty-util:jar:6.1.22:compile
[INFO]    joda-time:joda-time:jar:1.6.2:compile
[INFO]    org.slf4j:slf4j-api:jar:1.7.6:compile
[INFO]    org.apache.cassandra:cassandra-thrift:jar:1.2.2:compile
[INFO]    junit:junit:jar:4.10:test
[INFO]    org.codehaus.jettison:jettison:jar:1.2:compile
[INFO]    org.mindrot:jbcrypt:jar:0.3m:compile
[INFO]    com.google.code.gson:gson:jar:2.2:compile
[INFO]    commons-logging:commons-logging:jar:1.1.3:compile
[INFO]    org.apache.lucene:lucene-sandbox:jar:4.10.4:compile
[INFO]    com.googlecode.concurrentlinkedhashmap:concurrentlinkedhashmap-lru:jar:1.3:compile
[INFO]    org.apache.curator:curator-client:jar:2.3.0:compile
[INFO]    org.apache.lucene:lucene-spatial:jar:4.10.4:compile
[INFO]    org.codehaus.jackson:jackson-core-asl:jar:1.9.2:compile
[INFO]    commons-cli:commons-cli:jar:1.2:compile
[INFO]    org.apache.curator:curator-framework:jar:2.3.0:compile
[INFO]    com.codahale.metrics:metrics-jvm:jar:3.0.1:compile
[INFO]    org.codehaus.jackson:jackson-mapper-asl:jar:1.9.2:compile
[INFO]    io.netty:netty-all:jar:4.0.8.Final:compile
[INFO]    org.ow2.asm:asm-commons:jar:4.1:compile
[INFO]    com.ning:compress-lzf:jar:0.8.4:compile
[INFO]    com.github.stephenc.high-scale-lib:high-scale-lib:jar:1.1.2:compile
[INFO]    log4j:log4j:jar:1.2.16:compile
[INFO]    com.spatial4j:spatial4j:jar:0.4.1:compile
[INFO]    org.apache.cassandra.deps:avro:jar:1.4.0-cassandra-1:compile
[INFO]    org.slf4j:slf4j-log4j12:jar:1.7.6:compile
[INFO]    com.netflix.astyanax:astyanax-recipes:jar:1.56.34:compile
[INFO]    org.apache.httpcomponents:httpcore:jar:4.3.2:compile
[INFO]    org.apache.lucene:lucene-suggest:jar:4.10.4:compile
[INFO]    org.antlr:antlr:jar:3.2:compile
[INFO]    commons-lang:commons-lang:jar:2.4:compile
[INFO]    org.jboss.netty:netty:jar:3.2.4.Final:compile
[INFO]    javax.servlet:servlet-api:jar:2.5:compile
[INFO]    org.apache.curator:curator-recipes:jar:2.3.0:compile
[INFO]    com.rackspacecloud:blueflood-elasticsearch:jar:2.0.0-SNAPSHOT:compile
[INFO]    com.codahale.metrics:metrics-graphite:jar:3.0.1:compile
[INFO]    org.ow2.asm:asm:jar:4.1:compile
[INFO]    io.netty:netty:jar:3.6.1.Final:compile
[INFO]    com.netflix.astyanax:astyanax-thrift:jar:1.56.34:compile
[INFO]    jline:jline:jar:1.0:compile
[INFO]    org.apache.lucene:lucene-core:jar:4.10.4:compile
[INFO]    edu.stanford.ppl:snaptree:jar:0.1:compile
[INFO]    com.netflix.astyanax:astyanax-cassandra:jar:1.56.34:compile
[INFO]    net.jpountz.lz4:lz4:jar:1.1.0:compile
[INFO]    com.aphyr:riemann-java-client:jar:0.2.9:compile
[INFO]    com.github.stephenc:jamm:jar:0.2.5:compile
[INFO]    com.google.guava:guava:jar:15.0:compile
[INFO]    com.github.tlrx:elasticsearch-test:jar:1.2.1:test
[INFO]    org.mortbay.jetty:jetty:jar:6.1.22:compile
[INFO]    org.apache.lucene:lucene-misc:jar:4.10.4:compile
[INFO]    org.xerial.snappy:snappy-java:jar:1.0.4.1:compile
[INFO]    org.antlr:antlr-runtime:jar:3.5:compile
[INFO]    org.apache.lucene:lucene-grouping:jar:4.10.4:compile
[INFO]    commons-codec:commons-codec:jar:1.6:compile
[INFO]    com.eaio.uuid:uuid:jar:3.2:compile
[INFO] 
[INFO]                                                                         
[INFO] ------------------------------------------------------------------------
[INFO] Building Blueflood Rollup Kafka Producer 2.0.0-SNAPSHOT
[INFO] ------------------------------------------------------------------------
[INFO] 
[INFO] --- maven-enforcer-plugin:1.0:enforce (enforce-maven) @ blueflood-kafka ---
[INFO] 
[INFO] --- jacoco-maven-plugin:0.7.2.201409121644:prepare-agent (prepare-agent) @ blueflood-kafka ---
[INFO] argLine set to -javaagent:/home/travis/.m2/repository/org/jacoco/org.jacoco.agent/0.7.2.201409121644/org.jacoco.agent-0.7.2.201409121644-runtime.jar=destfile=/home/travis/build/rackerlabs/blueflood/blueflood-kafka/target/jacoco.exec
[INFO] 
[INFO] --- maven-resources-plugin:2.6:resources (default-resources) @ blueflood-kafka ---
[INFO] Using 'UTF-8' encoding to copy filtered resources.
[INFO] skip non existing resourceDirectory /home/travis/build/rackerlabs/blueflood/blueflood-kafka/src/main/resources
[INFO] 
[INFO] --- maven-compiler-plugin:3.1:compile (default-compile) @ blueflood-kafka ---
[INFO] Changes detected - recompiling the module!
[INFO] Compiling 6 source files to /home/travis/build/rackerlabs/blueflood/blueflood-kafka/target/classes
[WARNING] /home/travis/build/rackerlabs/blueflood/blueflood-kafka/src/main/java/com/rackspacecloud/blueflood/outputs/handlers/helpers/KafkaProducerWork.java: /home/travis/build/rackerlabs/blueflood/blueflood-kafka/src/main/java/com/rackspacecloud/blueflood/outputs/handlers/helpers/KafkaProducerWork.java uses unchecked or unsafe operations.
[WARNING] /home/travis/build/rackerlabs/blueflood/blueflood-kafka/src/main/java/com/rackspacecloud/blueflood/outputs/handlers/helpers/KafkaProducerWork.java: Recompile with -Xlint:unchecked for details.
[INFO] 
[INFO] --- maven-resources-plugin:2.6:testResources (default-testResources) @ blueflood-kafka ---
[INFO] Not copying test resources
[INFO] 
[INFO] --- build-helper-maven-plugin:1.8:reserve-network-port (reserve-network-port) @ blueflood-kafka ---
[INFO] Reserved port 43402 for cassandra.rpcPort
[INFO] Reserved port 59178 for cassandra.jmxPort
[INFO] Reserved port 42238 for cassandra.storagePort
[INFO] Reserved port 58268 for cassandra.stopPort
[INFO] 
[INFO] --- maven-compiler-plugin:3.1:testCompile (default-testCompile) @ blueflood-kafka ---
[INFO] Not compiling test sources
[INFO] 
[INFO] --- maven-surefire-plugin:2.14.1:test (default-test) @ blueflood-kafka ---
[INFO] Tests are skipped.
[INFO] 
[INFO] --- maven-jar-plugin:2.2:jar (default-jar) @ blueflood-kafka ---
[INFO] Building jar: /home/travis/build/rackerlabs/blueflood/blueflood-kafka/target/blueflood-kafka-2.0.0-SNAPSHOT.jar
[INFO] 
[INFO] --- maven-source-plugin:2.2.1:jar-no-fork (attach-sources) @ blueflood-kafka ---
[INFO] Building jar: /home/travis/build/rackerlabs/blueflood/blueflood-kafka/target/blueflood-kafka-2.0.0-SNAPSHOT-sources.jar
[INFO] 
[INFO] --- maven-javadoc-plugin:2.9.1:jar (attach-javadocs) @ blueflood-kafka ---
[INFO] Skipping javadoc generation
[INFO] 
[INFO] --- maven-jar-plugin:2.2:test-jar (default) @ blueflood-kafka ---
[INFO] Skipping packaging of the test-jar
[INFO] 
[INFO] --- jacoco-maven-plugin:0.7.2.201409121644:prepare-agent-integration (prepare-it-agent) @ blueflood-kafka ---
[INFO] jacoco.agent.it.argLine set to -javaagent:/home/travis/.m2/repository/org/jacoco/org.jacoco.agent/0.7.2.201409121644/org.jacoco.agent-0.7.2.201409121644-runtime.jar=destfile=/home/travis/build/rackerlabs/blueflood/blueflood-kafka/target/jacoco-it.exec
[INFO] 
[INFO] --- cassandra-maven-plugin:2.0.0-1:delete (delete-cassandra) @ blueflood-kafka ---
[INFO] Skipping cassandra: cassandra.skip==true
[INFO] 
[INFO] --- cassandra-maven-plugin:2.0.0-1:start (default) @ blueflood-kafka ---
[INFO] Skipping cassandra: cassandra.skip==true
[INFO] 
[INFO] --- cassandra-maven-plugin:2.0.0-1:stop (default) @ blueflood-kafka ---
[INFO] Skipping cassandra: cassandra.skip==true
[INFO] 
[INFO] --- maven-install-plugin:2.4:install (default-install) @ blueflood-kafka ---
[INFO] Installing /home/travis/build/rackerlabs/blueflood/blueflood-kafka/target/blueflood-kafka-2.0.0-SNAPSHOT.jar to /home/travis/.m2/repository/com/rackspacecloud/blueflood-kafka/2.0.0-SNAPSHOT/blueflood-kafka-2.0.0-SNAPSHOT.jar
[INFO] Installing /home/travis/build/rackerlabs/blueflood/blueflood-kafka/pom.xml to /home/travis/.m2/repository/com/rackspacecloud/blueflood-kafka/2.0.0-SNAPSHOT/blueflood-kafka-2.0.0-SNAPSHOT.pom
[INFO] Installing /home/travis/build/rackerlabs/blueflood/blueflood-kafka/target/blueflood-kafka-2.0.0-SNAPSHOT-sources.jar to /home/travis/.m2/repository/com/rackspacecloud/blueflood-kafka/2.0.0-SNAPSHOT/blueflood-kafka-2.0.0-SNAPSHOT-sources.jar
[INFO] 
[INFO] --- maven-dependency-plugin:2.8:resolve (default-cli) @ blueflood-kafka ---
[INFO] 
[INFO] The following files have been resolved:
[INFO]    org.clojure:clojure:jar:1.5.1:compile
[INFO]    org.mortbay.jetty:servlet-api:jar:2.5-20081211:compile
[INFO]    com.google.protobuf:protobuf-java:jar:2.5.0:compile
[INFO]    org.antlr:antlr-runtime:jar:3.2:compile
[INFO]    com.codahale.metrics:metrics-core:jar:3.0.1:compile
[INFO]    org.apache.zookeeper:zookeeper:jar:3.3.4:compile
[INFO]    org.hamcrest:hamcrest-core:jar:1.1:compile
[INFO]    com.rackspacecloud:blueflood-core:jar:2.0.0-SNAPSHOT:compile
[INFO]    net.sf.jopt-simple:jopt-simple:jar:3.2:compile
[INFO]    bigml:histogram:jar:3.2.1:compile
[INFO]    stax:stax-api:jar:1.0.1:compile
[INFO]    org.scala-lang:scala-reflect:jar:2.10.1:compile
[INFO]    com.googlecode.json-simple:json-simple:jar:1.1:compile
[INFO]    commons-logging:commons-logging:jar:1.1.1:compile
[INFO]    com.codahale.metrics:metrics-log4j:jar:3.0.1:compile
[INFO]    com.netflix.astyanax:astyanax-core:jar:1.56.34:compile
[INFO]    org.apache.servicemix.bundles:org.apache.servicemix.bundles.commons-csv:jar:1.0-r706900_3:compile
[INFO]    org.apache.cassandra:cassandra-all:jar:1.2.2:compile
[INFO]    jline:jline:jar:0.9.94:compile
[INFO]    org.apache.thrift:libthrift:jar:0.7.0:compile
[INFO]    org.mortbay.jetty:jetty-util:jar:6.1.22:compile
[INFO]    org.apache.kafka:kafka_2.10:jar:0.8.0:compile
[INFO]    joda-time:joda-time:jar:1.6.2:compile
[INFO]    org.apache.cassandra:cassandra-thrift:jar:1.2.2:compile
[INFO]    junit:junit:jar:4.10:compile
[INFO]    org.slf4j:slf4j-api:jar:1.7.2:compile
[INFO]    org.codehaus.jettison:jettison:jar:1.2:compile
[INFO]    com.yammer.metrics:metrics-annotation:jar:2.2.0:compile
[INFO]    org.mindrot:jbcrypt:jar:0.3m:compile
[INFO]    org.apache.httpcomponents:httpclient:jar:4.0.1:compile
[INFO]    com.google.code.gson:gson:jar:2.2:compile
[INFO]    com.googlecode.concurrentlinkedhashmap:concurrentlinkedhashmap-lru:jar:1.3:compile
[INFO]    antlr:antlr:jar:2.7.7:compile
[INFO]    org.apache.curator:curator-client:jar:2.3.0:compile
[INFO]    com.yammer.metrics:metrics-core:jar:2.2.0:compile
[INFO]    org.scala-lang:scala-compiler:jar:2.10.1:compile
[INFO]    org.codehaus.jackson:jackson-core-asl:jar:1.9.2:compile
[INFO]    commons-cli:commons-cli:jar:1.2:compile
[INFO]    org.apache.curator:curator-framework:jar:2.3.0:compile
[INFO]    com.codahale.metrics:metrics-jvm:jar:3.0.1:compile
[INFO]    org.codehaus.jackson:jackson-mapper-asl:jar:1.9.2:compile
[INFO]    commons-codec:commons-codec:jar:1.5:compile
[INFO]    com.ning:compress-lzf:jar:0.8.4:compile
[INFO]    com.github.stephenc.high-scale-lib:high-scale-lib:jar:1.1.2:compile
[INFO]    log4j:log4j:jar:1.2.16:compile
[INFO]    org.apache.cassandra.deps:avro:jar:1.4.0-cassandra-1:compile
[INFO]    org.slf4j:slf4j-log4j12:jar:1.7.6:compile
[INFO]    com.netflix.astyanax:astyanax-recipes:jar:1.56.34:compile
[INFO]    org.antlr:antlr:jar:3.2:compile
[INFO]    commons-lang:commons-lang:jar:2.4:compile
[INFO]    org.jboss.netty:netty:jar:3.2.4.Final:compile
[INFO]    javax.servlet:servlet-api:jar:2.5:compile
[INFO]    org.apache.curator:curator-recipes:jar:2.3.0:compile
[INFO]    com.codahale.metrics:metrics-graphite:jar:3.0.1:compile
[INFO]    io.netty:netty:jar:3.6.1.Final:compile
[INFO]    com.netflix.astyanax:astyanax-thrift:jar:1.56.34:compile
[INFO]    com.101tec:zkclient:jar:0.3:compile
[INFO]    org.apache.httpcomponents:httpcore:jar:4.0.1:compile
[INFO]    org.antlr:stringtemplate:jar:3.2:compile
[INFO]    edu.stanford.ppl:snaptree:jar:0.1:compile
[INFO]    org.scala-lang:scala-library:jar:2.10.1:compile
[INFO]    com.netflix.astyanax:astyanax-cassandra:jar:1.56.34:compile
[INFO]    com.yammer.metrics:metrics-graphite:jar:2.2.0:compile
[INFO]    net.jpountz.lz4:lz4:jar:1.1.0:compile
[INFO]    com.aphyr:riemann-java-client:jar:0.2.9:compile
[INFO]    com.github.stephenc:jamm:jar:0.2.5:compile
[INFO]    com.google.guava:guava:jar:15.0:compile
[INFO]    org.mortbay.jetty:jetty:jar:6.1.22:compile
[INFO]    org.xerial.snappy:snappy-java:jar:1.0.4.1:compile
[INFO]    org.mockito:mockito-all:jar:1.8.5:compile
[INFO]    org.yaml:snakeyaml:jar:1.6:compile
[INFO]    com.eaio.uuid:uuid:jar:3.2:compile
[INFO] 
[INFO]                                                                         
[INFO] ------------------------------------------------------------------------
[INFO] Building Blueflood Rollup Cloudfiles Exporter 2.0.0-SNAPSHOT
[INFO] ------------------------------------------------------------------------
[INFO] 
[INFO] --- maven-enforcer-plugin:1.0:enforce (enforce-maven) @ blueflood-cloudfiles ---
[INFO] 
[INFO] --- jacoco-maven-plugin:0.7.2.201409121644:prepare-agent (prepare-agent) @ blueflood-cloudfiles ---
[INFO] argLine set to -javaagent:/home/travis/.m2/repository/org/jacoco/org.jacoco.agent/0.7.2.201409121644/org.jacoco.agent-0.7.2.201409121644-runtime.jar=destfile=/home/travis/build/rackerlabs/blueflood/blueflood-cloudfiles/target/jacoco.exec
[INFO] 
[INFO] --- maven-resources-plugin:2.6:resources (default-resources) @ blueflood-cloudfiles ---
[INFO] Using 'UTF-8' encoding to copy filtered resources.
[INFO] skip non existing resourceDirectory /home/travis/build/rackerlabs/blueflood/blueflood-cloudfiles/src/main/resources
[INFO] 
[INFO] --- maven-compiler-plugin:3.1:compile (default-compile) @ blueflood-cloudfiles ---
[INFO] Changes detected - recompiling the module!
[INFO] Compiling 6 source files to /home/travis/build/rackerlabs/blueflood/blueflood-cloudfiles/target/classes
[WARNING] /home/travis/build/rackerlabs/blueflood/blueflood-cloudfiles/src/main/java/com/rackspacecloud/blueflood/outputs/cloudfiles/CloudFilesPublisher.java: /home/travis/build/rackerlabs/blueflood/blueflood-cloudfiles/src/main/java/com/rackspacecloud/blueflood/outputs/cloudfiles/CloudFilesPublisher.java uses or overrides a deprecated API.
[WARNING] /home/travis/build/rackerlabs/blueflood/blueflood-cloudfiles/src/main/java/com/rackspacecloud/blueflood/outputs/cloudfiles/CloudFilesPublisher.java: Recompile with -Xlint:deprecation for details.
[WARNING] /home/travis/build/rackerlabs/blueflood/blueflood-cloudfiles/src/main/java/com/rackspacecloud/blueflood/outputs/cloudfiles/StorageManager.java: /home/travis/build/rackerlabs/blueflood/blueflood-cloudfiles/src/main/java/com/rackspacecloud/blueflood/outputs/cloudfiles/StorageManager.java uses unchecked or unsafe operations.
[WARNING] /home/travis/build/rackerlabs/blueflood/blueflood-cloudfiles/src/main/java/com/rackspacecloud/blueflood/outputs/cloudfiles/StorageManager.java: Recompile with -Xlint:unchecked for details.
[INFO] 
[INFO] --- maven-resources-plugin:2.6:testResources (default-testResources) @ blueflood-cloudfiles ---
[INFO] Not copying test resources
[INFO] 
[INFO] --- build-helper-maven-plugin:1.8:reserve-network-port (reserve-network-port) @ blueflood-cloudfiles ---
[INFO] Reserved port 55871 for cassandra.rpcPort
[INFO] Reserved port 57956 for cassandra.jmxPort
[INFO] Reserved port 51006 for cassandra.storagePort
[INFO] Reserved port 42509 for cassandra.stopPort
[INFO] 
[INFO] --- maven-compiler-plugin:3.1:testCompile (default-testCompile) @ blueflood-cloudfiles ---
[INFO] Not compiling test sources
[INFO] 
[INFO] --- maven-surefire-plugin:2.14.1:test (default-test) @ blueflood-cloudfiles ---
[INFO] Tests are skipped.
[INFO] 
[INFO] --- maven-jar-plugin:2.2:jar (default-jar) @ blueflood-cloudfiles ---
[INFO] Building jar: /home/travis/build/rackerlabs/blueflood/blueflood-cloudfiles/target/blueflood-cloudfiles-2.0.0-SNAPSHOT.jar
[INFO] 
[INFO] --- maven-source-plugin:2.2.1:jar-no-fork (attach-sources) @ blueflood-cloudfiles ---
[INFO] Building jar: /home/travis/build/rackerlabs/blueflood/blueflood-cloudfiles/target/blueflood-cloudfiles-2.0.0-SNAPSHOT-sources.jar
[INFO] 
[INFO] --- maven-javadoc-plugin:2.9.1:jar (attach-javadocs) @ blueflood-cloudfiles ---
[INFO] Skipping javadoc generation
[INFO] 
[INFO] --- maven-jar-plugin:2.2:test-jar (default) @ blueflood-cloudfiles ---
[INFO] Skipping packaging of the test-jar
[INFO] 
[INFO] --- jacoco-maven-plugin:0.7.2.201409121644:prepare-agent-integration (prepare-it-agent) @ blueflood-cloudfiles ---
[INFO] jacoco.agent.it.argLine set to -javaagent:/home/travis/.m2/repository/org/jacoco/org.jacoco.agent/0.7.2.201409121644/org.jacoco.agent-0.7.2.201409121644-runtime.jar=destfile=/home/travis/build/rackerlabs/blueflood/blueflood-cloudfiles/target/jacoco-it.exec
[INFO] 
[INFO] --- cassandra-maven-plugin:2.0.0-1:delete (delete-cassandra) @ blueflood-cloudfiles ---
[INFO] Skipping cassandra: cassandra.skip==true
[INFO] 
[INFO] --- cassandra-maven-plugin:2.0.0-1:start (default) @ blueflood-cloudfiles ---
[INFO] Skipping cassandra: cassandra.skip==true
[INFO] 
[INFO] --- cassandra-maven-plugin:2.0.0-1:stop (default) @ blueflood-cloudfiles ---
[INFO] Skipping cassandra: cassandra.skip==true
[INFO] 
[INFO] --- maven-install-plugin:2.4:install (default-install) @ blueflood-cloudfiles ---
[INFO] Installing /home/travis/build/rackerlabs/blueflood/blueflood-cloudfiles/target/blueflood-cloudfiles-2.0.0-SNAPSHOT.jar to /home/travis/.m2/repository/com/rackspacecloud/blueflood-cloudfiles/2.0.0-SNAPSHOT/blueflood-cloudfiles-2.0.0-SNAPSHOT.jar
[INFO] Installing /home/travis/build/rackerlabs/blueflood/blueflood-cloudfiles/pom.xml to /home/travis/.m2/repository/com/rackspacecloud/blueflood-cloudfiles/2.0.0-SNAPSHOT/blueflood-cloudfiles-2.0.0-SNAPSHOT.pom
[INFO] Installing /home/travis/build/rackerlabs/blueflood/blueflood-cloudfiles/target/blueflood-cloudfiles-2.0.0-SNAPSHOT-sources.jar to /home/travis/.m2/repository/com/rackspacecloud/blueflood-cloudfiles/2.0.0-SNAPSHOT/blueflood-cloudfiles-2.0.0-SNAPSHOT-sources.jar
[INFO] 
[INFO] --- maven-dependency-plugin:2.8:resolve (default-cli) @ blueflood-cloudfiles ---
[INFO] 
[INFO] The following files have been resolved:
[INFO]    org.clojure:clojure:jar:1.5.1:compile
[INFO]    org.mortbay.jetty:servlet-api:jar:2.5-20081211:compile
[INFO]    com.google.protobuf:protobuf-java:jar:2.5.0:compile
[INFO]    com.codahale.metrics:metrics-core:jar:3.0.1:compile
[INFO]    org.antlr:antlr-runtime:jar:3.2:compile
[INFO]    org.hamcrest:hamcrest-core:jar:1.1:compile
[INFO]    com.google.inject:guice:jar:3.0:compile
[INFO]    com.rackspacecloud:blueflood-core:jar:2.0.0-SNAPSHOT:compile
[INFO]    bigml:histogram:jar:3.2.1:compile
[INFO]    stax:stax-api:jar:1.0.1:compile
[INFO]    com.googlecode.json-simple:json-simple:jar:1.1:compile
[INFO]    com.yammer.metrics:metrics-core:jar:2.1.2:compile
[INFO]    commons-logging:commons-logging:jar:1.1.1:compile
[INFO]    com.codahale.metrics:metrics-log4j:jar:3.0.1:compile
[INFO]    org.apache.jclouds.common:openstack-common:jar:1.7.0:compile
[INFO]    com.netflix.astyanax:astyanax-core:jar:1.56.34:compile
[INFO]    org.apache.jclouds.api:cloudfiles:jar:1.7.0:compile
[INFO]    org.apache.jclouds.api:swift:jar:1.7.0:compile
[INFO]    org.apache.zookeeper:zookeeper:jar:3.4.5:compile
[INFO]    org.apache.servicemix.bundles:org.apache.servicemix.bundles.commons-csv:jar:1.0-r706900_3:compile
[INFO]    org.apache.cassandra:cassandra-all:jar:1.2.2:compile
[INFO]    org.apache.thrift:libthrift:jar:0.7.0:compile
[INFO]    org.mortbay.jetty:jetty-util:jar:6.1.22:compile
[INFO]    joda-time:joda-time:jar:1.6.2:compile
[INFO]    org.apache.jclouds.api:openstack-keystone:jar:1.7.0:compile
[INFO]    org.apache.cassandra:cassandra-thrift:jar:1.2.2:compile
[INFO]    junit:junit:jar:4.10:compile
[INFO]    org.codehaus.jettison:jettison:jar:1.2:compile
[INFO]    org.mindrot:jbcrypt:jar:0.3m:compile
[INFO]    org.apache.httpcomponents:httpclient:jar:4.0.1:compile
[INFO]    com.google.code.gson:gson:jar:2.2:compile
[INFO]    com.googlecode.concurrentlinkedhashmap:concurrentlinkedhashmap-lru:jar:1.3:compile
[INFO]    org.99soft.guice:rocoto:jar:6.2:compile
[INFO]    antlr:antlr:jar:2.7.7:compile
[INFO]    aopalliance:aopalliance:jar:1.0:compile
[INFO]    org.apache.curator:curator-client:jar:2.3.0:compile
[INFO]    javax.ws.rs:jsr311-api:jar:1.1.1:compile
[INFO]    org.codehaus.jackson:jackson-core-asl:jar:1.9.2:compile
[INFO]    commons-cli:commons-cli:jar:1.2:compile
[INFO]    org.apache.jclouds:jclouds-blobstore:jar:1.7.0:compile
[INFO]    org.apache.curator:curator-framework:jar:2.3.0:compile
[INFO]    com.codahale.metrics:metrics-jvm:jar:3.0.1:compile
[INFO]    org.codehaus.jackson:jackson-mapper-asl:jar:1.9.2:compile
[INFO]    commons-codec:commons-codec:jar:1.5:compile
[INFO]    com.ning:compress-lzf:jar:0.8.4:compile
[INFO]    com.github.stephenc.high-scale-lib:high-scale-lib:jar:1.1.2:compile
[INFO]    log4j:log4j:jar:1.2.16:compile
[INFO]    javax.annotation:jsr250-api:jar:1.0:compile
[INFO]    org.apache.cassandra.deps:avro:jar:1.4.0-cassandra-1:compile
[INFO]    org.slf4j:slf4j-log4j12:jar:1.7.6:compile
[INFO]    com.netflix.astyanax:astyanax-recipes:jar:1.56.34:compile
[INFO]    org.slf4j:slf4j-api:jar:1.6.4:compile
[INFO]    org.antlr:antlr:jar:3.2:compile
[INFO]    commons-lang:commons-lang:jar:2.4:compile
[INFO]    org.jboss.netty:netty:jar:3.2.4.Final:compile
[INFO]    javax.servlet:servlet-api:jar:2.5:compile
[INFO]    org.apache.curator:curator-recipes:jar:2.3.0:compile
[INFO]    org.apache.jclouds.provider:cloudfiles-us:jar:1.7.0:compile
[INFO]    com.codahale.metrics:metrics-graphite:jar:3.0.1:compile
[INFO]    io.netty:netty:jar:3.6.1.Final:compile
[INFO]    com.netflix.astyanax:astyanax-thrift:jar:1.56.34:compile
[INFO]    org.apache.httpcomponents:httpcore:jar:4.0.1:compile
[INFO]    jline:jline:jar:1.0:compile
[INFO]    org.antlr:stringtemplate:jar:3.2:compile
[INFO]    edu.stanford.ppl:snaptree:jar:0.1:compile
[INFO]    javax.inject:javax.inject:jar:1:compile
[INFO]    com.netflix.astyanax:astyanax-cassandra:jar:1.56.34:compile
[INFO]    net.jpountz.lz4:lz4:jar:1.1.0:compile
[INFO]    com.aphyr:riemann-java-client:jar:0.2.9:compile
[INFO]    com.github.stephenc:jamm:jar:0.2.5:compile
[INFO]    com.google.guava:guava:jar:15.0:compile
[INFO]    org.mortbay.jetty:jetty:jar:6.1.22:compile
[INFO]    org.apache.jclouds:jclouds-core:jar:1.7.0:compile
[INFO]    org.xerial.snappy:snappy-java:jar:1.0.4.1:compile
[INFO]    org.mockito:mockito-all:jar:1.8.5:compile
[INFO]    com.google.inject.extensions:guice-assistedinject:jar:3.0:compile
[INFO]    org.yaml:snakeyaml:jar:1.6:compile
[INFO]    com.eaio.uuid:uuid:jar:3.2:compile
[INFO] 
[INFO]                                                                         
[INFO] ------------------------------------------------------------------------
[INFO] Building Blueflood IO Bindings for Datastax Java Driver 2.0.0-SNAPSHOT
[INFO] ------------------------------------------------------------------------
[INFO] 
[INFO] --- maven-enforcer-plugin:1.0:enforce (enforce-maven) @ blueflood-io-datastax ---
[INFO] 
[INFO] --- jacoco-maven-plugin:0.7.2.201409121644:prepare-agent (prepare-agent) @ blueflood-io-datastax ---
[INFO] argLine set to -javaagent:/home/travis/.m2/repository/org/jacoco/org.jacoco.agent/0.7.2.201409121644/org.jacoco.agent-0.7.2.201409121644-runtime.jar=destfile=/home/travis/build/rackerlabs/blueflood/blueflood-io-datastax/target/jacoco.exec
[INFO] 
[INFO] --- maven-resources-plugin:2.6:resources (default-resources) @ blueflood-io-datastax ---
[INFO] Using 'UTF-8' encoding to copy filtered resources.
[INFO] skip non existing resourceDirectory /home/travis/build/rackerlabs/blueflood/blueflood-io-datastax/src/main/resources
[INFO] 
[INFO] --- maven-compiler-plugin:3.1:compile (default-compile) @ blueflood-io-datastax ---
[INFO] No sources to compile
[INFO] 
[INFO] --- maven-resources-plugin:2.6:testResources (default-testResources) @ blueflood-io-datastax ---
[INFO] Not copying test resources
[INFO] 
[INFO] --- build-helper-maven-plugin:1.8:reserve-network-port (reserve-network-port) @ blueflood-io-datastax ---
[INFO] Reserved port 37372 for cassandra.rpcPort
[INFO] Reserved port 50335 for cassandra.jmxPort
[INFO] Reserved port 45189 for cassandra.storagePort
[INFO] Reserved port 49274 for cassandra.stopPort
[INFO] 
[INFO] --- maven-compiler-plugin:3.1:testCompile (default-testCompile) @ blueflood-io-datastax ---
[INFO] Not compiling test sources
[INFO] 
[INFO] --- maven-surefire-plugin:2.12.4:test (default-test) @ blueflood-io-datastax ---
[INFO] Tests are skipped.
[INFO] 
[INFO] --- maven-jar-plugin:2.2:jar (default-jar) @ blueflood-io-datastax ---
[WARNING] JAR will be empty - no content was marked for inclusion!
[INFO] Building jar: /home/travis/build/rackerlabs/blueflood/blueflood-io-datastax/target/blueflood-io-datastax-2.0.0-SNAPSHOT.jar
[INFO] 
[INFO] --- maven-source-plugin:2.2.1:jar-no-fork (attach-sources) @ blueflood-io-datastax ---
[INFO] No sources in project. Archive not created.
[INFO] 
[INFO] --- maven-javadoc-plugin:2.9.1:jar (attach-javadocs) @ blueflood-io-datastax ---
[INFO] Skipping javadoc generation
[INFO] 
[INFO] --- maven-jar-plugin:2.2:test-jar (default) @ blueflood-io-datastax ---
[INFO] Skipping packaging of the test-jar
[INFO] 
[INFO] --- jacoco-maven-plugin:0.7.2.201409121644:prepare-agent-integration (prepare-it-agent) @ blueflood-io-datastax ---
[INFO] jacoco.agent.it.argLine set to -javaagent:/home/travis/.m2/repository/org/jacoco/org.jacoco.agent/0.7.2.201409121644/org.jacoco.agent-0.7.2.201409121644-runtime.jar=destfile=/home/travis/build/rackerlabs/blueflood/blueflood-io-datastax/target/jacoco-it.exec
[INFO] 
[INFO] --- cassandra-maven-plugin:2.0.0-1:delete (delete-cassandra) @ blueflood-io-datastax ---
[INFO] Skipping cassandra: cassandra.skip==true
[INFO] 
[INFO] --- cassandra-maven-plugin:2.0.0-1:start (default) @ blueflood-io-datastax ---
[INFO] Skipping cassandra: cassandra.skip==true
[INFO] 
[INFO] --- cassandra-maven-plugin:2.0.0-1:stop (default) @ blueflood-io-datastax ---
[INFO] Skipping cassandra: cassandra.skip==true
[INFO] 
[INFO] --- maven-install-plugin:2.4:install (default-install) @ blueflood-io-datastax ---
[INFO] Installing /home/travis/build/rackerlabs/blueflood/blueflood-io-datastax/target/blueflood-io-datastax-2.0.0-SNAPSHOT.jar to /home/travis/.m2/repository/com/rackspacecloud/blueflood-io-datastax/2.0.0-SNAPSHOT/blueflood-io-datastax-2.0.0-SNAPSHOT.jar
[INFO] Installing /home/travis/build/rackerlabs/blueflood/blueflood-io-datastax/pom.xml to /home/travis/.m2/repository/com/rackspacecloud/blueflood-io-datastax/2.0.0-SNAPSHOT/blueflood-io-datastax-2.0.0-SNAPSHOT.pom
[INFO] 
[INFO] --- maven-dependency-plugin:2.8:resolve (default-cli) @ blueflood-io-datastax ---
[INFO] 
[INFO] The following files have been resolved:
[INFO]    org.clojure:clojure:jar:1.5.1:compile
[INFO]    org.mortbay.jetty:servlet-api:jar:2.5-20081211:compile
[INFO]    com.google.protobuf:protobuf-java:jar:2.5.0:compile
[INFO]    com.codahale.metrics:metrics-core:jar:3.0.1:compile
[INFO]    org.antlr:antlr-runtime:jar:3.2:compile
[INFO]    org.hamcrest:hamcrest-core:jar:1.1:compile
[INFO]    com.rackspacecloud:blueflood-core:jar:2.0.0-SNAPSHOT:compile
[INFO]    bigml:histogram:jar:3.2.1:compile
[INFO]    stax:stax-api:jar:1.0.1:compile
[INFO]    com.googlecode.json-simple:json-simple:jar:1.1:compile
[INFO]    com.yammer.metrics:metrics-core:jar:2.1.2:compile
[INFO]    commons-logging:commons-logging:jar:1.1.1:compile
[INFO]    com.codahale.metrics:metrics-log4j:jar:3.0.1:compile
[INFO]    com.netflix.astyanax:astyanax-core:jar:1.56.34:compile
[INFO]    org.apache.zookeeper:zookeeper:jar:3.4.5:compile
[INFO]    org.apache.servicemix.bundles:org.apache.servicemix.bundles.commons-csv:jar:1.0-r706900_3:compile
[INFO]    org.apache.cassandra:cassandra-all:jar:1.2.2:compile
[INFO]    org.apache.thrift:libthrift:jar:0.7.0:compile
[INFO]    org.mortbay.jetty:jetty-util:jar:6.1.22:compile
[INFO]    joda-time:joda-time:jar:1.6.2:compile
[INFO]    org.apache.cassandra:cassandra-thrift:jar:1.2.2:compile
[INFO]    junit:junit:jar:4.10:compile
[INFO]    org.codehaus.jettison:jettison:jar:1.2:compile
[INFO]    org.mindrot:jbcrypt:jar:0.3m:compile
[INFO]    org.apache.httpcomponents:httpclient:jar:4.0.1:compile
[INFO]    com.google.code.gson:gson:jar:2.2:compile
[INFO]    com.googlecode.concurrentlinkedhashmap:concurrentlinkedhashmap-lru:jar:1.3:compile
[INFO]    antlr:antlr:jar:2.7.7:compile
[INFO]    org.apache.curator:curator-client:jar:2.3.0:compile
[INFO]    org.codehaus.jackson:jackson-core-asl:jar:1.9.2:compile
[INFO]    commons-cli:commons-cli:jar:1.2:compile
[INFO]    org.apache.curator:curator-framework:jar:2.3.0:compile
[INFO]    com.codahale.metrics:metrics-jvm:jar:3.0.1:compile
[INFO]    org.codehaus.jackson:jackson-mapper-asl:jar:1.9.2:compile
[INFO]    commons-codec:commons-codec:jar:1.5:compile
[INFO]    com.ning:compress-lzf:jar:0.8.4:compile
[INFO]    com.github.stephenc.high-scale-lib:high-scale-lib:jar:1.1.2:compile
[INFO]    log4j:log4j:jar:1.2.16:compile
[INFO]    org.apache.cassandra.deps:avro:jar:1.4.0-cassandra-1:compile
[INFO]    org.slf4j:slf4j-log4j12:jar:1.7.6:compile
[INFO]    com.netflix.astyanax:astyanax-recipes:jar:1.56.34:compile
[INFO]    org.slf4j:slf4j-api:jar:1.6.4:compile
[INFO]    org.antlr:antlr:jar:3.2:compile
[INFO]    commons-lang:commons-lang:jar:2.4:compile
[INFO]    org.jboss.netty:netty:jar:3.2.4.Final:compile
[INFO]    javax.servlet:servlet-api:jar:2.5:compile
[INFO]    org.apache.curator:curator-recipes:jar:2.3.0:compile
[INFO]    com.codahale.metrics:metrics-graphite:jar:3.0.1:compile
[INFO]    io.netty:netty:jar:3.6.1.Final:compile
[INFO]    com.netflix.astyanax:astyanax-thrift:jar:1.56.34:compile
[INFO]    org.apache.httpcomponents:httpcore:jar:4.0.1:compile
[INFO]    jline:jline:jar:1.0:compile
[INFO]    org.antlr:stringtemplate:jar:3.2:compile
[INFO]    edu.stanford.ppl:snaptree:jar:0.1:compile
[INFO]    com.netflix.astyanax:astyanax-cassandra:jar:1.56.34:compile
[INFO]    net.jpountz.lz4:lz4:jar:1.1.0:compile
[INFO]    com.aphyr:riemann-java-client:jar:0.2.9:compile
[INFO]    com.github.stephenc:jamm:jar:0.2.5:compile
[INFO]    com.google.guava:guava:jar:15.0:compile
[INFO]    org.mortbay.jetty:jetty:jar:6.1.22:compile
[INFO]    org.xerial.snappy:snappy-java:jar:1.0.4.1:compile
[INFO]    org.mockito:mockito-all:jar:1.8.5:compile
[INFO]    org.yaml:snakeyaml:jar:1.6:compile
[INFO]    com.eaio.uuid:uuid:jar:3.2:compile
[INFO] 
[INFO]                                                                         
[INFO] ------------------------------------------------------------------------
[INFO] Building Blueflood Out-of-band Rollup Tools 2.0.0-SNAPSHOT
[INFO] ------------------------------------------------------------------------
[INFO] 
[INFO] --- maven-enforcer-plugin:1.0:enforce (enforce-maven) @ blueflood-rollupTools ---
[INFO] 
[INFO] --- jacoco-maven-plugin:0.7.2.201409121644:prepare-agent (prepare-agent) @ blueflood-rollupTools ---
[INFO] argLine set to -javaagent:/home/travis/.m2/repository/org/jacoco/org.jacoco.agent/0.7.2.201409121644/org.jacoco.agent-0.7.2.201409121644-runtime.jar=destfile=/home/travis/build/rackerlabs/blueflood/blueflood-rollupTools/target/jacoco.exec
[INFO] 
[INFO] --- maven-resources-plugin:2.6:resources (default-resources) @ blueflood-rollupTools ---
[INFO] Using 'UTF-8' encoding to copy filtered resources.
[INFO] skip non existing resourceDirectory /home/travis/build/rackerlabs/blueflood/blueflood-rollupTools/src/main/resources
[INFO] 
[INFO] --- maven-compiler-plugin:3.1:compile (default-compile) @ blueflood-rollupTools ---
[INFO] Changes detected - recompiling the module!
[INFO] Compiling 19 source files to /home/travis/build/rackerlabs/blueflood/blueflood-rollupTools/target/classes
[WARNING] /home/travis/build/rackerlabs/blueflood/blueflood-rollupTools/src/main/java/com/rackspacecloud/blueflood/ManualRollupTool/io/ManualRollup.java: Some input files use unchecked or unsafe operations.
[WARNING] /home/travis/build/rackerlabs/blueflood/blueflood-rollupTools/src/main/java/com/rackspacecloud/blueflood/ManualRollupTool/io/ManualRollup.java: Recompile with -Xlint:unchecked for details.
[INFO] 
[INFO] --- maven-resources-plugin:2.6:testResources (default-testResources) @ blueflood-rollupTools ---
[INFO] Not copying test resources
[INFO] 
[INFO] --- build-helper-maven-plugin:1.8:reserve-network-port (reserve-network-port) @ blueflood-rollupTools ---
[INFO] Reserved port 54395 for cassandra.rpcPort
[INFO] Reserved port 49120 for cassandra.jmxPort
[INFO] Reserved port 52109 for cassandra.storagePort
[INFO] Reserved port 48793 for cassandra.stopPort
[INFO] 
[INFO] --- maven-compiler-plugin:3.1:testCompile (default-testCompile) @ blueflood-rollupTools ---
[INFO] Not compiling test sources
[INFO] 
[INFO] --- maven-surefire-plugin:2.14.1:test (default-test) @ blueflood-rollupTools ---
[INFO] Tests are skipped.
[INFO] 
[INFO] --- maven-jar-plugin:2.2:jar (default-jar) @ blueflood-rollupTools ---
[INFO] Building jar: /home/travis/build/rackerlabs/blueflood/blueflood-rollupTools/target/blueflood-rollupTools-2.0.0-SNAPSHOT.jar
[INFO] 
[INFO] --- maven-source-plugin:2.2.1:jar-no-fork (attach-sources) @ blueflood-rollupTools ---
[INFO] Building jar: /home/travis/build/rackerlabs/blueflood/blueflood-rollupTools/target/blueflood-rollupTools-2.0.0-SNAPSHOT-sources.jar
[INFO] 
[INFO] --- maven-javadoc-plugin:2.9.1:jar (attach-javadocs) @ blueflood-rollupTools ---
[INFO] Skipping javadoc generation
[INFO] 
[INFO] --- maven-jar-plugin:2.2:test-jar (default) @ blueflood-rollupTools ---
[INFO] Skipping packaging of the test-jar
[INFO] 
[INFO] --- jacoco-maven-plugin:0.7.2.201409121644:prepare-agent-integration (prepare-it-agent) @ blueflood-rollupTools ---
[INFO] jacoco.agent.it.argLine set to -javaagent:/home/travis/.m2/repository/org/jacoco/org.jacoco.agent/0.7.2.201409121644/org.jacoco.agent-0.7.2.201409121644-runtime.jar=destfile=/home/travis/build/rackerlabs/blueflood/blueflood-rollupTools/target/jacoco-it.exec
[INFO] 
[INFO] --- cassandra-maven-plugin:2.0.0-1:delete (delete-cassandra) @ blueflood-rollupTools ---
[INFO] Skipping cassandra: cassandra.skip==true
[INFO] 
[INFO] --- cassandra-maven-plugin:2.0.0-1:start (default) @ blueflood-rollupTools ---
[INFO] Skipping cassandra: cassandra.skip==true
[INFO] 
[INFO] --- cassandra-maven-plugin:2.0.0-1:stop (default) @ blueflood-rollupTools ---
[INFO] Skipping cassandra: cassandra.skip==true
[INFO] 
[INFO] --- maven-install-plugin:2.4:install (default-install) @ blueflood-rollupTools ---
[INFO] Installing /home/travis/build/rackerlabs/blueflood/blueflood-rollupTools/target/blueflood-rollupTools-2.0.0-SNAPSHOT.jar to /home/travis/.m2/repository/com/rackspacecloud/blueflood-rollupTools/2.0.0-SNAPSHOT/blueflood-rollupTools-2.0.0-SNAPSHOT.jar
[INFO] Installing /home/travis/build/rackerlabs/blueflood/blueflood-rollupTools/pom.xml to /home/travis/.m2/repository/com/rackspacecloud/blueflood-rollupTools/2.0.0-SNAPSHOT/blueflood-rollupTools-2.0.0-SNAPSHOT.pom
[INFO] Installing /home/travis/build/rackerlabs/blueflood/blueflood-rollupTools/target/blueflood-rollupTools-2.0.0-SNAPSHOT-sources.jar to /home/travis/.m2/repository/com/rackspacecloud/blueflood-rollupTools/2.0.0-SNAPSHOT/blueflood-rollupTools-2.0.0-SNAPSHOT-sources.jar
[INFO] 
[INFO] --- maven-dependency-plugin:2.8:resolve (default-cli) @ blueflood-rollupTools ---
[INFO] 
[INFO] The following files have been resolved:
[INFO]    org.clojure:clojure:jar:1.5.1:compile
[INFO]    org.mortbay.jetty:servlet-api:jar:2.5-20081211:compile
[INFO]    com.google.protobuf:protobuf-java:jar:2.5.0:compile
[INFO]    com.codahale.metrics:metrics-core:jar:3.0.1:compile
[INFO]    org.antlr:antlr-runtime:jar:3.2:compile
[INFO]    org.hamcrest:hamcrest-core:jar:1.1:compile
[INFO]    com.google.inject:guice:jar:3.0:compile
[INFO]    com.rackspacecloud:blueflood-core:jar:2.0.0-SNAPSHOT:compile
[INFO]    bigml:histogram:jar:3.2.1:compile
[INFO]    stax:stax-api:jar:1.0.1:compile
[INFO]    com.googlecode.json-simple:json-simple:jar:1.1:compile
[INFO]    com.yammer.metrics:metrics-core:jar:2.1.2:compile
[INFO]    commons-logging:commons-logging:jar:1.1.1:compile
[INFO]    com.codahale.metrics:metrics-log4j:jar:3.0.1:compile
[INFO]    com.netflix.astyanax:astyanax-core:jar:1.56.34:compile
[INFO]    org.apache.zookeeper:zookeeper:jar:3.4.5:compile
[INFO]    org.jclouds.api:cloudfiles:jar:1.6.0:compile
[INFO]    org.apache.servicemix.bundles:org.apache.servicemix.bundles.commons-csv:jar:1.0-r706900_3:compile
[INFO]    org.apache.cassandra:cassandra-all:jar:1.2.2:compile
[INFO]    org.apache.thrift:libthrift:jar:0.7.0:compile
[INFO]    org.mortbay.jetty:jetty-util:jar:6.1.22:compile
[INFO]    joda-time:joda-time:jar:1.6.2:compile
[INFO]    org.apache.cassandra:cassandra-thrift:jar:1.2.2:compile
[INFO]    junit:junit:jar:4.10:compile
[INFO]    org.codehaus.jettison:jettison:jar:1.2:compile
[INFO]    org.mindrot:jbcrypt:jar:0.3m:compile
[INFO]    org.tukaani:xz:jar:1.4:compile
[INFO]    org.apache.httpcomponents:httpclient:jar:4.0.1:compile
[INFO]    com.google.code.gson:gson:jar:2.2:compile
[INFO]    com.googlecode.concurrentlinkedhashmap:concurrentlinkedhashmap-lru:jar:1.3:compile
[INFO]    org.99soft.guice:rocoto:jar:6.2:compile
[INFO]    antlr:antlr:jar:2.7.7:compile
[INFO]    aopalliance:aopalliance:jar:1.0:compile
[INFO]    org.apache.curator:curator-client:jar:2.3.0:compile
[INFO]    javax.ws.rs:jsr311-api:jar:1.1.1:compile
[INFO]    org.codehaus.jackson:jackson-core-asl:jar:1.9.2:compile
[INFO]    commons-cli:commons-cli:jar:1.2:compile
[INFO]    org.apache.curator:curator-framework:jar:2.3.0:compile
[INFO]    com.codahale.metrics:metrics-jvm:jar:3.0.1:compile
[INFO]    com.google.guava:guava:jar:12.0.1:compile
[INFO]    org.codehaus.jackson:jackson-mapper-asl:jar:1.9.2:compile
[INFO]    org.jclouds.api:openstack-keystone:jar:1.6.0:compile
[INFO]    commons-codec:commons-codec:jar:1.5:compile
[INFO]    com.google.code.findbugs:jsr305:jar:1.3.9:compile
[INFO]    com.ning:compress-lzf:jar:0.8.4:compile
[INFO]    com.github.stephenc.high-scale-lib:high-scale-lib:jar:1.1.2:compile
[INFO]    log4j:log4j:jar:1.2.16:compile
[INFO]    javax.annotation:jsr250-api:jar:1.0:compile
[INFO]    org.apache.cassandra.deps:avro:jar:1.4.0-cassandra-1:compile
[INFO]    org.slf4j:slf4j-log4j12:jar:1.7.6:compile
[INFO]    com.netflix.astyanax:astyanax-recipes:jar:1.56.34:compile
[INFO]    org.jclouds.api:swift:jar:1.6.0:compile
[INFO]    org.slf4j:slf4j-api:jar:1.6.4:compile
[INFO]    org.antlr:antlr:jar:3.2:compile
[INFO]    commons-lang:commons-lang:jar:2.4:compile
[INFO]    org.jboss.netty:netty:jar:3.2.4.Final:compile
[INFO]    javax.servlet:servlet-api:jar:2.5:compile
[INFO]    org.apache.curator:curator-recipes:jar:2.3.0:compile
[INFO]    com.codahale.metrics:metrics-graphite:jar:3.0.1:compile
[INFO]    io.netty:netty:jar:3.6.1.Final:compile
[INFO]    org.jclouds.provider:cloudfiles-us:jar:1.6.0:compile
[INFO]    com.netflix.astyanax:astyanax-thrift:jar:1.56.34:compile
[INFO]    org.apache.httpcomponents:httpcore:jar:4.0.1:compile
[INFO]    jline:jline:jar:1.0:compile
[INFO]    org.antlr:stringtemplate:jar:3.2:compile
[INFO]    edu.stanford.ppl:snaptree:jar:0.1:compile
[INFO]    javax.inject:javax.inject:jar:1:compile
[INFO]    com.netflix.astyanax:astyanax-cassandra:jar:1.56.34:compile
[INFO]    net.jpountz.lz4:lz4:jar:1.1.0:compile
[INFO]    com.aphyr:riemann-java-client:jar:0.2.9:compile
[INFO]    org.jclouds.common:openstack-common:jar:1.6.0:compile
[INFO]    com.github.stephenc:jamm:jar:0.2.5:compile
[INFO]    org.mortbay.jetty:jetty:jar:6.1.22:compile
[INFO]    org.jclouds:jclouds-core:jar:1.6.0:compile
[INFO]    org.xerial.snappy:snappy-java:jar:1.0.4.1:compile
[INFO]    org.jclouds:jclouds-blobstore:jar:1.6.0:compile
[INFO]    org.mockito:mockito-all:jar:1.8.5:compile
[INFO]    org.apache.commons:commons-compress:jar:1.7:compile
[INFO]    com.google.inject.extensions:guice-assistedinject:jar:3.0:compile
[INFO]    org.yaml:snakeyaml:jar:1.6:compile
[INFO]    com.eaio.uuid:uuid:jar:3.2:compile
[INFO] 
[INFO] ------------------------------------------------------------------------
[INFO] Reactor Summary:
[INFO] 
[INFO] Blueflood .......................................... SUCCESS [  2.838 s]
[INFO] Blueflood Core Engine .............................. SUCCESS [  5.768 s]
[INFO] Blueflood UDP Ingestion ............................ SUCCESS [  0.418 s]
[INFO] Blueflood Elasticsearch Indexer and Discovery ...... SUCCESS [  1.811 s]
[INFO] Blueflood HTTP Ingestion and Querying .............. SUCCESS [  1.055 s]
[INFO] Blueflood Rollup Kafka Producer .................... SUCCESS [  0.548 s]
[INFO] Blueflood Rollup Cloudfiles Exporter ............... SUCCESS [  0.353 s]
[INFO] Blueflood IO Bindings for Datastax Java Driver ..... SUCCESS [  0.051 s]
[INFO] Blueflood Out-of-band Rollup Tools ................. SUCCESS [  0.659 s]
[INFO] ------------------------------------------------------------------------
[INFO] BUILD SUCCESS
[INFO] ------------------------------------------------------------------------
[INFO] Total time: 14.440 s
[INFO] Finished at: 2015-09-18T20:25:48+00:00
[INFO] Final Memory: 56M/439M
[INFO] ------------------------------------------------------------------------
travis_time:end:0588c588:start=1442607932634196582,finish=1442607949205346315,duration=16571149733[0Ktravis_fold:end:install[0Ktravis_time:start:0f5a56fc[0K$ mvn verify -Pcassandra-2.0 -Dmaven.javadoc.skip --quiet

-------------------------------------------------------
 T E S T S
-------------------------------------------------------
parallel='classes', perCoreThreadCount=true, threadCount=5, useUnlimitedThreads=false
Running com.rackspacecloud.blueflood.types.StatsTypeTest
Tests run: 4, Failures: 0, Errors: 0, Skipped: 0, Time elapsed: 0.025 sec
Running com.rackspacecloud.blueflood.service.ScheduleContextTest
Tests run: 6, Failures: 0, Errors: 0, Skipped: 0, Time elapsed: 9.576 sec
Running com.rackspacecloud.blueflood.io.serializers.SlotStateSerializerTest
Tests run: 5, Failures: 0, Errors: 0, Skipped: 0, Time elapsed: 0.511 sec
Running com.rackspacecloud.blueflood.inputs.processors.TypeAndUnitProcessorTest
Tests run: 1, Failures: 0, Errors: 0, Skipped: 0, Time elapsed: 1.38 sec
Running com.rackspacecloud.blueflood.types.BluefloodSetRollupTest
Tests run: 2, Failures: 0, Errors: 0, Skipped: 0, Time elapsed: 0.645 sec
Running com.rackspacecloud.blueflood.types.BluefloodCounterRollupTest
Tests run: 4, Failures: 0, Errors: 0, Skipped: 0, Time elapsed: 0.452 sec
Running com.rackspacecloud.blueflood.types.BluefloodTimerRollupTest
Tests run: 9, Failures: 0, Errors: 0, Skipped: 0, Time elapsed: 0.463 sec
Running com.rackspacecloud.blueflood.concurrent.ConcurrentStructuresTest
Tests run: 1, Failures: 0, Errors: 0, Skipped: 0, Time elapsed: 0.792 sec
Running com.rackspacecloud.blueflood.io.serializers.SerializationTest
Tests run: 14, Failures: 0, Errors: 0, Skipped: 0, Time elapsed: 9.542 sec
Running com.rackspacecloud.blueflood.inputs.processors.DiscoveryWriterTest
Tests run: 1, Failures: 0, Errors: 0, Skipped: 0, Time elapsed: 2.165 sec
Running com.rackspacecloud.blueflood.types.MetricTest
Tests run: 4, Failures: 0, Errors: 0, Skipped: 0, Time elapsed: 0.002 sec
Running com.rackspacecloud.blueflood.types.SimpleNumberTest
Tests run: 1, Failures: 0, Errors: 0, Skipped: 0, Time elapsed: 0.001 sec
Running com.rackspacecloud.blueflood.types.EventTest
Tests run: 3, Failures: 0, Errors: 0, Skipped: 0, Time elapsed: 0.001 sec
Running com.rackspacecloud.blueflood.service.SlotStateTest
Tests run: 3, Failures: 0, Errors: 0, Skipped: 0, Time elapsed: 0.001 sec
Running com.rackspacecloud.blueflood.io.serializers.CassandraModelTest
Tests run: 4, Failures: 0, Errors: 0, Skipped: 0, Time elapsed: 0.599 sec
Running com.rackspacecloud.blueflood.io.serializers.HistogramSerializationTest
Tests run: 2, Failures: 0, Errors: 0, Skipped: 0, Time elapsed: 0.013 sec
Running com.rackspacecloud.blueflood.service.ConfigurationTest
Tests run: 4, Failures: 0, Errors: 0, Skipped: 0, Time elapsed: 0.036 sec
Running com.rackspacecloud.blueflood.types.HistogramRollupTest
Tests run: 2, Failures: 0, Errors: 0, Skipped: 0, Time elapsed: 0.136 sec
Running com.rackspacecloud.blueflood.types.BluefloodGaugeRollupTest
Tests run: 1, Failures: 0, Errors: 0, Skipped: 0, Time elapsed: 0.713 sec
Running com.rackspacecloud.blueflood.io.serializers.TimerSerializationTest
Tests run: 2, Failures: 0, Errors: 0, Skipped: 0, Time elapsed: 0.625 sec
Running com.rackspacecloud.blueflood.concurrent.ThreadPoolBuilderTest
Tests run: 3, Failures: 0, Errors: 0, Skipped: 0, Time elapsed: 0.665 sec
Running com.rackspacecloud.blueflood.inputs.processors.IncomingMetricMetadataAnalyzerTest
Tests run: 5, Failures: 0, Errors: 0, Skipped: 0, Time elapsed: 1.545 sec
Running com.rackspacecloud.blueflood.types.VarianceTest
Tests run: 5, Failures: 0, Errors: 0, Skipped: 0, Time elapsed: 0.086 sec
Running com.rackspacecloud.blueflood.io.serializers.CounterRollupSerializationTest
Tests run: 1, Failures: 0, Errors: 0, Skipped: 0, Time elapsed: 1.179 sec
Running com.rackspacecloud.blueflood.outputs.serializers.RollupEventSerializerTest
log4j:WARN No appenders could be found for logger (com.rackspacecloud.blueflood.outputs.serializers.helpers.RollupSerializationHelper).
log4j:WARN Please initialize the log4j system properly.
log4j:WARN See http://logging.apache.org/log4j/1.2/faq.html#noconfig for more info.
Tests run: 7, Failures: 0, Errors: 0, Skipped: 0, Time elapsed: 0.181 sec
Running com.rackspacecloud.blueflood.service.ShardStateWorkerTest
Tests run: 1, Failures: 0, Errors: 0, Skipped: 0, Time elapsed: 5.414 sec
Running com.rackspacecloud.blueflood.rollup.UtilTest
Tests run: 4, Failures: 0, Errors: 0, Skipped: 0, Time elapsed: 2.077 sec
Running com.rackspacecloud.blueflood.types.AverageTest
Tests run: 8, Failures: 0, Errors: 0, Skipped: 0, Time elapsed: 0.118 sec
Running com.rackspacecloud.blueflood.eventemitter.RollupEventEmitterTest
Tests run: 2, Failures: 0, Errors: 0, Skipped: 0, Time elapsed: 1.658 sec
Running com.rackspacecloud.blueflood.cache.ConfigTtlProviderTest
Tests run: 2, Failures: 0, Errors: 0, Skipped: 0, Time elapsed: 0.977 sec
Running com.rackspacecloud.blueflood.io.serializers.IMetricSerializerTest
Tests run: 6, Failures: 0, Errors: 0, Skipped: 0, Time elapsed: 1.843 sec
Running com.rackspacecloud.blueflood.service.AtomicCountingSetTest
Tests run: 4, Failures: 0, Errors: 0, Skipped: 0, Time elapsed: 0.348 sec
Running com.rackspacecloud.blueflood.types.MaxValueTest
Tests run: 4, Failures: 0, Errors: 0, Skipped: 0, Time elapsed: 0.001 sec
Running com.rackspacecloud.blueflood.io.serializers.StringMetadataSerializerTest
Tests run: 1, Failures: 0, Errors: 0, Skipped: 0, Time elapsed: 0.507 sec
Running com.rackspacecloud.blueflood.inputs.processors.BatchWriterTest
Tests run: 1, Failures: 0, Errors: 0, Skipped: 0, Time elapsed: 1.92 sec
Running com.rackspacecloud.blueflood.service.RollupExecutionContextTest
Tests run: 1, Failures: 0, Errors: 0, Skipped: 0, Time elapsed: 0.001 sec
Running com.rackspacecloud.blueflood.rollup.GranularityTest
Tests run: 14, Failures: 0, Errors: 0, Skipped: 0, Time elapsed: 0.403 sec
Running com.rackspacecloud.blueflood.inputs.processors.RollupTypeCacherTest
Tests run: 2, Failures: 0, Errors: 0, Skipped: 0, Time elapsed: 1.826 sec
Running com.rackspacecloud.blueflood.rollup.SlotTest
Tests run: 12, Failures: 0, Errors: 0, Skipped: 0, Time elapsed: 0.467 sec
Running com.rackspacecloud.blueflood.rollup.RangeTest
Tests run: 5, Failures: 0, Errors: 0, Skipped: 0, Time elapsed: 0.001 sec
Running com.rackspacecloud.blueflood.types.MinValueTest
Tests run: 4, Failures: 0, Errors: 0, Skipped: 0, Time elapsed: 0 sec
Running com.rackspacecloud.blueflood.rollup.SlotKeyTest
Tests run: 2, Failures: 0, Errors: 0, Skipped: 0, Time elapsed: 0.151 sec

Results :

Tests run: 167, Failures: 0, Errors: 0, Skipped: 0


-------------------------------------------------------
 T E S T S
-------------------------------------------------------
Running com.rackspacecloud.blueflood.cache.MetadataCacheIntegrationTest
Clearing interrupted thread: AstyanaxAllRowsReader-142
Clearing interrupted thread: AstyanaxAllRowsReader-113
Clearing interrupted thread: AstyanaxAllRowsReader-185
Tests run: 18, Failures: 0, Errors: 0, Skipped: 0, Time elapsed: 21.999 sec - in com.rackspacecloud.blueflood.cache.MetadataCacheIntegrationTest
Running com.rackspacecloud.blueflood.cache.MetadataCacheBatchedModeIntegrationTest
Tests run: 2, Failures: 0, Errors: 0, Skipped: 0, Time elapsed: 5.042 sec - in com.rackspacecloud.blueflood.cache.MetadataCacheBatchedModeIntegrationTest
Running com.rackspacecloud.blueflood.io.AstyanaxWriterIntegrationTest
Clearing interrupted thread: AstyanaxAllRowsReader-80
Clearing interrupted thread: AstyanaxAllRowsReader-152
Clearing interrupted thread: AstyanaxAllRowsReader-223
Clearing interrupted thread: AstyanaxAllRowsReader-97
Clearing interrupted thread: AstyanaxAllRowsReader-2
Clearing interrupted thread: AstyanaxAllRowsReader-248
Clearing interrupted thread: AstyanaxAllRowsReader-171
Clearing interrupted thread: AstyanaxAllRowsReader-27
Clearing interrupted thread: AstyanaxAllRowsReader-122
Clearing interrupted thread: AstyanaxAllRowsReader-90
Clearing interrupted thread: AstyanaxAllRowsReader-235
Clearing interrupted thread: AstyanaxAllRowsReader-89
Clearing interrupted thread: AstyanaxAllRowsReader-105
Clearing interrupted thread: AstyanaxAllRowsReader-140
Clearing interrupted thread: AstyanaxAllRowsReader-92
Clearing interrupted thread: AstyanaxAllRowsReader-95
Clearing interrupted thread: AstyanaxAllRowsReader-255
Clearing interrupted thread: AstyanaxAllRowsReader-241
Tests run: 3, Failures: 0, Errors: 0, Skipped: 0, Time elapsed: 4.203 sec - in com.rackspacecloud.blueflood.io.AstyanaxWriterIntegrationTest
Running com.rackspacecloud.blueflood.io.AstyanaxMetadataIOIntegrationTest
Tests run: 1, Failures: 0, Errors: 0, Skipped: 0, Time elapsed: 2.537 sec - in com.rackspacecloud.blueflood.io.AstyanaxMetadataIOIntegrationTest
Running com.rackspacecloud.blueflood.io.AstyanaxReaderIntegrationTest
Tests run: 8, Failures: 0, Errors: 0, Skipped: 0, Time elapsed: 4.119 sec - in com.rackspacecloud.blueflood.io.AstyanaxReaderIntegrationTest
Running com.rackspacecloud.blueflood.outputs.RollupHandlerIntegrationTest
Tests run: 3, Failures: 0, Errors: 0, Skipped: 0, Time elapsed: 6.012 sec - in com.rackspacecloud.blueflood.outputs.RollupHandlerIntegrationTest
Running com.rackspacecloud.blueflood.service.PreaggregatedMetricsIntegrationTest
Tests run: 3, Failures: 0, Errors: 0, Skipped: 0, Time elapsed: 3.605 sec - in com.rackspacecloud.blueflood.service.PreaggregatedMetricsIntegrationTest
Running com.rackspacecloud.blueflood.service.MetricsIntegrationTest
Tests run: 14, Failures: 0, Errors: 0, Skipped: 0, Time elapsed: 11.176 sec - in com.rackspacecloud.blueflood.service.MetricsIntegrationTest
Running com.rackspacecloud.blueflood.service.RollupRunnableIntegrationTest
Tests run: 5, Failures: 0, Errors: 0, Skipped: 0, Time elapsed: 2.873 sec - in com.rackspacecloud.blueflood.service.RollupRunnableIntegrationTest
Running com.rackspacecloud.blueflood.service.ShardStateIntegrationTest
Tests run: 1, Failures: 0, Errors: 0, Skipped: 1, Time elapsed: 0 sec - in com.rackspacecloud.blueflood.service.ShardStateIntegrationTest
Running com.rackspacecloud.blueflood.service.RollupThreadpoolIntegrationTest
Tests run: 1, Failures: 0, Errors: 0, Skipped: 0, Time elapsed: 2.11 sec - in com.rackspacecloud.blueflood.service.RollupThreadpoolIntegrationTest
Running com.rackspacecloud.blueflood.tools.RollupToolIntegrationTest
Calculating rollups for metrics_5m. Reading from: metrics_full. Writing to: metrics_5m
Rolled up 289 ranges of metrics_5m

Calculating rollups for metrics_20m. Reading from: metrics_5m. Writing to: metrics_20m
Rolled up 73 ranges of metrics_20m

Calculating rollups for metrics_60m. Reading from: metrics_20m. Writing to: metrics_60m
Rolled up 25 ranges of metrics_60m

Calculating rollups for metrics_240m. Reading from: metrics_60m. Writing to: metrics_240m
Rolled up 7 ranges of metrics_240m

Calculating rollups for metrics_1440m. Reading from: metrics_240m. Writing to: metrics_1440m
Rolled up 2 ranges of metrics_1440m

Tests run: 1, Failures: 0, Errors: 0, Skipped: 0, Time elapsed: 0.887 sec - in com.rackspacecloud.blueflood.tools.RollupToolIntegrationTest

Results :

Tests run: 60, Failures: 0, Errors: 0, Skipped: 1


-------------------------------------------------------
 T E S T S
-------------------------------------------------------
Running com.rackspacecloud.blueflood.io.EventElasticSearchIOTest
log4j:WARN No appenders could be found for logger (org.elasticsearch.node).
log4j:WARN Please initialize the log4j system properly.
log4j:WARN See http://logging.apache.org/log4j/1.2/faq.html#noconfig for more info.
Tests run: 5, Failures: 0, Errors: 0, Skipped: 0, Time elapsed: 10.452 sec
Running com.rackspacecloud.blueflood.service.ElasticIOTest
Tests run: 10, Failures: 0, Errors: 0, Skipped: 0, Time elapsed: 10.057 sec

Results :

Tests run: 15, Failures: 0, Errors: 0, Skipped: 0


-------------------------------------------------------
 T E S T S
-------------------------------------------------------
parallel='classes', perCoreThreadCount=true, threadCount=5, useUnlimitedThreads=false
Running com.rackspacecloud.blueflood.outputs.serializers.BatchedMetricsJSONOutputSerializerTest
Tests run: 1, Failures: 0, Errors: 0, Skipped: 0, Time elapsed: 0.221 sec
Running com.rackspacecloud.blueflood.outputs.handlers.HttpEventsQueryHandlerTest
Tests run: 3, Failures: 0, Errors: 0, Skipped: 0, Time elapsed: 0.244 sec
Running com.rackspacecloud.blueflood.inputs.handlers.TestIndexHandler
Tests run: 2, Failures: 0, Errors: 0, Skipped: 0, Time elapsed: 0.223 sec
Running com.rackspacecloud.blueflood.outputs.serializers.JSONBasicRollupOutputSerializerTest
Tests run: 7, Failures: 0, Errors: 0, Skipped: 0, Time elapsed: 0.643 sec
Running com.rackspacecloud.blueflood.utils.PlotRequestParserTest
Tests run: 2, Failures: 0, Errors: 0, Skipped: 0, Time elapsed: 0.064 sec
Running com.rackspacecloud.blueflood.outputs.serializers.JSONHistogramOutputSerializerTest
Tests run: 1, Failures: 0, Errors: 0, Skipped: 0, Time elapsed: 0.403 sec
Running com.rackspacecloud.blueflood.inputs.handlers.HttpAnnotationsEndToEndTest
Tests run: 1, Failures: 0, Errors: 0, Skipped: 0, Time elapsed: 1.451 sec
Running com.rackspacecloud.blueflood.inputs.formats.JSONMetricsContainerTest
Tests run: 2, Failures: 0, Errors: 0, Skipped: 0, Time elapsed: 0.942 sec
Running com.rackspacecloud.blueflood.http.RouteMatcherTest
SLF4J: The following set of substitute loggers may have been accessed
SLF4J: during the initialization phase. Logging calls during this
SLF4J: phase were not honored. However, subsequent logging calls to these
SLF4J: loggers will work as normally expected.
SLF4J: See also http://www.slf4j.org/codes.html#substituteLogger
SLF4J: com.rackspacecloud.blueflood.service.ScheduleContext
SLF4J: com.rackspacecloud.blueflood.outputs.handlers.HttpMetricsIndexHandler
SLF4J: com.rackspacecloud.blueflood.inputs.handlers.HttpAggregatedIngestionHandler
SLF4J: com.rackspacecloud.blueflood.types.Locator
Tests run: 4, Failures: 0, Errors: 0, Skipped: 0, Time elapsed: 0.612 sec
Running com.rackspacecloud.blueflood.tracker.TrackerTest
Tests run: 4, Failures: 0, Errors: 0, Skipped: 0, Time elapsed: 0.322 sec
Running com.rackspacecloud.blueflood.utils.ModuleLoaderTest
log4j:WARN No appenders could be found for logger (com.rackspacecloud.blueflood.utils.ModuleLoader).
log4j:WARN Please initialize the log4j system properly.
log4j:WARN See http://logging.apache.org/log4j/1.2/faq.html#noconfig for more info.
Tests run: 1, Failures: 0, Errors: 0, Skipped: 0, Time elapsed: 4.548 sec
Running com.rackspacecloud.blueflood.inputs.handlers.wrappers.TestGsonParsing
Tests run: 5, Failures: 0, Errors: 0, Skipped: 0, Time elapsed: 2.065 sec
Running com.rackspacecloud.blueflood.utils.DateTimeParserTest
Tests run: 12, Failures: 0, Errors: 0, Skipped: 0, Time elapsed: 1.495 sec
Running com.rackspacecloud.blueflood.http.HttpRequestWithDecodedQueryParamsTest
Tests run: 1, Failures: 0, Errors: 0, Skipped: 0, Time elapsed: 0.322 sec
Running com.rackspacecloud.blueflood.inputs.handlers.HttpEventsIngestionHandlerTest
Tests run: 4, Failures: 0, Errors: 0, Skipped: 0, Time elapsed: 0.289 sec

Results :

Tests run: 50, Failures: 0, Errors: 0, Skipped: 0


-------------------------------------------------------
 T E S T S
-------------------------------------------------------
Running com.rackspacecloud.blueflood.inputs.handlers.HttpHandlerIntegrationTest
Tests run: 13, Failures: 0, Errors: 0, Skipped: 0, Time elapsed: 10.67 sec - in com.rackspacecloud.blueflood.inputs.handlers.HttpHandlerIntegrationTest
Running com.rackspacecloud.blueflood.outputs.handlers.HttpAnnotationsIntegrationTest
Tests run: 6, Failures: 0, Errors: 0, Skipped: 0, Time elapsed: 0.91 sec - in com.rackspacecloud.blueflood.outputs.handlers.HttpAnnotationsIntegrationTest
Running com.rackspacecloud.blueflood.outputs.handlers.HttpRollupHandlerWithESIntegrationTest
Tests run: 4, Failures: 0, Errors: 0, Skipped: 0, Time elapsed: 13.304 sec - in com.rackspacecloud.blueflood.outputs.handlers.HttpRollupHandlerWithESIntegrationTest
Running com.rackspacecloud.blueflood.outputs.handlers.HttpRollupHandlerIntegrationTest
Tests run: 1, Failures: 0, Errors: 0, Skipped: 0, Time elapsed: 2.684 sec - in com.rackspacecloud.blueflood.outputs.handlers.HttpRollupHandlerIntegrationTest

Results :

Tests run: 24, Failures: 0, Errors: 0, Skipped: 0


-------------------------------------------------------
 T E S T S
-------------------------------------------------------
parallel='classes', perCoreThreadCount=true, threadCount=5, useUnlimitedThreads=false
Running com.rackspacecloud.blueflood.outputs.handlers.KafkaServiceTest
Tests run: 1, Failures: 0, Errors: 0, Skipped: 0, Time elapsed: 1.79 sec

Results :

Tests run: 1, Failures: 0, Errors: 0, Skipped: 0

travis_time:end:0f5a56fc:start=1442607949209186008,finish=1442608121829557539,duration=172620371531[0K
[32;1mThe command "mvn verify -Pcassandra-2.0 -Dmaven.javadoc.skip --quiet" exited with 0.[0m
travis_fold:start:cache.2[0Kstore build cache
travis_time:start:14c8c2e0[0Kchange detected:
/home/travis/.m2/repository/com/github/tlrx/elasticsearch-test/1.2.1/elasticsearch-test-1.2.1.jar
/home/travis/.m2/repository/com/github/tlrx/elasticsearch-test/1.2.1/elasticsearch-test-1.2.1.jar.sha1
/home/travis/.m2/repository/com/github/tlrx/elasticsearch-test/1.2.1/elasticsearch-test-1.2.1.pom
/home/travis/.m2/repository/com/github/tlrx/elasticsearch-test/1.2.1/elasticsearch-test-1.2.1.pom.sha1
/home/travis/.m2/repository/com/github/tlrx/elasticsearch-test/1.2.1/_remote.repositories
/home/travis/.m2/repository/com/rackspacecloud/blueflood/2.0.0-SNAPSHOT/maven-metadata-local.xml
/home/travis/.m2/repository/com/rackspacecloud/blueflood/2.0.0-SNAPSHOT/maven-metadata-local.xml
/home/travis/.m2/repository/com/rackspacecloud/blueflood/2.0.0-SNAPSHOT/_remote.repositories
/home/travis/.m2/repository/com/rackspacecloud/blueflood/2.0.0-SNAPSHOT/_remote.repositories
/home/travis/.m2/repository/com/rackspacecloud/blueflood-cloudfiles/2.0.0-SNAPSHOT/blueflood-cloudfiles-2.0.0-SNAPSHOT.jar
/home/
...
changes detected, packing new archive
.
uploading archive
travis_time:end:14c8c2e0:start=1442608121833740014,finish=1442608131841785086,duration=10008045072[0Ktravis_fold:end:cache.2[0Ktravis_fold:start:after_success[0Ktravis_time:start:1843c860[0K$ mvn jacoco:report jacoco:report-integration coveralls:report
[INFO] Scanning for projects...
[INFO] ------------------------------------------------------------------------
[INFO] Reactor Build Order:
[INFO] 
[INFO] Blueflood
[INFO] Blueflood Core Engine
[INFO] Blueflood UDP Ingestion
[INFO] Blueflood Elasticsearch Indexer and Discovery
[INFO] Blueflood HTTP Ingestion and Querying
[INFO] Blueflood Rollup Kafka Producer
[INFO] Blueflood Rollup Cloudfiles Exporter
[INFO] Blueflood IO Bindings for Datastax Java Driver
[INFO] Blueflood Out-of-band Rollup Tools
[INFO]                                                                         
[INFO] ------------------------------------------------------------------------
[INFO] Building Blueflood 2.0.0-SNAPSHOT
[INFO] ------------------------------------------------------------------------
[INFO] 
[INFO] --- jacoco-maven-plugin:0.7.2.201409121644:report (default-cli) @ blueflood ---
[INFO] Skipping JaCoCo execution due to missing execution data file:/home/travis/build/rackerlabs/blueflood/target/jacoco.exec
[INFO] 
[INFO] --- jacoco-maven-plugin:0.7.2.201409121644:report-integration (default-cli) @ blueflood ---
[INFO] Skipping JaCoCo execution due to missing execution data file:/home/travis/build/rackerlabs/blueflood/target/jacoco-it.exec
[INFO]                                                                         
[INFO] ------------------------------------------------------------------------
[INFO] Building Blueflood Core Engine 2.0.0-SNAPSHOT
[INFO] ------------------------------------------------------------------------
[INFO] 
[INFO] --- jacoco-maven-plugin:0.7.2.201409121644:report (default-cli) @ blueflood-core ---
[INFO] Analyzed bundle 'Blueflood Core Engine' with 239 classes
[INFO] 
[INFO] --- jacoco-maven-plugin:0.7.2.201409121644:report-integration (default-cli) @ blueflood-core ---
[INFO] Analyzed bundle 'Blueflood Core Engine' with 239 classes
[INFO]                                                                         
[INFO] ------------------------------------------------------------------------
[INFO] Building Blueflood UDP Ingestion 2.0.0-SNAPSHOT
[INFO] ------------------------------------------------------------------------
[INFO] 
[INFO] --- jacoco-maven-plugin:0.7.2.201409121644:report (default-cli) @ blueflood-udp ---
[INFO] Skipping JaCoCo execution due to missing execution data file:/home/travis/build/rackerlabs/blueflood/blueflood-udp/target/jacoco.exec
[INFO] 
[INFO] --- jacoco-maven-plugin:0.7.2.201409121644:report-integration (default-cli) @ blueflood-udp ---
[INFO] Skipping JaCoCo execution due to missing execution data file:/home/travis/build/rackerlabs/blueflood/blueflood-udp/target/jacoco-it.exec
[INFO]                                                                         
[INFO] ------------------------------------------------------------------------
[INFO] Building Blueflood Elasticsearch Indexer and Discovery 2.0.0-SNAPSHOT
[INFO] ------------------------------------------------------------------------
[INFO] 
[INFO] --- jacoco-maven-plugin:0.7.2.201409121644:report (default-cli) @ blueflood-elasticsearch ---
[INFO] Analyzed bundle 'Blueflood Elasticsearch Indexer and Discovery' with 6 classes
[INFO] 
[INFO] --- jacoco-maven-plugin:0.7.2.201409121644:report-integration (default-cli) @ blueflood-elasticsearch ---
[INFO] Skipping JaCoCo execution due to missing execution data file:/home/travis/build/rackerlabs/blueflood/blueflood-elasticsearch/target/jacoco-it.exec
[INFO]                                                                         
[INFO] ------------------------------------------------------------------------
[INFO] Building Blueflood HTTP Ingestion and Querying 2.0.0-SNAPSHOT
[INFO] ------------------------------------------------------------------------
[INFO] 
[INFO] --- jacoco-maven-plugin:0.7.2.201409121644:report (default-cli) @ blueflood-http ---
[INFO] Analyzed bundle 'Blueflood HTTP Ingestion and Querying' with 52 classes
[INFO] 
[INFO] --- jacoco-maven-plugin:0.7.2.201409121644:report-integration (default-cli) @ blueflood-http ---
[INFO] Analyzed bundle 'Blueflood HTTP Ingestion and Querying' with 52 classes
[INFO]                                                                         
[INFO] ------------------------------------------------------------------------
[INFO] Building Blueflood Rollup Kafka Producer 2.0.0-SNAPSHOT
[INFO] ------------------------------------------------------------------------
[INFO] 
[INFO] --- jacoco-maven-plugin:0.7.2.201409121644:report (default-cli) @ blueflood-kafka ---
[INFO] Analyzed bundle 'Blueflood Rollup Kafka Producer' with 5 classes
[INFO] 
[INFO] --- jacoco-maven-plugin:0.7.2.201409121644:report-integration (default-cli) @ blueflood-kafka ---
[INFO] Skipping JaCoCo execution due to missing execution data file:/home/travis/build/rackerlabs/blueflood/blueflood-kafka/target/jacoco-it.exec
[INFO]                                                                         
[INFO] ------------------------------------------------------------------------
[INFO] Building Blueflood Rollup Cloudfiles Exporter 2.0.0-SNAPSHOT
[INFO] ------------------------------------------------------------------------
[INFO] 
[INFO] --- jacoco-maven-plugin:0.7.2.201409121644:report (default-cli) @ blueflood-cloudfiles ---
[INFO] Skipping JaCoCo execution due to missing execution data file:/home/travis/build/rackerlabs/blueflood/blueflood-cloudfiles/target/jacoco.exec
[INFO] 
[INFO] --- jacoco-maven-plugin:0.7.2.201409121644:report-integration (default-cli) @ blueflood-cloudfiles ---
[INFO] Skipping JaCoCo execution due to missing execution data file:/home/travis/build/rackerlabs/blueflood/blueflood-cloudfiles/target/jacoco-it.exec
[INFO]                                                                         
[INFO] ------------------------------------------------------------------------
[INFO] Building Blueflood IO Bindings for Datastax Java Driver 2.0.0-SNAPSHOT
[INFO] ------------------------------------------------------------------------
[INFO] 
[INFO] --- jacoco-maven-plugin:0.7.2.201409121644:report (default-cli) @ blueflood-io-datastax ---
[INFO] Skipping JaCoCo execution due to missing execution data file:/home/travis/build/rackerlabs/blueflood/blueflood-io-datastax/target/jacoco.exec
[INFO] 
[INFO] --- jacoco-maven-plugin:0.7.2.201409121644:report-integration (default-cli) @ blueflood-io-datastax ---
[INFO] Skipping JaCoCo execution due to missing execution data file:/home/travis/build/rackerlabs/blueflood/blueflood-io-datastax/target/jacoco-it.exec
[INFO]                                                                         
[INFO] ------------------------------------------------------------------------
[INFO] Building Blueflood Out-of-band Rollup Tools 2.0.0-SNAPSHOT
[INFO] ------------------------------------------------------------------------
[INFO] 
[INFO] --- jacoco-maven-plugin:0.7.2.201409121644:report (default-cli) @ blueflood-rollupTools ---
[INFO] Skipping JaCoCo execution due to missing execution data file:/home/travis/build/rackerlabs/blueflood/blueflood-rollupTools/target/jacoco.exec
[INFO] 
[INFO] --- jacoco-maven-plugin:0.7.2.201409121644:report-integration (default-cli) @ blueflood-rollupTools ---
[INFO] Skipping JaCoCo execution due to missing execution data file:/home/travis/build/rackerlabs/blueflood/blueflood-rollupTools/target/jacoco-it.exec
[INFO]                                                                         
[INFO] ------------------------------------------------------------------------
[INFO] Building Blueflood 2.0.0-SNAPSHOT
[INFO] ------------------------------------------------------------------------
[INFO] 
[INFO] --- coveralls-maven-plugin:3.0.1:report (default-cli) @ blueflood ---
Downloading: https://repo.maven.apache.org/maven2/org/apache/httpcomponents/httpclient/4.3.5/httpclient-4.3.5.pom
4/6 KB   6/6 KB            Downloaded: https://repo.maven.apache.org/maven2/org/apache/httpcomponents/httpclient/4.3.5/httpclient-4.3.5.pom (6 KB at 15.5 KB/sec)
Downloading: https://repo.maven.apache.org/maven2/org/apache/httpcomponents/httpcomponents-client/4.3.5/httpcomponents-client-4.3.5.pom
4/16 KB   8/16 KB   12/16 KB   16/16 KB              Downloaded: https://repo.maven.apache.org/maven2/org/apache/httpcomponents/httpcomponents-client/4.3.5/httpcomponents-client-4.3.5.pom (16 KB at 429.2 KB/sec)
Downloading: https://repo.maven.apache.org/maven2/org/apache/httpcomponents/httpmime/4.3.5/httpmime-4.3.5.pom
4/5 KB     5/5 KB            Downloaded: https://repo.maven.apache.org/maven2/org/apache/httpcomponents/httpmime/4.3.5/httpmime-4.3.5.pom (5 KB at 126.3 KB/sec)
Downloading: https://repo.maven.apache.org/maven2/com/fasterxml/jackson/core/jackson-core/2.4.2/jackson-core-2.4.2.pom
4/5 KB   5/5 KB            Downloaded: https://repo.maven.apache.org/maven2/com/fasterxml/jackson/core/jackson-core/2.4.2/jackson-core-2.4.2.pom (5 KB at 213.9 KB/sec)
Downloading: https://repo.maven.apache.org/maven2/com/fasterxml/jackson/jackson-parent/2.4/jackson-parent-2.4.pom
4/7 KB   7/7 KB            Downloaded: https://repo.maven.apache.org/maven2/com/fasterxml/jackson/jackson-parent/2.4/jackson-parent-2.4.pom (7 KB at 282.1 KB/sec)
Downloading: https://repo.maven.apache.org/maven2/com/fasterxml/oss-parent/16/oss-parent-16.pom
4/19 KB   8/19 KB   12/19 KB   16/19 KB   19/19 KB              Downloaded: https://repo.maven.apache.org/maven2/com/fasterxml/oss-parent/16/oss-parent-16.pom (19 KB at 654.4 KB/sec)
Downloading: https://repo.maven.apache.org/maven2/com/fasterxml/jackson/core/jackson-annotations/2.4.2/jackson-annotations-2.4.2.pom
2/2 KB              Downloaded: https://repo.maven.apache.org/maven2/com/fasterxml/jackson/core/jackson-annotations/2.4.2/jackson-annotations-2.4.2.pom (2 KB at 42.5 KB/sec)
Downloading: https://repo.maven.apache.org/maven2/com/fasterxml/jackson/core/jackson-databind/2.4.2/jackson-databind-2.4.2.pom
4/6 KB   6/6 KB            Downloaded: https://repo.maven.apache.org/maven2/com/fasterxml/jackson/core/jackson-databind/2.4.2/jackson-databind-2.4.2.pom (6 KB at 252.4 KB/sec)
Downloading: https://repo.maven.apache.org/maven2/org/eclipse/jgit/org.eclipse.jgit/3.4.1.201406201815-r/org.eclipse.jgit-3.4.1.201406201815-r.pom
4/7 KB   7/7 KB            Downloaded: https://repo.maven.apache.org/maven2/org/eclipse/jgit/org.eclipse.jgit/3.4.1.201406201815-r/org.eclipse.jgit-3.4.1.201406201815-r.pom (7 KB at 275.8 KB/sec)
Downloading: https://repo.maven.apache.org/maven2/org/eclipse/jgit/org.eclipse.jgit-parent/3.4.1.201406201815-r/org.eclipse.jgit-parent-3.4.1.201406201815-r.pom
4/22 KB   8/22 KB   12/22 KB   16/22 KB   20/22 KB   22/22 KB              Downloaded: https://repo.maven.apache.org/maven2/org/eclipse/jgit/org.eclipse.jgit-parent/3.4.1.201406201815-r/org.eclipse.jgit-parent-3.4.1.201406201815-r.pom (22 KB at 841.0 KB/sec)
Downloading: https://repo.maven.apache.org/maven2/com/jcraft/jsch/0.1.50/jsch-0.1.50.pom
4/4 KB              Downloaded: https://repo.maven.apache.org/maven2/com/jcraft/jsch/0.1.50/jsch-0.1.50.pom (4 KB at 150.4 KB/sec)
Downloading: https://repo.maven.apache.org/maven2/org/sonatype/oss/oss-parent/6/oss-parent-6.pom
4/5 KB   5/5 KB            Downloaded: https://repo.maven.apache.org/maven2/org/sonatype/oss/oss-parent/6/oss-parent-6.pom (5 KB at 235.9 KB/sec)
Downloading: https://repo.maven.apache.org/maven2/com/googlecode/javaewah/JavaEWAH/0.7.9/JavaEWAH-0.7.9.pom
4/5 KB   5/5 KB            Downloaded: https://repo.maven.apache.org/maven2/com/googlecode/javaewah/JavaEWAH/0.7.9/JavaEWAH-0.7.9.pom (5 KB at 184.4 KB/sec)
Downloading: https://repo.maven.apache.org/maven2/org/codehaus/plexus/plexus-utils/2.0.7/plexus-utils-2.0.7.pom
3/3 KB            Downloaded: https://repo.maven.apache.org/maven2/org/codehaus/plexus/plexus-utils/2.0.7/plexus-utils-2.0.7.pom (3 KB at 119.4 KB/sec)
Downloading: https://repo.maven.apache.org/maven2/org/apache/maven/maven-plugin-api/3.0/maven-plugin-api-3.0.pom
3/3 KB            Downloaded: https://repo.maven.apache.org/maven2/org/apache/maven/maven-plugin-api/3.0/maven-plugin-api-3.0.pom (3 KB at 106.4 KB/sec)
Downloading: https://repo.maven.apache.org/maven2/org/apache/maven/maven/3.0/maven-3.0.pom
4/22 KB   8/22 KB   12/22 KB   16/22 KB   20/22 KB   22/22 KB              Downloaded: https://repo.maven.apache.org/maven2/org/apache/maven/maven/3.0/maven-3.0.pom (22 KB at 890.5 KB/sec)
Downloading: https://repo.maven.apache.org/maven2/org/apache/maven/maven-model/3.0/maven-model-3.0.pom
4/4 KB              Downloaded: https://repo.maven.apache.org/maven2/org/apache/maven/maven-model/3.0/maven-model-3.0.pom (4 KB at 172.8 KB/sec)
Downloading: https://repo.maven.apache.org/maven2/org/apache/maven/maven-artifact/3.0/maven-artifact-3.0.pom
2/2 KB            Downloaded: https://repo.maven.apache.org/maven2/org/apache/maven/maven-artifact/3.0/maven-artifact-3.0.pom (2 KB at 81.9 KB/sec)
Downloading: https://repo.maven.apache.org/maven2/org/sonatype/sisu/sisu-inject-plexus/1.4.3.2/sisu-inject-plexus-1.4.3.2.pom
4/6 KB   6/6 KB            Downloaded: https://repo.maven.apache.org/maven2/org/sonatype/sisu/sisu-inject-plexus/1.4.3.2/sisu-inject-plexus-1.4.3.2.pom (6 KB at 231.3 KB/sec)
Downloading: https://repo.maven.apache.org/maven2/org/sonatype/sisu/inject/guice-plexus/1.4.3.2/guice-plexus-1.4.3.2.pom
3/3 KB            Downloaded: https://repo.maven.apache.org/maven2/org/sonatype/sisu/inject/guice-plexus/1.4.3.2/guice-plexus-1.4.3.2.pom (3 KB at 134.7 KB/sec)
Downloading: https://repo.maven.apache.org/maven2/org/sonatype/sisu/inject/guice-bean/1.4.3.2/guice-bean-1.4.3.2.pom
3/3 KB            Downloaded: https://repo.maven.apache.org/maven2/org/sonatype/sisu/inject/guice-bean/1.4.3.2/guice-bean-1.4.3.2.pom (3 KB at 107.3 KB/sec)
Downloading: https://repo.maven.apache.org/maven2/org/sonatype/sisu/sisu-inject/1.4.3.2/sisu-inject-1.4.3.2.pom
2/2 KB            Downloaded: https://repo.maven.apache.org/maven2/org/sonatype/sisu/sisu-inject/1.4.3.2/sisu-inject-1.4.3.2.pom (2 KB at 51.1 KB/sec)
Downloading: https://repo.maven.apache.org/maven2/org/sonatype/sisu/sisu-parent/1.4.3.2/sisu-parent-1.4.3.2.pom
4/8 KB   8/8 KB   8/8 KB            Downloaded: https://repo.maven.apache.org/maven2/org/sonatype/sisu/sisu-parent/1.4.3.2/sisu-parent-1.4.3.2.pom (8 KB at 315.7 KB/sec)
Downloading: https://repo.maven.apache.org/maven2/org/sonatype/forge/forge-parent/6/forge-parent-6.pom
4/11 KB   8/11 KB   11/11 KB              Downloaded: https://repo.maven.apache.org/maven2/org/sonatype/forge/forge-parent/6/forge-parent-6.pom (11 KB at 437.6 KB/sec)
Downloading: https://repo.maven.apache.org/maven2/org/codehaus/plexus/plexus-classworlds/2.2.3/plexus-classworlds-2.2.3.pom
4/4 KB              Downloaded: https://repo.maven.apache.org/maven2/org/codehaus/plexus/plexus-classworlds/2.2.3/plexus-classworlds-2.2.3.pom (4 KB at 177.4 KB/sec)
Downloading: https://repo.maven.apache.org/maven2/org/sonatype/sisu/sisu-inject-bean/1.4.3.2/sisu-inject-bean-1.4.3.2.pom
4/6 KB   6/6 KB            Downloaded: https://repo.maven.apache.org/maven2/org/sonatype/sisu/sisu-inject-bean/1.4.3.2/sisu-inject-bean-1.4.3.2.pom (6 KB at 235.2 KB/sec)
Downloading: https://repo.maven.apache.org/maven2/org/sonatype/sisu/sisu-guice/2.9.2/sisu-guice-2.9.2.pom
4/8 KB   8/8 KB            Downloaded: https://repo.maven.apache.org/maven2/org/sonatype/sisu/sisu-guice/2.9.2/sisu-guice-2.9.2.pom (8 KB at 299.0 KB/sec)
Downloading: https://repo.maven.apache.org/maven2/org/sonatype/sisu/inject/guice-parent/2.9.2/guice-parent-2.9.2.pom
4/12 KB   8/12 KB   12/12 KB   12/12 KB              Downloaded: https://repo.maven.apache.org/maven2/org/sonatype/sisu/inject/guice-parent/2.9.2/guice-parent-2.9.2.pom (12 KB at 373.7 KB/sec)
Downloading: https://repo.maven.apache.org/maven2/org/apache/maven/maven-core/3.0/maven-core-3.0.pom
4/7 KB     7/7 KB            Downloaded: https://repo.maven.apache.org/maven2/org/apache/maven/maven-core/3.0/maven-core-3.0.pom (7 KB at 281.5 KB/sec)
Downloading: https://repo.maven.apache.org/maven2/org/apache/maven/maven-settings/3.0/maven-settings-3.0.pom
2/2 KB            Downloaded: https://repo.maven.apache.org/maven2/org/apache/maven/maven-settings/3.0/maven-settings-3.0.pom (2 KB at 73.5 KB/sec)
Downloading: https://repo.maven.apache.org/maven2/org/apache/maven/maven-settings-builder/3.0/maven-settings-builder-3.0.pom
3/3 KB            Downloaded: https://repo.maven.apache.org/maven2/org/apache/maven/maven-settings-builder/3.0/maven-settings-builder-3.0.pom (3 KB at 98.5 KB/sec)
Downloading: https://repo.maven.apache.org/maven2/org/codehaus/plexus/plexus-interpolation/1.14/plexus-interpolation-1.14.pom
910/910 B               Downloaded: https://repo.maven.apache.org/maven2/org/codehaus/plexus/plexus-interpolation/1.14/plexus-interpolation-1.14.pom (910 B at 37.0 KB/sec)
Downloading: https://repo.maven.apache.org/maven2/org/codehaus/plexus/plexus-components/1.1.18/plexus-components-1.1.18.pom
4/6 KB      6/6 KB            Downloaded: https://repo.maven.apache.org/maven2/org/codehaus/plexus/plexus-components/1.1.18/plexus-components-1.1.18.pom (6 KB at 237.7 KB/sec)
Downloading: https://repo.maven.apache.org/maven2/org/apache/maven/maven-repository-metadata/3.0/maven-repository-metadata-3.0.pom
2/2 KB            Downloaded: https://repo.maven.apache.org/maven2/org/apache/maven/maven-repository-metadata/3.0/maven-repository-metadata-3.0.pom (2 KB at 78.5 KB/sec)
Downloading: https://repo.maven.apache.org/maven2/org/apache/maven/maven-model-builder/3.0/maven-model-builder-3.0.pom
3/3 KB            Downloaded: https://repo.maven.apache.org/maven2/org/apache/maven/maven-model-builder/3.0/maven-model-builder-3.0.pom (3 KB at 91.4 KB/sec)
Downloading: https://repo.maven.apache.org/maven2/org/apache/maven/maven-aether-provider/3.0/maven-aether-provider-3.0.pom
3/3 KB            Downloaded: https://repo.maven.apache.org/maven2/org/apache/maven/maven-aether-provider/3.0/maven-aether-provider-3.0.pom (3 KB at 109.6 KB/sec)
Downloading: https://repo.maven.apache.org/maven2/org/sonatype/aether/aether-api/1.7/aether-api-1.7.pom
2/2 KB            Downloaded: https://repo.maven.apache.org/maven2/org/sonatype/aether/aether-api/1.7/aether-api-1.7.pom (2 KB at 54.5 KB/sec)
Downloading: https://repo.maven.apache.org/maven2/org/sonatype/aether/aether-parent/1.7/aether-parent-1.7.pom
4/8 KB   8/8 KB            Downloaded: https://repo.maven.apache.org/maven2/org/sonatype/aether/aether-parent/1.7/aether-parent-1.7.pom (8 KB at 328.0 KB/sec)
Downloading: https://repo.maven.apache.org/maven2/org/sonatype/aether/aether-util/1.7/aether-util-1.7.pom
3/3 KB            Downloaded: https://repo.maven.apache.org/maven2/org/sonatype/aether/aether-util/1.7/aether-util-1.7.pom (3 KB at 91.5 KB/sec)
Downloading: https://repo.maven.apache.org/maven2/org/sonatype/aether/aether-impl/1.7/aether-impl-1.7.pom
4/4 KB            Downloaded: https://repo.maven.apache.org/maven2/org/sonatype/aether/aether-impl/1.7/aether-impl-1.7.pom (4 KB at 163.9 KB/sec)
Downloading: https://repo.maven.apache.org/maven2/org/sonatype/aether/aether-spi/1.7/aether-spi-1.7.pom
2/2 KB            Downloaded: https://repo.maven.apache.org/maven2/org/sonatype/aether/aether-spi/1.7/aether-spi-1.7.pom (2 KB at 73.9 KB/sec)
Downloading: https://repo.maven.apache.org/maven2/org/apache/httpcomponents/httpclient/4.3.5/httpclient-4.3.5.jar
Downloading: https://repo.maven.apache.org/maven2/org/apache/httpcomponents/httpmime/4.3.5/httpmime-4.3.5.jar
Downloading: https://repo.maven.apache.org/maven2/com/fasterxml/jackson/core/jackson-core/2.4.2/jackson-core-2.4.2.jar
Downloading: https://repo.maven.apache.org/maven2/com/fasterxml/jackson/core/jackson-annotations/2.4.2/jackson-annotations-2.4.2.jar
Downloading: https://repo.maven.apache.org/maven2/com/fasterxml/jackson/core/jackson-databind/2.4.2/jackson-databind-2.4.2.jar
4/577 KB   8/577 KB   12/577 KB   16/577 KB   20/577 KB   24/577 KB   28/577 KB   32/577 KB   36/577 KB   40/577 KB   44/577 KB   48/577 KB   52/577 KB   56/577 KB   60/577 KB   64/577 KB   68/577 KB   72/577 KB   76/577 KB   80/577 KB   84/577 KB   88/577 KB   92/577 KB   96/577 KB   100/577 KB   104/577 KB   108/577 KB   112/577 KB   116/577 KB   4/38 KB   116/577 KB   8/38 KB   120/577 KB   12/38 KB   120/577 KB   16/38 KB   120/577 KB   20/38 KB   120/577 KB   4/221 KB   4/38 KB   120/577 KB   16/38 KB   120/577 KB   4/221 KB   20/38 KB   120/577 KB   8/221 KB   20/38 KB   120/577 KB   12/221 KB   20/38 KB   120/577 KB   13/221 KB   20/38 KB   124/577 KB   13/221 KB   20/38 KB   128/577 KB   13/221 KB   20/38 KB   132/577 KB   13/221 KB   20/38 KB   136/577 KB   17/221 KB   20/38 KB   132/577 KB   17/221 KB   20/38 KB   136/577 KB   21/221 KB   20/38 KB   136/577 KB   25/221 KB   20/38 KB   136/577 KB   29/221 KB   20/38 KB   136/577 KB   4/37 KB   29/221 KB   20/38 KB   136/577 KB   8/37 KB   29/221 KB   20/38 KB   136/577 KB   12/37 KB   29/221 KB   20/38 KB   136/577 KB   16/37 KB   29/221 KB   20/38 KB   136/577 KB   20/37 KB   29/221 KB   20/38 KB   136/577 KB   24/37 KB   29/221 KB   20/38 KB   136/577 KB   28/37 KB   29/221 KB   20/38 KB   136/577 KB   32/37 KB   33/221 KB   20/38 KB   136/577 KB   36/37 KB   33/221 KB   20/38 KB   136/577 KB   37/37 KB   33/221 KB   20/38 KB   136/577 KB   28/37 KB   33/221 KB   20/38 KB   140/577 KB   4/1051 KB   37/37 KB   37/221 KB   20/38 KB   140/577 KB   4/1051 KB   37/37 KB   41/221 KB   20/38 KB   140/577 KB   4/1051 KB   37/37 KB   45/221 KB   20/38 KB   140/577 KB   4/1051 KB   37/37 KB   49/221 KB   24/38 KB   140/577 KB   4/1051 KB   37/37 KB   53/221 KB   24/38 KB   140/577 KB   4/1051 KB   37/37 KB   57/221 KB   24/38 KB   140/577 KB   4/1051 KB   37/37 KB   61/221 KB   24/38 KB   140/577 KB   4/1051 KB   37/37 KB   65/221 KB   24/38 KB   140/577 KB   4/1051 KB   37/37 KB   69/221 KB   24/38 KB   140/577 KB   4/1051 KB   37/37 KB   73/221 KB   24/38 KB   140/577 KB   4/1051 KB   37/37 KB   77/221 KB   20/38 KB   140/577 KB   4/1051 KB   37/37 KB   33/221 KB   24/38 KB   144/577 KB   4/1051 KB   37/37 KB   77/221 KB   24/38 KB   148/577 KB   4/1051 KB   37/37 KB   77/221 KB   24/38 KB   152/577 KB   4/1051 KB   37/37 KB   77/221 KB   24/38 KB   156/577 KB   4/1051 KB   37/37 KB   77/221 KB   24/38 KB   160/577 KB   4/1051 KB   37/37 KB   77/221 KB   24/38 KB   164/577 KB   4/1051 KB   37/37 KB   77/221 KB   24/38 KB   168/577 KB   4/1051 KB   37/37 KB   77/221 KB   24/38 KB   172/577 KB   4/1051 KB   37/37 KB   81/221 KB   20/38 KB   136/577 KB   4/1051 KB   37/37 KB   33/221 KB   24/38 KB   172/577 KB   8/1051 KB   37/37 KB   81/221 KB   24/38 KB   172/577 KB   12/1051 KB   37/37 KB   81/221 KB   24/38 KB   172/577 KB   16/1051 KB   37/37 KB   81/221 KB   24/38 KB   172/577 KB   20/1051 KB   37/37 KB   81/221 KB   24/38 KB   172/577 KB   24/1051 KB   37/37 KB   81/221 KB   24/38 KB   172/577 KB   28/1051 KB   37/37 KB   81/221 KB   24/38 KB   172/577 KB   32/1051 KB   37/37 KB   81/221 KB   24/38 KB   176/577 KB   36/1051 KB   37/37 KB   81/221 KB   24/38 KB   176/577 KB   40/1051 KB   37/37 KB   81/221 KB   24/38 KB   176/577 KB   44/1051 KB   37/37 KB   81/221 KB   24/38 KB   176/577 KB   48/1051 KB   37/37 KB   81/221 KB                                                               24/38 KB   168/577 KB   4/1051 KB   37/37 KB   81/221 KB   24/38 KB   140/577 KB   4/1051 KB   37/37 KB   49/221 KB   Downloaded: https://repo.maven.apache.org/maven2/org/apache/httpcomponents/httpmime/4.3.5/httpmime-4.3.5.jar (37 KB at 265.7 KB/sec)
Downloading: https://repo.maven.apache.org/maven2/org/eclipse/jgit/org.eclipse.jgit/3.4.1.201406201815-r/org.eclipse.jgit-3.4.1.201406201815-r.jar
28/38 KB   176/577 KB   48/1051 KB   81/221 KB              32/38 KB   176/577 KB   48/1051 KB   81/221 KB   36/38 KB   176/577 KB   48/1051 KB   81/221 KB   38/38 KB   176/577 KB   48/1051 KB   81/221 KB   38/38 KB   176/577 KB   48/1051 KB   85/221 KB   38/38 KB   176/577 KB   48/1051 KB   89/221 KB   38/38 KB   176/577 KB   48/1051 KB   93/221 KB   38/38 KB   176/577 KB   48/1051 KB   97/221 KB   38/38 KB   176/577 KB   48/1051 KB   101/221 KB   38/38 KB   176/577 KB   52/1051 KB   105/221 KB   38/38 KB   176/577 KB   52/1051 KB   109/221 KB   38/38 KB   176/577 KB   52/1051 KB   113/221 KB   38/38 KB   176/577 KB   52/1051 KB   117/221 KB   38/38 KB   176/577 KB   52/1051 KB   121/221 KB   38/38 KB   176/577 KB   52/1051 KB   125/221 KB   38/38 KB   176/577 KB   52/1051 KB   129/221 KB   24/38 KB   176/577 KB   32/1051 KB   37/37 KB   81/221 KB   38/38 KB   176/577 KB   52/1051 KB   101/221 KB   38/38 KB   180/577 KB   52/1051 KB   129/221 KB   38/38 KB   184/577 KB   52/1051 KB   129/221 KB                                                     Downloaded: https://repo.maven.apache.org/maven2/com/fasterxml/jackson/core/jackson-annotations/2.4.2/jackson-annotations-2.4.2.jar (38 KB at 251.3 KB/sec)
Downloading: https://repo.maven.apache.org/maven2/com/jcraft/jsch/0.1.50/jsch-0.1.50.jar
188/577 KB   56/1051 KB   129/221 KB   188/577 KB   60/1051 KB   129/221 KB   188/577 KB   64/1051 KB   129/221 KB   188/577 KB   68/1051 KB   129/221 KB   188/577 KB   72/1051 KB   129/221 KB   188/577 KB   76/1051 KB   129/221 KB   188/577 KB   80/1051 KB   129/221 KB   188/577 KB   84/1051 KB   129/221 KB   188/577 KB   88/1051 KB   133/221 KB   188/577 KB   92/1051 KB   133/221 KB   188/577 KB   96/1051 KB   133/221 KB   188/577 KB   100/1051 KB   133/221 KB   4/249 KB   188/577 KB   100/1051 KB   133/221 KB   8/249 KB   188/577 KB   100/1051 KB   133/221 KB   12/249 KB   188/577 KB   100/1051 KB   133/221 KB   16/249 KB   188/577 KB   100/1051 KB   133/221 KB   20/249 KB   188/577 KB   100/1051 KB   133/221 KB   24/249 KB   188/577 KB   100/1051 KB   133/221 KB   188/577 KB   52/1051 KB   129/221 KB              24/249 KB   192/577 KB   100/1051 KB   133/221 KB   24/249 KB   196/577 KB   100/1051 KB   133/221 KB   24/249 KB   200/577 KB   100/1051 KB   133/221 KB   188/577 KB   84/1051 KB   133/221 KB   24/249 KB   200/577 KB   100/1051 KB   137/221 KB   24/249 KB   200/577 KB   100/1051 KB   141/221 KB   28/249 KB   200/577 KB   100/1051 KB   141/221 KB   32/249 KB   200/577 KB   100/1051 KB   141/221 KB   36/249 KB   200/577 KB   100/1051 KB   141/221 KB   40/249 KB   200/577 KB   100/1051 KB   141/221 KB   44/249 KB   200/577 KB   100/1051 KB   141/221 KB   48/249 KB   200/577 KB   100/1051 KB   141/221 KB   52/249 KB   200/577 KB   100/1051 KB   141/221 KB   56/249 KB   200/577 KB   100/1051 KB   141/221 KB   56/249 KB   200/577 KB   100/1051 KB   145/221 KB   56/249 KB   200/577 KB   100/1051 KB   149/221 KB   56/249 KB   200/577 KB   100/1051 KB   153/221 KB   56/249 KB   200/577 KB   100/1051 KB   157/221 KB   56/249 KB   200/577 KB   100/1051 KB   161/221 KB   56/249 KB   200/577 KB   100/1051 KB   165/221 KB   56/249 KB   200/577 KB   100/1051 KB   169/221 KB   56/249 KB   200/577 KB   100/1051 KB   173/221 KB   56/249 KB   204/577 KB   100/1051 KB   173/221 KB   56/249 KB   208/577 KB   100/1051 KB   177/221 KB   56/249 KB   208/577 KB   100/1051 KB   177/221 KB   56/249 KB   208/577 KB   100/1051 KB   181/221 KB   56/249 KB   208/577 KB   100/1051 KB   185/221 KB   56/249 KB   212/577 KB   100/1051 KB   185/221 KB   56/249 KB   212/577 KB   100/1051 KB   189/221 KB   56/249 KB   216/577 KB   100/1051 KB   189/221 KB   56/249 KB   220/577 KB   100/1051 KB   189/221 KB   56/249 KB   224/577 KB   100/1051 KB   189/221 KB   56/249 KB   224/577 KB   104/1051 KB   189/221 KB   56/249 KB   228/577 KB   104/1051 KB   193/221 KB   56/249 KB   224/577 KB   104/1051 KB   193/221 KB   56/249 KB   232/577 KB   108/1051 KB   193/221 KB   56/249 KB   228/577 KB   108/1051 KB   193/221 KB   56/249 KB   236/577 KB   108/1051 KB   193/221 KB   56/249 KB   240/577 KB   108/1051 KB   193/221 KB   56/249 KB   240/577 KB   112/1051 KB   197/221 KB   56/249 KB   240/577 KB   112/1051 KB   193/221 KB   60/249 KB   244/577 KB   112/1051 KB   197/221 KB   56/249 KB   244/577 KB   112/1051 KB   197/221 KB   60/249 KB   248/577 KB   112/1051 KB   197/221 KB   64/249 KB   248/577 KB   112/1051 KB   197/221 KB   64/249 KB   252/577 KB   112/1051 KB   197/221 KB   64/249 KB   256/577 KB   112/1051 KB   197/221 KB   68/249 KB   256/577 KB   112/1051 KB   197/221 KB   72/249 KB   256/577 KB   112/1051 KB   197/221 KB   72/249 KB   260/577 KB   112/1051 KB   197/221 KB   72/249 KB   264/577 KB   112/1051 KB   197/221 KB   72/249 KB   268/577 KB   112/1051 KB   197/221 KB   72/249 KB   272/577 KB   112/1051 KB   197/221 KB   76/249 KB   272/577 KB   112/1051 KB   197/221 KB   80/249 KB   272/577 KB   112/1051 KB   197/221 KB   80/249 KB   276/577 KB   112/1051 KB   197/221 KB   84/249 KB   276/577 KB   112/1051 KB   197/221 KB   84/249 KB   280/577 KB   112/1051 KB   197/221 KB   88/249 KB   280/577 KB   112/1051 KB   197/221 KB   88/249 KB   284/577 KB   112/1051 KB   197/221 KB   88/249 KB   288/577 KB   112/1051 KB   197/221 KB   92/249 KB   288/577 KB   112/1051 KB   197/221 KB   96/249 KB   292/577 KB   112/1051 KB   197/221 KB   100/249 KB   292/577 KB   112/1051 KB   197/221 KB   104/249 KB   292/577 KB   112/1051 KB   197/221 KB   108/249 KB   292/577 KB   112/1051 KB   197/221 KB   112/249 KB   292/577 KB   112/1051 KB   197/221 KB   116/249 KB   292/577 KB   112/1051 KB   197/221 KB   120/249 KB   292/577 KB   112/1051 KB   197/221 KB   124/249 KB   292/577 KB   112/1051 KB   197/221 KB   128/249 KB   292/577 KB   112/1051 KB   197/221 KB   132/249 KB   292/577 KB   112/1051 KB   197/221 KB   136/249 KB   292/577 KB   112/1051 KB   197/221 KB   136/249 KB   292/577 KB   116/1051 KB   197/221 KB   136/249 KB   292/577 KB   120/1051 KB   201/221 KB   136/249 KB   292/577 KB   124/1051 KB   201/221 KB   136/249 KB   292/577 KB   128/1051 KB   201/221 KB   136/249 KB   292/577 KB   132/1051 KB   201/221 KB   136/249 KB   292/577 KB   136/1051 KB   201/221 KB   136/249 KB   292/577 KB   140/1051 KB   201/221 KB   136/249 KB   292/577 KB   144/1051 KB   201/221 KB   136/249 KB   292/577 KB   148/1051 KB   201/221 KB   140/249 KB   292/577 KB   152/1051 KB   201/221 KB   140/249 KB   292/577 KB   156/1051 KB   201/221 KB   140/249 KB   292/577 KB   160/1051 KB   201/221 KB   140/249 KB   292/577 KB   164/1051 KB   201/221 KB   140/249 KB   292/577 KB   168/1051 KB   201/221 KB   140/249 KB   292/577 KB   172/1051 KB   201/221 KB   140/249 KB   292/577 KB   176/1051 KB   201/221 KB   140/249 KB   292/577 KB   180/1051 KB   201/221 KB   140/249 KB   292/577 KB   184/1051 KB   201/221 KB   140/249 KB   292/577 KB   188/1051 KB   201/221 KB   140/249 KB   292/577 KB   192/1051 KB   201/221 KB   92/249 KB   292/577 KB   112/1051 KB   197/221 KB   140/249 KB   292/577 KB   148/1051 KB   201/221 KB   140/249 KB   296/577 KB   192/1051 KB   201/221 KB   144/249 KB   300/577 KB   192/1051 KB   201/221 KB   148/249 KB   300/577 KB   192/1051 KB   201/221 KB   152/249 KB   300/577 KB   192/1051 KB   201/221 KB   156/249 KB   300/577 KB   192/1051 KB   201/221 KB   160/249 KB   300/577 KB   192/1051 KB   201/221 KB   164/249 KB   300/577 KB   192/1051 KB   201/221 KB   168/249 KB   300/577 KB   192/1051 KB   201/221 KB   172/249 KB   300/577 KB   192/1051 KB   201/221 KB   176/249 KB   300/577 KB   192/1051 KB   201/221 KB   180/249 KB   300/577 KB   192/1051 KB   201/221 KB   184/249 KB   300/577 KB   192/1051 KB   201/221 KB   188/249 KB   300/577 KB   192/1051 KB   201/221 KB   192/249 KB   300/577 KB   192/1051 KB   201/221 KB   196/249 KB   300/577 KB   192/1051 KB   201/221 KB   200/249 KB   300/577 KB   192/1051 KB   201/221 KB   204/249 KB   300/577 KB   192/1051 KB   201/221 KB   208/249 KB   300/577 KB   192/1051 KB   201/221 KB   212/249 KB   300/577 KB   192/1051 KB   201/221 KB   216/249 KB   300/577 KB   192/1051 KB   201/221 KB   220/249 KB   300/577 KB   192/1051 KB   201/221 KB   224/249 KB   300/577 KB   192/1051 KB   201/221 KB   228/249 KB   300/577 KB   192/1051 KB   201/221 KB   232/249 KB   300/577 KB   192/1051 KB   201/221 KB   236/249 KB   300/577 KB   196/1051 KB   201/221 KB   240/249 KB   300/577 KB   196/1051 KB   201/221 KB   136/249 KB   292/577 KB   116/1051 KB   201/221 KB   240/249 KB   300/577 KB   196/1051 KB   205/221 KB   240/249 KB   300/577 KB   196/1051 KB   209/221 KB   240/249 KB   300/577 KB   196/1051 KB   213/221 KB   240/249 KB   300/577 KB   196/1051 KB   217/221 KB   240/249 KB   300/577 KB   196/1051 KB   221/221 KB   232/249 KB   300/577 KB   196/1051 KB   201/221 KB   144/249 KB   300/577 KB   192/1051 KB   201/221 KB   240/249 KB   304/577 KB   200/1051 KB   221/221 KB   244/249 KB   304/577 KB   204/1051 KB   221/221 KB   244/249 KB   304/577 KB   208/1051 KB   221/221 KB   244/249 KB   304/577 KB   212/1051 KB   221/221 KB   244/249 KB   304/577 KB   216/1051 KB   221/221 KB   244/249 KB   304/577 KB   220/1051 KB   221/221 KB   244/249 KB   304/577 KB   224/1051 KB   221/221 KB   244/249 KB   304/577 KB   228/1051 KB   221/221 KB   244/249 KB   304/577 KB   232/1051 KB   221/221 KB   244/249 KB   304/577 KB   236/1051 KB   221/221 KB   244/249 KB   304/577 KB   200/1051 KB   221/221 KB   240/249 KB   304/577 KB   200/1051 KB   221/221 KB   248/249 KB   304/577 KB   236/1051 KB   221/221 KB   249/249 KB   304/577 KB   236/1051 KB   221/221 KB   249/249 KB   308/577 KB   236/1051 KB   221/221 KB   249/249 KB   312/577 KB   236/1051 KB   221/221 KB   249/249 KB   316/577 KB   236/1051 KB   221/221 KB   249/249 KB   320/577 KB   236/1051 KB   221/221 KB   249/249 KB   324/577 KB   236/1051 KB   221/221 KB   249/249 KB   328/577 KB   236/1051 KB   221/221 KB   249/249 KB   332/577 KB   240/1051 KB   221/221 KB   249/249 KB   332/577 KB   240/1051 KB   221/221 KB   249/249 KB   336/577 KB   240/1051 KB   221/221 KB   249/249 KB   340/577 KB   244/1051 KB   221/221 KB   249/249 KB   340/577 KB   244/1051 KB   221/221 KB   249/249 KB   344/577 KB   248/1051 KB   221/221 KB   249/249 KB   344/577 KB   248/1051 KB   221/221 KB   249/249 KB   348/577 KB   252/1051 KB   221/221 KB   249/249 KB   352/577 KB   252/1051 KB   221/221 KB   249/249 KB   348/577 KB   252/1051 KB   221/221 KB   249/249 KB   356/577 KB   252/1051 KB   221/221 KB   249/249 KB   360/577 KB   256/1051 KB   221/221 KB   249/249 KB   360/577 KB   256/1051 KB   221/221 KB   249/249 KB   364/577 KB   256/1051 KB   221/221 KB   249/249 KB   368/577 KB   256/1051 KB   221/221 KB   249/249 KB   368/577 KB   260/1051 KB   221/221 KB   249/249 KB   372/577 KB   264/1051 KB   221/221 KB   249/249 KB   372/577 KB   264/1051 KB   221/221 KB   249/249 KB   376/577 KB   264/1051 KB   221/221 KB   249/249 KB   380/577 KB   268/1051 KB   221/221 KB   249/249 KB   380/577 KB   268/1051 KB   221/221 KB   249/249 KB   384/577 KB   272/1051 KB   221/221 KB   249/249 KB   384/577 KB   272/1051 KB   221/221 KB   249/249 KB   388/577 KB   276/1051 KB   221/221 KB   249/249 KB   388/577 KB   276/1051 KB   221/221 KB   249/249 KB   392/577 KB   276/1051 KB   221/221 KB   249/249 KB   396/577 KB   280/1051 KB   221/221 KB   249/249 KB   396/577 KB   280/1051 KB   221/221 KB   249/249 KB   400/577 KB   284/1051 KB   221/221 KB   249/249 KB   400/577 KB   284/1051 KB   221/221 KB   249/249 KB   400/577 KB   288/1051 KB   221/221 KB   249/249 KB   404/577 KB   288/1051 KB   221/221 KB   249/249 KB   408/577 KB   288/1051 KB   221/221 KB   249/249 KB   412/577 KB   288/1051 KB   221/221 KB   249/249 KB   412/577 KB   292/1051 KB   221/221 KB   249/249 KB   416/577 KB   292/1051 KB   221/221 KB   249/249 KB   416/577 KB   296/1051 KB   221/221 KB   249/249 KB   420/577 KB   296/1051 KB   221/221 KB   249/249 KB   424/577 KB   296/1051 KB   221/221 KB   249/249 KB   428/577 KB   296/1051 KB   221/221 KB   249/249 KB   432/577 KB   296/1051 KB   221/221 KB   249/249 KB   436/577 KB   296/1051 KB   221/221 KB   249/249 KB   440/577 KB   296/1051 KB   221/221 KB   249/249 KB   444/577 KB   296/1051 KB   221/221 KB                                                        249/249 KB   448/577 KB   296/1051 KB                Downloaded: https://repo.maven.apache.org/maven2/com/fasterxml/jackson/core/jackson-core/2.4.2/jackson-core-2.4.2.jar (221 KB at 1073.3 KB/sec)
Downloading: https://repo.maven.apache.org/maven2/com/googlecode/javaewah/JavaEWAH/0.7.9/JavaEWAH-0.7.9.jar
249/249 KB   452/577 KB   296/1051 KB   249/249 KB   456/577 KB   296/1051 KB   249/249 KB   460/577 KB   296/1051 KB   249/249 KB   464/577 KB   296/1051 KB   249/249 KB   464/577 KB   300/1051 KB   249/249 KB   468/577 KB   304/1051 KB   249/249 KB   468/577 KB   308/1051 KB   249/249 KB   468/577 KB   312/1051 KB   249/249 KB   468/577 KB   316/1051 KB   468/577 KB   320/1051 KB                249/249 KB   468/577 KB   300/1051 KB                                           472/577 KB   320/1051 KB   Downloaded: https://repo.maven.apache.org/maven2/com/jcraft/jsch/0.1.50/jsch-0.1.50.jar (249 KB at 1200.2 KB/sec)
Downloading: https://repo.maven.apache.org/maven2/org/codehaus/plexus/plexus-utils/2.0.7/plexus-utils-2.0.7.jar
476/577 KB   324/1051 KB   476/577 KB   328/1051 KB   476/577 KB   332/1051 KB   476/577 KB   336/1051 KB   476/577 KB   340/1051 KB   476/577 KB   344/1051 KB   476/577 KB   348/1051 KB   476/577 KB   352/1051 KB   476/577 KB   356/1051 KB   476/577 KB   360/1051 KB   476/577 KB   364/1051 KB   476/577 KB   368/1051 KB   476/577 KB   372/1051 KB   476/577 KB   376/1051 KB   476/577 KB   380/1051 KB   476/577 KB   384/1051 KB   476/577 KB   388/1051 KB   476/577 KB   392/1051 KB   476/577 KB   396/1051 KB   476/577 KB   400/1051 KB   476/577 KB   400/1051 KB   4/123 KB   476/577 KB   400/1051 KB   8/123 KB   476/577 KB   400/1051 KB   12/123 KB   476/577 KB   320/1051 KB   476/577 KB   400/1051 KB   16/123 KB   480/577 KB   400/1051 KB   16/123 KB   480/577 KB   400/1051 KB   20/123 KB   480/577 KB   400/1051 KB   24/123 KB   484/577 KB   400/1051 KB   24/123 KB   488/577 KB   400/1051 KB   24/123 KB   492/577 KB   400/1051 KB   24/123 KB   492/577 KB   400/1051 KB   28/123 KB   496/577 KB   400/1051 KB   28/123 KB   496/577 KB   400/1051 KB   32/123 KB   496/577 KB   400/1051 KB   36/123 KB   500/577 KB   400/1051 KB   36/123 KB   504/577 KB   400/1051 KB   40/123 KB   504/577 KB   400/1051 KB   40/123 KB   508/577 KB   400/1051 KB   40/123 KB   512/577 KB   400/1051 KB   40/123 KB   512/577 KB   404/1051 KB   40/123 KB   512/577 KB   408/1051 KB   40/123 KB   516/577 KB   412/1051 KB   40/123 KB   516/577 KB   416/1051 KB   40/123 KB   516/577 KB   420/1051 KB   40/123 KB   516/577 KB   424/1051 KB   40/123 KB   516/577 KB   428/1051 KB   40/123 KB   516/577 KB   432/1051 KB   40/123 KB   516/577 KB   436/1051 KB   40/123 KB   516/577 KB   440/1051 KB   40/123 KB   516/577 KB   444/1051 KB   40/123 KB   516/577 KB   448/1051 KB   40/123 KB   516/577 KB   4/219 KB   448/1051 KB   40/123 KB   516/577 KB   8/219 KB   448/1051 KB   44/123 KB   516/577 KB   12/219 KB   448/1051 KB   44/123 KB   516/577 KB   16/219 KB   448/1051 KB   44/123 KB   516/577 KB   20/219 KB   448/1051 KB   44/123 KB   516/577 KB   24/219 KB   448/1051 KB   44/123 KB   516/577 KB   28/219 KB   448/1051 KB   44/123 KB   516/577 KB   32/219 KB   448/1051 KB   44/123 KB   516/577 KB   36/219 KB   448/1051 KB   44/123 KB   516/577 KB   408/1051 KB   40/123 KB   516/577 KB   4/219 KB   448/1051 KB   44/123 KB   520/577 KB   36/219 KB   448/1051 KB   44/123 KB   520/577 KB   36/219 KB   448/1051 KB   48/123 KB   524/577 KB   36/219 KB   448/1051 KB   48/123 KB   524/577 KB   36/219 KB   448/1051 KB   52/123 KB   528/577 KB   36/219 KB   448/1051 KB   52/123 KB   528/577 KB   36/219 KB   448/1051 KB   56/123 KB   532/577 KB   36/219 KB   448/1051 KB   56/123 KB   532/577 KB   36/219 KB   448/1051 KB   60/123 KB   536/577 KB   36/219 KB   448/1051 KB   60/123 KB   536/577 KB   36/219 KB   448/1051 KB   64/123 KB   540/577 KB   36/219 KB   448/1051 KB   64/123 KB   540/577 KB   36/219 KB   448/1051 KB   68/123 KB   544/577 KB   36/219 KB   448/1051 KB   68/123 KB   544/577 KB   36/219 KB   448/1051 KB   72/123 KB   548/577 KB   36/219 KB   448/1051 KB   72/123 KB   548/577 KB   36/219 KB   448/1051 KB   76/123 KB   552/577 KB   36/219 KB   448/1051 KB   76/123 KB   552/577 KB   36/219 KB   448/1051 KB   80/123 KB   556/577 KB   36/219 KB   448/1051 KB   80/123 KB   556/577 KB   36/219 KB   448/1051 KB   84/123 KB   560/577 KB   36/219 KB   448/1051 KB   84/123 KB   560/577 KB   36/219 KB   448/1051 KB   88/123 KB   564/577 KB   36/219 KB   448/1051 KB   88/123 KB   564/577 KB   36/219 KB   448/1051 KB   92/123 KB   568/577 KB   36/219 KB   448/1051 KB   92/123 KB   572/577 KB   36/219 KB   448/1051 KB   96/123 KB   572/577 KB   36/219 KB   448/1051 KB   96/123 KB   576/577 KB   36/219 KB   448/1051 KB   100/123 KB   576/577 KB   36/219 KB   448/1051 KB   100/123 KB   577/577 KB   36/219 KB   448/1051 KB   100/123 KB   577/577 KB   36/219 KB   448/1051 KB   104/123 KB   577/577 KB   40/219 KB   448/1051 KB   104/123 KB   577/577 KB   44/219 KB   448/1051 KB   104/123 KB   577/577 KB   48/219 KB   448/1051 KB   104/123 KB   577/577 KB   52/219 KB   448/1051 KB   104/123 KB   577/577 KB   56/219 KB   448/1051 KB   104/123 KB   577/577 KB   60/219 KB   448/1051 KB   108/123 KB   577/577 KB   64/219 KB   448/1051 KB   108/123 KB   577/577 KB   68/219 KB   448/1051 KB   108/123 KB   577/577 KB   72/219 KB   448/1051 KB   108/123 KB   577/577 KB   76/219 KB   448/1051 KB   108/123 KB   577/577 KB   80/219 KB   448/1051 KB   108/123 KB   577/577 KB   84/219 KB   448/1051 KB   108/123 KB   577/577 KB   88/219 KB   448/1051 KB   108/123 KB   577/577 KB   92/219 KB   448/1051 KB   108/123 KB   577/577 KB   96/219 KB   448/1051 KB   108/123 KB   577/577 KB   100/219 KB   448/1051 KB   108/123 KB   577/577 KB   104/219 KB   448/1051 KB   108/123 KB   577/577 KB   108/219 KB   448/1051 KB   108/123 KB   577/577 KB   112/219 KB   448/1051 KB   108/123 KB   577/577 KB   116/219 KB   448/1051 KB   108/123 KB   577/577 KB   120/219 KB   448/1051 KB   108/123 KB   577/577 KB   124/219 KB   448/1051 KB   108/123 KB   577/577 KB   128/219 KB   448/1051 KB   108/123 KB   577/577 KB   132/219 KB   448/1051 KB   108/123 KB   577/577 KB   56/219 KB   448/1051 KB   108/123 KB   577/577 KB   132/219 KB   448/1051 KB   112/123 KB   577/577 KB   132/219 KB   448/1051 KB   116/123 KB   577/577 KB   132/219 KB   448/1051 KB   120/123 KB   577/577 KB   132/219 KB   448/1051 KB   123/123 KB   577/577 KB   136/219 KB   448/1051 KB   123/123 KB   577/577 KB   140/219 KB   448/1051 KB   123/123 KB   577/577 KB   144/219 KB   448/1051 KB   123/123 KB   577/577 KB   148/219 KB   448/1051 KB   123/123 KB   577/577 KB   152/219 KB   448/1051 KB   123/123 KB   577/577 KB   156/219 KB   448/1051 KB   123/123 KB   577/577 KB   160/219 KB   448/1051 KB   123/123 KB   577/577 KB   164/219 KB   448/1051 KB   123/123 KB   577/577 KB   168/219 KB   448/1051 KB   123/123 KB   577/577 KB   172/219 KB   448/1051 KB   123/123 KB   577/577 KB   176/219 KB   448/1051 KB   123/123 KB   577/577 KB   180/219 KB   448/1051 KB   123/123 KB   577/577 KB   184/219 KB   448/1051 KB   123/123 KB   577/577 KB   188/219 KB   452/1051 KB   123/123 KB   577/577 KB   192/219 KB   452/1051 KB   123/123 KB   577/577 KB   196/219 KB   452/1051 KB   123/123 KB   577/577 KB   200/219 KB   452/1051 KB   123/123 KB   204/219 KB   452/1051 KB   123/123 KB                208/219 KB   452/1051 KB   123/123 KB   212/219 KB   452/1051 KB   123/123 KB   216/219 KB   452/1051 KB   123/123 KB   219/219 KB   452/1051 KB   123/123 KB   577/577 KB   184/219 KB   452/1051 KB   123/123 KB                                                        Downloaded: https://repo.maven.apache.org/maven2/org/apache/httpcomponents/httpclient/4.3.5/httpclient-4.3.5.jar (577 KB at 2383.0 KB/sec)
Downloading: https://repo.maven.apache.org/maven2/org/sonatype/sisu/sisu-inject-bean/1.4.3.2/sisu-inject-bean-1.4.3.2.jar
219/219 KB   456/1051 KB   123/123 KB   219/219 KB   460/1051 KB   123/123 KB   219/219 KB   464/1051 KB   123/123 KB   219/219 KB   468/1051 KB   123/123 KB   219/219 KB   472/1051 KB   123/123 KB   219/219 KB   476/1051 KB   123/123 KB   219/219 KB   480/1051 KB   123/123 KB   219/219 KB   484/1051 KB   123/123 KB   219/219 KB   488/1051 KB   123/123 KB   219/219 KB   492/1051 KB   123/123 KB   219/219 KB   496/1051 KB   123/123 KB   219/219 KB   500/1051 KB   123/123 KB                                           219/219 KB   504/1051 KB                Downloaded: https://repo.maven.apache.org/maven2/com/googlecode/javaewah/JavaEWAH/0.7.9/JavaEWAH-0.7.9.jar (123 KB at 483.1 KB/sec)
219/219 KB   508/1051 KB   Downloading: https://repo.maven.apache.org/maven2/org/sonatype/sisu/sisu-guice/2.9.2/sisu-guice-2.9.2-no_aop.jar
219/219 KB   512/1051 KB   219/219 KB   516/1051 KB   219/219 KB   520/1051 KB   219/219 KB   524/1051 KB   219/219 KB   528/1051 KB   219/219 KB   532/1051 KB   219/219 KB   536/1051 KB   219/219 KB   540/1051 KB   219/219 KB   544/1051 KB   219/219 KB   548/1051 KB   219/219 KB   552/1051 KB   219/219 KB   556/1051 KB   219/219 KB   560/1051 KB   219/219 KB   564/1051 KB   219/219 KB   568/1051 KB   219/219 KB   572/1051 KB   219/219 KB   576/1051 KB   219/219 KB   580/1051 KB   219/219 KB   584/1051 KB   219/219 KB   588/1051 KB   219/219 KB   592/1051 KB   219/219 KB   596/1051 KB   219/219 KB   600/1051 KB   219/219 KB   604/1051 KB   219/219 KB   608/1051 KB   219/219 KB   612/1051 KB   219/219 KB   616/1051 KB   219/219 KB   620/1051 KB   219/219 KB   624/1051 KB   4/157 KB   219/219 KB   624/1051 KB   4/157 KB   219/219 KB   628/1051 KB   8/157 KB   219/219 KB   628/1051 KB   12/157 KB   219/219 KB   632/1051 KB   12/157 KB   219/219 KB   632/1051 KB   16/157 KB   219/219 KB   632/1051 KB   16/157 KB   219/219 KB   636/1051 KB   16/157 KB   219/219 KB   640/1051 KB   20/157 KB   219/219 KB   640/1051 KB   24/157 KB   219/219 KB   640/1051 KB   28/157 KB   219/219 KB   640/1051 KB   32/157 KB   219/219 KB   640/1051 KB   32/157 KB   219/219 KB   644/1051 KB   32/157 KB   219/219 KB   648/1051 KB   36/157 KB   219/219 KB   648/1051 KB   36/157 KB   219/219 KB   652/1051 KB   40/157 KB   219/219 KB   652/1051 KB   44/157 KB   219/219 KB   4/1862 KB   656/1051 KB   48/157 KB   219/219 KB   4/1862 KB   656/1051 KB   52/157 KB   219/219 KB   4/1862 KB   656/1051 KB   56/157 KB   219/219 KB   4/1862 KB   656/1051 KB   60/157 KB   219/219 KB   4/1862 KB   656/1051 KB   40/157 KB   219/219 KB   656/1051 KB   40/157 KB   219/219 KB   4/1862 KB   656/1051 KB   64/157 KB   219/219 KB   8/1862 KB   656/1051 KB   64/157 KB   219/219 KB   12/1862 KB   656/1051 KB   64/157 KB   219/219 KB   16/1862 KB   656/1051 KB   64/157 KB   219/219 KB   4/1862 KB   656/1051 KB   64/157 KB   219/219 KB   16/1862 KB   660/1051 KB   64/157 KB   219/219 KB   16/1862 KB   664/1051 KB   68/157 KB   219/219 KB   16/1862 KB   664/1051 KB   68/157 KB   219/219 KB   16/1862 KB   668/1051 KB   72/157 KB   219/219 KB   16/1862 KB   668/1051 KB   76/157 KB   219/219 KB   16/1862 KB   672/1051 KB   76/157 KB   219/219 KB   16/1862 KB   672/1051 KB   80/157 KB   219/219 KB   16/1862 KB   672/1051 KB   84/157 KB   219/219 KB   16/1862 KB   672/1051 KB   88/157 KB   219/219 KB   16/1862 KB   672/1051 KB   92/157 KB   219/219 KB   16/1862 KB   672/1051 KB   96/157 KB   219/219 KB   16/1862 KB   672/1051 KB   100/157 KB   219/219 KB   16/1862 KB   672/1051 KB   100/157 KB   4/469 KB   219/219 KB   16/1862 KB   672/1051 KB   104/157 KB   4/469 KB   219/219 KB   16/1862 KB   672/1051 KB   108/157 KB   4/469 KB   219/219 KB   16/1862 KB   672/1051 KB   108/157 KB   8/469 KB   219/219 KB   16/1862 KB   672/1051 KB   112/157 KB   8/469 KB   219/219 KB   16/1862 KB   672/1051 KB   112/157 KB   12/469 KB   219/219 KB   16/1862 KB   672/1051 KB   112/157 KB   16/469 KB   219/219 KB   16/1862 KB   672/1051 KB   116/157 KB   16/469 KB   219/219 KB   16/1862 KB   672/1051 KB   120/157 KB   16/469 KB   219/219 KB   16/1862 KB   672/1051 KB   124/157 KB   16/469 KB   219/219 KB   16/1862 KB   672/1051 KB   128/157 KB   20/469 KB   219/219 KB   16/1862 KB   672/1051 KB   128/157 KB   20/469 KB   219/219 KB   16/1862 KB   672/1051 KB   128/157 KB   24/469 KB   219/219 KB   16/1862 KB   672/1051 KB   132/157 KB   24/469 KB   219/219 KB   16/1862 KB   672/1051 KB   132/157 KB   28/469 KB   219/219 KB   16/1862 KB   672/1051 KB   136/157 KB   32/469 KB   219/219 KB   16/1862 KB   672/1051 KB   136/157 KB   36/469 KB   219/219 KB   16/1862 KB   672/1051 KB   136/157 KB   40/469 KB   219/219 KB   16/1862 KB   672/1051 KB   136/157 KB   28/469 KB   219/219 KB   16/1862 KB   672/1051 KB   136/157 KB   44/469 KB   16/1862 KB   672/1051 KB                140/157 KB   48/469 KB   16/1862 KB   672/1051 KB   140/157 KB   48/469 KB   16/1862 KB   676/1051 KB   140/157 KB   48/469 KB   16/1862 KB   680/1051 KB   140/157 KB   48/469 KB   16/1862 KB   684/1051 KB   140/157 KB   52/469 KB   16/1862 KB   684/1051 KB   140/157 KB   56/469 KB   16/1862 KB   684/1051 KB   140/157 KB   56/469 KB   20/1862 KB   684/1051 KB   140/157 KB   60/469 KB   24/1862 KB   684/1051 KB   140/157 KB   60/469 KB   28/1862 KB   684/1051 KB   140/157 KB   60/469 KB   32/1862 KB   684/1051 KB   140/157 KB   60/469 KB   36/1862 KB   684/1051 KB   140/157 KB   60/469 KB   40/1862 KB   684/1051 KB   140/157 KB   60/469 KB   44/1862 KB   684/1051 KB   140/157 KB   60/469 KB   48/1862 KB   684/1051 KB   140/157 KB   60/469 KB   52/1862 KB   684/1051 KB   140/157 KB   60/469 KB   56/1862 KB   684/1051 KB   140/157 KB   60/469 KB   60/1862 KB   684/1051 KB   140/157 KB   60/469 KB   62/1862 KB   684/1051 KB                                                                    140/157 KB   60/469 KB   20/1862 KB   684/1051 KB   140/157 KB   60/469 KB   62/1862 KB   688/1051 KB   140/157 KB   64/469 KB   62/1862 KB   688/1051 KB   140/157 KB   44/469 KB   16/1862 KB   672/1051 KB   144/157 KB   64/469 KB   62/1862 KB   688/1051 KB   148/157 KB   64/469 KB   62/1862 KB   692/1051 KB   152/157 KB   68/469 KB   62/1862 KB   692/1051 KB   156/157 KB   68/469 KB   62/1862 KB   692/1051 KB   157/157 KB   68/469 KB   62/1862 KB   692/1051 KB   Downloaded: https://repo.maven.apache.org/maven2/org/codehaus/plexus/plexus-utils/2.0.7/plexus-utils-2.0.7.jar (219 KB at 804.0 KB/sec)
148/157 KB   68/469 KB   62/1862 KB   692/1051 KB   144/157 KB   64/469 KB   62/1862 KB   692/1051 KB   157/157 KB   72/469 KB   62/1862 KB   692/1051 KB   157/157 KB   72/469 KB   62/1862 KB   696/1051 KB   157/157 KB   76/469 KB   62/1862 KB   696/1051 KB   157/157 KB   76/469 KB   62/1862 KB   700/1051 KB   157/157 KB   80/469 KB   62/1862 KB   700/1051 KB   157/157 KB   80/469 KB   62/1862 KB   704/1051 KB   157/157 KB   84/469 KB   62/1862 KB   704/1051 KB   157/157 KB   88/469 KB   62/1862 KB   708/1051 KB   157/157 KB   92/469 KB   62/1862 KB   708/1051 KB   157/157 KB   84/469 KB   62/1862 KB   708/1051 KB   157/157 KB   96/469 KB   62/1862 KB   708/1051 KB   157/157 KB   96/469 KB   62/1862 KB   712/1051 KB   157/157 KB   96/469 KB   62/1862 KB   716/1051 KB   157/157 KB   96/469 KB   62/1862 KB   720/1051 KB   157/157 KB   100/469 KB   62/1862 KB   720/1051 KB   157/157 KB   104/469 KB   62/1862 KB   720/1051 KB   157/157 KB   104/469 KB   62/1862 KB   724/1051 KB   157/157 KB   108/469 KB   62/1862 KB   724/1051 KB   157/157 KB   108/469 KB   62/1862 KB   728/1051 KB   157/157 KB   112/469 KB   62/1862 KB   732/1051 KB   Downloading: https://repo.maven.apache.org/maven2/org/sonatype/aether/aether-util/1.7/aether-util-1.7.jar
157/157 KB   116/469 KB   62/1862 KB   732/1051 KB   157/157 KB   120/469 KB   62/1862 KB   732/1051 KB   157/157 KB   124/469 KB   62/1862 KB   732/1051 KB   157/157 KB   112/469 KB   62/1862 KB   732/1051 KB   157/157 KB   128/469 KB   62/1862 KB   732/1051 KB   157/157 KB   128/469 KB   62/1862 KB   736/1051 KB   157/157 KB   132/469 KB   62/1862 KB   740/1051 KB   157/157 KB   132/469 KB   62/1862 KB   740/1051 KB   157/157 KB   136/469 KB   62/1862 KB   744/1051 KB   157/157 KB   136/469 KB   62/1862 KB   744/1051 KB   157/157 KB   140/469 KB   62/1862 KB   744/1051 KB   157/157 KB   144/469 KB   62/1862 KB   744/1051 KB   157/157 KB   148/469 KB   62/1862 KB   744/1051 KB   157/157 KB   152/469 KB   62/1862 KB   744/1051 KB   157/157 KB   156/469 KB   62/1862 KB   744/1051 KB   157/157 KB   160/469 KB   62/1862 KB   744/1051 KB   157/157 KB   164/469 KB   62/1862 KB   744/1051 KB   157/157 KB   168/469 KB   62/1862 KB   744/1051 KB   157/157 KB   172/469 KB   62/1862 KB   744/1051 KB   157/157 KB   176/469 KB   62/1862 KB   744/1051 KB   157/157 KB   176/469 KB   62/1862 KB   748/1051 KB   157/157 KB   176/469 KB   62/1862 KB   752/1051 KB   157/157 KB   176/469 KB   62/1862 KB   756/1051 KB   157/157 KB   176/469 KB   62/1862 KB   760/1051 KB   157/157 KB   176/469 KB   62/1862 KB   764/1051 KB   157/157 KB   176/469 KB   62/1862 KB   768/1051 KB   157/157 KB   176/469 KB   62/1862 KB   772/1051 KB   157/157 KB   176/469 KB   62/1862 KB   776/1051 KB   157/157 KB   176/469 KB   62/1862 KB   780/1051 KB   157/157 KB   180/469 KB   62/1862 KB   780/1051 KB   157/157 KB   184/469 KB   62/1862 KB   780/1051 KB   157/157 KB   188/469 KB   62/1862 KB   780/1051 KB   157/157 KB   192/469 KB   62/1862 KB   780/1051 KB   157/157 KB   196/469 KB   62/1862 KB   780/1051 KB   157/157 KB   200/469 KB   62/1862 KB   780/1051 KB   157/157 KB   204/469 KB   62/1862 KB   780/1051 KB   157/157 KB   208/469 KB   62/1862 KB   780/1051 KB   157/157 KB   212/469 KB   62/1862 KB   780/1051 KB   157/157 KB   216/469 KB   62/1862 KB   780/1051 KB   220/469 KB   62/1862 KB   780/1051 KB                224/469 KB   62/1862 KB   780/1051 KB   228/469 KB   62/1862 KB   780/1051 KB   232/469 KB   62/1862 KB   780/1051 KB   236/469 KB   62/1862 KB   780/1051 KB   240/469 KB   62/1862 KB   780/1051 KB   244/469 KB   62/1862 KB   780/1051 KB   248/469 KB   62/1862 KB   780/1051 KB   252/469 KB   62/1862 KB   780/1051 KB   256/469 KB   62/1862 KB   780/1051 KB   4/106 KB   260/469 KB   62/1862 KB   780/1051 KB                                                        Downloaded: https://repo.maven.apache.org/maven2/org/sonatype/sisu/sisu-inject-bean/1.4.3.2/sisu-inject-bean-1.4.3.2.jar (157 KB at 544.0 KB/sec)
Downloading: https://repo.maven.apache.org/maven2/org/codehaus/plexus/plexus-interpolation/1.14/plexus-interpolation-1.14.jar
4/106 KB   256/469 KB   62/1862 KB   780/1051 KB   8/106 KB   260/469 KB   62/1862 KB   780/1051 KB   12/106 KB   260/469 KB   62/1862 KB   780/1051 KB   16/106 KB   260/469 KB   62/1862 KB   780/1051 KB   20/106 KB   260/469 KB   62/1862 KB   780/1051 KB   24/106 KB   260/469 KB   62/1862 KB   780/1051 KB   28/106 KB   260/469 KB   62/1862 KB   780/1051 KB   32/106 KB   260/469 KB   62/1862 KB   780/1051 KB   36/106 KB   260/469 KB   62/1862 KB   780/1051 KB   40/106 KB   264/469 KB   62/1862 KB   780/1051 KB   44/106 KB   264/469 KB   62/1862 KB   780/1051 KB   48/106 KB   264/469 KB   62/1862 KB   780/1051 KB   52/106 KB   264/469 KB   62/1862 KB   780/1051 KB   56/106 KB   264/469 KB   62/1862 KB   780/1051 KB   60/106 KB   264/469 KB   62/1862 KB   780/1051 KB   64/106 KB   264/469 KB   62/1862 KB   784/1051 KB   68/106 KB   264/469 KB   62/1862 KB   784/1051 KB   72/106 KB   264/469 KB   62/1862 KB   784/1051 KB   76/106 KB   264/469 KB   62/1862 KB   784/1051 KB   80/106 KB   264/469 KB   62/1862 KB   784/1051 KB   84/106 KB   264/469 KB   62/1862 KB   784/1051 KB   88/106 KB   264/469 KB   62/1862 KB   784/1051 KB   92/106 KB   264/469 KB   62/1862 KB   784/1051 KB   96/106 KB   264/469 KB   62/1862 KB   784/1051 KB   100/106 KB   264/469 KB   62/1862 KB   784/1051 KB   104/106 KB   264/469 KB   62/1862 KB   784/1051 KB   106/106 KB   264/469 KB   62/1862 KB   784/1051 KB   36/106 KB   264/469 KB   62/1862 KB   780/1051 KB   106/106 KB   268/469 KB   62/1862 KB   784/1051 KB   106/106 KB   272/469 KB   62/1862 KB   784/1051 KB   106/106 KB   276/469 KB   62/1862 KB   784/1051 KB   106/106 KB   280/469 KB   62/1862 KB   784/1051 KB   106/106 KB   284/469 KB   62/1862 KB   784/1051 KB   106/106 KB   288/469 KB   62/1862 KB   784/1051 KB   106/106 KB   292/469 KB   62/1862 KB   784/1051 KB   106/106 KB   296/469 KB   62/1862 KB   784/1051 KB   106/106 KB   300/469 KB   62/1862 KB   784/1051 KB   106/106 KB   304/469 KB   62/1862 KB   784/1051 KB   106/106 KB   308/469 KB   62/1862 KB   784/1051 KB   106/106 KB   312/469 KB   62/1862 KB   784/1051 KB   106/106 KB   316/469 KB   62/1862 KB   784/1051 KB   106/106 KB   320/469 KB   62/1862 KB   784/1051 KB   106/106 KB   324/469 KB   62/1862 KB   784/1051 KB   106/106 KB   328/469 KB   62/1862 KB   784/1051 KB   106/106 KB   332/469 KB   62/1862 KB   784/1051 KB   106/106 KB   336/469 KB   62/1862 KB   784/1051 KB   106/106 KB   340/469 KB   62/1862 KB   784/1051 KB   106/106 KB   344/469 KB   62/1862 KB   784/1051 KB   106/106 KB   348/469 KB   62/1862 KB   784/1051 KB   106/106 KB   352/469 KB   62/1862 KB   784/1051 KB   106/106 KB   4/60 KB   352/469 KB   62/1862 KB   784/1051 KB   106/106 KB   8/60 KB   352/469 KB   62/1862 KB   784/1051 KB   106/106 KB   12/60 KB   352/469 KB   62/1862 KB   784/1051 KB   106/106 KB   16/60 KB   352/469 KB   62/1862 KB   784/1051 KB   106/106 KB   20/60 KB   352/469 KB   62/1862 KB   784/1051 KB   106/106 KB   24/60 KB   352/469 KB   62/1862 KB   784/1051 KB   106/106 KB   28/60 KB   352/469 KB   62/1862 KB   784/1051 KB   106/106 KB   32/60 KB   352/469 KB   62/1862 KB   784/1051 KB   106/106 KB   36/60 KB   352/469 KB   62/1862 KB   784/1051 KB   106/106 KB   40/60 KB   352/469 KB   62/1862 KB   784/1051 KB   106/106 KB   44/60 KB   352/469 KB   62/1862 KB   784/1051 KB   106/106 KB   48/60 KB   352/469 KB   62/1862 KB   784/1051 KB   106/106 KB   52/60 KB   352/469 KB   62/1862 KB   784/1051 KB   106/106 KB   56/60 KB   352/469 KB   62/1862 KB   784/1051 KB   106/106 KB   60/60 KB   352/469 KB   62/1862 KB   784/1051 KB   106/106 KB   60/60 KB   352/469 KB   62/1862 KB   784/1051 KB   60/106 KB   264/469 KB   62/1862 KB   784/1051 KB   106/106 KB   60/60 KB   352/469 KB   62/1862 KB   788/1051 KB   106/106 KB   60/60 KB   352/469 KB   62/1862 KB   792/1051 KB   106/106 KB   60/60 KB   352/469 KB   62/1862 KB   796/1051 KB   106/106 KB   60/60 KB   352/469 KB   62/1862 KB   800/1051 KB   106/106 KB   60/60 KB   352/469 KB   62/1862 KB   804/1051 KB   106/106 KB   60/60 KB   352/469 KB   62/1862 KB   808/1051 KB   106/106 KB   60/60 KB   352/469 KB   62/1862 KB   812/1051 KB   106/106 KB   60/60 KB   352/469 KB   62/1862 KB   816/1051 KB   106/106 KB   60/60 KB   352/469 KB   62/1862 KB   820/1051 KB   106/106 KB   60/60 KB   352/469 KB   62/1862 KB   824/1051 KB   106/106 KB   60/60 KB   352/469 KB   62/1862 KB   828/1051 KB   106/106 KB   60/60 KB   352/469 KB   62/1862 KB   832/1051 KB   106/106 KB   60/60 KB   352/469 KB   62/1862 KB   836/1051 KB   106/106 KB   60/60 KB   352/469 KB   62/1862 KB   840/1051 KB   106/106 KB   60/60 KB   352/469 KB   62/1862 KB   844/1051 KB   106/106 KB   60/60 KB   352/469 KB   62/1862 KB   848/1051 KB   106/106 KB   60/60 KB   356/469 KB   62/1862 KB   852/1051 KB   106/106 KB   60/60 KB   356/469 KB   62/1862 KB   856/1051 KB   106/106 KB   60/60 KB   356/469 KB   62/1862 KB   860/1051 KB   106/106 KB   60/60 KB   356/469 KB   62/1862 KB   864/1051 KB   106/106 KB   60/60 KB   356/469 KB   62/1862 KB   868/1051 KB   106/106 KB   60/60 KB   356/469 KB   62/1862 KB   872/1051 KB   106/106 KB   60/60 KB   356/469 KB   62/1862 KB   876/1051 KB   106/106 KB   60/60 KB   356/469 KB   62/1862 KB   880/1051 KB   106/106 KB   60/60 KB   356/469 KB   62/1862 KB   884/1051 KB   106/106 KB   60/60 KB   356/469 KB   62/1862 KB   888/1051 KB   106/106 KB   60/60 KB   356/469 KB   62/1862 KB   892/1051 KB   106/106 KB   60/60 KB   356/469 KB   62/1862 KB   896/1051 KB   106/106 KB   60/60 KB   356/469 KB   62/1862 KB   900/1051 KB   106/106 KB   60/60 KB   356/469 KB   62/1862 KB   904/1051 KB   106/106 KB   60/60 KB   356/469 KB   62/1862 KB   908/1051 KB   106/106 KB   60/60 KB   356/469 KB   62/1862 KB   912/1051 KB   106/106 KB   60/60 KB   356/469 KB   62/1862 KB   916/1051 KB   106/106 KB   60/60 KB   356/469 KB   62/1862 KB   920/1051 KB   106/106 KB   60/60 KB   356/469 KB   62/1862 KB   924/1051 KB   106/106 KB   60/60 KB   356/469 KB   62/1862 KB   928/1051 KB   106/106 KB   60/60 KB   356/469 KB   62/1862 KB   932/1051 KB   106/106 KB   60/60 KB   356/469 KB   62/1862 KB   936/1051 KB   106/106 KB   60/60 KB   356/469 KB   62/1862 KB   940/1051 KB   106/106 KB   60/60 KB   356/469 KB   62/1862 KB   944/1051 KB   106/106 KB   60/60 KB   356/469 KB   62/1862 KB   948/1051 KB                                                                   Downloaded: https://repo.maven.apache.org/maven2/org/codehaus/plexus/plexus-interpolation/1.14/plexus-interpolation-1.14.jar (60 KB at 189.9 KB/sec)
106/106 KB   60/60 KB   356/469 KB   62/1862 KB   848/1051 KB   106/106 KB   360/469 KB   62/1862 KB   952/1051 KB              106/106 KB   364/469 KB   62/1862 KB   952/1051 KB   106/106 KB   368/469 KB   62/1862 KB   952/1051 KB   106/106 KB   372/469 KB   62/1862 KB   952/1051 KB   106/106 KB   376/469 KB   62/1862 KB   952/1051 KB   106/106 KB   380/469 KB   62/1862 KB   952/1051 KB   106/106 KB   384/469 KB   62/1862 KB   952/1051 KB   106/106 KB   388/469 KB   62/1862 KB   952/1051 KB   106/106 KB   392/469 KB   62/1862 KB   952/1051 KB   396/469 KB   62/1862 KB   952/1051 KB                400/469 KB   62/1862 KB   952/1051 KB   404/469 KB   62/1862 KB   952/1051 KB   408/469 KB   62/1862 KB   952/1051 KB   412/469 KB   62/1862 KB   952/1051 KB   416/469 KB   62/1862 KB   952/1051 KB   420/469 KB   62/1862 KB   952/1051 KB   424/469 KB   62/1862 KB   952/1051 KB   428/469 KB   62/1862 KB   952/1051 KB   432/469 KB   62/1862 KB   952/1051 KB   436/469 KB   62/1862 KB   952/1051 KB   440/469 KB   62/1862 KB   952/1051 KB   444/469 KB   62/1862 KB   952/1051 KB   448/469 KB   62/1862 KB   952/1051 KB   452/469 KB   62/1862 KB   952/1051 KB   456/469 KB   62/1862 KB   952/1051 KB   460/469 KB   62/1862 KB   952/1051 KB                           464/469 KB   62/1862 KB   952/1051 KB   468/469 KB   62/1862 KB   952/1051 KB   469/469 KB   62/1862 KB   952/1051 KB                                                        Downloaded: https://repo.maven.apache.org/maven2/org/sonatype/aether/aether-util/1.7/aether-util-1.7.jar (106 KB at 329.4 KB/sec)
106/106 KB   60/60 KB   456/469 KB   62/1862 KB   952/1051 KB   469/469 KB   62/1862 KB   956/1051 KB   469/469 KB   62/1862 KB   960/1051 KB   469/469 KB   62/1862 KB   964/1051 KB   469/469 KB   62/1862 KB   968/1051 KB   469/469 KB   62/1862 KB   972/1051 KB   469/469 KB   62/1862 KB   976/1051 KB   469/469 KB   62/1862 KB   980/1051 KB   469/469 KB   62/1862 KB   984/1051 KB   469/469 KB   62/1862 KB   988/1051 KB   469/469 KB   62/1862 KB   992/1051 KB   469/469 KB   62/1862 KB   996/1051 KB   469/469 KB   62/1862 KB   1000/1051 KB   469/469 KB   62/1862 KB   1004/1051 KB   469/469 KB   62/1862 KB   1008/1051 KB   469/469 KB   62/1862 KB   1012/1051 KB   469/469 KB   62/1862 KB   1016/1051 KB   469/469 KB   62/1862 KB   1020/1051 KB   469/469 KB   62/1862 KB   1024/1051 KB   469/469 KB   62/1862 KB   1028/1051 KB   469/469 KB   62/1862 KB   1032/1051 KB   469/469 KB   62/1862 KB   1036/1051 KB   469/469 KB   62/1862 KB   1040/1051 KB   469/469 KB   62/1862 KB   1044/1051 KB   469/469 KB   62/1862 KB   1048/1051 KB   469/469 KB   62/1862 KB   1051/1051 KB                                            Downloaded: https://repo.maven.apache.org/maven2/org/sonatype/sisu/sisu-guice/2.9.2/sisu-guice-2.9.2-no_aop.jar (469 KB at 1402.9 KB/sec)
                                         Downloaded: https://repo.maven.apache.org/maven2/com/fasterxml/jackson/core/jackson-databind/2.4.2/jackson-databind-2.4.2.jar (1051 KB at 3099.0 KB/sec)
66/1862 KB                               70/1862 KB   74/1862 KB   78/1862 KB   82/1862 KB   86/1862 KB   90/1862 KB   94/1862 KB   98/1862 KB   102/1862 KB   106/1862 KB   110/1862 KB   114/1862 KB   118/1862 KB   122/1862 KB   126/1862 KB   130/1862 KB   134/1862 KB   138/1862 KB   142/1862 KB   146/1862 KB   150/1862 KB   154/1862 KB   158/1862 KB   162/1862 KB   166/1862 KB   170/1862 KB   174/1862 KB   178/1862 KB   182/1862 KB   186/1862 KB   190/1862 KB   194/1862 KB   198/1862 KB   202/1862 KB   206/1862 KB   210/1862 KB   214/1862 KB   218/1862 KB   222/1862 KB   226/1862 KB   230/1862 KB   234/1862 KB   238/1862 KB   242/1862 KB   246/1862 KB   250/1862 KB   254/1862 KB   258/1862 KB   262/1862 KB   266/1862 KB   270/1862 KB   274/1862 KB   278/1862 KB   282/1862 KB   286/1862 KB   290/1862 KB   294/1862 KB   298/1862 KB   302/1862 KB   306/1862 KB   310/1862 KB   314/1862 KB   318/1862 KB   322/1862 KB   326/1862 KB   330/1862 KB   334/1862 KB   338/1862 KB   342/1862 KB   346/1862 KB   350/1862 KB   354/1862 KB   358/1862 KB   362/1862 KB   366/1862 KB   370/1862 KB   374/1862 KB   378/1862 KB   382/1862 KB   386/1862 KB   390/1862 KB   394/1862 KB   398/1862 KB   402/1862 KB   406/1862 KB   410/1862 KB   414/1862 KB   418/1862 KB   422/1862 KB   426/1862 KB   430/1862 KB   434/1862 KB   438/1862 KB   442/1862 KB   446/1862 KB   450/1862 KB   454/1862 KB   458/1862 KB   462/1862 KB   466/1862 KB   470/1862 KB   474/1862 KB   478/1862 KB   482/1862 KB   486/1862 KB   490/1862 KB   494/1862 KB   498/1862 KB   502/1862 KB   506/1862 KB   510/1862 KB   514/1862 KB   518/1862 KB   522/1862 KB   526/1862 KB   530/1862 KB   534/1862 KB   538/1862 KB   542/1862 KB   546/1862 KB   550/1862 KB   554/1862 KB   558/1862 KB   562/1862 KB   566/1862 KB   570/1862 KB   574/1862 KB   578/1862 KB   582/1862 KB   586/1862 KB   590/1862 KB   594/1862 KB   598/1862 KB   602/1862 KB   606/1862 KB   610/1862 KB   614/1862 KB   618/1862 KB   622/1862 KB   626/1862 KB   630/1862 KB   634/1862 KB   638/1862 KB   642/1862 KB   646/1862 KB   650/1862 KB   654/1862 KB   658/1862 KB   662/1862 KB   666/1862 KB   670/1862 KB   674/1862 KB   678/1862 KB   682/1862 KB   686/1862 KB   690/1862 KB   694/1862 KB   698/1862 KB   702/1862 KB   706/1862 KB   710/1862 KB   714/1862 KB   718/1862 KB   722/1862 KB   726/1862 KB   730/1862 KB   734/1862 KB   738/1862 KB   742/1862 KB   746/1862 KB   750/1862 KB   754/1862 KB   758/1862 KB   762/1862 KB   766/1862 KB   770/1862 KB   774/1862 KB   778/1862 KB   782/1862 KB   786/1862 KB   790/1862 KB   794/1862 KB   798/1862 KB   802/1862 KB   806/1862 KB   810/1862 KB   814/1862 KB   818/1862 KB   822/1862 KB   826/1862 KB   830/1862 KB   834/1862 KB   838/1862 KB   842/1862 KB   846/1862 KB   850/1862 KB   854/1862 KB   858/1862 KB   862/1862 KB   866/1862 KB   870/1862 KB   874/1862 KB   878/1862 KB   882/1862 KB   886/1862 KB   890/1862 KB   894/1862 KB   898/1862 KB   902/1862 KB   906/1862 KB   910/1862 KB   914/1862 KB   918/1862 KB   922/1862 KB   926/1862 KB   930/1862 KB   934/1862 KB   938/1862 KB   942/1862 KB   946/1862 KB   950/1862 KB   954/1862 KB   958/1862 KB   962/1862 KB   966/1862 KB   970/1862 KB   974/1862 KB   978/1862 KB   982/1862 KB   986/1862 KB   990/1862 KB   994/1862 KB   998/1862 KB   1002/1862 KB   1006/1862 KB   1010/1862 KB   1014/1862 KB   1018/1862 KB   1022/1862 KB   1026/1862 KB   1030/1862 KB   1034/1862 KB   1038/1862 KB   1042/1862 KB   1046/1862 KB   1050/1862 KB   1054/1862 KB   1058/1862 KB   1062/1862 KB   1066/1862 KB   1070/1862 KB   1074/1862 KB   1078/1862 KB   1082/1862 KB   1086/1862 KB   1090/1862 KB   1094/1862 KB   1098/1862 KB   1102/1862 KB   1106/1862 KB   1110/1862 KB   1114/1862 KB   1118/1862 KB   1122/1862 KB   1126/1862 KB   1130/1862 KB   1134/1862 KB   1138/1862 KB   1142/1862 KB   1146/1862 KB   1150/1862 KB   1154/1862 KB   1158/1862 KB   1162/1862 KB   1166/1862 KB   1170/1862 KB   1174/1862 KB   1178/1862 KB   1182/1862 KB   1186/1862 KB   1190/1862 KB   1194/1862 KB   1198/1862 KB   1202/1862 KB   1206/1862 KB   1210/1862 KB   1214/1862 KB   1218/1862 KB   1222/1862 KB   1226/1862 KB   1230/1862 KB   1234/1862 KB   1238/1862 KB   1242/1862 KB   1246/1862 KB   1250/1862 KB   1254/1862 KB   1258/1862 KB   1262/1862 KB   1266/1862 KB   1270/1862 KB   1274/1862 KB   1278/1862 KB   1282/1862 KB   1286/1862 KB   1290/1862 KB   1294/1862 KB   1298/1862 KB   1302/1862 KB   1306/1862 KB   1310/1862 KB   1314/1862 KB   1318/1862 KB   1322/1862 KB   1326/1862 KB   1330/1862 KB   1334/1862 KB   1338/1862 KB   1342/1862 KB   1346/1862 KB   1350/1862 KB   1354/1862 KB   1358/1862 KB   1362/1862 KB   1366/1862 KB   1370/1862 KB   1374/1862 KB   1378/1862 KB   1382/1862 KB   1386/1862 KB   1390/1862 KB   1394/1862 KB   1398/1862 KB   1402/1862 KB   1406/1862 KB   1410/1862 KB   1414/1862 KB   1418/1862 KB   1422/1862 KB   1426/1862 KB   1430/1862 KB   1434/1862 KB   1438/1862 KB   1442/1862 KB   1446/1862 KB   1450/1862 KB   1454/1862 KB   1458/1862 KB   1462/1862 KB   1466/1862 KB   1470/1862 KB   1474/1862 KB   1478/1862 KB   1482/1862 KB   1486/1862 KB   1490/1862 KB   1494/1862 KB   1498/1862 KB   1502/1862 KB   1506/1862 KB   1510/1862 KB   1514/1862 KB   1518/1862 KB   1522/1862 KB   1526/1862 KB   1530/1862 KB   1534/1862 KB   1538/1862 KB   1542/1862 KB   1546/1862 KB   1550/1862 KB   1554/1862 KB   1558/1862 KB   1562/1862 KB   1566/1862 KB   1570/1862 KB   1574/1862 KB   1578/1862 KB   1582/1862 KB   1586/1862 KB   1590/1862 KB   1594/1862 KB   1598/1862 KB   1602/1862 KB   1606/1862 KB   1610/1862 KB   1614/1862 KB   1618/1862 KB   1622/1862 KB   1626/1862 KB   1630/1862 KB   1634/1862 KB   1638/1862 KB   1642/1862 KB   1646/1862 KB   1650/1862 KB   1654/1862 KB   1658/1862 KB   1662/1862 KB   1666/1862 KB   1670/1862 KB   1674/1862 KB   1678/1862 KB   1682/1862 KB   1686/1862 KB   1690/1862 KB   1694/1862 KB   1698/1862 KB   1702/1862 KB   1706/1862 KB   1710/1862 KB   1714/1862 KB   1718/1862 KB   1722/1862 KB   1726/1862 KB   1730/1862 KB   1734/1862 KB   1738/1862 KB   1742/1862 KB   1746/1862 KB   1750/1862 KB   1754/1862 KB   1758/1862 KB   1762/1862 KB   1766/1862 KB   1770/1862 KB   1774/1862 KB   1778/1862 KB   1782/1862 KB   1786/1862 KB   1790/1862 KB   1794/1862 KB   1798/1862 KB   1802/1862 KB   1806/1862 KB   1810/1862 KB   1814/1862 KB   1818/1862 KB   1822/1862 KB   1826/1862 KB   1830/1862 KB   1834/1862 KB   1838/1862 KB   1842/1862 KB   1846/1862 KB   1850/1862 KB   1854/1862 KB   1858/1862 KB   1862/1862 KB   1862/1862 KB                  Downloaded: https://repo.maven.apache.org/maven2/org/eclipse/jgit/org.eclipse.jgit/3.4.1.201406201815-r/org.eclipse.jgit-3.4.1.201406201815-r.jar (1862 KB at 1846.4 KB/sec)
[INFO] Starting Coveralls job for travis-ci (81077412)
[INFO] Git commit 613a7fc in master
[INFO] Writing Coveralls data to /home/travis/build/rackerlabs/blueflood/target/coveralls.json...
[INFO] Processing coverage report from /home/travis/build/rackerlabs/blueflood/blueflood-core/target/site/jacoco-it/jacoco.xml
[INFO] Processing coverage report from /home/travis/build/rackerlabs/blueflood/blueflood-http/target/site/jacoco-it/jacoco.xml
[INFO] Processing coverage report from /home/travis/build/rackerlabs/blueflood/blueflood-core/target/site/jacoco/jacoco.xml
[INFO] Processing coverage report from /home/travis/build/rackerlabs/blueflood/blueflood-elasticsearch/target/site/jacoco/jacoco.xml
[INFO] Processing coverage report from /home/travis/build/rackerlabs/blueflood/blueflood-http/target/site/jacoco/jacoco.xml
[INFO] Processing coverage report from /home/travis/build/rackerlabs/blueflood/blueflood-kafka/target/site/jacoco/jacoco.xml
[INFO] Successfully wrote Coveralls data in 573ms
[INFO] Gathered code coverage metrics for 165 source files with 20572 lines of code:
[INFO] - 7799 relevant lines
[INFO] - 4029 covered lines
[INFO] - 3770 missed lines
[INFO] Submitting Coveralls data to API
[INFO] Successfully submitted Coveralls data in 3922ms for Job #1847.2
[INFO] https://coveralls.io/jobs/8404063
[INFO] *** It might take hours for Coveralls to update the actual coverage numbers for a job
[INFO]     If you see question marks in the report, please be patient
[INFO] ------------------------------------------------------------------------
[INFO] Reactor Summary:
[INFO] 
[INFO] Blueflood .......................................... SUCCESS [  7.868 s]
[INFO] Blueflood Core Engine .............................. SUCCESS [  2.233 s]
[INFO] Blueflood UDP Ingestion ............................ SUCCESS [  0.005 s]
[INFO] Blueflood Elasticsearch Indexer and Discovery ...... SUCCESS [  0.171 s]
[INFO] Blueflood HTTP Ingestion and Querying .............. SUCCESS [  0.512 s]
[INFO] Blueflood Rollup Kafka Producer .................... SUCCESS [  0.051 s]
[INFO] Blueflood Rollup Cloudfiles Exporter ............... SUCCESS [  0.002 s]
[INFO] Blueflood IO Bindings for Datastax Java Driver ..... SUCCESS [  0.003 s]
[INFO] Blueflood Out-of-band Rollup Tools ................. SUCCESS [  0.002 s]
[INFO] ------------------------------------------------------------------------
[INFO] BUILD SUCCESS
[INFO] ------------------------------------------------------------------------
[INFO] Total time: 13.088 s
[INFO] Finished at: 2015-09-18T20:29:06+00:00
[INFO] Final Memory: 26M/463M
[INFO] ------------------------------------------------------------------------
travis_time:end:1843c860:start=1442608131846919567,finish=1442608146839846795,duration=14992927228[0Ktravis_fold:end:after_success[0K
Done. Your build exited with 0.
