travis_fold:start:worker_info[0K[33;1mWorker information[0m
hostname: i-01a4710-precise-production-2-worker-org-docker.travisci.net:1250fd3f-0e93-4dcd-8e78-831a617ebc2e
version: v2.5.0 https://github.com/travis-ci/worker/tree/da3a43228dffc0fcca5a46569ca786b22991979f
instance: 8c0748a:travis:java
startup: 580.094186ms
travis_fold:end:worker_info[0Ktravis_fold:start:system_info[0K[33;1mBuild system information[0m
Build language: java
Build group: stable
Build dist: precise
Build id: 256164355
Job id: 256164372
travis-build version: c0e532c7a
[34m[1mBuild image provisioning date and time[0m
Thu Feb  5 15:09:33 UTC 2015
[34m[1mOperating System Details[0m
Distributor ID:	Ubuntu
Description:	Ubuntu 12.04.5 LTS
Release:	12.04
Codename:	precise
[34m[1mLinux Version[0m
3.13.0-29-generic
[34m[1mCookbooks Version[0m
a68419e https://github.com/travis-ci/travis-cookbooks/tree/a68419e
[34m[1mGCC version[0m
gcc (Ubuntu/Linaro 4.6.3-1ubuntu5) 4.6.3
Copyright (C) 2011 Free Software Foundation, Inc.
This is free software; see the source for copying conditions.  There is NO
warranty; not even for MERCHANTABILITY or FITNESS FOR A PARTICULAR PURPOSE.

[34m[1mLLVM version[0m
clang version 3.4 (tags/RELEASE_34/final)
Target: x86_64-unknown-linux-gnu
Thread model: posix
[34m[1mPre-installed Ruby versions[0m
ruby-1.9.3-p551
[34m[1mPre-installed Node.js versions[0m
v0.10.36
[34m[1mPre-installed Go versions[0m
1.4.1
[34m[1mRedis version[0m
redis-server 2.8.19
[34m[1mriak version[0m
2.0.2
[34m[1mMongoDB version[0m
MongoDB 2.4.12
[34m[1mCouchDB version[0m
couchdb 1.6.1
[34m[1mNeo4j version[0m
1.9.4
[34m[1mRabbitMQ Version[0m
3.4.3
[34m[1mElasticSearch version[0m
1.4.0
[34m[1mInstalled Sphinx versions[0m
2.0.10
2.1.9
2.2.6
[34m[1mDefault Sphinx version[0m
2.2.6
[34m[1mInstalled Firefox version[0m
firefox 31.0esr
[34m[1mPhantomJS version[0m
1.9.8
[34m[1mant -version[0m
Apache Ant(TM) version 1.8.2 compiled on December 3 2011
[34m[1mmvn -version[0m
Apache Maven 3.2.5 (12a6b3acb947671f09b81f49094c53f426d8cea1; 2014-12-14T17:29:23+00:00)
Maven home: /usr/local/maven
Java version: 1.7.0_76, vendor: Oracle Corporation
Java home: /usr/lib/jvm/java-7-oracle/jre
Default locale: en_US, platform encoding: ANSI_X3.4-1968
OS name: "linux", version: "3.13.0-29-generic", arch: "amd64", family: "unix"
travis_fold:end:system_info[0K
travis_fold:start:fix.CVE-2015-7547[0K$ export DEBIAN_FRONTEND=noninteractive
Reading package lists...
Building dependency tree...
Reading state information...
The following extra packages will be installed:
  libc-bin libc-dev-bin libc6-dev
Suggested packages:
  glibc-doc
The following packages will be upgraded:
  libc-bin libc-dev-bin libc6 libc6-dev
4 upgraded, 0 newly installed, 0 to remove and 278 not upgraded.
Need to get 8,856 kB of archives.
After this operation, 13.3 kB of additional disk space will be used.
Get:1 http://us.archive.ubuntu.com/ubuntu/ precise-updates/main libc6-dev amd64 2.15-0ubuntu10.18 [2,948 kB]
Get:2 http://us.archive.ubuntu.com/ubuntu/ precise-updates/main libc-dev-bin amd64 2.15-0ubuntu10.18 [84.5 kB]
Get:3 http://us.archive.ubuntu.com/ubuntu/ precise-updates/main libc-bin amd64 2.15-0ubuntu10.18 [1,178 kB]
Get:4 http://us.archive.ubuntu.com/ubuntu/ precise-updates/main libc6 amd64 2.15-0ubuntu10.18 [4,646 kB]
Fetched 8,856 kB in 0s (15.4 MB/s)
Preconfiguring packages ...
(Reading database ... (Reading database ... 5%(Reading database ... 10%(Reading database ... 15%(Reading database ... 20%(Reading database ... 25%(Reading database ... 30%(Reading database ... 35%(Reading database ... 40%(Reading database ... 45%(Reading database ... 50%(Reading database ... 55%(Reading database ... 60%(Reading database ... 65%(Reading database ... 70%(Reading database ... 75%(Reading database ... 80%(Reading database ... 85%(Reading database ... 90%(Reading database ... 95%(Reading database ... 100%(Reading database ... 72019 files and directories currently installed.)
Preparing to replace libc6-dev 2.15-0ubuntu10.10 (using .../libc6-dev_2.15-0ubuntu10.18_amd64.deb) ...
Unpacking replacement libc6-dev ...
Preparing to replace libc-dev-bin 2.15-0ubuntu10.10 (using .../libc-dev-bin_2.15-0ubuntu10.18_amd64.deb) ...
Unpacking replacement libc-dev-bin ...
Preparing to replace libc-bin 2.15-0ubuntu10.10 (using .../libc-bin_2.15-0ubuntu10.18_amd64.deb) ...
Unpacking replacement libc-bin ...
Processing triggers for man-db ...
Setting up libc-bin (2.15-0ubuntu10.18) ...
(Reading database ... (Reading database ... 5%(Reading database ... 10%(Reading database ... 15%(Reading database ... 20%(Reading database ... 25%(Reading database ... 30%(Reading database ... 35%(Reading database ... 40%(Reading database ... 45%(Reading database ... 50%(Reading database ... 55%(Reading database ... 60%(Reading database ... 65%(Reading database ... 70%(Reading database ... 75%(Reading database ... 80%(Reading database ... 85%(Reading database ... 90%(Reading database ... 95%(Reading database ... 100%(Reading database ... 72018 files and directories currently installed.)
Preparing to replace libc6 2.15-0ubuntu10.10 (using .../libc6_2.15-0ubuntu10.18_amd64.deb) ...
Unpacking replacement libc6 ...
Setting up libc6 (2.15-0ubuntu10.18) ...
Setting up libc-dev-bin (2.15-0ubuntu10.18) ...
Setting up libc6-dev (2.15-0ubuntu10.18) ...
Processing triggers for libc-bin ...
ldconfig deferred processing now taking place
travis_fold:end:fix.CVE-2015-7547[0Ktravis_fold:start:update_libssl1.0.0[0K$ sudo apt-get install ca-certificates libssl1.0.0
Reading package lists... 0%Reading package lists... 0%Reading package lists... 1%Reading package lists... 10%Reading package lists... 10%Reading package lists... 11%Reading package lists... 11%Reading package lists... 46%Reading package lists... 46%Reading package lists... 46%Reading package lists... 47%Reading package lists... 47%Reading package lists... 58%Reading package lists... 58%Reading package lists... 58%Reading package lists... 58%Reading package lists... 94%Reading package lists... 94%Reading package lists... 95%Reading package lists... 95%Reading package lists... 95%Reading package lists... 95%Reading package lists... 95%Reading package lists... 95%Reading package lists... 95%Reading package lists... 95%Reading package lists... 95%Reading package lists... 95%Reading package lists... 95%Reading package lists... 95%Reading package lists... 95%Reading package lists... 95%Reading package lists... 95%Reading package lists... 95%Reading package lists... 95%Reading package lists... 95%Reading package lists... 95%Reading package lists... 95%Reading package lists... 95%Reading package lists... 95%Reading package lists... 95%Reading package lists... 95%Reading package lists... 95%Reading package lists... 95%Reading package lists... 95%Reading package lists... 95%Reading package lists... 95%Reading package lists... 95%Reading package lists... 95%Reading package lists... 95%Reading package lists... 95%Reading package lists... 95%Reading package lists... 95%Reading package lists... 95%Reading package lists... 95%Reading package lists... 95%Reading package lists... 95%Reading package lists... 95%Reading package lists... 95%Reading package lists... 95%Reading package lists... 95%Reading package lists... 95%Reading package lists... 95%Reading package lists... 95%Reading package lists... 95%Reading package lists... 95%Reading package lists... 95%Reading package lists... 95%Reading package lists... 95%Reading package lists... 95%Reading package lists... 95%Reading package lists... 95%Reading package lists... 95%Reading package lists... 95%Reading package lists... 95%Reading package lists... 95%Reading package lists... 95%Reading package lists... 96%Reading package lists... 96%Reading package lists... 96%Reading package lists... 96%Reading package lists... 97%Reading package lists... 97%Reading package lists... 98%Reading package lists... 98%Reading package lists... 98%Reading package lists... 98%Reading package lists... 98%Reading package lists... 98%Reading package lists... 98%Reading package lists... 98%Reading package lists... 98%Reading package lists... 98%Reading package lists... 98%Reading package lists... 98%Reading package lists... 98%Reading package lists... 98%Reading package lists... 98%Reading package lists... 98%Reading package lists... 98%Reading package lists... 98%Reading package lists... Done
Building dependency tree... 0%Building dependency tree... 0%Building dependency tree... 50%Building dependency tree... 50%Building dependency tree       
Reading state information... 0%Reading state information... 0%Reading state information... Done
The following extra packages will be installed:
  libssl-dev
The following packages will be upgraded:
  ca-certificates libssl-dev libssl1.0.0
3 upgraded, 0 newly installed, 0 to remove and 275 not upgraded.
Need to get 2,842 kB of archives.
After this operation, 41.0 kB of additional disk space will be used.
0% [Working]            Get:1 http://us.archive.ubuntu.com/ubuntu/ precise-updates/main libssl-dev amd64 1.0.1-4ubuntu5.39 [1,580 kB]
            0% [1 libssl-dev 14.1 kB/1,580 kB 1%]                                     56% [Working]             Get:2 http://us.archive.ubuntu.com/ubuntu/ precise-updates/main libssl1.0.0 amd64 1.0.1-4ubuntu5.39 [1,054 kB]
             56% [2 libssl1.0.0 20.4 kB/1,054 kB 2%]                                       93% [Working]             Get:3 http://us.archive.ubuntu.com/ubuntu/ precise-updates/main ca-certificates all 20160104ubuntu0.12.04.1 [208 kB]
             93% [3 ca-certificates 0 B/208 kB 0%]                                     100% [Working]              Fetched 2,842 kB in 0s (6,757 kB/s)
Preconfiguring packages ...
(Reading database ... (Reading database ... 5%(Reading database ... 10%(Reading database ... 15%(Reading database ... 20%(Reading database ... 25%(Reading database ... 30%(Reading database ... 35%(Reading database ... 40%(Reading database ... 45%(Reading database ... 50%(Reading database ... 55%(Reading database ... 60%(Reading database ... 65%(Reading database ... 70%(Reading database ... 75%(Reading database ... 80%(Reading database ... 85%(Reading database ... 90%(Reading database ... 95%(Reading database ... 100%(Reading database ... 72018 files and directories currently installed.)
Preparing to replace libssl-dev 1.0.1-4ubuntu5.21 (using .../libssl-dev_1.0.1-4ubuntu5.39_amd64.deb) ...
Unpacking replacement libssl-dev ...
Preparing to replace libssl1.0.0 1.0.1-4ubuntu5.21 (using .../libssl1.0.0_1.0.1-4ubuntu5.39_amd64.deb) ...
Unpacking replacement libssl1.0.0 ...
Setting up libssl1.0.0 (1.0.1-4ubuntu5.39) ...
Processing triggers for libc-bin ...
ldconfig deferred processing now taking place
(Reading database ... (Reading database ... 5%(Reading database ... 10%(Reading database ... 15%(Reading database ... 20%(Reading database ... 25%(Reading database ... 30%(Reading database ... 35%(Reading database ... 40%(Reading database ... 45%(Reading database ... 50%(Reading database ... 55%(Reading database ... 60%(Reading database ... 65%(Reading database ... 70%(Reading database ... 75%(Reading database ... 80%(Reading database ... 85%(Reading database ... 90%(Reading database ... 95%(Reading database ... 100%(Reading database ... 72018 files and directories currently installed.)
Preparing to replace ca-certificates 20130906ubuntu0.12.04.1 (using .../ca-certificates_20160104ubuntu0.12.04.1_all.deb) ...
Unpacking replacement ca-certificates ...
Processing triggers for man-db ...
Setting up libssl-dev (1.0.1-4ubuntu5.39) ...
Setting up ca-certificates (20160104ubuntu0.12.04.1) ...
Updating certificates in /etc/ssl/certs... 35 added, 26 removed; done.
Running hooks in /etc/ca-certificates/update.d....
Adding debian:ACCVRAIZ1.pem
Adding debian:Atos_TrustedRoot_2011.pem
Adding debian:CA_WoSign_ECC_Root.pem
Adding debian:Certification_Authority_of_WoSign_G2.pem
Adding debian:Certinomis_-_Root_CA.pem
Adding debian:CFCA_EV_ROOT.pem
Adding debian:COMODO_RSA_Certification_Authority.pem
Adding debian:DigiCert_Assured_ID_Root_G2.pem
Adding debian:DigiCert_Assured_ID_Root_G3.pem
Adding debian:DigiCert_Global_Root_G2.pem
Adding debian:DigiCert_Global_Root_G3.pem
Adding debian:DigiCert_Trusted_Root_G4.pem
Adding debian:Entrust_Root_Certification_Authority_-_EC1.pem
Adding debian:Entrust_Root_Certification_Authority_-_G2.pem
Adding debian:E-Tugra_Certification_Authority.pem
Adding debian:GlobalSign_ECC_Root_CA_-_R4.pem
Adding debian:GlobalSign_ECC_Root_CA_-_R5.pem
Adding debian:IdenTrust_Commercial_Root_CA_1.pem
Adding debian:IdenTrust_Public_Sector_Root_CA_1.pem
Adding debian:OISTE_WISeKey_Global_Root_GB_CA.pem
Adding debian:QuoVadis_Root_CA_1_G3.pem
Adding debian:QuoVadis_Root_CA_2_G3.pem
Adding debian:QuoVadis_Root_CA_3_G3.pem
Adding debian:Staat_der_Nederlanden_EV_Root_CA.pem
Adding debian:Staat_der_Nederlanden_Root_CA_-_G3.pem
Adding debian:S-TRUST_Universal_Root_CA.pem
Adding debian:TeliaSonera_Root_CA_v1.pem
Adding debian:T-TeleSec_GlobalRoot_Class_2.pem
Adding debian:TÃœRKTRUST_Elektronik_Sertifika_Hizmet_SaÄŸlayÄ±cÄ±sÄ±_H5.pem
Adding debian:TÃœRKTRUST_Elektronik_Sertifika_Hizmet_SaÄŸlayÄ±cÄ±sÄ±_H6.pem
Adding debian:TWCA_Global_Root_CA.pem
Adding debian:USERTrust_ECC_Certification_Authority.pem
Adding debian:USERTrust_RSA_Certification_Authority.pem
Adding debian:WoSign_China.pem
Adding debian:WoSign.pem
Removing debian:A-Trust-nQual-03.pem
Removing debian:America_Online_Root_Certification_Authority_1.pem
Removing debian:America_Online_Root_Certification_Authority_2.pem
Removing debian:Buypass_Class_3_CA_1.pem
Removing debian:ComSign_Secured_CA.pem
Removing debian:Digital_Signature_Trust_Co._Global_CA_1.pem
Removing debian:Digital_Signature_Trust_Co._Global_CA_3.pem
Removing debian:E-Guven_Kok_Elektronik_Sertifika_Hizmet_Saglayicisi.pem
Removing debian:Entrust.net_Secure_Server_CA.pem
Removing debian:Firmaprofesional_Root_CA.pem
Removing debian:GTE_CyberTrust_Global_Root.pem
Removing debian:RSA_Root_Certificate_1.pem
Removing debian:TC_TrustCenter_Class_2_CA_II.pem
Removing debian:TC_TrustCenter_Universal_CA_I.pem
Removing debian:TDC_Internet_Root_CA.pem
Removing debian:TDC_OCES_Root_CA.pem
Removing debian:TURKTRUST_Certificate_Services_Provider_Root_1.pem
Removing debian:TURKTRUST_Certificate_Services_Provider_Root_2.pem
Removing debian:Thawte_Premium_Server_CA.pem
Removing debian:Thawte_Server_CA.pem
Removing debian:UTN_DATACorp_SGC_Root_CA.pem
Removing debian:ValiCert_Class_1_VA.pem
Removing debian:ValiCert_Class_2_VA.pem
Removing debian:Verisign_Class_4_Public_Primary_Certification_Authority_-_G3.pem
Removing debian:Wells_Fargo_Root_CA.pem
Removing debian:spi-cacert-2008.pem
done.
done.
travis_fold:end:update_libssl1.0.0[0K$ jdk_switcher use oraclejdk8
Switching to Oracle JDK8 (java-8-oracle), JAVA_HOME will be set to /usr/lib/jvm/java-8-oracle
travis_fold:start:git.checkout[0Ktravis_time:start:040895d4[0K$ git clone --depth=50 --branch=feature/hal-forms https://github.com/spring-projects/spring-hateoas.git spring-projects/spring-hateoas
Cloning into 'spring-projects/spring-hateoas'...
remote: Counting objects: 714, done.[K
remote: Compressing objects:   0% (1/401)   [Kremote: Compressing objects:   1% (5/401)   [Kremote: Compressing objects:   2% (9/401)   [Kremote: Compressing objects:   3% (13/401)   [Kremote: Compressing objects:   4% (17/401)   [Kremote: Compressing objects:   5% (21/401)   [Kremote: Compressing objects:   6% (25/401)   [Kremote: Compressing objects:   7% (29/401)   [Kremote: Compressing objects:   8% (33/401)   [Kremote: Compressing objects:   9% (37/401)   [Kremote: Compressing objects:  10% (41/401)   [Kremote: Compressing objects:  11% (45/401)   [Kremote: Compressing objects:  12% (49/401)   [Kremote: Compressing objects:  13% (53/401)   [Kremote: Compressing objects:  14% (57/401)   [Kremote: Compressing objects:  15% (61/401)   [Kremote: Compressing objects:  16% (65/401)   [Kremote: Compressing objects:  17% (69/401)   [Kremote: Compressing objects:  18% (73/401)   [Kremote: Compressing objects:  19% (77/401)   [Kremote: Compressing objects:  20% (81/401)   [Kremote: Compressing objects:  21% (85/401)   [Kremote: Compressing objects:  22% (89/401)   [Kremote: Compressing objects:  23% (93/401)   [Kremote: Compressing objects:  24% (97/401)   [Kremote: Compressing objects:  25% (101/401)   [Kremote: Compressing objects:  26% (105/401)   [Kremote: Compressing objects:  27% (109/401)   [Kremote: Compressing objects:  28% (113/401)   [Kremote: Compressing objects:  29% (117/401)   [Kremote: Compressing objects:  30% (121/401)   [Kremote: Compressing objects:  31% (125/401)   [Kremote: Compressing objects:  32% (129/401)   [Kremote: Compressing objects:  33% (133/401)   [Kremote: Compressing objects:  34% (137/401)   [Kremote: Compressing objects:  35% (141/401)   [Kremote: Compressing objects:  36% (145/401)   [Kremote: Compressing objects:  37% (149/401)   [Kremote: Compressing objects:  38% (153/401)   [Kremote: Compressing objects:  39% (157/401)   [Kremote: Compressing objects:  40% (161/401)   [Kremote: Compressing objects:  41% (165/401)   [Kremote: Compressing objects:  42% (169/401)   [Kremote: Compressing objects:  43% (173/401)   [Kremote: Compressing objects:  44% (177/401)   [Kremote: Compressing objects:  45% (181/401)   [Kremote: Compressing objects:  46% (185/401)   [Kremote: Compressing objects:  47% (189/401)   [Kremote: Compressing objects:  48% (193/401)   [Kremote: Compressing objects:  49% (197/401)   [Kremote: Compressing objects:  50% (201/401)   [Kremote: Compressing objects:  51% (205/401)   [Kremote: Compressing objects:  52% (209/401)   [Kremote: Compressing objects:  53% (213/401)   [Kremote: Compressing objects:  54% (217/401)   [Kremote: Compressing objects:  55% (221/401)   [Kremote: Compressing objects:  56% (225/401)   [Kremote: Compressing objects:  57% (229/401)   [Kremote: Compressing objects:  58% (233/401)   [Kremote: Compressing objects:  59% (237/401)   [Kremote: Compressing objects:  60% (241/401)   [Kremote: Compressing objects:  61% (245/401)   [Kremote: Compressing objects:  62% (249/401)   [Kremote: Compressing objects:  63% (253/401)   [Kremote: Compressing objects:  64% (257/401)   [Kremote: Compressing objects:  65% (261/401)   [Kremote: Compressing objects:  66% (265/401)   [Kremote: Compressing objects:  67% (269/401)   [Kremote: Compressing objects:  68% (273/401)   [Kremote: Compressing objects:  69% (277/401)   [Kremote: Compressing objects:  70% (281/401)   [Kremote: Compressing objects:  71% (285/401)   [Kremote: Compressing objects:  72% (289/401)   [Kremote: Compressing objects:  73% (293/401)   [Kremote: Compressing objects:  74% (297/401)   [Kremote: Compressing objects:  75% (301/401)   [Kremote: Compressing objects:  76% (305/401)   [Kremote: Compressing objects:  77% (309/401)   [Kremote: Compressing objects:  78% (313/401)   [Kremote: Compressing objects:  79% (317/401)   [Kremote: Compressing objects:  80% (321/401)   [Kremote: Compressing objects:  81% (325/401)   [Kremote: Compressing objects:  82% (329/401)   [Kremote: Compressing objects:  83% (333/401)   [Kremote: Compressing objects:  84% (337/401)   [Kremote: Compressing objects:  85% (341/401)   [Kremote: Compressing objects:  86% (345/401)   [Kremote: Compressing objects:  87% (349/401)   [Kremote: Compressing objects:  88% (353/401)   [Kremote: Compressing objects:  89% (357/401)   [Kremote: Compressing objects:  90% (361/401)   [Kremote: Compressing objects:  91% (365/401)   [Kremote: Compressing objects:  92% (369/401)   [Kremote: Compressing objects:  93% (373/401)   [Kremote: Compressing objects:  94% (377/401)   [Kremote: Compressing objects:  95% (381/401)   [Kremote: Compressing objects:  96% (385/401)   [Kremote: Compressing objects:  97% (389/401)   [Kremote: Compressing objects:  98% (393/401)   [Kremote: Compressing objects:  99% (397/401)   [Kremote: Compressing objects: 100% (401/401)   [Kremote: Compressing objects: 100% (401/401), done.[K
Receiving objects:   0% (1/714)   Receiving objects:   1% (8/714)   Receiving objects:   2% (15/714)   Receiving objects:   3% (22/714)   Receiving objects:   4% (29/714)   Receiving objects:   5% (36/714)   Receiving objects:   6% (43/714)   Receiving objects:   7% (50/714)   Receiving objects:   8% (58/714)   Receiving objects:   9% (65/714)   Receiving objects:  10% (72/714)   Receiving objects:  11% (79/714)   Receiving objects:  12% (86/714)   Receiving objects:  13% (93/714)   Receiving objects:  14% (100/714)   Receiving objects:  15% (108/714)   Receiving objects:  16% (115/714)   Receiving objects:  17% (122/714)   Receiving objects:  18% (129/714)   Receiving objects:  19% (136/714)   Receiving objects:  20% (143/714)   Receiving objects:  21% (150/714)   Receiving objects:  22% (158/714)   Receiving objects:  23% (165/714)   Receiving objects:  24% (172/714)   Receiving objects:  25% (179/714)   Receiving objects:  26% (186/714)   Receiving objects:  27% (193/714)   Receiving objects:  28% (200/714)   Receiving objects:  29% (208/714)   Receiving objects:  30% (215/714)   Receiving objects:  31% (222/714)   Receiving objects:  32% (229/714)   Receiving objects:  33% (236/714)   Receiving objects:  34% (243/714)   Receiving objects:  35% (250/714)   Receiving objects:  36% (258/714)   Receiving objects:  37% (265/714)   Receiving objects:  38% (272/714)   Receiving objects:  39% (279/714)   Receiving objects:  40% (286/714)   Receiving objects:  41% (293/714)   Receiving objects:  42% (300/714)   Receiving objects:  43% (308/714)   Receiving objects:  44% (315/714)   Receiving objects:  45% (322/714)   Receiving objects:  46% (329/714)   Receiving objects:  47% (336/714)   Receiving objects:  48% (343/714)   Receiving objects:  49% (350/714)   Receiving objects:  50% (357/714)   Receiving objects:  51% (365/714)   Receiving objects:  52% (372/714)   Receiving objects:  53% (379/714)   Receiving objects:  54% (386/714)   Receiving objects:  55% (393/714)   Receiving objects:  56% (400/714)   Receiving objects:  57% (407/714)   Receiving objects:  58% (415/714)   Receiving objects:  59% (422/714)   Receiving objects:  60% (429/714)   Receiving objects:  61% (436/714)   Receiving objects:  62% (443/714)   Receiving objects:  63% (450/714)   Receiving objects:  64% (457/714)   Receiving objects:  65% (465/714)   Receiving objects:  66% (472/714)   Receiving objects:  67% (479/714)   Receiving objects:  68% (486/714)   Receiving objects:  69% (493/714)   Receiving objects:  70% (500/714)   Receiving objects:  71% (507/714)   Receiving objects:  72% (515/714)   Receiving objects:  73% (522/714)   Receiving objects:  74% (529/714)   Receiving objects:  75% (536/714)   Receiving objects:  76% (543/714)   Receiving objects:  77% (550/714)   Receiving objects:  78% (557/714)   Receiving objects:  79% (565/714)   Receiving objects:  80% (572/714)   Receiving objects:  81% (579/714)   Receiving objects:  82% (586/714)   Receiving objects:  83% (593/714)   Receiving objects:  84% (600/714)   Receiving objects:  85% (607/714)   Receiving objects:  86% (615/714)   Receiving objects:  87% (622/714)   Receiving objects:  88% (629/714)   Receiving objects:  89% (636/714)   Receiving objects:  90% (643/714)   Receiving objects:  91% (650/714)   Receiving objects:  92% (657/714)   Receiving objects:  93% (665/714)   remote: Total 714 (delta 300), reused 540 (delta 191), pack-reused 0[K
Receiving objects:  94% (672/714)   Receiving objects:  95% (679/714)   Receiving objects:  96% (686/714)   Receiving objects:  97% (693/714)   Receiving objects:  98% (700/714)   Receiving objects:  99% (707/714)   Receiving objects: 100% (714/714)   Receiving objects: 100% (714/714), 284.49 KiB | 0 bytes/s, done.
Resolving deltas:   0% (0/300)   Resolving deltas:   2% (6/300)   Resolving deltas:   3% (10/300)   Resolving deltas:   4% (13/300)   Resolving deltas:   8% (26/300)   Resolving deltas:  10% (30/300)   Resolving deltas:  12% (36/300)   Resolving deltas:  13% (39/300)   Resolving deltas:  18% (54/300)   Resolving deltas:  19% (57/300)   Resolving deltas:  20% (60/300)   Resolving deltas:  31% (93/300)   Resolving deltas:  32% (98/300)   Resolving deltas:  36% (110/300)   Resolving deltas:  37% (112/300)   Resolving deltas:  38% (116/300)   Resolving deltas:  39% (119/300)   Resolving deltas:  40% (122/300)   Resolving deltas:  44% (132/300)   Resolving deltas:  45% (137/300)   Resolving deltas:  47% (143/300)   Resolving deltas:  49% (147/300)   Resolving deltas:  50% (152/300)   Resolving deltas:  51% (155/300)   Resolving deltas:  52% (157/300)   Resolving deltas:  56% (168/300)   Resolving deltas:  58% (174/300)   Resolving deltas:  59% (177/300)   Resolving deltas:  60% (180/300)   Resolving deltas:  61% (183/300)   Resolving deltas:  62% (187/300)   Resolving deltas:  64% (194/300)   Resolving deltas:  65% (197/300)   Resolving deltas:  66% (200/300)   Resolving deltas:  68% (204/300)   Resolving deltas:  70% (210/300)   Resolving deltas:  71% (213/300)   Resolving deltas:  73% (219/300)   Resolving deltas:  74% (222/300)   Resolving deltas:  75% (225/300)   Resolving deltas:  78% (235/300)   Resolving deltas:  80% (241/300)   Resolving deltas:  82% (247/300)   Resolving deltas:  83% (249/300)   Resolving deltas:  84% (254/300)   Resolving deltas:  86% (258/300)   Resolving deltas:  87% (261/300)   Resolving deltas:  88% (266/300)   Resolving deltas:  90% (270/300)   Resolving deltas:  91% (274/300)   Resolving deltas:  92% (276/300)   Resolving deltas:  93% (279/300)   Resolving deltas:  94% (282/300)   Resolving deltas:  95% (285/300)   Resolving deltas:  96% (289/300)   Resolving deltas:  97% (291/300)   Resolving deltas:  99% (297/300)   Resolving deltas: 100% (300/300)   Resolving deltas: 100% (300/300), done.
Checking connectivity... done.

travis_time:end:040895d4:start=1500661509535702013,finish=1500661509995254494,duration=459552481[0K$ cd spring-projects/spring-hateoas
$ git checkout -qf 1290f56e8f66e1c83ba251543807711e18143d4e
travis_fold:end:git.checkout[0Ktravis_fold:start:apt[0K[33;1mInstalling APT Packages (BETA)[0m
$ export DEBIAN_FRONTEND=noninteractive
travis_time:start:0562a4ef[0K$ sudo -E apt-get -yq update &>> ~/apt-get-update.log

travis_time:end:0562a4ef:start=1500661510013922356,finish=1500661514636710583,duration=4622788227[0Ktravis_time:start:21ad1840[0K$ sudo -E apt-get -yq --no-install-suggests --no-install-recommends --force-yes install oracle-java8-installer
Reading package lists...
Building dependency tree...
Reading state information...
Suggested packages:
  binfmt-support visualvm ttf-baekmuk ttf-unfonts ttf-unfonts-core
  ttf-kochi-gothic ttf-sazanami-gothic ttf-kochi-mincho ttf-sazanami-mincho
  ttf-arphic-uming
Recommended packages:
  oracle-java8-set-default
The following packages will be upgraded:
  oracle-java8-installer
1 upgraded, 0 newly installed, 0 to remove and 274 not upgraded.
Need to get 32.8 kB of archives.
After this operation, 103 kB disk space will be freed.
Get:1 http://ppa.launchpad.net/webupd8team/java/ubuntu/ precise/main oracle-java8-installer all 8u131-1~webupd8~2 [32.8 kB]
Fetched 32.8 kB in 0s (78.3 kB/s)
Preconfiguring packages ...
(Reading database ... (Reading database ... 5%(Reading database ... 10%(Reading database ... 15%(Reading database ... 20%(Reading database ... 25%(Reading database ... 30%(Reading database ... 35%(Reading database ... 40%(Reading database ... 45%(Reading database ... 50%(Reading database ... 55%(Reading database ... 60%(Reading database ... 65%(Reading database ... 70%(Reading database ... 75%(Reading database ... 80%(Reading database ... 85%(Reading database ... 90%(Reading database ... 95%(Reading database ... 100%(Reading database ... 72026 files and directories currently installed.)
Preparing to replace oracle-java8-installer 8u31+8u33arm-1~webupd8~1 (using .../oracle-java8-installer_8u131-1~webupd8~2_all.deb) ...
oracle-license-v1-1 license has already been accepted
Unpacking replacement oracle-java8-installer ...
Processing triggers for shared-mime-info ...
Processing triggers for hicolor-icon-theme ...
Setting up oracle-java8-installer (8u131-1~webupd8~2) ...
No /var/cache/oracle-jdk8-installer/wgetrc file found.
Creating /var/cache/oracle-jdk8-installer/wgetrc and
using default oracle-java8-installer wgetrc settings for it.
Downloading Oracle Java 8...
--2017-07-21 18:25:21--  http://download.oracle.com/otn-pub/java/jdk/8u131-b11/d54c1d3a095b4ff2b6607d096fa80163/jdk-8u131-linux-x64.tar.gz
Resolving download.oracle.com (download.oracle.com)... 23.215.130.114, 23.215.130.99
Connecting to download.oracle.com (download.oracle.com)|23.215.130.114|:80... connected.
HTTP request sent, awaiting response... 302 Moved Temporarily
Location: https://edelivery.oracle.com/otn-pub/java/jdk/8u131-b11/d54c1d3a095b4ff2b6607d096fa80163/jdk-8u131-linux-x64.tar.gz [following]
--2017-07-21 18:25:21--  https://edelivery.oracle.com/otn-pub/java/jdk/8u131-b11/d54c1d3a095b4ff2b6607d096fa80163/jdk-8u131-linux-x64.tar.gz
Resolving edelivery.oracle.com (edelivery.oracle.com)... 23.196.172.143, 2600:1408:20:38b::2d3e, 2600:1408:20:398::2d3e
Connecting to edelivery.oracle.com (edelivery.oracle.com)|23.196.172.143|:443... connected.
HTTP request sent, awaiting response... 302 Moved Temporarily
Location: http://download.oracle.com/otn-pub/java/jdk/8u131-b11/d54c1d3a095b4ff2b6607d096fa80163/jdk-8u131-linux-x64.tar.gz?AuthParam=1500661639_3353818ce42b74c400019269168ae21e [following]
--2017-07-21 18:25:21--  http://download.oracle.com/otn-pub/java/jdk/8u131-b11/d54c1d3a095b4ff2b6607d096fa80163/jdk-8u131-linux-x64.tar.gz?AuthParam=1500661639_3353818ce42b74c400019269168ae21e
Connecting to download.oracle.com (download.oracle.com)|23.215.130.114|:80... connected.
HTTP request sent, awaiting response... 200 OK
Length: 185540433 (177M) [application/x-gzip]
Saving to: `jdk-8u131-linux-x64.tar.gz'

     0K ........ ........ ........ ........ ........ ........  1% 26.6M 7s
  3072K ........ ........ ........ ........ ........ ........  3% 87.9M 4s
  6144K ........ ........ ........ ........ ........ ........  5%  119M 3s
  9216K ........ ........ ........ ........ ........ ........  6%  110M 3s
 12288K ........ ........ ........ ........ ........ ........  8%  127M 2s
 15360K ........ ........ ........ ........ ........ ........ 10%  164M 2s
 18432K ........ ........ ........ ........ ........ ........ 11%  131M 2s
 21504K ........ ........ ........ ........ ........ ........ 13%  131M 2s
 24576K ........ ........ ........ ........ ........ ........ 15%  132M 2s
 27648K ........ ........ ........ ........ ........ ........ 16%  128M 2s
 30720K ........ ........ ........ ........ ........ ........ 18%  119M 2s
 33792K ........ ........ ........ ........ ........ ........ 20%  101M 2s
 36864K ........ ........ ........ ........ ........ ........ 22%  105M 1s
 39936K ........ ........ ........ ........ ........ ........ 23%  135M 1s
 43008K ........ ........ ........ ........ ........ ........ 25%  126M 1s
 46080K ........ ........ ........ ........ ........ ........ 27%  117M 1s
 49152K ........ ........ ........ ........ ........ ........ 28%  104M 1s
 52224K ........ ........ ........ ........ ........ ........ 30%  128M 1s
 55296K ........ ........ ........ ........ ........ ........ 32%  134M 1s
 58368K ........ ........ ........ ........ ........ ........ 33%  130M 1s
 61440K ........ ........ ........ ........ ........ ........ 35%  131M 1s
 64512K ........ ........ ........ ........ ........ ........ 37%  129M 1s
 67584K ........ ........ ........ ........ ........ ........ 38%  126M 1s
 70656K ........ ........ ........ ........ ........ ........ 40%  116M 1s
 73728K ........ ........ ........ ........ ........ ........ 42%  131M 1s
 76800K ........ ........ ........ ........ ........ ........ 44% 99.4M 1s
 79872K ........ ........ ........ ........ ........ ........ 45% 32.0M 1s
 82944K ........ ........ ........ ........ ........ ........ 47%  108M 1s
 86016K ........ ........ ........ ........ ........ ........ 49%  133M 1s
 89088K ........ ........ ........ ........ ........ ........ 50%  131M 1s
 92160K ........ ........ ........ ........ ........ ........ 52%  130M 1s
 95232K ........ ........ ........ ........ ........ ........ 54%  134M 1s
 98304K ........ ........ ........ ........ ........ ........ 55% 70.2M 1s
101376K ........ ........ ........ ........ ........ ........ 57%  133M 1s
104448K ........ ........ ........ ........ ........ ........ 59%  128M 1s
107520K ........ ........ ........ ........ ........ ........ 61%  107M 1s
110592K ........ ........ ........ ........ ........ ........ 62%  154M 1s
113664K ........ ........ ........ ........ ........ ........ 64%  109M 1s
116736K ........ ........ ........ ........ ........ ........ 66%  132M 1s
119808K ........ ........ ........ ........ ........ ........ 67%  129M 1s
122880K ........ ........ ........ ........ ........ ........ 69%  117M 1s
125952K ........ ........ ........ ........ ........ ........ 71%  130M 0s
129024K ........ ........ ........ ........ ........ ........ 72%  136M 0s
132096K ........ ........ ........ ........ ........ ........ 74%  133M 0s
135168K ........ ........ ........ ........ ........ ........ 76%  135M 0s
138240K ........ ........ ........ ........ ........ ........ 77%  133M 0s
141312K ........ ........ ........ ........ ........ ........ 79%  130M 0s
144384K ........ ........ ........ ........ ........ ........ 81%  131M 0s
147456K ........ ........ ........ ........ ........ ........ 83%  112M 0s
150528K ........ ........ ........ ........ ........ ........ 84%  125M 0s
153600K ........ ........ ........ ........ ........ ........ 86% 28.4M 0s
156672K ........ ........ ........ ........ ........ ........ 88% 90.7M 0s
159744K ........ ........ ........ ........ ........ ........ 89%  136M 0s
162816K ........ ........ ........ ........ ........ ........ 91%  135M 0s
165888K ........ ........ ........ ........ ........ ........ 93%  128M 0s
168960K ........ ........ ........ ........ ........ ........ 94%  126M 0s
172032K ........ ........ ........ ........ ........ ........ 96% 75.8M 0s
175104K ........ ........ ........ ........ ........ ........ 98% 5.41M 0s
178176K ........ ........ ........ ........ ........ ....... 100% 81.1M=2.3s

2017-07-21 18:25:23 (78.5 MB/s) - `jdk-8u131-linux-x64.tar.gz' saved [185540433/185540433]

Download done.
Removing outdated cached downloads...
Oracle JRE 8 browser plugin installed
Oracle JDK 8 installed

#####Important########
To set Oracle JDK8 as default, install the "oracle-java8-set-default" package.
E.g.: sudo apt install oracle-java8-set-default
On Ubuntu systems, oracle-java8-set-default is most probably installed
automatically with this package.
######################


travis_time:end:21ad1840:start=1500661514641451173,finish=1500661529575098478,duration=14933647305[0Ktravis_fold:end:apt[0K
[33;1mSetting environment variables from .travis.yml[0m
$ export PROFILE=spring5

travis_fold:start:cache.1[0KSetting up build cache
$ export CASHER_DIR=$HOME/.casher
travis_time:start:002baa3c[0K$ Installing caching utilities

travis_time:end:002baa3c:start=1500661533122373639,finish=1500661533165951237,duration=43577598[0Ktravis_time:start:0b976000[0K
travis_time:end:0b976000:start=1500661533172127366,finish=1500661533176669035,duration=4541669[0Ktravis_time:start:073cb42f[0K[32;1mattempting to download cache archive[0m
[32;1mfetching featurehal-forms/cache-linux-precise-2824c15088e86542f5a1a00ead6b651a4ca06cf6304e7ab7269cf07600efe718--jdk-oraclejdk8.tgz[0m
[32;1mfetching featurehal-forms/cache--jdk-oraclejdk8.tgz[0m
[32;1mfetching master/cache-linux-precise-2824c15088e86542f5a1a00ead6b651a4ca06cf6304e7ab7269cf07600efe718--jdk-oraclejdk8.tgz[0m
[32;1mfound cache[0m

travis_time:end:073cb42f:start=1500661533181878571,finish=1500661534318726912,duration=1136848341[0Ktravis_time:start:211ecce8[0K
travis_time:end:211ecce8:start=1500661534331774283,finish=1500661534336921016,duration=5146733[0Ktravis_time:start:0fef3310[0K[32;1madding /home/travis/.m2 to cache[0m

travis_time:end:0fef3310:start=1500661534342441623,finish=1500661535960379015,duration=1617937392[0Ktravis_fold:end:cache.1[0K$ java -Xmx32m -version
java version "1.8.0_131"
Java(TM) SE Runtime Environment (build 1.8.0_131-b11)
Java HotSpot(TM) 64-Bit Server VM (build 25.131-b11, mixed mode)
$ javac -J-Xmx32m -version
javac 1.8.0_131
travis_fold:start:install[0Ktravis_time:start:03c71cdb[0K$ true

travis_time:end:03c71cdb:start=1500661536226287924,finish=1500661536230463310,duration=4175386[0Ktravis_fold:end:install[0Ktravis_time:start:33d960e6[0K$ mvn clean dependency:list test -P${PROFILE} -Dsort
Java HotSpot(TM) 64-Bit Server VM warning: ignoring option MaxPermSize=192m; support was removed in 8.0
[INFO] Scanning for projects...
[INFO]                                                                         
[INFO] ------------------------------------------------------------------------
[INFO] Building Spring HATEOAS 0.24.0.BUILD-SNAPSHOT
[INFO] ------------------------------------------------------------------------
[INFO] 
[INFO] --- maven-clean-plugin:2.5:clean (default-clean) @ spring-hateoas ---
[INFO] 
[INFO] --- maven-dependency-plugin:2.8:list (default-cli) @ spring-hateoas ---
[INFO] 
[INFO] The following files have been resolved:
[INFO]    ch.qos.logback:logback-classic:jar:1.1.8:test
[INFO]    ch.qos.logback:logback-core:jar:1.1.8:test
[INFO]    com.fasterxml.jackson.core:jackson-annotations:jar:2.8.5:compile
[INFO]    com.fasterxml.jackson.core:jackson-core:jar:2.8.5:compile
[INFO]    com.fasterxml.jackson.core:jackson-databind:jar:2.8.5:compile
[INFO]    com.jayway.jsonpath:json-path:jar:2.2.0:compile
[INFO]    commons-collections:commons-collections:jar:3.2.1:test
[INFO]    commons-io:commons-io:jar:2.4:test
[INFO]    commons-lang:commons-lang:jar:2.6:test
[INFO]    javax.servlet:servlet-api:jar:2.5:provided
[INFO]    javax.ws.rs:javax.ws.rs-api:jar:2.0.1:compile
[INFO]    joda-time:joda-time:jar:2.9.7:test
[INFO]    junit:junit:jar:4.12:test
[INFO]    net.jadler:jadler-all:jar:1.1.1:test
[INFO]    net.jadler:jadler-core:jar:1.1.1:test
[INFO]    net.jadler:jadler-jetty:jar:1.1.1:test
[INFO]    net.jadler:jadler-junit:jar:1.1.1:test
[INFO]    net.minidev:accessors-smart:jar:1.1:compile
[INFO]    net.minidev:json-smart:jar:2.2.1:compile
[INFO]    org.atteo:evo-inflector:jar:1.2.1:compile
[INFO]    org.eclipse.jetty.orbit:javax.servlet:jar:3.0.0.v201112011016:test
[INFO]    org.eclipse.jetty:jetty-continuation:jar:8.1.11.v20130520:test
[INFO]    org.eclipse.jetty:jetty-http:jar:8.1.11.v20130520:test
[INFO]    org.eclipse.jetty:jetty-io:jar:8.1.11.v20130520:test
[INFO]    org.eclipse.jetty:jetty-server:jar:8.1.11.v20130520:test
[INFO]    org.eclipse.jetty:jetty-util:jar:8.1.11.v20130520:test
[INFO]    org.hamcrest:hamcrest-core:jar:1.3:test
[INFO]    org.hamcrest:hamcrest-library:jar:1.3:test
[INFO]    org.mockito:mockito-all:jar:1.10.19:test
[INFO]    org.ow2.asm:asm:jar:5.0.3:compile
[INFO]    org.projectlombok:lombok:jar:1.16.12:provided
[INFO]    org.slf4j:jcl-over-slf4j:jar:1.7.22:test
[INFO]    org.slf4j:slf4j-api:jar:1.7.22:compile
[INFO]    org.springframework.plugin:spring-plugin-core:jar:1.2.0.RELEASE:compile
[INFO]    org.springframework:spring-aop:jar:5.0.0.M5:compile
[INFO]    org.springframework:spring-beans:jar:5.0.0.M5:compile
[INFO]    org.springframework:spring-context:jar:5.0.0.M5:compile
[INFO]    org.springframework:spring-core:jar:5.0.0.M5:compile
[INFO]    org.springframework:spring-expression:jar:5.0.0.M5:compile
[INFO]    org.springframework:spring-test:jar:5.0.0.M5:test
[INFO]    org.springframework:spring-web:jar:5.0.0.M5:compile
[INFO]    org.springframework:spring-webmvc:jar:5.0.0.M5:compile
[INFO]    xmlunit:xmlunit:jar:1.6:test
[INFO] 
[INFO] 
[INFO] --- maven-resources-plugin:2.6:resources (default-resources) @ spring-hateoas ---
[INFO] Using 'UTF-8' encoding to copy filtered resources.
[INFO] Copying 3 resources
[INFO] 
[INFO] --- maven-compiler-plugin:3.3:compile (default-compile) @ spring-hateoas ---
[INFO] Changes detected - recompiling the module!
[INFO] Compiling 102 source files to /home/travis/build/spring-projects/spring-hateoas/target/classes
[INFO] /home/travis/build/spring-projects/spring-hateoas/src/main/java/org/springframework/hateoas/jaxrs/JaxRsLinkBuilder.java: Some input files use or override a deprecated API.
[INFO] /home/travis/build/spring-projects/spring-hateoas/src/main/java/org/springframework/hateoas/jaxrs/JaxRsLinkBuilder.java: Recompile with -Xlint:deprecation for details.
[INFO] 
[INFO] --- com.springsource.bundlor.maven:1.0.0.RELEASE:bundlor (bundlor) @ spring-hateoas ---
Manifest written to '/home/travis/build/spring-projects/spring-hateoas/target/classes/META-INF/MANIFEST.MF'
[INFO] 
[INFO] --- maven-resources-plugin:2.6:testResources (default-testResources) @ spring-hateoas ---
[INFO] Using 'UTF-8' encoding to copy filtered resources.
[INFO] Copying 14 resources
[INFO] 
[INFO] --- maven-compiler-plugin:3.3:testCompile (default-testCompile) @ spring-hateoas ---
[INFO] Changes detected - recompiling the module!
[INFO] Compiling 69 source files to /home/travis/build/spring-projects/spring-hateoas/target/test-classes
[INFO] /home/travis/build/spring-projects/spring-hateoas/src/test/java/org/springframework/hateoas/hal/forms/HalFormsUtilsTest.java: Some input files use unchecked or unsafe operations.
[INFO] /home/travis/build/spring-projects/spring-hateoas/src/test/java/org/springframework/hateoas/hal/forms/HalFormsUtilsTest.java: Recompile with -Xlint:unchecked for details.
[INFO] 
[INFO] --- maven-surefire-plugin:2.12.4:test (default-test) @ spring-hateoas ---
[INFO] Surefire report directory: /home/travis/build/spring-projects/spring-hateoas/target/surefire-reports

-------------------------------------------------------
 T E S T S
-------------------------------------------------------
Running org.springframework.hateoas.alps.JacksonSerializationTest
Tests run: 1, Failures: 0, Errors: 0, Skipped: 0, Time elapsed: 0.28 sec
Running org.springframework.hateoas.config.XmlConfigurationIntegrationTest
Tests run: 1, Failures: 0, Errors: 0, Skipped: 0, Time elapsed: 0.973 sec
Running org.springframework.hateoas.config.EnableHypermediaSupportIntegrationTest
Tests run: 12, Failures: 0, Errors: 0, Skipped: 0, Time elapsed: 2.605 sec
Running org.springframework.hateoas.config.EnableEntityLinksIntegrationTest
Tests run: 1, Failures: 0, Errors: 0, Skipped: 0, Time elapsed: 0.144 sec
Running org.springframework.hateoas.hal.forms.HalFormsUtilsTest
Tests run: 5, Failures: 0, Errors: 0, Skipped: 0, Time elapsed: 0.036 sec
Running org.springframework.hateoas.hal.forms.Jackson2HalFormsIntegrationTest
Tests run: 3, Failures: 0, Errors: 0, Skipped: 0, Time elapsed: 0.097 sec
Running org.springframework.hateoas.hal.forms.HalFormsWebMvcTest
Must gather details about updateEmployee
	 Spring MVC @RequestBody => class org.springframework.hateoas.hal.forms.Employee
			name, class java.lang.String
			role, class java.lang.String
Affordance(verb=PUT, required=true, properties={role=class java.lang.String, name=class java.lang.String})
Must gather details about partiallyUpdateEmployee
	 Spring MVC @RequestBody => class org.springframework.hateoas.hal.forms.Employee
			name, class java.lang.String
			role, class java.lang.String
Affordance(verb=PATCH, required=false, properties={role=class java.lang.String, name=class java.lang.String})

MockHttpServletRequest:
      HTTP Method = GET
      Request URI = /employees/0
       Parameters = {}
          Headers = {Accept=[application/prs.hal-forms+json]}
             Body = <no character encoding set>

Handler:
             Type = org.springframework.hateoas.hal.forms.HalFormsWebMvcTest$EmployeeController
           Method = public org.springframework.hateoas.Resource<org.springframework.hateoas.hal.forms.Employee> org.springframework.hateoas.hal.forms.HalFormsWebMvcTest$EmployeeController.findOne(java.lang.String)

Async:
    Async started = false
     Async result = null

Resolved Exception:
             Type = null

ModelAndView:
        View name = null
             View = null
            Model = null

FlashMap:
       Attributes = null

MockHttpServletResponse:
           Status = 200
    Error message = null
          Headers = {Content-Type=[application/prs.hal-forms+json;charset=UTF-8]}
     Content type = application/prs.hal-forms+json;charset=UTF-8
             Body = {"name":"Frodo Baggins","role":"ring bearer","_links":{"self":{"href":"http://localhost/employees/0"},"employees":{"href":"http://localhost/employees"}},"_templates":{"PUT":{"method":"put","properties":[{"name":"role","required":true},{"name":"name","required":true}]},"PATCH":{"method":"patch","properties":[{"name":"role","required":false},{"name":"name","required":false}]}}}
    Forwarded URL = null
   Redirected URL = null
          Cookies = []
Tests run: 1, Failures: 0, Errors: 0, Skipped: 0, Time elapsed: 0.777 sec
Running org.springframework.hateoas.hal.forms.HalFormsMessageConverterTest
{"_links":{"collection":{"href":"/employees"},"self":{"href":"/employees/1"}},"_templates":{"foo":{"title":"HAL-Forms unit test","method":"get","contentType":"application/hal+json","properties":[{"name":"my-name","readOnly":true,"value":"my-value","prompt":"my-prompt","regex":"my-regex","required":true}]}}}
Tests run: 3, Failures: 0, Errors: 0, Skipped: 0, Time elapsed: 0.04 sec
Running org.springframework.hateoas.hal.forms.HalFormsLinkDiscovererUnitTest
Tests run: 7, Failures: 0, Errors: 0, Skipped: 0, Time elapsed: 0.008 sec
Running org.springframework.hateoas.hal.Jackson2HalIntegrationTest
Tests run: 24, Failures: 0, Errors: 0, Skipped: 0, Time elapsed: 0.096 sec
Running org.springframework.hateoas.hal.HalLinkDiscovererUnitTest
Tests run: 7, Failures: 0, Errors: 0, Skipped: 0, Time elapsed: 0.004 sec
Running org.springframework.hateoas.hal.DefaultCurieProviderUnitTest
Tests run: 14, Failures: 0, Errors: 0, Skipped: 0, Time elapsed: 0.01 sec
Running org.springframework.hateoas.hal.HalEmbeddedBuilderUnitTest
Tests run: 11, Failures: 0, Errors: 0, Skipped: 0, Time elapsed: 0.115 sec
Running org.springframework.hateoas.client.TraversonTest
Tests run: 19, Failures: 0, Errors: 0, Skipped: 0, Time elapsed: 8.938 sec
Running org.springframework.hateoas.client.HopUnitTest
Tests run: 7, Failures: 0, Errors: 0, Skipped: 0, Time elapsed: 0.003 sec
Running org.springframework.hateoas.PagedResourcesMarshallingTest
Tests run: 1, Failures: 0, Errors: 0, Skipped: 0, Time elapsed: 0.061 sec
Running org.springframework.hateoas.mvc.IdentifiableResourceAssemblerSupportUnitTest
Tests run: 4, Failures: 0, Errors: 0, Skipped: 0, Time elapsed: 0.604 sec
Running org.springframework.hateoas.mvc.ControllerLinkBuilderUnitTest
Tests run: 43, Failures: 0, Errors: 0, Skipped: 0, Time elapsed: 0.017 sec
Running org.springframework.hateoas.mvc.ControllerLinkBuilderFactoryUnitTest
Tests run: 9, Failures: 0, Errors: 0, Skipped: 0, Time elapsed: 0.057 sec
Running org.springframework.hateoas.mvc.HeaderLinksResponseEntityUnitTest
Tests run: 2, Failures: 0, Errors: 0, Skipped: 0, Time elapsed: 0.001 sec
Running org.springframework.hateoas.mvc.ForwardedHeaderUnitTest
Tests run: 3, Failures: 0, Errors: 0, Skipped: 0, Time elapsed: 0.001 sec
Running org.springframework.hateoas.mvc.DummyInvocationUtilsUnitTest
Tests run: 1, Failures: 0, Errors: 0, Skipped: 0, Time elapsed: 0.003 sec
Running org.springframework.hateoas.mvc.TypeConstrainedMappingJackson2HttpMessageConverterUnitTest
Tests run: 3, Failures: 0, Errors: 0, Skipped: 0, Time elapsed: 0.005 sec
Running org.springframework.hateoas.mvc.TypeReferencesIntegrationTest
Tests run: 3, Failures: 0, Errors: 0, Skipped: 0, Time elapsed: 0.114 sec
Running org.springframework.hateoas.mvc.ControllerLinkBuilderOutsideSpringMvcUnitTest
Tests run: 1, Failures: 0, Errors: 0, Skipped: 0, Time elapsed: 0 sec
Running org.springframework.hateoas.Jackson2ResourceIntegrationTest
Tests run: 2, Failures: 0, Errors: 0, Skipped: 0, Time elapsed: 0.005 sec
Running org.springframework.hateoas.core.JsonPathLinkDiscovererUnitTest
Tests run: 3, Failures: 0, Errors: 0, Skipped: 0, Time elapsed: 0 sec
Running org.springframework.hateoas.core.DelegatingEntityLinksUnitTest
Tests run: 4, Failures: 0, Errors: 0, Skipped: 0, Time elapsed: 0.018 sec
Running org.springframework.hateoas.core.EmbeddedWrappersUnitTest
Tests run: 3, Failures: 0, Errors: 0, Skipped: 0, Time elapsed: 0 sec
Running org.springframework.hateoas.core.EvoInflectorRelProviderUnitTest
Tests run: 1, Failures: 0, Errors: 0, Skipped: 0, Time elapsed: 0.001 sec
Running org.springframework.hateoas.core.DelegatingRelProviderUnitTest
Tests run: 1, Failures: 0, Errors: 0, Skipped: 0, Time elapsed: 0 sec
Running org.springframework.hateoas.core.ControllerEntityLinksUnitTest
Tests run: 6, Failures: 0, Errors: 0, Skipped: 0, Time elapsed: 0.01 sec
Running org.springframework.hateoas.core.ControllerEntityLinksFactoryBeanUnitTest
Tests run: 2, Failures: 0, Errors: 0, Skipped: 0, Time elapsed: 0.001 sec
Running org.springframework.hateoas.core.AnnotationMappingDiscovererUnitTest
Tests run: 13, Failures: 0, Errors: 0, Skipped: 0, Time elapsed: 0.006 sec
Running org.springframework.hateoas.core.LinkBuilderSupportUnitTest
Tests run: 3, Failures: 0, Errors: 0, Skipped: 0, Time elapsed: 0.001 sec
Running org.springframework.hateoas.core.MethodParametersUnitTest
Tests run: 2, Failures: 0, Errors: 0, Skipped: 0, Time elapsed: 0.001 sec
Running org.springframework.hateoas.PagedResourcesUnitTest
Tests run: 8, Failures: 0, Errors: 0, Skipped: 0, Time elapsed: 0.002 sec
Running org.springframework.hateoas.TemplateVariablesUnitTest
Tests run: 15, Failures: 0, Errors: 0, Skipped: 0, Time elapsed: 0.003 sec
Running org.springframework.hateoas.ResourceSupportUnitTest
Tests run: 12, Failures: 0, Errors: 0, Skipped: 0, Time elapsed: 0.004 sec
Running org.springframework.hateoas.LinkUnitTest
Tests run: 22, Failures: 0, Errors: 0, Skipped: 0, Time elapsed: 0.013 sec
Running org.springframework.hateoas.jaxrs.JaxRsLinkBuilderFactoryUnitTest
Tests run: 4, Failures: 0, Errors: 0, Skipped: 0, Time elapsed: 0.004 sec
Running org.springframework.hateoas.ResourceSupportIntegrationTest
Tests run: 2, Failures: 0, Errors: 0, Skipped: 0, Time elapsed: 0.003 sec
Running org.springframework.hateoas.VndErrorsUnitTest
Tests run: 1, Failures: 0, Errors: 0, Skipped: 0, Time elapsed: 0.001 sec
Running org.springframework.hateoas.Jackson2ResourceSupportIntegrationTest
Tests run: 2, Failures: 0, Errors: 0, Skipped: 0, Time elapsed: 0.002 sec
Running org.springframework.hateoas.LinkDiscoverersUnitTest
Tests run: 2, Failures: 0, Errors: 0, Skipped: 0, Time elapsed: 0.001 sec
Running org.springframework.hateoas.Jackson2PagedResourcesIntegrationTest
Tests run: 1, Failures: 0, Errors: 0, Skipped: 0, Time elapsed: 0.013 sec
Running org.springframework.hateoas.ResourceIntegrationTest
Tests run: 3, Failures: 0, Errors: 0, Skipped: 0, Time elapsed: 0.024 sec
Running org.springframework.hateoas.Jackson2LinkIntegrationTest
Tests run: 2, Failures: 0, Errors: 0, Skipped: 0, Time elapsed: 0 sec
Running org.springframework.hateoas.LinkIntegrationTest
Tests run: 2, Failures: 0, Errors: 0, Skipped: 0, Time elapsed: 0.001 sec
Running org.springframework.hateoas.LinksUnitTest
Tests run: 5, Failures: 0, Errors: 0, Skipped: 0, Time elapsed: 0.002 sec
Running org.springframework.hateoas.UriTemplateUnitTest
Tests run: 20, Failures: 0, Errors: 0, Skipped: 0, Time elapsed: 0.004 sec
Running org.springframework.hateoas.ResourcesUnitTest
Tests run: 4, Failures: 0, Errors: 0, Skipped: 0, Time elapsed: 0 sec
Running org.springframework.hateoas.ResourceUnitTest
Tests run: 5, Failures: 0, Errors: 0, Skipped: 0, Time elapsed: 0 sec
Running org.springframework.hateoas.VndErrorsMarshallingTest
Tests run: 4, Failures: 0, Errors: 0, Skipped: 0, Time elapsed: 0.036 sec

Results :

Tests run: 340, Failures: 0, Errors: 0, Skipped: 0

[INFO] ------------------------------------------------------------------------
[INFO] BUILD SUCCESS
[INFO] ------------------------------------------------------------------------
[INFO] Total time: 25.442 s
[INFO] Finished at: 2017-07-21T18:26:06+00:00
[INFO] Final Memory: 28M/366M
[INFO] ------------------------------------------------------------------------

travis_time:end:33d960e6:start=1500661536236239096,finish=1500661566853730923,duration=30617491827[0K
[32;1mThe command "mvn clean dependency:list test -P${PROFILE} -Dsort" exited with 0.[0m
travis_fold:start:cache.2[0Kstore build cache
travis_time:start:25089736[0K
travis_time:end:25089736:start=1500661566859281671,finish=1500661566863518642,duration=4236971[0Ktravis_time:start:13e13b06[0K[32;1mnothing changed, not updating cache[0m

travis_time:end:13e13b06:start=1500661566868248822,finish=1500661567555885973,duration=687637151[0Ktravis_fold:end:cache.2[0K
Done. Your build exited with 0.
